1 *****************************************
  *                                       *
  *             PROGRAM ITS               *
  * VERSION:  6.4.11                      *
  * DATE:     FEBRUARY 10, 2010           *
  *                                       *
  *           RONALD P. KENSEK            *
  *           BRIAN C. FRANKE             *
  *           THOMAS W. LAUB              *
  *     SANDIA NATIONAL LABORATORIES      *
  *                                       *
  *          TELEPHONE       EMAIL        *
  *KENSEK: 505-845-7642 rpkense@sandia.gov*
  *FRANKE: 505-845-7609 bcfrank@sandia.gov*
  *LAUB:   505-844-9142  twlaub@sandia.gov*
  *       FAX:      505-844-0092          *
  *                                       *
  *****************************************
  *             T I G E R                 *
  *            P C O D E S                *
  *               M P I                   *
  *              R N G 2                  *
  *****************************************
  NUMERICS INTERROGATION
  radix:        2
                     digits  minexp  maxexp
  default  integer       31
  selected long          63
  default  real          53   -1021    1024
  selected single        24    -125     128
  selected double        53   -1021    1024
  *****************************************
1***************************
 *   BEGIN READING INPUT   *
 ***************************
 ECHO 1
 TITLE
 AL dose with L2-CPE V1.1 environment
 GEOMETRY 1
 
 1 50 2.00e+000 * Al shielding (cm)
 SPECTRUM 8
 * CDF converted from FluenceConversionExercise20180430.xlsx by Brandon Phillips EM41
 * Normalization constant = 1.1294850E+10 for 15 year fluence
 1.00000000
 0.92272142
 0.82995790
 0.71860184
 0.58486832
 0.42430842
 0.23147718
 0.0
 * energy (MeV)
 9.9999619
 8.2540117
 6.8128970
 5.6233945
 4.6415742
 3.8311755
 3.1622690
 2.6101506
 
 DIRECTION
  COSINE-LAW
 CUTOFFS 0.0027 0.001 * electron and photons cut-offs (MeV)
 
 * run size options
 HISTORIES-PER-BATCH 1000
 BATCHES 320
0 EOF ON UNIT 50 BEGIN PROCESSING - INPUT FOR FINAL PROBLEM.
1****************************************
 *   BEGIN READING CROSS SECTION DATA   *
 ****************************************
0*******************                                                                        ********************
0NUMBER OF SETS IN FILE =   2

0MATERIAL      DENSITY       DETOUR        I(BL)
        1  2.70000E+00  7.40081E-01  1.66000E-04
        Z            A            W
       13  2.69815E+01  1.00000E+00
  ITRM  ISGN  ISUB  INAL  ICYC  NCYC  NMAX      EMAX           EMIN           RMAX       MMAX INDEX
     5     1     5     4     1     8   112  1.0000000E+01  6.1035156E-04  5.8628649E+00    33   121

0MATERIAL      DENSITY       DETOUR        I(BL)
        2  2.33000E+00  7.24779E-01  1.73000E-04
        Z            A            W
       14  2.80855E+01  1.00000E+00
  ITRM  ISGN  ISUB  INAL  ICYC  NCYC  NMAX      EMAX           EMIN           RMAX       MMAX INDEX
     5     1     5     4     1     8   112  1.0000000E+01  6.1035156E-04  5.6445064E+00    33   121
0 COLLISION / TOTAL DE/DX RATIOS                                         
0 CUMULATIVE BREMSSTRAHLUNG CROSS SECTIONS                               
0 CUMULATIVE BREMSSTRAHLUNG ANGULAR DISTRIBUTIONS                        
0 LANGAUSS - EQUIPROBABLE ENDPOINTS FOR INTERPOLATION                    
0 K X-RAY PRODUCTION                                                     
0 PHOTOELECTRON ANGULAR DISTRIBUTIONS                                    
0 PAIR ELECTRON ENERGY DIVISION DISTRIBUTION (LEAD)                      
0*******************
 *  PROCESS INPUT  *
 *******************
1*********************************************************
 *   COMPARISON OF STORAGE REQUIREMENTS VS ALLOCATIONS   *
 *********************************************************
0NUMBER OF MATERIALS ON CROSS SECTION FILE                                    / INMT    =          2  /           2
 MAXIMUM NUMBER OF ELEMENTS IN A PROBLEM MATERIAL                             / INEM    =          1  /           1
 LENGTH OF ELECTRON CROSS SECTION ENERGY GRID                                 / INMAX   =        112  /         112
 ELECTRON ENERGY GRID LENGTH FOR SAMPLING BREMS. PHOTON ENERGY                / IMTOP   =        113  /         113
 PHOTON ENERGY GRID LENGTH FOR SAMPLING BREMS. PHOTON ENERGY                  / IKTOP   =         89  /          89
 ELECTRON ANGLE GRID LENGTH FOR SAMPLING ELECTRON SCATTERING ANGLE            / IMMAX   =         33  /          33
 PHOTON ANGLE GRID LENGTH FOR SAMPLING BREMS. PHOTON ANGLE                    / INPANG  =         21  /          21
 PHOTON ENERGY GRID LENGTH FOR SAMPLING BREMS. PHOTON ANGLE                   / INRANG  =         34  /          34
 ELECTRON ENERGY GRID LENGTH FOR SAMPLING BREMS. PHOTON ANGLE                 / INTANG  =         29  /          29
 PHOTON ENERGY GRID LENGTH FOR SAMPLING PHOTO-ELECTRON DIRECTION              / INEEL   =         13  /          13
 ELECTRON ANGLE GRID LENGTH FOR SAMPLING PHOTO-ELECTRON DIRECTION             / INPEL   =         21  /          21
 PHOTON ENERGY GRID LENGTH FOR SAMPLING PAIR ELECTRON ENERGY                  / INEPS   =          9  /           9
 ELECTRON ENERGY GRID LENGTH FOR SAMPLING PAIR ELECTON ENERGY                 / INPPS   =         21  /          21
 GAUSSIAN FUNCTION GRID FOR SAMPLING ELECTRON ENERGY LOSS STRAGGLING          / INGAS   =       1000  /        1001
 LANDAU FUNCTION GRID FOR SAMPLING ELECTRON ENERGY LOSS STRAGGLING            / INLAN   =       5000  /        5001
 MAXIMUM NUMBER OF TABLES OF PHOTON CROSS SECTIONS                            / INTAB   =          2  /           3
 MAXIMUM LENGTH OF PHOTON CROSS SECTION TABLE                                 / IMTAX   =         63  /          64
 NUMBER OF ELECTRON ESCAPE ENERGY BINS                                        / IJMAX   =          0  /           0
 NUMBER OF PHOTON ESCAPE ENERGY BINS                                          / IJPMAX  =          0  /           0
 NUMBER OF ELECTRON ESCAPE POLAR ANGLE BINS                                   / IKMAX   =          0  /           0
 NUMBER OF PHOTON ESCAPE POLAR ANGLE BINS                                     / IKPMAX  =          0  /           0
 LENGTH OF SOURCE SPECTRUM ENERGY GRID                                        / IJSPEC  =          8  /           8
 NUMBER OF PULSE HEIGHT ENERGY BINS                                           / IJSMAX  =          0  /           0
 NUMBER OF ELECTRON FLUX ENERGY BINS                                          / IJFMAX  =          0  /           0
 NUMBER OF PHOTON FLUX ENERGY BINS                                            / IJFMXP  =          0  /           0
 NUMBER OF ELECTRON FLUX POLAR ANGLE BINS                                     / IKFMAX  =          0  /           0
 NUMBER OF PHOTON FLUX POLAR ANGLE BINS                                       / IKFMXP  =          0  /           0
 NUMBER OF ELECTRON FLUX ZONES                                                / INLF    =          0  /           0
 NUMBER OF PHOTON FLUX ZONES                                                  / INLFP   =          0  /           0
 SIZE OF DOUBLY DIFFERENTIAL BREMS DISTRIBUTION                               / NCHANG  =      20706  /       20706
 SIZE OF SINGLY DIFFERENTIAL BREMS DISTRIBUTION                               / NBDIS   =      10057  /       10057
 SIZE OF GOUDSMIT-SAUNDERSON ANGULAR DISTRIBUTION                             / NGG     =       3696  /        3696
 NUMBER OF PROBLEM ZONES                                                      / INIZON  =          1  /           1
 NUMBER OF PROBLEM SUB-ZONES                                                  / INSZON  =         50  /          50
 NUMBER OF UNIQUE ELEMENTS IN THE PROBLEM                                     / INZZ    =          2  /           2
 PROBABILITY ARRAY FOR SAMPLING PHOTO-IONIZATION ELEMENT INDEX                / NPPART  =        126  /         192
 PHOTON ENERGY ARRAY - SAMPLING PHOTO-IONIZATION ELEMENT INDEX                / NEB     =        126  /         192
 SIZE OF ARRAY FOR SAMPLING ELECTRON IMPACT IONIZATION SHELL                  / NSHEL   =        678  /         678
 PROBABILITY ARRAY FOR SAMPLING ELEMENT INDEX FOR ELECTRON IMPACT IONIZATION  / NEPART  =        678  /         678
1********************************
 *   GEOMETRY DEPENDENT INPUT   *
 ********************************
0GEOMETRY-DEPENDENT OPTIONS (T/F = FEATURE ON/OFF)
                   ELECTRON    ELECTRON      PHOTON SECONDARY SECONDARY                    
 INPUT               CUTOFF    TRAPPING     FORCING  ELECTRON    PHOTON     SCALE   RUSSIAN
  ZONE MATERIAL       (MEV)       (MEV)    FRACTION TRANSPORT TRANSPORT     BREMS  ROULETTE
     1        1   2.700E-03   2.700E-03   0.000E+00         T         T         F         F
0NUMBER OF MATERIAL LAYERS =    1
                      NO.     THICKNESS
 LAYER MATERIAL  SUBZONES          (CM)
     1        1        50   2.00000E+00
0BOUNDARIES IN GM/CM2
 5.40000E+00
0BOUNDARIES IN MULTIPLES OF ELECTRON CSDA RANGE
 9.21055E-01
1************************
 *  SOURCE INFORMATION  *
 ************************
0SOURCE ELECTRONS
0THE MAXIMUM SOURCE ENERGY IS      9.99996 MEV
0THE GLOBAL ELECTRON CUTOFF ENERGY IS     0.00270 MEV
0THE GLOBAL PHOTON CUTOFF ENERGY IS     0.00100 MEV
0SOURCE SPECTRUM
     8
0NORMALIZED CUMULATIVE SPECTRUM
     1.00000     0.92272     0.82996     0.71860     0.58487     0.42431
     0.23148     0.00000
0SPECTRAL ENERGIES (MEV)
     9.99996     8.25401     6.81290     5.62339     4.64157     3.83118
     3.16227     2.61015
0THE SOURCE PLANE IS LOCATED AT Z =  0.00000E+00 CM
0REFERENCE DIRECTION FOR ANGULAR DISTRIBUTION IS DEFINED BY
 THETA =      0.0000 DEGREES
0COSINE-LAW SOURCE BETWEEN      0.0000 AND     90.0000 DEGREES WITH RESPECT TO REFERENCE DIRECTION
1********************
 *  OUTPUT OPTIONS  *
 ********************
0THE STANDARD ERROR ESTIMATES ARE BASED ON    320 BATCHES OF       1000 HISTORIES EACH
1**********************
 *  PHYSICAL OPTIONS  *
 **********************
0ELECTRON COLLISION AND RADIATION ENERGY LOSS STRAGGLING
0TERMINAL PROCESSING OF ELECTRONS INCLUDES KICKING
0KNOCK-ON ELECTRON PRODUCTION
0NO COUPLED INELASTIC SCATTERING DEFLECTIONS
0BREMSSTRAHLUNG INTRINSIC ANGLE OF EMISSION FROM TABULATED DISTRIBUTION
0COUPLED ELECTRON/PHOTON TRANSPORT
0       MATERIAL NO.  1
 ELECTRON RANGE AT MAXIMUM SOURCE ENERGY IS      5.86284E+00 (G/CM**2)
 K X-RAY QUANTA FOLLOWED
 ELECTRON IMPACT IONIZATION SAMPLED
0       MATERIAL NO.  2
 ELECTRON RANGE AT MAXIMUM SOURCE ENERGY IS      5.64449E+00 (G/CM**2)
 K X-RAY QUANTA FOLLOWED
 ELECTRON IMPACT IONIZATION SAMPLED
0ANNIHILATION EVENTS ARE SPLIT BY A FACTOR OF    1.000E+00
 ANNIHILATION QUANTA FOLLOWED

 LINE ENERGIES (MEV) FOR ELEMENT WITH Z VALUE OF   13.
  <N> - K:  0.00155960
  <M> - K:  0.00155052
  L3  - K:  0.00148260
  L2  - K:  0.00148260
1**parallel*************************
 * parallel processing information *
 **parallel*************************
   parallel static load distribution
   parallel number of processes =       32
   parallel master option       =        1
   parallel number of tasks     =       32 requested
   parallel intermediate print  =        1
   parallel allowed time factor =  0.00000E+00
 cycle    1 number of tasks   32 seed    1.9073486328125000E+13
  -subtask    0 seed =    1.9073486328125000E+13
  -subtask    1 seed =    2.5340779878409000E+13
  -subtask    2 seed =    7.5335646651557000E+13
  -subtask    3 seed =    7.9914847804369000E+13
  -subtask    4 seed =    2.8134729965389000E+13
  -subtask    5 seed =    2.2772761315580100E+14
  -subtask    6 seed =    9.4240574692149000E+13
  -subtask    7 seed =    2.5412469766659300E+14
  -subtask    8 seed =    1.4153209256406100E+14
  -subtask    9 seed =    2.4174235557530000E+12
  -subtask   10 seed =    1.1083091401491700E+14
  -subtask   11 seed =    1.3438510151025000E+13
  -subtask   12 seed =    2.2493734650122900E+14
  -subtask   13 seed =    1.9666712552664900E+14
  -subtask   14 seed =    2.7032919105928500E+14
  -subtask   15 seed =    1.5186708416096100E+14
  -subtask   16 seed =    7.6226803926909000E+13
  -subtask   17 seed =    4.4202814907721000E+13
  -subtask   18 seed =    1.9143442640101000E+13
  -subtask   19 seed =    3.1824430838545000E+13
  -subtask   20 seed =    2.1699280450599700E+14
  -subtask   21 seed =    1.9748597238553000E+13
  -subtask   22 seed =    1.8619604577266100E+14
  -subtask   23 seed =    1.9949722841072100E+14
  -subtask   24 seed =    2.6865909531458900E+14
  -subtask   25 seed =    2.2184352172900100E+14
  -subtask   26 seed =    5.5880127446789000E+13
  -subtask   27 seed =    7.6684842276017000E+13
  -subtask   28 seed =    2.6412624305325000E+13
  -subtask   29 seed =    1.7675476232850500E+14
  -subtask   30 seed =    1.3548328108533300E+14
  -subtask   31 seed =    2.4279237814758500E+14
 >>>>> WARNING: SECONDARY STORAGE EXCEEDED DURING HISTORY     307, INCREASE NLAST
  +subtask    0 nrn  =            73134897.      time =             3.78
  +subtask    2 nrn  =            70888278.      time =             3.73
  +subtask    1 nrn  =            71988030.      time =             3.76
  +subtask    8 nrn  =            72084688.      time =             3.76
  +subtask   16 nrn  =            72453390.      time =             3.76
  +subtask   28 nrn  =            71167094.      time =             3.71
  +subtask   30 nrn  =            70784402.      time =             3.70
  +subtask   31 nrn  =            71614375.      time =             3.75
  +subtask   23 nrn  =            69257048.      time =             3.62
  +subtask   29 nrn  =            70506909.      time =             3.69
  +subtask    7 nrn  =            70100612.      time =             3.70
  +subtask   21 nrn  =            70091063.      time =             3.70
  +subtask   26 nrn  =            70616313.      time =             3.72
  +subtask   13 nrn  =            71338846.      time =             3.73
  +subtask    3 nrn  =            71224951.      time =             3.73
  +subtask   12 nrn  =            71972152.      time =             3.75
  +subtask    5 nrn  =            72061420.      time =             3.75
  +subtask   10 nrn  =            71145223.      time =             3.76
  +subtask   15 nrn  =            70973548.      time =             3.76
  +subtask   18 nrn  =            72260924.      time =             3.77
  +subtask   17 nrn  =            71137017.      time =             3.77
  +subtask    9 nrn  =            71375779.      time =             3.77
  +subtask   27 nrn  =            72613130.      time =             3.77
  +subtask   19 nrn  =            72269483.      time =             3.79
  +subtask   24 nrn  =            72615657.      time =             3.80
  +subtask   20 nrn  =            73040921.      time =             3.80
  +subtask   25 nrn  =            72694784.      time =             3.80
  +subtask   14 nrn  =            73080102.      time =             3.81
  +subtask    6 nrn  =            73894498.      time =             3.82
  +subtask   22 nrn  =            72950694.      time =             3.82
  +subtask    4 nrn  =            73410010.      time =             3.82
  +subtask   11 nrn  =            73846502.      time =             3.84
 cycle    2 number of tasks   32 seed    3.5279451704765000E+13
  -subtask    0 seed =    3.5279451704765000E+13
  -subtask    1 seed =    2.5907690376461700E+14
  -subtask    2 seed =    4.8238084490533000E+13
  -subtask    3 seed =    1.4786371494561700E+14
  -subtask    4 seed =    1.6061610587028500E+14
  -subtask    5 seed =    3.6423306464345000E+13
  -subtask    6 seed =    2.7528012935262900E+14
  -subtask    7 seed =    1.4657888485648100E+14
  -subtask    8 seed =    5.5146911796957000E+13
  -subtask    9 seed =    1.4313615437597700E+14
  -subtask   10 seed =    7.5153393088690000E+12
  -subtask   11 seed =    6.4446422778865000E+13
  -subtask   12 seed =    2.7709509169943700E+14
  -subtask   13 seed =    9.6377706279673000E+13
  -subtask   14 seed =    9.2197845280725000E+13
  -subtask   15 seed =    1.1401943502598500E+14
  -subtask   16 seed =    9.5007065958370000E+12
  -subtask   17 seed =    2.7880165306313000E+13
  -subtask   18 seed =    1.5980484425661300E+14
  -subtask   19 seed =    4.8660446384529000E+13
  -subtask   20 seed =    2.0986635539610900E+14
  -subtask   21 seed =    1.0275957644431300E+14
  -subtask   22 seed =    1.9595291412888500E+14
  -subtask   23 seed =    2.3774645425097700E+14
  -subtask   24 seed =    3.0131444665629000E+13
  -subtask   25 seed =    3.4876042234985000E+13
  -subtask   26 seed =    1.8048574148485000E+13
  -subtask   27 seed =    2.0869356421201700E+14
  -subtask   28 seed =    1.3772617373726100E+14
  -subtask   29 seed =    2.7050206067410500E+14
  -subtask   30 seed =    1.1582713472923700E+14
  -subtask   31 seed =    2.4893444788057700E+14
 >>>>> WARNING: SECONDARY STORAGE EXCEEDED DURING HISTORY     589, INCREASE NLAST
 >>>>> WARNING: SECONDARY STORAGE EXCEEDED DURING HISTORY     589, INCREASE NLAST
 >>>>> WARNING: SECONDARY STORAGE EXCEEDED DURING HISTORY     589, INCREASE NLAST
 >>>>> WARNING: SECONDARY STORAGE EXCEEDED DURING HISTORY     589, INCREASE NLAST
 >>>>> WARNING: SECONDARY STORAGE EXCEEDED DURING HISTORY     589, INCREASE NLAST
 >>>>> WARNING: SECONDARY STORAGE EXCEEDED DURING HISTORY     589, INCREASE NLAST
 >>>>> WARNING: SECONDARY STORAGE EXCEEDED DURING HISTORY     589, INCREASE NLAST
 >>>>> WARNING: SECONDARY STORAGE EXCEEDED DURING HISTORY     589, INCREASE NLAST
 >>>>> WARNING: SECONDARY STORAGE EXCEEDED DURING HISTORY     589, INCREASE NLAST
 >>>>> WARNING: SECONDARY STORAGE EXCEEDED DURING HISTORY     682, INCREASE NLAST
 >>>>> WARNING: SECONDARY STORAGE EXCEEDED DURING HISTORY     682, INCREASE NLAST
 >>>>> WARNING: SECONDARY STORAGE EXCEEDED DURING HISTORY     682, INCREASE NLAST
 >>>>> WARNING: SECONDARY STORAGE EXCEEDED DURING HISTORY     682, INCREASE NLAST
 >>>>> WARNING: SECONDARY STORAGE EXCEEDED DURING HISTORY     870, INCREASE NLAST
 >>>>> WARNING: SECONDARY STORAGE EXCEEDED DURING HISTORY     870, INCREASE NLAST
 >>>>> WARNING: SECONDARY STORAGE EXCEEDED DURING HISTORY     897, INCREASE NLAST
  +subtask    0 nrn  =            73207650.      time =             3.80
  +subtask   11 nrn  =            71728639.      time =             3.74
  +subtask   22 nrn  =            72875291.      time =             3.79
  +subtask    6 nrn  =            72264756.      time =             3.75
  +subtask   14 nrn  =            72566557.      time =             3.78
  +subtask   25 nrn  =            69441831.      time =             3.67
  +subtask   20 nrn  =            72602631.      time =             3.76
  +subtask   19 nrn  =            72004271.      time =             3.76
  +subtask   27 nrn  =            69985136.      time =             3.67
  +subtask    9 nrn  =            71741811.      time =             3.77
  +subtask   18 nrn  =            71153038.      time =             3.71
  +subtask   15 nrn  =            70766947.      time =             3.76
  +subtask   10 nrn  =            69899027.      time =             3.62
  +subtask   12 nrn  =            71479212.      time =             3.73
  +subtask    3 nrn  =            71662822.      time =             3.73
  +subtask   13 nrn  =            70927199.      time =             3.70
  +subtask   26 nrn  =            71939843.      time =             3.78
  +subtask   21 nrn  =            72200909.      time =             3.76
  +subtask    7 nrn  =            72670593.      time =             3.78
  +subtask   29 nrn  =            71136524.      time =             3.74
  +subtask   23 nrn  =            72494413.      time =             3.78
  +subtask    2 nrn  =            70881069.      time =             3.75
  +subtask    4 nrn  =            70092097.      time =             3.74
  +subtask    1 nrn  =            71654980.      time =             3.78
  +subtask    8 nrn  =            72457174.      time =             3.79
  +subtask   16 nrn  =            71523221.      time =             3.75
  +subtask   24 nrn  =            70515390.      time =             3.72
  +subtask   28 nrn  =            71499816.      time =             3.70
  +subtask   30 nrn  =            71404921.      time =             3.74
  +subtask   31 nrn  =            70572451.      time =             3.68
  +subtask    5 nrn  =            72253349.      time =             3.83
  +subtask   17 nrn  =            73309120.      time =             3.83
 cycle    3 number of tasks   32 seed    8.2995088214589000E+13
  -subtask    0 seed =    8.2995088214589000E+13
  -subtask    1 seed =    1.8102961048295300E+14
  -subtask    2 seed =    2.7588191414826100E+14
  -subtask    3 seed =    2.1692553949000100E+14
  -subtask    4 seed =    1.7196812798574100E+14
  -subtask    5 seed =    1.0375781154521000E+13
  -subtask    6 seed =    2.2405547679237300E+14
  -subtask    7 seed =    7.9659832643873000E+13
  -subtask    8 seed =    2.7667619567087700E+14
  -subtask    9 seed =    1.7867364563805700E+14
  -subtask   10 seed =    1.5012671467461000E+13
  -subtask   11 seed =    2.1728603174155300E+14
  -subtask   12 seed =    7.7731296424813000E+13
  -subtask   13 seed =    1.3690069668389700E+14
  -subtask   14 seed =    2.7623677662011700E+14
  -subtask   15 seed =    2.7169958131628900E+14
  -subtask   16 seed =    1.9138065118015700E+14
  -subtask   17 seed =    2.3610967998317700E+14
  -subtask   18 seed =    1.9250086768101000E+13
  -subtask   19 seed =    2.4941534584424100E+14
  -subtask   20 seed =    3.3361511699085000E+13
  -subtask   21 seed =    9.7928082026521000E+13
  -subtask   22 seed =    1.7053849657560500E+14
  -subtask   23 seed =    1.4011960727459300E+14
  -subtask   24 seed =    3.5545426475421000E+13
  -subtask   25 seed =    1.9658265466647300E+14
  -subtask   26 seed =    2.2950803782861300E+14
  -subtask   27 seed =    6.9964700823985000E+13
  -subtask   28 seed =    1.7986851971217300E+14
  -subtask   29 seed =    1.6042686203052100E+14
  -subtask   30 seed =    7.5410025794100000E+11
  -subtask   31 seed =    2.2127448918016100E+14
 >>>>> WARNING: SECONDARY STORAGE EXCEEDED DURING HISTORY     958, INCREASE NLAST
 >>>>> WARNING: SECONDARY STORAGE EXCEEDED DURING HISTORY     958, INCREASE NLAST
 >>>>> WARNING: SECONDARY STORAGE EXCEEDED DURING HISTORY     958, INCREASE NLAST
 >>>>> WARNING: SECONDARY STORAGE EXCEEDED DURING HISTORY     958, INCREASE NLAST
 >>>>> WARNING: SECONDARY STORAGE EXCEEDED DURING HISTORY     958, INCREASE NLAST
 >>>>> WARNING: SECONDARY STORAGE EXCEEDED DURING HISTORY     958, INCREASE NLAST
 >>>>> WARNING: SECONDARY STORAGE EXCEEDED DURING HISTORY     958, INCREASE NLAST
 >>>>> WARNING: SECONDARY STORAGE EXCEEDED DURING HISTORY     958, INCREASE NLAST
 >>>>> WARNING: SECONDARY STORAGE EXCEEDED DURING HISTORY     958, INCREASE NLAST
  +subtask    0 nrn  =            72302287.      time =             3.74
  +subtask   11 nrn  =            70484521.      time =             3.69
  +subtask   22 nrn  =            71835611.      time =             3.74
  +subtask    6 nrn  =            70643038.      time =             3.70
  +subtask   14 nrn  =            70689496.      time =             3.70
  +subtask   20 nrn  =            71466632.      time =             3.72
  +subtask   27 nrn  =            71171602.      time =             3.70
  +subtask    9 nrn  =            70513233.      time =             3.71
  +subtask   10 nrn  =            71104378.      time =             3.69
  +subtask    5 nrn  =            71871387.      time =             3.74
  +subtask    3 nrn  =            71231550.      time =             3.72
  +subtask   13 nrn  =            71646283.      time =             3.73
  +subtask   26 nrn  =            71394718.      time =             3.70
  +subtask    7 nrn  =            71559055.      time =             3.71
  +subtask   23 nrn  =            69646264.      time =             3.64
  +subtask    4 nrn  =            70000459.      time =             3.64
  +subtask    1 nrn  =            70339045.      time =             3.64
  +subtask    8 nrn  =            71706758.      time =             3.74
  +subtask   16 nrn  =            70482797.      time =             3.69
  +subtask   24 nrn  =            71986522.      time =             3.74
  +subtask   28 nrn  =            71086422.      time =             3.70
  +subtask   30 nrn  =            71328873.      time =             3.73
  +subtask   31 nrn  =            71756240.      time =             3.72
  +subtask    2 nrn  =            72274612.      time =             3.75
  +subtask   25 nrn  =            72442401.      time =             3.76
  +subtask   19 nrn  =            72323896.      time =             3.76
  +subtask   17 nrn  =            71297180.      time =             3.78
  +subtask   29 nrn  =            73696995.      time =             3.78
  +subtask   18 nrn  =            72611375.      time =             3.78
  +subtask   12 nrn  =            73520992.      time =             3.79
  +subtask   21 nrn  =            74130642.      time =             3.80
  +subtask   15 nrn  =            72178431.      time =             3.82
 cycle    4 number of tasks   32 seed    2.0622052596294100E+14
  -subtask    0 seed =    2.0622052596294100E+14
  -subtask    1 seed =    2.8247198504841000E+13
  -subtask    2 seed =    2.7912120693712500E+14
  -subtask    3 seed =    1.0898011931220900E+14
  -subtask    4 seed =    6.9370876431565000E+13
  -subtask    5 seed =    1.8343846647842500E+14
  -subtask    6 seed =    9.0167292572853000E+13
  -subtask    7 seed =    1.2518467274947300E+14
  -subtask    8 seed =    4.8204381644765000E+13
  -subtask    9 seed =    1.1361154741354500E+14
  -subtask   10 seed =    5.6439659323461000E+13
  -subtask   11 seed =    2.3661857396350500E+14
  -subtask   12 seed =    2.6161397695486100E+14
  -subtask   13 seed =    6.7135560888250000E+12
  -subtask   14 seed =    2.7370786243195700E+14
  -subtask   15 seed =    4.8146005459777000E+13
  -subtask   16 seed =    1.6499522231549000E+13
  -subtask   17 seed =    1.8386881608212100E+14
  -subtask   18 seed =    2.0265209354198900E+14
  -subtask   19 seed =    1.0619551465844900E+14
  -subtask   20 seed =    2.0435030983246100E+14
  -subtask   21 seed =    7.2291668525721000E+13
  -subtask   22 seed =    2.5224840039243700E+14
  -subtask   23 seed =    2.6951462448816100E+14
  -subtask   24 seed =    2.5472648166761300E+14
  -subtask   25 seed =    2.5702056553712900E+14
  -subtask   26 seed =    1.0093265290458100E+14
  -subtask   27 seed =    2.8112497295850000E+12
  -subtask   28 seed =    1.2883230709201300E+14
  -subtask   29 seed =    8.9789496568890000E+12
  -subtask   30 seed =    8.6415512714517000E+13
  -subtask   31 seed =    2.9768519665281000E+13
 >>>>> WARNING: SECONDARY STORAGE EXCEEDED DURING HISTORY     158, INCREASE NLAST
 >>>>> WARNING: SECONDARY STORAGE EXCEEDED DURING HISTORY     158, INCREASE NLAST
 >>>>> WARNING: SECONDARY STORAGE EXCEEDED DURING HISTORY     158, INCREASE NLAST
 >>>>> WARNING: SECONDARY STORAGE EXCEEDED DURING HISTORY     472, INCREASE NLAST
 >>>>> WARNING: SECONDARY STORAGE EXCEEDED DURING HISTORY     472, INCREASE NLAST
 >>>>> WARNING: SECONDARY STORAGE EXCEEDED DURING HISTORY     472, INCREASE NLAST
 >>>>> WARNING: SECONDARY STORAGE EXCEEDED DURING HISTORY     472, INCREASE NLAST
 >>>>> WARNING: SECONDARY STORAGE EXCEEDED DURING HISTORY     472, INCREASE NLAST
  +subtask    0 nrn  =            73752888.      time =             3.81
  +subtask   11 nrn  =            71321699.      time =             3.71
  +subtask   22 nrn  =            73886929.      time =             3.78
  +subtask    6 nrn  =            73169560.      time =             3.79
  +subtask   14 nrn  =            70596803.      time =             3.65
  +subtask   25 nrn  =            69898219.      time =             3.68
  +subtask   20 nrn  =            71206604.      time =             3.74
  +subtask   19 nrn  =            70787905.      time =             3.69
  +subtask   27 nrn  =            70127789.      time =             3.62
  +subtask    9 nrn  =            71383253.      time =             3.73
  +subtask   17 nrn  =            71269301.      time =             3.73
  +subtask   18 nrn  =            70589742.      time =             3.68
  +subtask   15 nrn  =            71487076.      time =             3.77
  +subtask   10 nrn  =            72620586.      time =             3.75
  +subtask    5 nrn  =            69952029.      time =             3.66
  +subtask   12 nrn  =            72163614.      time =             3.72
  +subtask   13 nrn  =            71167130.      time =             3.73
  +subtask   26 nrn  =            72928661.      time =             3.79
  +subtask   21 nrn  =            71936404.      time =             3.75
  +subtask    7 nrn  =            71235172.      time =             3.74
  +subtask   29 nrn  =            71941719.      time =             3.70
  +subtask   23 nrn  =            73475962.      time =             3.77
  +subtask    2 nrn  =            70208476.      time =             3.69
  +subtask    4 nrn  =            70685614.      time =             3.72
  +subtask    1 nrn  =            71493805.      time =             3.71
  +subtask   16 nrn  =            72547203.      time =             3.75
  +subtask   24 nrn  =            71100641.      time =             3.75
  +subtask   28 nrn  =            71244521.      time =             3.68
  +subtask   30 nrn  =            71051022.      time =             3.68
  +subtask   31 nrn  =            70551861.      time =             3.67
  +subtask    3 nrn  =            73917371.      time =             3.84
  +subtask    8 nrn  =            75307905.      time =             3.85
 cycle    5 number of tasks   32 seed    2.4486253881017300E+14
  -subtask    0 seed =    2.4486253881017300E+14
  -subtask    1 seed =    8.7640657560073000E+13
  -subtask    2 seed =    1.3680923247581300E+14
  -subtask    3 seed =    1.2514856154465700E+14
  -subtask    4 seed =    1.7481613888340500E+14
  -subtask    5 seed =    7.9594460029913000E+13
  -subtask    6 seed =    2.7222261838571700E+14
  -subtask    7 seed =    2.1390260449232100E+14
  -subtask    8 seed =    9.8986182816861000E+13
  -subtask    9 seed =    1.9031620010154500E+14
  -subtask   10 seed =    6.1790636527813000E+13
  -subtask   11 seed =    1.8737530840254500E+14
  -subtask   12 seed =    2.4760510276311700E+14
  -subtask   13 seed =    3.7691989346490000E+12
  -subtask   14 seed =    1.2504934597870900E+14
  -subtask   15 seed =    1.5642943920577000E+13
  -subtask   16 seed =    1.4206873696637000E+13
  -subtask   17 seed =    1.5516422591674500E+14
  -subtask   18 seed =    2.1596126515581300E+14
  -subtask   19 seed =    1.5324439260433000E+13
  -subtask   20 seed =    7.7752118582157000E+13
  -subtask   21 seed =    5.5908011430650000E+12
  -subtask   22 seed =    1.1771922080395700E+14
  -subtask   23 seed =    2.7706343607331300E+14
  -subtask   24 seed =    2.4926689934198100E+14
  -subtask   25 seed =    2.5755500123645700E+14
  -subtask   26 seed =    2.1034963714309000E+13
  -subtask   27 seed =    2.1133442939665700E+14
  -subtask   28 seed =    2.3865653767853000E+13
  -subtask   29 seed =    2.6044141548473000E+13
  -subtask   30 seed =    2.2516507862363700E+14
  -subtask   31 seed =    1.9803678307046500E+14
 >>>>> WARNING: SECONDARY STORAGE EXCEEDED DURING HISTORY     413, INCREASE NLAST
 >>>>> WARNING: SECONDARY STORAGE EXCEEDED DURING HISTORY     898, INCREASE NLAST
 >>>>> WARNING: SECONDARY STORAGE EXCEEDED DURING HISTORY     898, INCREASE NLAST
  +subtask    0 nrn  =            70084689.      time =             3.63
  +subtask    1 nrn  =            70119781.      time =             3.63
  +subtask    4 nrn  =            69626347.      time =             3.66
  +subtask    6 nrn  =            70555670.      time =             3.67
  +subtask    8 nrn  =            70619617.      time =             3.67
  +subtask   27 nrn  =            70311869.      time =             3.69
  +subtask   14 nrn  =            71414602.      time =             3.69
  +subtask   20 nrn  =            71336702.      time =             3.69
  +subtask   12 nrn  =            71100007.      time =             3.70
  +subtask    2 nrn  =            71329775.      time =             3.70
  +subtask   16 nrn  =            71046246.      time =             3.70
  +subtask   15 nrn  =            70623515.      time =             3.70
  +subtask   30 nrn  =            70849269.      time =             3.71
  +subtask   23 nrn  =            70925432.      time =             3.71
  +subtask   19 nrn  =            71313849.      time =             3.71
  +subtask   24 nrn  =            70836734.      time =             3.71
  +subtask   17 nrn  =            70384216.      time =             3.72
  +subtask    5 nrn  =            71397484.      time =             3.72
  +subtask   21 nrn  =            71679167.      time =             3.73
  +subtask   26 nrn  =            71049106.      time =             3.73
  +subtask   31 nrn  =            72592545.      time =             3.73
  +subtask   11 nrn  =            71260238.      time =             3.73
  +subtask    3 nrn  =            71615633.      time =             3.73
  +subtask   28 nrn  =            71722882.      time =             3.73
  +subtask    9 nrn  =            71770618.      time =             3.74
  +subtask    7 nrn  =            71633845.      time =             3.74
  +subtask   13 nrn  =            71353949.      time =             3.75
  +subtask   18 nrn  =            71917987.      time =             3.75
  +subtask   22 nrn  =            71872266.      time =             3.76
  +subtask   29 nrn  =            73134834.      time =             3.77
  +subtask   10 nrn  =            72752571.      time =             3.78
  +subtask   25 nrn  =            73100583.      time =             3.80
 cycle    6 number of tasks   32 seed    2.1695494389090000E+12
  -subtask    0 seed =    2.1695494389090000E+12
  -subtask    1 seed =    2.4353862757513000E+13
  -subtask    2 seed =    5.3174992897829000E+13
  -subtask    3 seed =    2.5679061043310500E+14
  -subtask    4 seed =    4.1847939044813000E+13
  -subtask    5 seed =    6.9375919298137000E+13
  -subtask    6 seed =    7.3166501021109000E+13
  -subtask    7 seed =    7.7117699302561000E+13
  -subtask    8 seed =    3.8813756113117000E+13
  -subtask    9 seed =    2.4894293688617000E+13
  -subtask   10 seed =    4.2188916162885000E+13
  -subtask   11 seed =    2.5086355488241000E+13
  -subtask   12 seed =    1.6916249672522900E+14
  -subtask   13 seed =    3.5661967981817000E+13
  -subtask   14 seed =    2.0262447526958900E+14
  -subtask   15 seed =    1.9337330818668900E+14
  -subtask   16 seed =    1.6222732955391700E+14
  -subtask   17 seed =    4.1019765103049000E+13
  -subtask   18 seed =    2.0811601334666100E+14
  -subtask   19 seed =    3.5550034987921000E+13
  -subtask   20 seed =    1.1231516024845000E+13
  -subtask   21 seed =    2.6927796832860100E+14
  -subtask   22 seed =    1.2475352848843700E+14
  -subtask   23 seed =    1.5426151395324900E+14
  -subtask   24 seed =    1.3050968221263700E+14
  -subtask   25 seed =    9.7513789005850000E+12
  -subtask   26 seed =    1.6845365809541000E+13
  -subtask   27 seed =    2.3080623952619300E+14
  -subtask   28 seed =    1.4975056270212500E+14
  -subtask   29 seed =    6.9443612431929000E+13
  -subtask   30 seed =    1.5984477057384500E+14
  -subtask   31 seed =    2.5619225162227300E+14
  +subtask    0 nrn  =            71402641.      time =             3.73
  +subtask   11 nrn  =            71014786.      time =             3.69
  +subtask   25 nrn  =            71910229.      time =             3.71
  +subtask   20 nrn  =            70643484.      time =             3.67
  +subtask   18 nrn  =            70368315.      time =             3.68
  +subtask   10 nrn  =            70513651.      time =             3.64
  +subtask    5 nrn  =            71880646.      time =             3.72
  +subtask   13 nrn  =            70990044.      time =             3.71
  +subtask   21 nrn  =            71589695.      time =             3.71
  +subtask    7 nrn  =            70836898.      time =             3.71
  +subtask   23 nrn  =            70518171.      time =             3.68
  +subtask    2 nrn  =            70687438.      time =             3.66
  +subtask    1 nrn  =            70188244.      time =             3.67
  +subtask   24 nrn  =            70361577.      time =             3.66
  +subtask   28 nrn  =            70961150.      time =             3.68
  +subtask   30 nrn  =            71487029.      time =             3.72
  +subtask   31 nrn  =            70175230.      time =             3.65
  +subtask    4 nrn  =            71272032.      time =             3.73
  +subtask   19 nrn  =            72724590.      time =             3.74
  +subtask   26 nrn  =            70916086.      time =             3.74
  +subtask   16 nrn  =            71845158.      time =             3.74
  +subtask   22 nrn  =            71962160.      time =             3.74
  +subtask    9 nrn  =            72700628.      time =             3.74
  +subtask   29 nrn  =            71309981.      time =             3.74
  +subtask    6 nrn  =            71962905.      time =             3.75
  +subtask   14 nrn  =            71831674.      time =             3.75
  +subtask   12 nrn  =            73448759.      time =             3.75
  +subtask   27 nrn  =            73039338.      time =             3.75
  +subtask   17 nrn  =            71235785.      time =             3.76
  +subtask    8 nrn  =            72158005.      time =             3.76
  +subtask   15 nrn  =            72571176.      time =             3.77
  +subtask    3 nrn  =            72664049.      time =             3.79
 cycle    7 number of tasks   32 seed    6.7475564575805000E+13
  -subtask    0 seed =    6.7475564575805000E+13
  -subtask    1 seed =    1.8485665219149700E+14
  -subtask    2 seed =    1.9348059423734900E+14
  -subtask    3 seed =    2.8050932392417700E+14
  -subtask    4 seed =    6.8305576426061000E+13
  -subtask    5 seed =    2.6777545351394500E+14
  -subtask    6 seed =    7.1962933218869000E+13
  -subtask    7 seed =    1.4268779814377700E+14
  -subtask    8 seed =    2.0660498622396500E+14
  -subtask    9 seed =    1.4008387556036100E+14
  -subtask   10 seed =    1.0206557467077000E+13
  -subtask   11 seed =    2.1095437364747300E+14
  -subtask   12 seed =    1.2082200773997000E+13
  -subtask   13 seed =    2.4267277013797700E+14
  -subtask   14 seed =    2.5482328056405000E+13
  -subtask   15 seed =    3.3351404438410000E+12
  -subtask   16 seed =    2.6300279815846100E+14
  -subtask   17 seed =    1.5218738417773700E+14
  -subtask   18 seed =    1.6678436503139700E+14
  -subtask   19 seed =    7.3209276148241000E+13
  -subtask   20 seed =    3.3449190122637000E+13
  -subtask   21 seed =    2.0996874808373700E+14
  -subtask   22 seed =    2.6451964804568500E+14
  -subtask   23 seed =    2.6914867629424100E+14
  -subtask   24 seed =    6.1779016870813000E+13
  -subtask   25 seed =    2.0825287241341700E+14
  -subtask   26 seed =    2.3038475633510900E+14
  -subtask   27 seed =    2.6622178865451300E+14
  -subtask   28 seed =    1.1517165968375700E+14
  -subtask   29 seed =    2.3887448225977000E+13
  -subtask   30 seed =    5.5982814799509000E+13
  -subtask   31 seed =    1.5910754665523300E+14
 >>>>> WARNING: SECONDARY STORAGE EXCEEDED DURING HISTORY      47, INCREASE NLAST
 >>>>> WARNING: SECONDARY STORAGE EXCEEDED DURING HISTORY      47, INCREASE NLAST
 >>>>> WARNING: SECONDARY STORAGE EXCEEDED DURING HISTORY      47, INCREASE NLAST
 >>>>> WARNING: SECONDARY STORAGE EXCEEDED DURING HISTORY     727, INCREASE NLAST
 >>>>> WARNING: SECONDARY STORAGE EXCEEDED DURING HISTORY     727, INCREASE NLAST
 >>>>> WARNING: SECONDARY STORAGE EXCEEDED DURING HISTORY     727, INCREASE NLAST
 >>>>> WARNING: SECONDARY STORAGE EXCEEDED DURING HISTORY     727, INCREASE NLAST
 >>>>> WARNING: SECONDARY STORAGE EXCEEDED DURING HISTORY     811, INCREASE NLAST
 >>>>> WARNING: SECONDARY STORAGE EXCEEDED DURING HISTORY     811, INCREASE NLAST
 >>>>> WARNING: SECONDARY STORAGE EXCEEDED DURING HISTORY     811, INCREASE NLAST
 >>>>> WARNING: SECONDARY STORAGE EXCEEDED DURING HISTORY     811, INCREASE NLAST
 >>>>> WARNING: SECONDARY STORAGE EXCEEDED DURING HISTORY     811, INCREASE NLAST
 >>>>> WARNING: SECONDARY STORAGE EXCEEDED DURING HISTORY     811, INCREASE NLAST
 >>>>> WARNING: SECONDARY STORAGE EXCEEDED DURING HISTORY     811, INCREASE NLAST
  +subtask    0 nrn  =            70461877.      time =             3.65
  +subtask   27 nrn  =            69573079.      time =             3.61
  +subtask   12 nrn  =            69818927.      time =             3.61
  +subtask    7 nrn  =            69688094.      time =             3.63
  +subtask   24 nrn  =            70022862.      time =             3.65
  +subtask   31 nrn  =            69928248.      time =             3.63
  +subtask    9 nrn  =            70659529.      time =             3.66
  +subtask   19 nrn  =            70625968.      time =             3.66
  +subtask    5 nrn  =            70215564.      time =             3.67
  +subtask   22 nrn  =            70620534.      time =             3.68
  +subtask   20 nrn  =            71259547.      time =             3.69
  +subtask   10 nrn  =            71157984.      time =             3.69
  +subtask   14 nrn  =            70143350.      time =             3.69
  +subtask   11 nrn  =            71040088.      time =             3.69
  +subtask   13 nrn  =            71357251.      time =             3.70
  +subtask   26 nrn  =            72371467.      time =             3.71
  +subtask    4 nrn  =            71323044.      time =             3.71
  +subtask   25 nrn  =            71410608.      time =             3.71
  +subtask   21 nrn  =            71669708.      time =             3.72
  +subtask   23 nrn  =            71195208.      time =             3.72
  +subtask   18 nrn  =            71367212.      time =             3.72
  +subtask   17 nrn  =            70826791.      time =             3.72
  +subtask   30 nrn  =            72526199.      time =             3.73
  +subtask    6 nrn  =            72353874.      time =             3.73
  +subtask   29 nrn  =            71570617.      time =             3.73
  +subtask   28 nrn  =            71890396.      time =             3.74
  +subtask   16 nrn  =            72212963.      time =             3.74
  +subtask    1 nrn  =            71571767.      time =             3.74
  +subtask    8 nrn  =            73103188.      time =             3.75
  +subtask    2 nrn  =            73111160.      time =             3.76
  +subtask    3 nrn  =            72999262.      time =             3.76
  +subtask   15 nrn  =            72644371.      time =             3.81
 cycle    8 number of tasks   32 seed    1.9802829655058900E+14
  -subtask    0 seed =    1.9802829655058900E+14
  -subtask    1 seed =    8.9686183952777000E+13
  -subtask    2 seed =    2.2500950157110900E+14
  -subtask    3 seed =    1.7421314556347300E+14
  -subtask    4 seed =    1.7556964321658900E+14
  -subtask    5 seed =    6.9874259606361000E+13
  -subtask    6 seed =    4.8850771793589000E+13
  -subtask    7 seed =    7.6997813170250000E+12
  -subtask    8 seed =    9.2913537391069000E+13
  -subtask    9 seed =    2.6558117265156100E+14
  -subtask   10 seed =    2.7727481381445000E+13
  -subtask   11 seed =    2.5544832910001700E+14
  -subtask   12 seed =    1.8160595766321300E+14
  -subtask   13 seed =    1.4746863106508100E+14
  -subtask   14 seed =    8.6780496935637000E+13
  -subtask   15 seed =    1.6579658064620900E+14
  -subtask   16 seed =    1.3091868660914900E+14
  -subtask   17 seed =    6.5931229753033000E+13
  -subtask   18 seed =    2.2681133363619700E+14
  -subtask   19 seed =    1.0697524468340900E+14
  -subtask   20 seed =    8.2415443781901000E+13
  -subtask   21 seed =    1.8535938548034500E+14
  -subtask   22 seed =    1.5350971241205000E+13
  -subtask   23 seed =    1.0506617123145700E+14
  -subtask   24 seed =    2.7518218584681300E+14
  -subtask   25 seed =    2.9618816035689000E+13
  -subtask   26 seed =    1.1550564967693300E+14
  -subtask   27 seed =    1.7789673831480100E+14
  -subtask   28 seed =    2.0487497732407700E+14
  -subtask   29 seed =    1.1395750283551300E+14
  -subtask   30 seed =    1.0600386491982900E+14
  -subtask   31 seed =    2.6652065009676900E+14
 >>>>> WARNING: SECONDARY STORAGE EXCEEDED DURING HISTORY     882, INCREASE NLAST
 >>>>> WARNING: SECONDARY STORAGE EXCEEDED DURING HISTORY     882, INCREASE NLAST
 >>>>> WARNING: SECONDARY STORAGE EXCEEDED DURING HISTORY     882, INCREASE NLAST
 >>>>> WARNING: SECONDARY STORAGE EXCEEDED DURING HISTORY     882, INCREASE NLAST
 >>>>> WARNING: SECONDARY STORAGE EXCEEDED DURING HISTORY     882, INCREASE NLAST
 >>>>> WARNING: SECONDARY STORAGE EXCEEDED DURING HISTORY     882, INCREASE NLAST
 >>>>> WARNING: SECONDARY STORAGE EXCEEDED DURING HISTORY     882, INCREASE NLAST
 >>>>> WARNING: SECONDARY STORAGE EXCEEDED DURING HISTORY     882, INCREASE NLAST
 >>>>> WARNING: SECONDARY STORAGE EXCEEDED DURING HISTORY     882, INCREASE NLAST
  +subtask    0 nrn  =            72180962.      time =             3.72
  +subtask   17 nrn  =            69521566.      time =             3.69
  +subtask   18 nrn  =            70912913.      time =             3.67
  +subtask   15 nrn  =            69769233.      time =             3.70
  +subtask   10 nrn  =            70718871.      time =             3.68
  +subtask    5 nrn  =            71127125.      time =             3.72
  +subtask    3 nrn  =            70224284.      time =             3.65
  +subtask   26 nrn  =            69511221.      time =             3.63
  +subtask   23 nrn  =            70230455.      time =             3.64
  +subtask    8 nrn  =            69978962.      time =             3.63
  +subtask   16 nrn  =            70259089.      time =             3.68
  +subtask   28 nrn  =            71962389.      time =             3.71
  +subtask   31 nrn  =            70486957.      time =             3.68
  +subtask    2 nrn  =            71684024.      time =             3.73
  +subtask    9 nrn  =            71684503.      time =             3.73
  +subtask   20 nrn  =            71700502.      time =             3.73
  +subtask   21 nrn  =            72271154.      time =             3.74
  +subtask   19 nrn  =            71434971.      time =             3.74
  +subtask   22 nrn  =            72454529.      time =             3.74
  +subtask    7 nrn  =            71769040.      time =             3.74
  +subtask    4 nrn  =            71558603.      time =             3.74
  +subtask   29 nrn  =            71370792.      time =             3.75
  +subtask   14 nrn  =            72796121.      time =             3.75
  +subtask   12 nrn  =            72438765.      time =             3.76
  +subtask   11 nrn  =            73090222.      time =             3.76
  +subtask    6 nrn  =            72414357.      time =             3.77
  +subtask   25 nrn  =            72803816.      time =             3.77
  +subtask   27 nrn  =            72369262.      time =             3.77
  +subtask   30 nrn  =            73935256.      time =             3.79
  +subtask    1 nrn  =            73032891.      time =             3.79
  +subtask   24 nrn  =            73870396.      time =             3.80
  +subtask   13 nrn  =            73415623.      time =             3.83
 cycle    9 number of tasks   32 seed    4.4976075273533000E+13
  -subtask    0 seed =    4.4976075273533000E+13
  -subtask    1 seed =    2.6811083467785000E+13
  -subtask    2 seed =    2.5223553818026100E+14
  -subtask    3 seed =    9.8104415723050000E+12
  -subtask    4 seed =    5.7910645621581000E+13
  -subtask    5 seed =    1.3036862533081000E+13
  -subtask    6 seed =    6.3999004221237000E+13
  -subtask    7 seed =    1.1732074485968100E+14
  -subtask    8 seed =    9.1760114099805000E+13
  -subtask    9 seed =    3.5302762148009000E+13
  -subtask   10 seed =    9.9878958207685000E+13
  -subtask   11 seed =    2.5696693971595300E+14
  -subtask   12 seed =    1.2119408831242900E+14
  -subtask   13 seed =    2.7210634251583300E+14
  -subtask   14 seed =    2.1994517021166900E+14
  -subtask   15 seed =    6.0364880638913000E+13
  -subtask   16 seed =    1.5336406855974100E+14
  -subtask   17 seed =    1.0484582578505000E+13
  -subtask   18 seed =    1.2104722076080500E+14
  -subtask   19 seed =    1.7071162072449700E+14
  -subtask   20 seed =    1.2509644411226900E+14
  -subtask   21 seed =    1.5736463630105000E+13
  -subtask   22 seed =    2.2404471186930100E+14
  -subtask   23 seed =    2.0558966718960100E+14
  -subtask   24 seed =    1.9560803791785300E+14
  -subtask   25 seed =    2.2432320040292100E+14
  -subtask   26 seed =    1.4076455617285000E+13
  -subtask   27 seed =    5.4759537707185000E+13
  -subtask   28 seed =    2.2054218121233300E+14
  -subtask   29 seed =    2.5219650436537000E+13
  -subtask   30 seed =    4.9876291966869000E+13
  -subtask   31 seed =    1.6645438353177700E+14
 >>>>> WARNING: SECONDARY STORAGE EXCEEDED DURING HISTORY     588, INCREASE NLAST
 >>>>> WARNING: SECONDARY STORAGE EXCEEDED DURING HISTORY     588, INCREASE NLAST
 >>>>> WARNING: SECONDARY STORAGE EXCEEDED DURING HISTORY     588, INCREASE NLAST
 >>>>> WARNING: SECONDARY STORAGE EXCEEDED DURING HISTORY     588, INCREASE NLAST
 >>>>> WARNING: SECONDARY STORAGE EXCEEDED DURING HISTORY     588, INCREASE NLAST
 >>>>> WARNING: SECONDARY STORAGE EXCEEDED DURING HISTORY     588, INCREASE NLAST
 >>>>> WARNING: SECONDARY STORAGE EXCEEDED DURING HISTORY     588, INCREASE NLAST
 >>>>> WARNING: SECONDARY STORAGE EXCEEDED DURING HISTORY     588, INCREASE NLAST
 >>>>> WARNING: SECONDARY STORAGE EXCEEDED DURING HISTORY     671, INCREASE NLAST
 >>>>> WARNING: SECONDARY STORAGE EXCEEDED DURING HISTORY     671, INCREASE NLAST
 >>>>> WARNING: SECONDARY STORAGE EXCEEDED DURING HISTORY     671, INCREASE NLAST
 >>>>> WARNING: SECONDARY STORAGE EXCEEDED DURING HISTORY     671, INCREASE NLAST
 >>>>> WARNING: SECONDARY STORAGE EXCEEDED DURING HISTORY     724, INCREASE NLAST
 >>>>> WARNING: SECONDARY STORAGE EXCEEDED DURING HISTORY     752, INCREASE NLAST
 >>>>> WARNING: SECONDARY STORAGE EXCEEDED DURING HISTORY     752, INCREASE NLAST
 >>>>> WARNING: SECONDARY STORAGE EXCEEDED DURING HISTORY     752, INCREASE NLAST
 >>>>> WARNING: SECONDARY STORAGE EXCEEDED DURING HISTORY     752, INCREASE NLAST
 >>>>> WARNING: SECONDARY STORAGE EXCEEDED DURING HISTORY     752, INCREASE NLAST
  +subtask    0 nrn  =            71709527.      time =             3.70
  +subtask   22 nrn  =            68287527.      time =             3.56
  +subtask    6 nrn  =            70219301.      time =             3.67
  +subtask   25 nrn  =            71673877.      time =             3.70
  +subtask   20 nrn  =            70200195.      time =             3.64
  +subtask   19 nrn  =            69459128.      time =             3.66
  +subtask   27 nrn  =            70936917.      time =             3.66
  +subtask   13 nrn  =            70176581.      time =             3.65
  +subtask    4 nrn  =            70763345.      time =             3.66
  +subtask   16 nrn  =            70379928.      time =             3.72
  +subtask    1 nrn  =            71560375.      time =             3.72
  +subtask   26 nrn  =            71040427.      time =             3.73
  +subtask    2 nrn  =            71756961.      time =             3.73
  +subtask    7 nrn  =            70861056.      time =             3.73
  +subtask    9 nrn  =            71721187.      time =             3.73
  +subtask   30 nrn  =            72152921.      time =             3.73
  +subtask   23 nrn  =            72132197.      time =             3.74
  +subtask   31 nrn  =            71889007.      time =             3.74
  +subtask   15 nrn  =            70598361.      time =             3.74
  +subtask   28 nrn  =            71978997.      time =             3.74
  +subtask    5 nrn  =            72531073.      time =             3.75
  +subtask   10 nrn  =            72161697.      time =             3.75
  +subtask   11 nrn  =            72473197.      time =             3.75
  +subtask    8 nrn  =            71792455.      time =             3.75
  +subtask   24 nrn  =            71474768.      time =             3.75
  +subtask   29 nrn  =            72661281.      time =             3.75
  +subtask   14 nrn  =            71460294.      time =             3.75
  +subtask   12 nrn  =            72349297.      time =             3.75
  +subtask    3 nrn  =            72003915.      time =             3.76
  +subtask   21 nrn  =            72636325.      time =             3.76
  +subtask   18 nrn  =            72679428.      time =             3.78
  +subtask   17 nrn  =            72583368.      time =             3.82
 cycle   10 number of tasks   32 seed    2.5318871365676500E+14
  -subtask    0 seed =    2.5318871365676500E+14
  -subtask    1 seed =    1.1611884695309700E+14
  -subtask    2 seed =    4.9947884914981000E+13
  -subtask    3 seed =    1.6696143323502500E+14
  -subtask    4 seed =    1.5751529953070100E+14
  -subtask    5 seed =    5.4697949061209000E+13
  -subtask    6 seed =    1.8596173631685300E+14
  -subtask    7 seed =    1.7590061919401700E+14
  -subtask    8 seed =    1.0786046633238100E+14
  -subtask    9 seed =    1.1125825376541700E+14
  -subtask   10 seed =    1.9650644408813300E+14
  -subtask   11 seed =    8.7547235432433000E+13
  -subtask   12 seed =    4.9513345524461000E+13
  -subtask   13 seed =    2.9890714765049000E+13
  -subtask   14 seed =    1.3306814273429300E+14
  -subtask   15 seed =    1.2281867349459300E+14
  -subtask   16 seed =    2.5530096849919700E+14
  -subtask   17 seed =    2.1050284287450000E+12
  -subtask   18 seed =    2.5356661862757000E+13
  -subtask   19 seed =    9.4434615035281000E+13
  -subtask   20 seed =    1.5827321588583700E+14
  -subtask   21 seed =    4.3528155738521000E+13
  -subtask   22 seed =    2.5926066117938100E+14
  -subtask   23 seed =    7.2887553213130000E+12
  -subtask   24 seed =    4.9621737189661000E+13
  -subtask   25 seed =    1.6143921575536900E+14
  -subtask   26 seed =    4.4959339205509000E+13
  -subtask   27 seed =    1.2353863519211300E+14
  -subtask   28 seed =    3.2504888890669000E+13
  -subtask   29 seed =    2.1116515377976900E+14
  -subtask   30 seed =    1.9571474255893000E+13
  -subtask   31 seed =    1.1243520853770000E+12
  +subtask    0 nrn  =            73609448.      time =             3.76
  +subtask   11 nrn  =            72601306.      time =             3.74
  +subtask   22 nrn  =            71224309.      time =             3.72
  +subtask    6 nrn  =            72252969.      time =             3.73
  +subtask   14 nrn  =            71916471.      time =             3.75
  +subtask   25 nrn  =            70644992.      time =             3.67
  +subtask   27 nrn  =            70570188.      time =             3.68
  +subtask    9 nrn  =            70416257.      time =             3.65
  +subtask   18 nrn  =            70948068.      time =             3.68
  +subtask   15 nrn  =            71393978.      time =             3.75
  +subtask    5 nrn  =            71564033.      time =             3.72
  +subtask   12 nrn  =            70343634.      time =             3.64
  +subtask    3 nrn  =            72033867.      time =             3.74
  +subtask   13 nrn  =            71847488.      time =             3.74
  +subtask   26 nrn  =            70470368.      time =             3.67
  +subtask   21 nrn  =            71367981.      time =             3.72
  +subtask    7 nrn  =            72138074.      time =             3.74
  +subtask   29 nrn  =            71275691.      time =             3.71
  +subtask   23 nrn  =            72354164.      time =             3.75
  +subtask    2 nrn  =            72013288.      time =             3.73
  +subtask    1 nrn  =            70187857.      time =             3.65
  +subtask    8 nrn  =            70769744.      time =             3.68
  +subtask   16 nrn  =            72228878.      time =             3.76
  +subtask   28 nrn  =            70262307.      time =             3.67
  +subtask   30 nrn  =            72713232.      time =             3.74
  +subtask   31 nrn  =            71548656.      time =             3.75
  +subtask    4 nrn  =            72155139.      time =             3.78
  +subtask   19 nrn  =            72588512.      time =             3.78
  +subtask   17 nrn  =            71994476.      time =             3.79
  +subtask   20 nrn  =            73604911.      time =             3.79
  +subtask   10 nrn  =            71722479.      time =             3.80
  +subtask   24 nrn  =            73411959.      time =             3.82
1************************************************************************************
 *                                                                                  *
 * AL dose with L2-CPE V1.1 environment                                             *
 *                                                                                  *
 ************************************************************************************
 THE PROBLEM IS  100  PERCENT COMPLETE.  AVERAGE TIME PER BATCH IS        3.727
 THE INITIAL RANDOM NUMBER SEED OF THIS CYCLE         2.5318871365676500E+14
 THE INITIAL RANDOM NUMBER SEED OF THIS BATCH         4.9621737189661000E+13
 THE INITIAL RANDOM NUMBER SEED FOR THE NEXT BATCH    2.7573762924089300E+14
 NUMBER OF RANDOM NUMBERS GENERATED IN THIS BATCH     7.3411959000000000E+07
 CUMULATED NUMBER OF RANDOM NUMBERS GENERATED         2.2897919397000000E+10

 AVERAGE SOURCE ENERGY = 4.8084E+00  0 MEV
 ------------  HISTORY  ------------
  PRIM       =                320000
  SEC        =              33700038
  KNOCK      =              33425079
  P E        =                166637
  PAIR       =                   223
  COM        =                108099
  AUGER      =                     0
  BREM       =                379415
  RAD        =                905999
  XRAY       =               1378818
  REJ. LAND  =              13585377
  REJ. PEAL  =                     0
  PRIM STEPS =              23138097
  SEC  STEPS =             374767117
  NBLK       =              12804977
  INCOH. SCAT=                126240
  COH. SCAT  =                 24809
0                            ENERGY (MEV)      AVE ENERGY (MEV)     NUMBER/PRIMARY     NUMBER GENERATED
 FIRST KNOCK (ABOVE TCUT)     1.3311E+00          1.6208E-02          8.2126E+01             26280363
 TOTAL KNOCK (ABOVE TCUT)     1.4999E+00          1.4359E-02          1.0445E+02             33425079
 PHOTO-ELECTRON               1.7606E-02          3.4239E-03          5.1420E+00              1645450
 PAIR                         9.4495E-04          1.3499E+00          7.0000E-04                  224
 COMPTON                      3.6119E-02          9.1557E-02          3.9450E-01               126240
 AUGER                        1.2846E-01          1.4051E-03          9.1423E+01             29255407
 FIRST BREMSSTRAHLUNG         1.9256E-01          9.2279E-02          2.0867E+00               667757
 TOTAL BREMSSTRAHLUNG         1.9599E-01          6.9267E-02          2.8295E+00               905425
 X-RAY(P-IONIZATION)          4.4723E-05          1.4831E-03          3.0156E-02                 9650
 X-RAY(E-IONIZATION)          6.3457E-03          1.4831E-03          4.2786E+00              1369168
 ANNIHILATION QUANTA          3.4172E-04          5.1098E-01          6.6875E-04                  214


 NUMBER AND ENERGY (MEV PER SOURCE PARTICLE) OF SOURCE PARTICLES REJECTED FOR BEING BELOW THE GLOBAL CUTOFF
                    0      0.00000E+00 99


 ELECTRON IMPACT IONIZATIONS              K SHELL        L1 SHELL        L2 SHELL        L3 SHELL         M SHELL         N SHELL
                      COUNTS             30419165               0               0               0               0               0
          NUMBER PER PRIMARY        9.5060E+01  0   0.0000E+00 99   0.0000E+00 99   0.0000E+00 99   0.0000E+00 99   0.0000E+00 99


 PHOTOELECTRIC IONIZATIONS                K SHELL        L1 SHELL        L2 SHELL        L3 SHELL         M SHELL         N SHELL
                      COUNTS               215060         1430390               0               0               0               0
          NUMBER PER PRIMARY        6.7206E-01  0   4.4700E+00  0   0.0000E+00 99   0.0000E+00 99   0.0000E+00 99   0.0000E+00 99
1
0NUMBER ESCAPE FRACTIONS --- ELECTRON AND PHOTON GENERATED SECONDARY ELECTRONS, ANNIHILATION RADIATION, X-RAYS
                                      THROUGH MAXIMUM-Z SURFACE
         E-SEC         P-SEC         ANNIH
   4.06E-05 27   6.44E-04  6   2.03E-04 12
 X-RAYS FROM MATERIAL NO. 1, X-RAYS FROM MATERIAL NO. 2, ETC.
   6.25E-06 71   0.00E+00 99
                                      THROUGH MINIMUM-Z SURFACE
         E-SEC         P-SEC         ANNIH
   3.29E-02  1   3.47E-04  9   1.63E-04 14
 X-RAYS FROM MATERIAL NO. 1, X-RAYS FROM MATERIAL NO. 2, ETC.
   1.98E-03  4   0.00E+00 99
 
0                                  NUMBER AND ENERGY ESCAPE FRACTIONS
                                      THROUGH MAXIMUM-Z SURFACE
0      --------------- ELECTRON ---------------      ---------------- PHOTON ----------------
       NUMBER      ENERGY                COUNTS      NUMBER      ENERGY                COUNTS
   8.81E-04  6 1.72E-04  8                  282  2.12E-01  0 2.40E-02  1                67943
 
                                      THROUGH MINIMUM-Z SURFACE
0      --------------- ELECTRON ---------------      ---------------- PHOTON ----------------
       NUMBER      ENERGY                COUNTS      NUMBER      ENERGY                COUNTS
   1.95E-01  0 7.90E-02  0                62375  1.40E-01  1 6.33E-03  1                44942
 
 ENERGY ESCAPE FRACTION BELOW CUTOFF = 1.3434E-07  9
 NET CHARGE ESCAPE FRACTION BELOW CUTOFF = 5.5000E-04  7
 NET CHARGE ESCAPE FRACTION ABOVE CUTOFF = 1.9577E-01  0
 ENERGY OF CUTOFF PHOTONS ASSUMED TO HAVE ESCAPED = 0.0000E+00 99
 
1         BOUNDARY CURRENTS (NUMBER AND ENERGY FRACTIONS) FOR EACH LAYER
                   ***** ONLY AT MATERIAL DISCONTINUITIES *****

                          TRANSMISSION                   REFLECTION
     LAYER           NUMBER        ENERGY           NUMBER        ENERGY
        1          8.813E-04  6  1.723E-04  8     1.955E-01  0  7.898E-02  0
 
1                                                   ENERGY DEPOSITION
                                           (NORMALIZED TO ONE SOURCE PARTICLE)
                              DEPTH REGION                           (MEV-CM2/G-SOURCE PARTICLE)
 SZONE MAT.           (Z/R)                    (G/CM2)                     PRIM           E-SEC           P-SEC           TOTAL

     1   1   0.0000E+00 - 1.8421E-02   0.0000E+00 - 1.0800E-01       3.5963E+00  0  -9.7412E-02  3  -9.5273E-02  0   3.4037E+00  0
     2   1   1.8421E-02 - 3.6842E-02   1.0800E-01 - 2.1600E-01       3.3155E+00  0   3.3878E-02  9  -8.8095E-02  0   3.2612E+00  0
     3   1   3.6842E-02 - 5.5263E-02   2.1600E-01 - 3.2400E-01       3.1036E+00  0   6.6534E-02  4  -8.1773E-02  0   3.0884E+00  0
     4   1   5.5263E-02 - 7.3684E-02   3.2400E-01 - 4.3200E-01       2.9038E+00  0   8.0774E-02  3  -7.5495E-02  0   2.9090E+00  0
     5   1   7.3684E-02 - 9.2105E-02   4.3200E-01 - 5.4000E-01       2.7231E+00  0   8.7200E-02  3  -6.9635E-02  0   2.7406E+00  0
     6   1   9.2105E-02 - 1.1053E-01   5.4000E-01 - 6.4800E-01       2.5324E+00  0   8.6063E-02  3  -6.3476E-02  0   2.5550E+00  0
     7   1   1.1053E-01 - 1.2895E-01   6.4800E-01 - 7.5600E-01       2.3465E+00  0   8.0728E-02  3  -5.7980E-02  1   2.3692E+00  0
     8   1   1.2895E-01 - 1.4737E-01   7.5600E-01 - 8.6400E-01       2.1505E+00  0   7.7576E-02  3  -5.1546E-02  1   2.1765E+00  0
     9   1   1.4737E-01 - 1.6579E-01   8.6400E-01 - 9.7200E-01       1.9511E+00  0   7.2642E-02  2  -4.5997E-02  1   1.9778E+00  0
    10   1   1.6579E-01 - 1.8421E-01   9.7200E-01 - 1.0800E+00       1.7549E+00  0   6.5215E-02  3  -4.0572E-02  1   1.7795E+00  0
    11   1   1.8421E-01 - 2.0263E-01   1.0800E+00 - 1.1880E+00       1.5671E+00  0   6.0135E-02  3  -3.4723E-02  1   1.5925E+00  0
    12   1   2.0263E-01 - 2.2105E-01   1.1880E+00 - 1.2960E+00       1.3888E+00  0   5.1750E-02  3  -2.9891E-02  1   1.4107E+00  0
    13   1   2.2105E-01 - 2.3947E-01   1.2960E+00 - 1.4040E+00       1.2207E+00  0   4.4801E-02  3  -2.4660E-02  1   1.2408E+00  0
    14   1   2.3947E-01 - 2.5790E-01   1.4040E+00 - 1.5120E+00       1.0778E+00  0   4.2059E-02  3  -2.0811E-02  1   1.0991E+00  0
    15   1   2.5790E-01 - 2.7632E-01   1.5120E+00 - 1.6200E+00       9.4920E-01  0   3.5843E-02  3  -1.7493E-02  2   9.6755E-01  0
    16   1   2.7632E-01 - 2.9474E-01   1.6200E+00 - 1.7280E+00       8.3309E-01  0   3.1762E-02  3  -1.3959E-02  2   8.5090E-01  0
    17   1   2.9474E-01 - 3.1316E-01   1.7280E+00 - 1.8360E+00       7.3769E-01  0   2.7962E-02  4  -1.1131E-02  3   7.5452E-01  0
    18   1   3.1316E-01 - 3.3158E-01   1.8360E+00 - 1.9440E+00       6.5087E-01  1   2.4939E-02  4  -9.0041E-03  3   6.6681E-01  1
    19   1   3.3158E-01 - 3.5000E-01   1.9440E+00 - 2.0520E+00       5.7689E-01  1   2.1992E-02  4  -6.7283E-03  5   5.9216E-01  1
    20   1   3.5000E-01 - 3.6842E-01   2.0520E+00 - 2.1600E+00       5.0868E-01  1   1.8864E-02  4  -5.1984E-03  6   5.2235E-01  1
    21   1   3.6842E-01 - 3.8684E-01   2.1600E+00 - 2.2680E+00       4.5003E-01  1   1.7668E-02  4  -3.7711E-03  8   4.6393E-01  1
    22   1   3.8684E-01 - 4.0526E-01   2.2680E+00 - 2.3760E+00       3.9926E-01  1   1.4876E-02  5  -2.8009E-03  9   4.1134E-01  1
    23   1   4.0526E-01 - 4.2369E-01   2.3760E+00 - 2.4840E+00       3.4960E-01  1   1.3793E-02  5  -9.6529E-04 30   3.6243E-01  1
    24   1   4.2369E-01 - 4.4211E-01   2.4840E+00 - 2.5920E+00       3.0858E-01  1   1.0851E-02  6   6.5780E-05 99   3.1949E-01  1
    25   1   4.4211E-01 - 4.6053E-01   2.5920E+00 - 2.7000E+00       2.7533E-01  1   1.0287E-02  6   3.0774E-04 83   2.8592E-01  1
    26   1   4.6053E-01 - 4.7895E-01   2.7000E+00 - 2.8080E+00       2.4298E-01  1   8.4249E-03  7   1.3495E-03 20   2.5276E-01  1
    27   1   4.7895E-01 - 4.9737E-01   2.8080E+00 - 2.9160E+00       2.1186E-01  1   7.6018E-03  7   2.0100E-03 14   2.2148E-01  1
    28   1   4.9737E-01 - 5.1579E-01   2.9160E+00 - 3.0240E+00       1.8512E-01  1   7.7301E-03  6   2.9323E-03  9   1.9578E-01  1
    29   1   5.1579E-01 - 5.3421E-01   3.0240E+00 - 3.1320E+00       1.6383E-01  1   6.1908E-03  7   3.4748E-03  8   1.7350E-01  1
    30   1   5.3421E-01 - 5.5263E-01   3.1320E+00 - 3.2400E+00       1.4118E-01  1   5.3945E-03  7   3.4439E-03  8   1.5002E-01  1
    31   1   5.5263E-01 - 5.7105E-01   3.2400E+00 - 3.3480E+00       1.2058E-01  1   5.3131E-03  7   4.5222E-03  6   1.3042E-01  1
    32   1   5.7105E-01 - 5.8947E-01   3.3480E+00 - 3.4560E+00       1.0332E-01  1   4.0162E-03  8   4.7391E-03  6   1.1208E-01  1
    33   1   5.8947E-01 - 6.0790E-01   3.4560E+00 - 3.5640E+00       8.7027E-02  1   2.9159E-03 10   5.0444E-03  5   9.4988E-02  1
    34   1   6.0790E-01 - 6.2632E-01   3.5640E+00 - 3.6720E+00       7.4695E-02  1   2.9549E-03  9   5.2018E-03  5   8.2852E-02  1
    35   1   6.2632E-01 - 6.4474E-01   3.6720E+00 - 3.7800E+00       6.4368E-02  2   2.2093E-03 10   5.4093E-03  5   7.1986E-02  1
    36   1   6.4474E-01 - 6.6316E-01   3.7800E+00 - 3.8880E+00       5.4379E-02  2   2.1130E-03 10   5.5147E-03  5   6.2007E-02  2
    37   1   6.6316E-01 - 6.8158E-01   3.8880E+00 - 3.9960E+00       4.5018E-02  2   1.7649E-03 12   5.8624E-03  4   5.2645E-02  2
    38   1   6.8158E-01 - 7.0000E-01   3.9960E+00 - 4.1040E+00       3.6388E-02  2   1.2936E-03 13   5.8302E-03  5   4.3512E-02  2
    39   1   7.0000E-01 - 7.1842E-01   4.1040E+00 - 4.2120E+00       2.9896E-02  2   1.3186E-03 12   5.6205E-03  4   3.6835E-02  2
    40   1   7.1842E-01 - 7.3684E-01   4.2120E+00 - 4.3200E+00       2.4372E-02  3   1.1532E-03 12   5.7029E-03  4   3.1228E-02  2
    41   1   7.3684E-01 - 7.5526E-01   4.3200E+00 - 4.4280E+00       1.9322E-02  3   9.5541E-04 10   5.6397E-03  4   2.5918E-02  2
    42   1   7.5526E-01 - 7.7369E-01   4.4280E+00 - 4.5360E+00       1.4466E-02  3   6.0490E-04 14   5.3560E-03  4   2.0427E-02  3
    43   1   7.7369E-01 - 7.9211E-01   4.5360E+00 - 4.6440E+00       1.1208E-02  4   4.5391E-04 16   5.5831E-03  4   1.7245E-02  3
    44   1   7.9211E-01 - 8.1053E-01   4.6440E+00 - 4.7520E+00       8.3697E-03  4   3.9142E-04 17   5.9749E-03  4   1.4736E-02  3
    45   1   8.1053E-01 - 8.2895E-01   4.7520E+00 - 4.8600E+00       6.5788E-03  5   3.0187E-04 21   5.8825E-03  4   1.2763E-02  3
    46   1   8.2895E-01 - 8.4737E-01   4.8600E+00 - 4.9680E+00       4.8022E-03  6   3.8515E-04 13   5.8320E-03  4   1.1019E-02  3
    47   1   8.4737E-01 - 8.6579E-01   4.9680E+00 - 5.0760E+00       3.6140E-03  7   2.6455E-04 20   5.4346E-03  5   9.3132E-03  4
    48   1   8.6579E-01 - 8.8421E-01   5.0760E+00 - 5.1840E+00       2.7202E-03  8   1.8826E-04 26   5.5233E-03  4   8.4317E-03  4
    49   1   8.8421E-01 - 9.0263E-01   5.1840E+00 - 5.2920E+00       1.7506E-03 10   1.7386E-04 15   4.9805E-03  4   6.9050E-03  4
    50   1   9.0263E-01 - 9.2105E-01   5.2920E+00 - 5.4000E+00       1.0850E-03 12   1.1666E-04 21   4.6071E-03  4   5.8087E-03  4

                                                     TOTAL(MEV)      4.2477E+00  0   1.1286E-01  0  -7.8746E-02  0   4.2818E+00  0

1
                                                    CHARGE DEPOSITION
                                           (NORMALIZED TO ONE SOURCE PARTICLE)
                              DEPTH REGION                           (ELECTRONS-CM2/G-SOURCE PARTICLE)
 SZONE MAT.           (Z/R)                    (G/CM2)                     PRIM           E-SEC           P-SEC           TOTAL

     1   1   0.0000E+00 - 1.8421E-02   0.0000E+00 - 1.0800E-01       1.3929E-01  1  -4.2491E-01  1  -2.1701E-03 21  -2.8779E-01  2
     2   1   1.8421E-02 - 3.6842E-02   1.0800E-01 - 2.1600E-01       2.3302E-01  1  -7.4913E-02  7  -4.6296E-04 99   1.5764E-01  4
     3   1   3.6842E-02 - 5.5263E-02   2.1600E-01 - 3.2400E-01       2.9766E-01  1  -2.5231E-02 20  -1.2442E-03 42   2.7118E-01  2
     4   1   5.5263E-02 - 7.3684E-02   3.2400E-01 - 4.3200E-01       3.4922E-01  1  -5.5266E-03 90  -3.7616E-04 99   3.4332E-01  2
     5   1   7.3684E-02 - 9.2105E-02   4.3200E-01 - 5.4000E-01       3.9847E-01  1   5.9606E-03 86  -6.0764E-04 87   4.0382E-01  2
     6   1   9.2105E-02 - 1.1053E-01   5.4000E-01 - 6.4800E-01       4.3388E-01  1   1.2297E-02 41  -2.3148E-04 99   4.4595E-01  1
     7   1   1.1053E-01 - 1.2895E-01   6.4800E-01 - 7.5600E-01       4.6646E-01  1   1.2587E-02 38  -1.7361E-04 99   4.7888E-01  1
     8   1   1.2895E-01 - 1.4737E-01   7.5600E-01 - 8.6400E-01       4.8148E-01  1   1.6059E-02 26  -1.4468E-03 41   4.9609E-01  1
     9   1   1.4737E-01 - 1.6579E-01   8.6400E-01 - 9.7200E-01       4.8458E-01  1   1.0938E-02 35  -4.3403E-04 99   4.9508E-01  1
    10   1   1.6579E-01 - 1.8421E-01   9.7200E-01 - 1.0800E+00       4.7399E-01  1   1.6638E-02 23  -3.1829E-04 99   4.9031E-01  1
    11   1   1.8421E-01 - 2.0263E-01   1.0800E+00 - 1.1880E+00       4.4809E-01  1   1.8403E-02 19   8.6806E-05 99   4.6658E-01  1
    12   1   2.0263E-01 - 2.2105E-01   1.1880E+00 - 1.2960E+00       4.1221E-01  1   1.1834E-02 30   3.7616E-04 99   4.2442E-01  1
    13   1   2.2105E-01 - 2.3947E-01   1.2960E+00 - 1.4040E+00       3.7286E-01  1   7.5521E-03 44  -2.3148E-04 99   3.8018E-01  1
    14   1   2.3947E-01 - 2.5790E-01   1.4040E+00 - 1.5120E+00       3.2694E-01  1   1.2297E-02 23   8.6806E-05 99   3.3932E-01  1
    15   1   2.5790E-01 - 2.7632E-01   1.5120E+00 - 1.6200E+00       2.8414E-01  1   1.4468E-03 99  -2.8935E-05 99   2.8556E-01  1
    16   1   2.7632E-01 - 2.9474E-01   1.6200E+00 - 1.7280E+00       2.4685E-01  1   8.1308E-03 31  -7.2338E-04 81   2.5425E-01  2
    17   1   2.9474E-01 - 3.1316E-01   1.7280E+00 - 1.8360E+00       2.1988E-01  1   6.0475E-03 40  -2.3148E-04 99   2.2569E-01  2
    18   1   3.1316E-01 - 3.3158E-01   1.8360E+00 - 1.9440E+00       1.9699E-01  1   3.2697E-03 74  -1.7361E-04 99   2.0009E-01  2
    19   1   3.3158E-01 - 3.5000E-01   1.9440E+00 - 2.0520E+00       1.6849E-01  1   5.5556E-03 40  -8.6806E-05 99   1.7396E-01  2
    20   1   3.5000E-01 - 3.6842E-01   2.0520E+00 - 2.1600E+00       1.5255E-01  1  -1.5914E-03 99  -3.1829E-04 99   1.5064E-01  2
    21   1   3.6842E-01 - 3.8684E-01   2.1600E+00 - 2.2680E+00       1.3573E-01  1   2.8067E-03 68   8.9699E-04 63   1.3944E-01  2
    22   1   3.8684E-01 - 4.0526E-01   2.2680E+00 - 2.3760E+00       1.1959E-01  2   7.2338E-04 99  -2.3148E-04 99   1.2008E-01  2
    23   1   4.0526E-01 - 4.2369E-01   2.3760E+00 - 2.4840E+00       1.1230E-01  2  -8.9699E-04 99   3.7616E-04 99   1.1178E-01  2
    24   1   4.2369E-01 - 4.4211E-01   2.4840E+00 - 2.5920E+00       9.6209E-02  2  -2.6910E-03 72  -5.2083E-04 99   9.2998E-02  3
    25   1   4.4211E-01 - 4.6053E-01   2.5920E+00 - 2.7000E+00       8.7674E-02  2   2.1701E-03 78  -7.5231E-04 67   8.9091E-02  3
    26   1   4.6053E-01 - 4.7895E-01   2.7000E+00 - 2.8080E+00       7.9832E-02  2  -1.0706E-03 99   1.0417E-03 52   7.9803E-02  3
    27   1   4.7895E-01 - 4.9737E-01   2.8080E+00 - 2.9160E+00       6.9907E-02  2  -2.8646E-03 54  -6.3657E-04 84   6.6406E-02  3
    28   1   4.9737E-01 - 5.1579E-01   2.9160E+00 - 3.0240E+00       6.0475E-02  2   9.8380E-04 99   3.4722E-04 99   6.1806E-02  3
    29   1   5.1579E-01 - 5.3421E-01   3.0240E+00 - 3.1320E+00       5.5990E-02  2  -3.0961E-03 50  -6.3657E-04 88   5.2257E-02  4
    30   1   5.3421E-01 - 5.5263E-01   3.1320E+00 - 3.2400E+00       5.0810E-02  2  -2.6620E-03 48   5.2083E-04 99   4.8669E-02  4
    31   1   5.5263E-01 - 5.7105E-01   3.2400E+00 - 3.3480E+00       4.2766E-02  3   1.0417E-03 99   2.3148E-04 99   4.4039E-02  4
    32   1   5.7105E-01 - 5.8947E-01   3.3480E+00 - 3.4560E+00       3.8108E-02  3  -2.5463E-03 46  -3.7616E-04 99   3.5185E-02  5
    33   1   5.8947E-01 - 6.0790E-01   3.4560E+00 - 3.5640E+00       3.4462E-02  3  -2.4595E-03 52  -3.4722E-04 99   3.1655E-02  6
    34   1   6.0790E-01 - 6.2632E-01   3.5640E+00 - 3.6720E+00       3.2089E-02  3  -1.8808E-03 62   7.2338E-04 71   3.0932E-02  5
    35   1   6.2632E-01 - 6.4474E-01   3.6720E+00 - 3.7800E+00       2.6447E-02  3  -2.9803E-03 37  -6.3657E-04 82   2.2830E-02  7
    36   1   6.4474E-01 - 6.6316E-01   3.7800E+00 - 3.8880E+00       2.4219E-02  3  -2.4016E-03 42   3.1829E-04 99   2.2135E-02  6
    37   1   6.6316E-01 - 6.8158E-01   3.8880E+00 - 3.9960E+00       1.9994E-02  4  -4.9190E-03 30   7.8125E-04 63   1.5856E-02 11
    38   1   6.8158E-01 - 7.0000E-01   3.9960E+00 - 4.1040E+00       1.7072E-02  4  -3.8773E-03 26   4.0509E-04 99   1.3600E-02 10
    39   1   7.0000E-01 - 7.1842E-01   4.1040E+00 - 4.2120E+00       1.4525E-02  5  -3.5301E-03 33  -3.7616E-04 99   1.0619E-02 13
    40   1   7.1842E-01 - 7.3684E-01   4.2120E+00 - 4.3200E+00       1.1545E-02  5  -3.7905E-03 29  -1.3310E-03 34   6.4236E-03 19
    41   1   7.3684E-01 - 7.5526E-01   4.3200E+00 - 4.4280E+00       1.0069E-02  5  -2.9803E-03 35   4.9190E-04 99   7.5810E-03 15
    42   1   7.5526E-01 - 7.7369E-01   4.4280E+00 - 4.5360E+00       7.8414E-03  6  -4.1956E-03 26   2.8935E-05 99   3.6748E-03 31
    43   1   7.7369E-01 - 7.9211E-01   4.5360E+00 - 4.6440E+00       6.9155E-03  7  -2.5463E-03 29   2.6042E-04 99   4.6296E-03 20
    44   1   7.9211E-01 - 8.1053E-01   4.6440E+00 - 4.7520E+00       4.8322E-03  8  -3.9352E-03 26   8.6806E-05 99   9.8380E-04 99
    45   1   8.1053E-01 - 8.2895E-01   4.7520E+00 - 4.8600E+00       4.3113E-03  8  -3.7326E-03 29  -2.6042E-04 99   3.1829E-04 99
    46   1   8.2895E-01 - 8.4737E-01   4.8600E+00 - 4.9680E+00       2.9803E-03 10  -2.2569E-03 33  -4.6296E-04 99   2.6042E-04 99
    47   1   8.4737E-01 - 8.6579E-01   4.9680E+00 - 5.0760E+00       2.3438E-03 11  -1.8229E-03 36   8.6806E-04 51   1.3889E-03 57
    48   1   8.6579E-01 - 8.8421E-01   5.0760E+00 - 5.1840E+00       2.3727E-03 11  -1.6493E-03 36   1.4468E-04 99   8.6806E-04 80
    49   1   8.8421E-01 - 9.0263E-01   5.1840E+00 - 5.2920E+00       1.1863E-03 16  -1.3600E-03 39  -6.0764E-04 78  -7.8125E-04 87
    50   1   9.0263E-01 - 9.2105E-01   5.2920E+00 - 5.4000E+00       7.2338E-04 19  -1.3310E-03 42  -1.1285E-03 37  -1.7361E-03 40

                                                         TOTAL       8.3812E-01  0  -4.7834E-02  2  -1.0250E-03  5   7.8926E-01  0
 
0 THE ENERGY CONSERVATION FRACTION IS      9.9997279E-01  0
0 THE CHARGE CONSERVATION FRACTION IS      9.8558125E-01  0

 THE NUMBER OF DATA FOR WHICH STATISTICAL ESTIMATES HAVE BEEN PROVIDED IS          518 FROM AN ALLOCATION OF          518
 A wall-clock timer was used.
                        Startup time (s) =             0.00
              Allocation sizing time (s) =             0.01
               Input processing time (s) =             0.04
           Batch initialization time (s) =             0.00
              Output processing time (s) =             0.04
              Monte Carlo cycle time (s) =            38.22
            Longest Monte Carlo time (s) =             3.85
              Elapsed execution time (s) =            38.30
         Cumulative Monte Carlo time (s) =          1192.67
      Average Monte Carlo batch time (s) =             3.73
    Average Monte Carlo history time (s) =    3.727E-03
