1 *****************************************
  *                                       *
  *             PROGRAM ITS               *
  * VERSION:  6.4.11                      *
  * DATE:     FEBRUARY 10, 2010           *
  *                                       *
  *           RONALD P. KENSEK            *
  *           BRIAN C. FRANKE             *
  *           THOMAS W. LAUB              *
  *     SANDIA NATIONAL LABORATORIES      *
  *                                       *
  *          TELEPHONE       EMAIL        *
  *KENSEK: 505-845-7642 rpkense@sandia.gov*
  *FRANKE: 505-845-7609 bcfrank@sandia.gov*
  *LAUB:   505-844-9142  twlaub@sandia.gov*
  *       FAX:      505-844-0092          *
  *                                       *
  *****************************************
  *             T I G E R                 *
  *            P C O D E S                *
  *               M P I                   *
  *              R N G 2                  *
  *****************************************
  NUMERICS INTERROGATION
  radix:        2
                     digits  minexp  maxexp
  default  integer       31
  selected long          63
  default  real          53   -1021    1024
  selected single        24    -125     128
  selected double        53   -1021    1024
  *****************************************
1***************************
 *   BEGIN READING INPUT   *
 ***************************
 ECHO 1
 TITLE
 AL dose with L2-CPE V1.1 environment
 GEOMETRY 1
 
 1 50 2.00e+000 * Al shielding (cm)
 SPECTRUM 8
 * CDF converted from FluenceConversionExercise20180430.xlsx by Brandon Phillips EM41
 * Normalization constant = 1.1294850E+10 for 15 year fluence
 1.00000000
 0.92272142
 0.82995790
 0.71860184
 0.58486832
 0.42430842
 0.23147718
 0.0
 * energy (MeV)
 9.9999619
 8.2540117
 6.8128970
 5.6233945
 4.6415742
 3.8311755
 3.1622690
 2.6101506
 
 DIRECTION
  COSINE-LAW
 CUTOFFS 0.01 0.001 * electron and photons cut-offs (MeV)
 
 * run size options
 HISTORIES-PER-BATCH 1000
 BATCHES 320
0 EOF ON UNIT 50 BEGIN PROCESSING - INPUT FOR FINAL PROBLEM.
1****************************************
 *   BEGIN READING CROSS SECTION DATA   *
 ****************************************
0*******************                                                                        ********************
0NUMBER OF SETS IN FILE =   2

0MATERIAL      DENSITY       DETOUR        I(BL)
        1  2.70000E+00  7.40081E-01  1.66000E-04
        Z            A            W
       13  2.69815E+01  1.00000E+00
  ITRM  ISGN  ISUB  INAL  ICYC  NCYC  NMAX      EMAX           EMIN           RMAX       MMAX INDEX
     5     1     5     4     1     8   112  1.0000000E+01  6.1035156E-04  5.8628649E+00    33   121

0MATERIAL      DENSITY       DETOUR        I(BL)
        2  2.33000E+00  7.24779E-01  1.73000E-04
        Z            A            W
       14  2.80855E+01  1.00000E+00
  ITRM  ISGN  ISUB  INAL  ICYC  NCYC  NMAX      EMAX           EMIN           RMAX       MMAX INDEX
     5     1     5     4     1     8   112  1.0000000E+01  6.1035156E-04  5.6445064E+00    33   121
0 COLLISION / TOTAL DE/DX RATIOS                                         
0 CUMULATIVE BREMSSTRAHLUNG CROSS SECTIONS                               
0 CUMULATIVE BREMSSTRAHLUNG ANGULAR DISTRIBUTIONS                        
0 LANGAUSS - EQUIPROBABLE ENDPOINTS FOR INTERPOLATION                    
0 K X-RAY PRODUCTION                                                     
0 PHOTOELECTRON ANGULAR DISTRIBUTIONS                                    
0 PAIR ELECTRON ENERGY DIVISION DISTRIBUTION (LEAD)                      
0*******************
 *  PROCESS INPUT  *
 *******************
1*********************************************************
 *   COMPARISON OF STORAGE REQUIREMENTS VS ALLOCATIONS   *
 *********************************************************
0NUMBER OF MATERIALS ON CROSS SECTION FILE                                    / INMT    =          2  /           2
 MAXIMUM NUMBER OF ELEMENTS IN A PROBLEM MATERIAL                             / INEM    =          1  /           1
 LENGTH OF ELECTRON CROSS SECTION ENERGY GRID                                 / INMAX   =        112  /         112
 ELECTRON ENERGY GRID LENGTH FOR SAMPLING BREMS. PHOTON ENERGY                / IMTOP   =        113  /         113
 PHOTON ENERGY GRID LENGTH FOR SAMPLING BREMS. PHOTON ENERGY                  / IKTOP   =         89  /          89
 ELECTRON ANGLE GRID LENGTH FOR SAMPLING ELECTRON SCATTERING ANGLE            / IMMAX   =         33  /          33
 PHOTON ANGLE GRID LENGTH FOR SAMPLING BREMS. PHOTON ANGLE                    / INPANG  =         21  /          21
 PHOTON ENERGY GRID LENGTH FOR SAMPLING BREMS. PHOTON ANGLE                   / INRANG  =         34  /          34
 ELECTRON ENERGY GRID LENGTH FOR SAMPLING BREMS. PHOTON ANGLE                 / INTANG  =         29  /          29
 PHOTON ENERGY GRID LENGTH FOR SAMPLING PHOTO-ELECTRON DIRECTION              / INEEL   =         13  /          13
 ELECTRON ANGLE GRID LENGTH FOR SAMPLING PHOTO-ELECTRON DIRECTION             / INPEL   =         21  /          21
 PHOTON ENERGY GRID LENGTH FOR SAMPLING PAIR ELECTRON ENERGY                  / INEPS   =          9  /           9
 ELECTRON ENERGY GRID LENGTH FOR SAMPLING PAIR ELECTON ENERGY                 / INPPS   =         21  /          21
 GAUSSIAN FUNCTION GRID FOR SAMPLING ELECTRON ENERGY LOSS STRAGGLING          / INGAS   =       1000  /        1001
 LANDAU FUNCTION GRID FOR SAMPLING ELECTRON ENERGY LOSS STRAGGLING            / INLAN   =       5000  /        5001
 MAXIMUM NUMBER OF TABLES OF PHOTON CROSS SECTIONS                            / INTAB   =          2  /           3
 MAXIMUM LENGTH OF PHOTON CROSS SECTION TABLE                                 / IMTAX   =         63  /          64
 NUMBER OF ELECTRON ESCAPE ENERGY BINS                                        / IJMAX   =          0  /           0
 NUMBER OF PHOTON ESCAPE ENERGY BINS                                          / IJPMAX  =          0  /           0
 NUMBER OF ELECTRON ESCAPE POLAR ANGLE BINS                                   / IKMAX   =          0  /           0
 NUMBER OF PHOTON ESCAPE POLAR ANGLE BINS                                     / IKPMAX  =          0  /           0
 LENGTH OF SOURCE SPECTRUM ENERGY GRID                                        / IJSPEC  =          8  /           8
 NUMBER OF PULSE HEIGHT ENERGY BINS                                           / IJSMAX  =          0  /           0
 NUMBER OF ELECTRON FLUX ENERGY BINS                                          / IJFMAX  =          0  /           0
 NUMBER OF PHOTON FLUX ENERGY BINS                                            / IJFMXP  =          0  /           0
 NUMBER OF ELECTRON FLUX POLAR ANGLE BINS                                     / IKFMAX  =          0  /           0
 NUMBER OF PHOTON FLUX POLAR ANGLE BINS                                       / IKFMXP  =          0  /           0
 NUMBER OF ELECTRON FLUX ZONES                                                / INLF    =          0  /           0
 NUMBER OF PHOTON FLUX ZONES                                                  / INLFP   =          0  /           0
 SIZE OF DOUBLY DIFFERENTIAL BREMS DISTRIBUTION                               / NCHANG  =      20706  /       20706
 SIZE OF SINGLY DIFFERENTIAL BREMS DISTRIBUTION                               / NBDIS   =      10057  /       10057
 SIZE OF GOUDSMIT-SAUNDERSON ANGULAR DISTRIBUTION                             / NGG     =       3696  /        3696
 NUMBER OF PROBLEM ZONES                                                      / INIZON  =          1  /           1
 NUMBER OF PROBLEM SUB-ZONES                                                  / INSZON  =         50  /          50
 NUMBER OF UNIQUE ELEMENTS IN THE PROBLEM                                     / INZZ    =          2  /           2
 PROBABILITY ARRAY FOR SAMPLING PHOTO-IONIZATION ELEMENT INDEX                / NPPART  =        126  /         192
 PHOTON ENERGY ARRAY - SAMPLING PHOTO-IONIZATION ELEMENT INDEX                / NEB     =        126  /         192
 SIZE OF ARRAY FOR SAMPLING ELECTRON IMPACT IONIZATION SHELL                  / NSHEL   =        678  /         678
 PROBABILITY ARRAY FOR SAMPLING ELEMENT INDEX FOR ELECTRON IMPACT IONIZATION  / NEPART  =        678  /         678
1********************************
 *   GEOMETRY DEPENDENT INPUT   *
 ********************************
0GEOMETRY-DEPENDENT OPTIONS (T/F = FEATURE ON/OFF)
                   ELECTRON    ELECTRON      PHOTON SECONDARY SECONDARY                    
 INPUT               CUTOFF    TRAPPING     FORCING  ELECTRON    PHOTON     SCALE   RUSSIAN
  ZONE MATERIAL       (MEV)       (MEV)    FRACTION TRANSPORT TRANSPORT     BREMS  ROULETTE
     1        1   1.000E-02   1.000E-02   0.000E+00         T         T         F         F
0NUMBER OF MATERIAL LAYERS =    1
                      NO.     THICKNESS
 LAYER MATERIAL  SUBZONES          (CM)
     1        1        50   2.00000E+00
0BOUNDARIES IN GM/CM2
 5.40000E+00
0BOUNDARIES IN MULTIPLES OF ELECTRON CSDA RANGE
 9.21055E-01
1************************
 *  SOURCE INFORMATION  *
 ************************
0SOURCE ELECTRONS
0THE MAXIMUM SOURCE ENERGY IS      9.99996 MEV
0THE GLOBAL ELECTRON CUTOFF ENERGY IS     0.01000 MEV
0THE GLOBAL PHOTON CUTOFF ENERGY IS     0.00100 MEV
0SOURCE SPECTRUM
     8
0NORMALIZED CUMULATIVE SPECTRUM
     1.00000     0.92272     0.82996     0.71860     0.58487     0.42431
     0.23148     0.00000
0SPECTRAL ENERGIES (MEV)
     9.99996     8.25401     6.81290     5.62339     4.64157     3.83118
     3.16227     2.61015
0THE SOURCE PLANE IS LOCATED AT Z =  0.00000E+00 CM
0REFERENCE DIRECTION FOR ANGULAR DISTRIBUTION IS DEFINED BY
 THETA =      0.0000 DEGREES
0COSINE-LAW SOURCE BETWEEN      0.0000 AND     90.0000 DEGREES WITH RESPECT TO REFERENCE DIRECTION
1********************
 *  OUTPUT OPTIONS  *
 ********************
0THE STANDARD ERROR ESTIMATES ARE BASED ON    320 BATCHES OF       1000 HISTORIES EACH
1**********************
 *  PHYSICAL OPTIONS  *
 **********************
0ELECTRON COLLISION AND RADIATION ENERGY LOSS STRAGGLING
0TERMINAL PROCESSING OF ELECTRONS INCLUDES KICKING
0KNOCK-ON ELECTRON PRODUCTION
0NO COUPLED INELASTIC SCATTERING DEFLECTIONS
0BREMSSTRAHLUNG INTRINSIC ANGLE OF EMISSION FROM TABULATED DISTRIBUTION
0COUPLED ELECTRON/PHOTON TRANSPORT
0       MATERIAL NO.  1
 ELECTRON RANGE AT MAXIMUM SOURCE ENERGY IS      5.86284E+00 (G/CM**2)
 K X-RAY QUANTA FOLLOWED
 ELECTRON IMPACT IONIZATION SAMPLED
0       MATERIAL NO.  2
 ELECTRON RANGE AT MAXIMUM SOURCE ENERGY IS      5.64449E+00 (G/CM**2)
 K X-RAY QUANTA FOLLOWED
 ELECTRON IMPACT IONIZATION SAMPLED
0ANNIHILATION EVENTS ARE SPLIT BY A FACTOR OF    1.000E+00
 ANNIHILATION QUANTA FOLLOWED

 LINE ENERGIES (MEV) FOR ELEMENT WITH Z VALUE OF   13.
  <N> - K:  0.00155960
  <M> - K:  0.00155052
  L3  - K:  0.00148260
  L2  - K:  0.00148260
1**parallel*************************
 * parallel processing information *
 **parallel*************************
   parallel static load distribution
   parallel number of processes =       32
   parallel master option       =        1
   parallel number of tasks     =       32 requested
   parallel intermediate print  =        1
   parallel allowed time factor =  0.00000E+00
 cycle    1 number of tasks   32 seed    1.9073486328125000E+13
  -subtask    0 seed =    1.9073486328125000E+13
  -subtask    1 seed =    2.5340779878409000E+13
  -subtask    2 seed =    7.5335646651557000E+13
  -subtask    3 seed =    7.9914847804369000E+13
  -subtask    4 seed =    2.8134729965389000E+13
  -subtask    5 seed =    2.2772761315580100E+14
  -subtask    6 seed =    9.4240574692149000E+13
  -subtask    7 seed =    2.5412469766659300E+14
  -subtask    8 seed =    1.4153209256406100E+14
  -subtask    9 seed =    2.4174235557530000E+12
  -subtask   10 seed =    1.1083091401491700E+14
  -subtask   11 seed =    1.3438510151025000E+13
  -subtask   12 seed =    2.2493734650122900E+14
  -subtask   13 seed =    1.9666712552664900E+14
  -subtask   14 seed =    2.7032919105928500E+14
  -subtask   15 seed =    1.5186708416096100E+14
  -subtask   16 seed =    7.6226803926909000E+13
  -subtask   17 seed =    4.4202814907721000E+13
  -subtask   18 seed =    1.9143442640101000E+13
  -subtask   19 seed =    3.1824430838545000E+13
  -subtask   20 seed =    2.1699280450599700E+14
  -subtask   21 seed =    1.9748597238553000E+13
  -subtask   22 seed =    1.8619604577266100E+14
  -subtask   23 seed =    1.9949722841072100E+14
  -subtask   24 seed =    2.6865909531458900E+14
  -subtask   25 seed =    2.2184352172900100E+14
  -subtask   26 seed =    5.5880127446789000E+13
  -subtask   27 seed =    7.6684842276017000E+13
  -subtask   28 seed =    2.6412624305325000E+13
  -subtask   29 seed =    1.7675476232850500E+14
  -subtask   30 seed =    1.3548328108533300E+14
  -subtask   31 seed =    2.4279237814758500E+14
  +subtask    0 nrn  =            19484803.      time =             1.03
  +subtask    8 nrn  =            19165442.      time =             1.04
  +subtask   16 nrn  =            19126817.      time =             1.01
  +subtask   20 nrn  =            18832779.      time =             1.02
  +subtask   23 nrn  =            19500879.      time =             1.03
  +subtask    5 nrn  =            19439185.      time =             1.04
  +subtask   24 nrn  =            19634199.      time =             1.04
  +subtask   15 nrn  =            19845945.      time =             1.04
  +subtask   19 nrn  =            19734126.      time =             1.04
  +subtask    1 nrn  =            19765977.      time =             1.04
  +subtask   26 nrn  =            19756932.      time =             1.04
  +subtask   12 nrn  =            19902337.      time =             1.04
  +subtask   11 nrn  =            19944745.      time =             1.04
  +subtask   22 nrn  =            19868771.      time =             1.04
  +subtask   30 nrn  =            19822059.      time =             1.04
  +subtask   27 nrn  =            19898765.      time =             1.06
  +subtask   14 nrn  =            20023284.      time =             1.06
  +subtask    7 nrn  =            19812242.      time =             1.06
  +subtask   13 nrn  =            19982834.      time =             1.06
  +subtask   29 nrn  =            20303118.      time =             1.06
  +subtask   31 nrn  =            19801232.      time =             1.06
  +subtask    2 nrn  =            20237025.      time =             1.06
  +subtask    9 nrn  =            20063663.      time =             1.06
  +subtask   17 nrn  =            20177327.      time =             1.07
  +subtask    6 nrn  =            20398308.      time =             1.07
  +subtask   10 nrn  =            20137018.      time =             1.07
  +subtask    3 nrn  =            20360843.      time =             1.07
  +subtask   21 nrn  =            20316285.      time =             1.07
  +subtask    4 nrn  =            20176508.      time =             1.07
  +subtask   25 nrn  =            20371171.      time =             1.07
  +subtask   18 nrn  =            20226526.      time =             1.07
  +subtask   28 nrn  =            20283261.      time =             1.08
 cycle    2 number of tasks   32 seed    3.5279451704765000E+13
  -subtask    0 seed =    3.5279451704765000E+13
  -subtask    1 seed =    2.5907690376461700E+14
  -subtask    2 seed =    4.8238084490533000E+13
  -subtask    3 seed =    1.4786371494561700E+14
  -subtask    4 seed =    1.6061610587028500E+14
  -subtask    5 seed =    3.6423306464345000E+13
  -subtask    6 seed =    2.7528012935262900E+14
  -subtask    7 seed =    1.4657888485648100E+14
  -subtask    8 seed =    5.5146911796957000E+13
  -subtask    9 seed =    1.4313615437597700E+14
  -subtask   10 seed =    7.5153393088690000E+12
  -subtask   11 seed =    6.4446422778865000E+13
  -subtask   12 seed =    2.7709509169943700E+14
  -subtask   13 seed =    9.6377706279673000E+13
  -subtask   14 seed =    9.2197845280725000E+13
  -subtask   15 seed =    1.1401943502598500E+14
  -subtask   16 seed =    9.5007065958370000E+12
  -subtask   17 seed =    2.7880165306313000E+13
  -subtask   18 seed =    1.5980484425661300E+14
  -subtask   19 seed =    4.8660446384529000E+13
  -subtask   20 seed =    2.0986635539610900E+14
  -subtask   21 seed =    1.0275957644431300E+14
  -subtask   22 seed =    1.9595291412888500E+14
  -subtask   23 seed =    2.3774645425097700E+14
  -subtask   24 seed =    3.0131444665629000E+13
  -subtask   25 seed =    3.4876042234985000E+13
  -subtask   26 seed =    1.8048574148485000E+13
  -subtask   27 seed =    2.0869356421201700E+14
  -subtask   28 seed =    1.3772617373726100E+14
  -subtask   29 seed =    2.7050206067410500E+14
  -subtask   30 seed =    1.1582713472923700E+14
  -subtask   31 seed =    2.4893444788057700E+14
  +subtask    0 nrn  =            19691796.      time =             1.03
  +subtask   18 nrn  =            19688756.      time =             1.03
  +subtask    3 nrn  =            19315043.      time =             1.03
  +subtask    2 nrn  =            19524682.      time =             1.04
  +subtask    1 nrn  =            19472501.      time =             1.04
  +subtask    4 nrn  =            19753092.      time =             1.04
  +subtask    8 nrn  =            19381180.      time =             1.04
  +subtask   28 nrn  =            19776599.      time =             1.03
  +subtask    6 nrn  =            19856539.      time =             1.04
  +subtask   11 nrn  =            19834939.      time =             1.04
  +subtask   12 nrn  =            20051822.      time =             1.04
  +subtask   10 nrn  =            19522836.      time =             1.06
  +subtask   19 nrn  =            19666790.      time =             1.04
  +subtask   26 nrn  =            19999063.      time =             1.04
  +subtask    9 nrn  =            20242686.      time =             1.06
  +subtask    7 nrn  =            19756943.      time =             1.06
  +subtask   24 nrn  =            20049457.      time =             1.04
  +subtask   21 nrn  =            20201537.      time =             1.04
  +subtask   13 nrn  =            20147387.      time =             1.04
  +subtask   17 nrn  =            20217172.      time =             1.04
  +subtask   25 nrn  =            19907740.      time =             1.06
  +subtask   15 nrn  =            19807018.      time =             1.06
  +subtask   23 nrn  =            20142528.      time =             1.06
  +subtask   16 nrn  =            20394780.      time =             1.06
  +subtask   27 nrn  =            20193068.      time =             1.06
  +subtask   14 nrn  =            20087049.      time =             1.06
  +subtask   20 nrn  =            20461169.      time =             1.06
  +subtask   31 nrn  =            20265709.      time =             1.06
  +subtask    5 nrn  =            20171640.      time =             1.07
  +subtask   29 nrn  =            20283755.      time =             1.06
  +subtask   22 nrn  =            20465074.      time =             1.06
  +subtask   30 nrn  =            20710318.      time =             1.07
 cycle    3 number of tasks   32 seed    8.2995088214589000E+13
  -subtask    0 seed =    8.2995088214589000E+13
  -subtask    1 seed =    1.8102961048295300E+14
  -subtask    2 seed =    2.7588191414826100E+14
  -subtask    3 seed =    2.1692553949000100E+14
  -subtask    4 seed =    1.7196812798574100E+14
  -subtask    5 seed =    1.0375781154521000E+13
  -subtask    6 seed =    2.2405547679237300E+14
  -subtask    7 seed =    7.9659832643873000E+13
  -subtask    8 seed =    2.7667619567087700E+14
  -subtask    9 seed =    1.7867364563805700E+14
  -subtask   10 seed =    1.5012671467461000E+13
  -subtask   11 seed =    2.1728603174155300E+14
  -subtask   12 seed =    7.7731296424813000E+13
  -subtask   13 seed =    1.3690069668389700E+14
  -subtask   14 seed =    2.7623677662011700E+14
  -subtask   15 seed =    2.7169958131628900E+14
  -subtask   16 seed =    1.9138065118015700E+14
  -subtask   17 seed =    2.3610967998317700E+14
  -subtask   18 seed =    1.9250086768101000E+13
  -subtask   19 seed =    2.4941534584424100E+14
  -subtask   20 seed =    3.3361511699085000E+13
  -subtask   21 seed =    9.7928082026521000E+13
  -subtask   22 seed =    1.7053849657560500E+14
  -subtask   23 seed =    1.4011960727459300E+14
  -subtask   24 seed =    3.5545426475421000E+13
  -subtask   25 seed =    1.9658265466647300E+14
  -subtask   26 seed =    2.2950803782861300E+14
  -subtask   27 seed =    6.9964700823985000E+13
  -subtask   28 seed =    1.7986851971217300E+14
  -subtask   29 seed =    1.6042686203052100E+14
  -subtask   30 seed =    7.5410025794100000E+11
  -subtask   31 seed =    2.2127448918016100E+14
  +subtask    0 nrn  =            20524697.      time =             1.07
  +subtask   18 nrn  =            19914329.      time =             1.07
  +subtask   25 nrn  =            20120665.      time =             1.07
  +subtask   21 nrn  =            20092281.      time =             1.06
  +subtask    3 nrn  =            20490634.      time =             1.07
  +subtask   10 nrn  =            19133355.      time =             1.01
  +subtask    6 nrn  =            19847568.      time =             1.05
  +subtask   17 nrn  =            20266595.      time =             1.07
  +subtask    9 nrn  =            19613136.      time =             1.05
  +subtask   29 nrn  =            19739048.      time =             1.05
  +subtask   13 nrn  =            19408542.      time =             1.04
  +subtask    7 nrn  =            20120858.      time =             1.07
  +subtask   14 nrn  =            19949199.      time =             1.07
  +subtask   27 nrn  =            20343105.      time =             1.07
  +subtask   22 nrn  =            20686417.      time =             1.07
  +subtask   11 nrn  =            20012000.      time =             1.06
  +subtask   12 nrn  =            19568086.      time =             1.03
  +subtask   26 nrn  =            19866318.      time =             1.05
  +subtask   19 nrn  =            19805237.      time =             1.06
  +subtask   15 nrn  =            19962700.      time =             1.07
  +subtask    5 nrn  =            20364191.      time =             1.07
  +subtask   23 nrn  =            19670945.      time =             1.05
  +subtask   20 nrn  =            19325983.      time =             1.02
  +subtask    2 nrn  =            19671803.      time =             1.04
  +subtask    1 nrn  =            20010084.      time =             1.06
  +subtask    4 nrn  =            20235738.      time =             1.07
  +subtask   16 nrn  =            20510696.      time =             1.07
  +subtask   24 nrn  =            20064356.      time =             1.06
  +subtask   28 nrn  =            19624866.      time =             1.04
  +subtask   30 nrn  =            19883667.      time =             1.05
  +subtask   31 nrn  =            19896980.      time =             1.06
  +subtask    8 nrn  =            20502524.      time =             1.08
 cycle    4 number of tasks   32 seed    2.0622052596294100E+14
  -subtask    0 seed =    2.0622052596294100E+14
  -subtask    1 seed =    2.8247198504841000E+13
  -subtask    2 seed =    2.7912120693712500E+14
  -subtask    3 seed =    1.0898011931220900E+14
  -subtask    4 seed =    6.9370876431565000E+13
  -subtask    5 seed =    1.8343846647842500E+14
  -subtask    6 seed =    9.0167292572853000E+13
  -subtask    7 seed =    1.2518467274947300E+14
  -subtask    8 seed =    4.8204381644765000E+13
  -subtask    9 seed =    1.1361154741354500E+14
  -subtask   10 seed =    5.6439659323461000E+13
  -subtask   11 seed =    2.3661857396350500E+14
  -subtask   12 seed =    2.6161397695486100E+14
  -subtask   13 seed =    6.7135560888250000E+12
  -subtask   14 seed =    2.7370786243195700E+14
  -subtask   15 seed =    4.8146005459777000E+13
  -subtask   16 seed =    1.6499522231549000E+13
  -subtask   17 seed =    1.8386881608212100E+14
  -subtask   18 seed =    2.0265209354198900E+14
  -subtask   19 seed =    1.0619551465844900E+14
  -subtask   20 seed =    2.0435030983246100E+14
  -subtask   21 seed =    7.2291668525721000E+13
  -subtask   22 seed =    2.5224840039243700E+14
  -subtask   23 seed =    2.6951462448816100E+14
  -subtask   24 seed =    2.5472648166761300E+14
  -subtask   25 seed =    2.5702056553712900E+14
  -subtask   26 seed =    1.0093265290458100E+14
  -subtask   27 seed =    2.8112497295850000E+12
  -subtask   28 seed =    1.2883230709201300E+14
  -subtask   29 seed =    8.9789496568890000E+12
  -subtask   30 seed =    8.6415512714517000E+13
  -subtask   31 seed =    2.9768519665281000E+13
  +subtask    0 nrn  =            19840566.      time =             1.05
  +subtask   25 nrn  =            19292411.      time =             1.04
  +subtask   21 nrn  =            19736313.      time =             1.05
  +subtask    3 nrn  =            19583349.      time =             1.04
  +subtask    7 nrn  =            19350288.      time =             1.04
  +subtask   11 nrn  =            19476044.      time =             1.04
  +subtask   12 nrn  =            19565508.      time =             1.04
  +subtask    1 nrn  =            19442698.      time =             1.03
  +subtask    8 nrn  =            19423831.      time =             1.05
  +subtask   28 nrn  =            19527172.      time =             1.05
  +subtask   22 nrn  =            19763382.      time =             1.06
  +subtask   30 nrn  =            19842923.      time =             1.06
  +subtask   24 nrn  =            19847995.      time =             1.06
  +subtask    6 nrn  =            19962656.      time =             1.06
  +subtask   23 nrn  =            19785711.      time =             1.06
  +subtask    2 nrn  =            20135248.      time =             1.06
  +subtask   15 nrn  =            20276600.      time =             1.06
  +subtask   31 nrn  =            20368535.      time =             1.06
  +subtask   29 nrn  =            20103176.      time =             1.07
  +subtask   16 nrn  =            19946282.      time =             1.07
  +subtask   27 nrn  =            20050793.      time =             1.07
  +subtask   20 nrn  =            20370492.      time =             1.07
  +subtask   13 nrn  =            20271035.      time =             1.07
  +subtask   17 nrn  =            20275011.      time =             1.07
  +subtask    5 nrn  =            20266672.      time =             1.07
  +subtask    9 nrn  =            20283384.      time =             1.07
  +subtask   18 nrn  =            20444474.      time =             1.07
  +subtask   26 nrn  =            20369736.      time =             1.07
  +subtask   14 nrn  =            19957983.      time =             1.08
  +subtask   19 nrn  =            20187490.      time =             1.08
  +subtask   10 nrn  =            20366748.      time =             1.08
  +subtask    4 nrn  =            20636198.      time =             1.08
 cycle    5 number of tasks   32 seed    2.4486253881017300E+14
  -subtask    0 seed =    2.4486253881017300E+14
  -subtask    1 seed =    8.7640657560073000E+13
  -subtask    2 seed =    1.3680923247581300E+14
  -subtask    3 seed =    1.2514856154465700E+14
  -subtask    4 seed =    1.7481613888340500E+14
  -subtask    5 seed =    7.9594460029913000E+13
  -subtask    6 seed =    2.7222261838571700E+14
  -subtask    7 seed =    2.1390260449232100E+14
  -subtask    8 seed =    9.8986182816861000E+13
  -subtask    9 seed =    1.9031620010154500E+14
  -subtask   10 seed =    6.1790636527813000E+13
  -subtask   11 seed =    1.8737530840254500E+14
  -subtask   12 seed =    2.4760510276311700E+14
  -subtask   13 seed =    3.7691989346490000E+12
  -subtask   14 seed =    1.2504934597870900E+14
  -subtask   15 seed =    1.5642943920577000E+13
  -subtask   16 seed =    1.4206873696637000E+13
  -subtask   17 seed =    1.5516422591674500E+14
  -subtask   18 seed =    2.1596126515581300E+14
  -subtask   19 seed =    1.5324439260433000E+13
  -subtask   20 seed =    7.7752118582157000E+13
  -subtask   21 seed =    5.5908011430650000E+12
  -subtask   22 seed =    1.1771922080395700E+14
  -subtask   23 seed =    2.7706343607331300E+14
  -subtask   24 seed =    2.4926689934198100E+14
  -subtask   25 seed =    2.5755500123645700E+14
  -subtask   26 seed =    2.1034963714309000E+13
  -subtask   27 seed =    2.1133442939665700E+14
  -subtask   28 seed =    2.3865653767853000E+13
  -subtask   29 seed =    2.6044141548473000E+13
  -subtask   30 seed =    2.2516507862363700E+14
  -subtask   31 seed =    1.9803678307046500E+14
  +subtask    0 nrn  =            19398019.      time =             1.02
  +subtask    3 nrn  =            19316803.      time =             1.02
  +subtask    8 nrn  =            19419656.      time =             1.02
  +subtask   10 nrn  =            19583520.      time =             1.02
  +subtask   14 nrn  =            19550604.      time =             1.03
  +subtask   25 nrn  =            19643743.      time =             1.04
  +subtask   31 nrn  =            19694876.      time =             1.04
  +subtask   23 nrn  =            19678878.      time =             1.04
  +subtask    6 nrn  =            19624925.      time =             1.04
  +subtask   17 nrn  =            19563740.      time =             1.04
  +subtask   11 nrn  =            19720386.      time =             1.04
  +subtask    4 nrn  =            19729421.      time =             1.04
  +subtask   19 nrn  =            19745484.      time =             1.04
  +subtask   27 nrn  =            19584857.      time =             1.04
  +subtask    2 nrn  =            19815294.      time =             1.04
  +subtask   18 nrn  =            19828319.      time =             1.04
  +subtask   28 nrn  =            19889284.      time =             1.04
  +subtask    1 nrn  =            19886766.      time =             1.04
  +subtask   26 nrn  =            19702255.      time =             1.05
  +subtask   21 nrn  =            19781600.      time =             1.05
  +subtask   13 nrn  =            19915210.      time =             1.06
  +subtask   30 nrn  =            20245627.      time =             1.06
  +subtask   24 nrn  =            20104238.      time =             1.06
  +subtask    5 nrn  =            20378999.      time =             1.06
  +subtask   20 nrn  =            20432670.      time =             1.06
  +subtask   12 nrn  =            20530685.      time =             1.06
  +subtask    9 nrn  =            20221110.      time =             1.06
  +subtask   15 nrn  =            20505803.      time =             1.07
  +subtask   16 nrn  =            20017033.      time =             1.07
  +subtask   22 nrn  =            20094714.      time =             1.07
  +subtask    7 nrn  =            20008785.      time =             1.07
  +subtask   29 nrn  =            20293443.      time =             1.07
 cycle    6 number of tasks   32 seed    2.1695494389090000E+12
  -subtask    0 seed =    2.1695494389090000E+12
  -subtask    1 seed =    2.4353862757513000E+13
  -subtask    2 seed =    5.3174992897829000E+13
  -subtask    3 seed =    2.5679061043310500E+14
  -subtask    4 seed =    4.1847939044813000E+13
  -subtask    5 seed =    6.9375919298137000E+13
  -subtask    6 seed =    7.3166501021109000E+13
  -subtask    7 seed =    7.7117699302561000E+13
  -subtask    8 seed =    3.8813756113117000E+13
  -subtask    9 seed =    2.4894293688617000E+13
  -subtask   10 seed =    4.2188916162885000E+13
  -subtask   11 seed =    2.5086355488241000E+13
  -subtask   12 seed =    1.6916249672522900E+14
  -subtask   13 seed =    3.5661967981817000E+13
  -subtask   14 seed =    2.0262447526958900E+14
  -subtask   15 seed =    1.9337330818668900E+14
  -subtask   16 seed =    1.6222732955391700E+14
  -subtask   17 seed =    4.1019765103049000E+13
  -subtask   18 seed =    2.0811601334666100E+14
  -subtask   19 seed =    3.5550034987921000E+13
  -subtask   20 seed =    1.1231516024845000E+13
  -subtask   21 seed =    2.6927796832860100E+14
  -subtask   22 seed =    1.2475352848843700E+14
  -subtask   23 seed =    1.5426151395324900E+14
  -subtask   24 seed =    1.3050968221263700E+14
  -subtask   25 seed =    9.7513789005850000E+12
  -subtask   26 seed =    1.6845365809541000E+13
  -subtask   27 seed =    2.3080623952619300E+14
  -subtask   28 seed =    1.4975056270212500E+14
  -subtask   29 seed =    6.9443612431929000E+13
  -subtask   30 seed =    1.5984477057384500E+14
  -subtask   31 seed =    2.5619225162227300E+14
  +subtask    0 nrn  =            20025345.      time =             1.06
  +subtask   18 nrn  =            19740405.      time =             1.05
  +subtask   25 nrn  =            19873302.      time =             1.06
  +subtask    3 nrn  =            20043763.      time =             1.07
  +subtask   10 nrn  =            19533278.      time =             1.06
  +subtask    6 nrn  =            19885206.      time =             1.06
  +subtask   17 nrn  =            20040900.      time =             1.07
  +subtask   29 nrn  =            19705698.      time =             1.06
  +subtask   14 nrn  =            19638963.      time =             1.06
  +subtask   27 nrn  =            19753160.      time =             1.06
  +subtask   22 nrn  =            19831761.      time =             1.05
  +subtask   26 nrn  =            19717880.      time =             1.06
  +subtask   23 nrn  =            19752247.      time =             1.05
  +subtask   20 nrn  =            19487642.      time =             1.03
  +subtask    2 nrn  =            19795447.      time =             1.05
  +subtask    4 nrn  =            19992264.      time =             1.06
  +subtask    8 nrn  =            20079225.      time =             1.07
  +subtask   28 nrn  =            19822587.      time =             1.06
  +subtask   19 nrn  =            19736887.      time =             1.07
  +subtask   16 nrn  =            20017468.      time =             1.07
  +subtask   21 nrn  =            20127385.      time =             1.07
  +subtask    9 nrn  =            20195013.      time =             1.07
  +subtask   11 nrn  =            20147553.      time =             1.07
  +subtask   13 nrn  =            20205491.      time =             1.07
  +subtask    5 nrn  =            20439469.      time =             1.07
  +subtask   31 nrn  =            20216575.      time =             1.07
  +subtask   24 nrn  =            20129262.      time =             1.07
  +subtask    1 nrn  =            20433066.      time =             1.07
  +subtask   30 nrn  =            20362393.      time =             1.07
  +subtask   12 nrn  =            20477435.      time =             1.07
  +subtask   15 nrn  =            20663825.      time =             1.07
  +subtask    7 nrn  =            20442931.      time =             1.09
 cycle    7 number of tasks   32 seed    6.7475564575805000E+13
  -subtask    0 seed =    6.7475564575805000E+13
  -subtask    1 seed =    1.8485665219149700E+14
  -subtask    2 seed =    1.9348059423734900E+14
  -subtask    3 seed =    2.8050932392417700E+14
  -subtask    4 seed =    6.8305576426061000E+13
  -subtask    5 seed =    2.6777545351394500E+14
  -subtask    6 seed =    7.1962933218869000E+13
  -subtask    7 seed =    1.4268779814377700E+14
  -subtask    8 seed =    2.0660498622396500E+14
  -subtask    9 seed =    1.4008387556036100E+14
  -subtask   10 seed =    1.0206557467077000E+13
  -subtask   11 seed =    2.1095437364747300E+14
  -subtask   12 seed =    1.2082200773997000E+13
  -subtask   13 seed =    2.4267277013797700E+14
  -subtask   14 seed =    2.5482328056405000E+13
  -subtask   15 seed =    3.3351404438410000E+12
  -subtask   16 seed =    2.6300279815846100E+14
  -subtask   17 seed =    1.5218738417773700E+14
  -subtask   18 seed =    1.6678436503139700E+14
  -subtask   19 seed =    7.3209276148241000E+13
  -subtask   20 seed =    3.3449190122637000E+13
  -subtask   21 seed =    2.0996874808373700E+14
  -subtask   22 seed =    2.6451964804568500E+14
  -subtask   23 seed =    2.6914867629424100E+14
  -subtask   24 seed =    6.1779016870813000E+13
  -subtask   25 seed =    2.0825287241341700E+14
  -subtask   26 seed =    2.3038475633510900E+14
  -subtask   27 seed =    2.6622178865451300E+14
  -subtask   28 seed =    1.1517165968375700E+14
  -subtask   29 seed =    2.3887448225977000E+13
  -subtask   30 seed =    5.5982814799509000E+13
  -subtask   31 seed =    1.5910754665523300E+14
  +subtask    0 nrn  =            20287513.      time =             1.07
  +subtask   18 nrn  =            20071829.      time =             1.06
  +subtask   25 nrn  =            20020525.      time =             1.06
  +subtask   21 nrn  =            19211732.      time =             1.01
  +subtask    3 nrn  =            19856101.      time =             1.05
  +subtask   10 nrn  =            20177542.      time =             1.06
  +subtask    6 nrn  =            19942009.      time =             1.07
  +subtask   17 nrn  =            20194582.      time =             1.07
  +subtask    9 nrn  =            20022221.      time =             1.05
  +subtask   29 nrn  =            19865405.      time =             1.06
  +subtask   13 nrn  =            19734431.      time =             1.04
  +subtask    7 nrn  =            20044977.      time =             1.06
  +subtask   14 nrn  =            19977714.      time =             1.06
  +subtask   27 nrn  =            19480680.      time =             1.03
  +subtask   22 nrn  =            19885275.      time =             1.05
  +subtask   11 nrn  =            19762063.      time =             1.04
  +subtask   12 nrn  =            19675682.      time =             1.04
  +subtask   26 nrn  =            19420639.      time =             1.04
  +subtask   19 nrn  =            19663285.      time =             1.04
  +subtask   15 nrn  =            20062126.      time =             1.05
  +subtask   20 nrn  =            19692872.      time =             1.04
  +subtask    2 nrn  =            19612521.      time =             1.04
  +subtask    1 nrn  =            19885001.      time =             1.05
  +subtask    4 nrn  =            19616957.      time =             1.04
  +subtask    8 nrn  =            19768352.      time =             1.05
  +subtask   16 nrn  =            20257958.      time =             1.07
  +subtask   24 nrn  =            19734323.      time =             1.05
  +subtask   28 nrn  =            19741193.      time =             1.05
  +subtask   30 nrn  =            20077388.      time =             1.06
  +subtask   31 nrn  =            19656827.      time =             1.04
  +subtask    5 nrn  =            20158579.      time =             1.07
  +subtask   23 nrn  =            20300521.      time =             1.07
 cycle    8 number of tasks   32 seed    1.9802829655058900E+14
  -subtask    0 seed =    1.9802829655058900E+14
  -subtask    1 seed =    8.9686183952777000E+13
  -subtask    2 seed =    2.2500950157110900E+14
  -subtask    3 seed =    1.7421314556347300E+14
  -subtask    4 seed =    1.7556964321658900E+14
  -subtask    5 seed =    6.9874259606361000E+13
  -subtask    6 seed =    4.8850771793589000E+13
  -subtask    7 seed =    7.6997813170250000E+12
  -subtask    8 seed =    9.2913537391069000E+13
  -subtask    9 seed =    2.6558117265156100E+14
  -subtask   10 seed =    2.7727481381445000E+13
  -subtask   11 seed =    2.5544832910001700E+14
  -subtask   12 seed =    1.8160595766321300E+14
  -subtask   13 seed =    1.4746863106508100E+14
  -subtask   14 seed =    8.6780496935637000E+13
  -subtask   15 seed =    1.6579658064620900E+14
  -subtask   16 seed =    1.3091868660914900E+14
  -subtask   17 seed =    6.5931229753033000E+13
  -subtask   18 seed =    2.2681133363619700E+14
  -subtask   19 seed =    1.0697524468340900E+14
  -subtask   20 seed =    8.2415443781901000E+13
  -subtask   21 seed =    1.8535938548034500E+14
  -subtask   22 seed =    1.5350971241205000E+13
  -subtask   23 seed =    1.0506617123145700E+14
  -subtask   24 seed =    2.7518218584681300E+14
  -subtask   25 seed =    2.9618816035689000E+13
  -subtask   26 seed =    1.1550564967693300E+14
  -subtask   27 seed =    1.7789673831480100E+14
  -subtask   28 seed =    2.0487497732407700E+14
  -subtask   29 seed =    1.1395750283551300E+14
  -subtask   30 seed =    1.0600386491982900E+14
  -subtask   31 seed =    2.6652065009676900E+14
  +subtask    0 nrn  =            20415068.      time =             1.06
  +subtask   18 nrn  =            19652809.      time =             1.04
  +subtask   25 nrn  =            19279574.      time =             1.02
  +subtask   21 nrn  =            20065130.      time =             1.05
  +subtask    3 nrn  =            19902530.      time =             1.05
  +subtask   10 nrn  =            19266844.      time =             1.01
  +subtask    6 nrn  =            20055971.      time =             1.05
  +subtask   17 nrn  =            18947512.      time =             1.01
  +subtask    9 nrn  =            19969150.      time =             1.05
  +subtask   29 nrn  =            19511413.      time =             1.03
  +subtask   13 nrn  =            19519772.      time =             1.03
  +subtask   14 nrn  =            19506886.      time =             1.03
  +subtask   27 nrn  =            19951754.      time =             1.05
  +subtask   22 nrn  =            19863997.      time =             1.05
  +subtask   11 nrn  =            19769914.      time =             1.04
  +subtask   12 nrn  =            19303839.      time =             1.02
  +subtask   26 nrn  =            19958406.      time =             1.05
  +subtask   19 nrn  =            19949517.      time =             1.05
  +subtask   15 nrn  =            20000239.      time =             1.06
  +subtask    5 nrn  =            19689363.      time =             1.03
  +subtask   23 nrn  =            19942919.      time =             1.05
  +subtask   20 nrn  =            19904171.      time =             1.05
  +subtask    2 nrn  =            20271821.      time =             1.05
  +subtask    1 nrn  =            19519437.      time =             1.03
  +subtask    4 nrn  =            19752655.      time =             1.04
  +subtask   24 nrn  =            19984779.      time =             1.04
  +subtask   28 nrn  =            19526972.      time =             1.02
  +subtask   30 nrn  =            20410505.      time =             1.06
  +subtask   31 nrn  =            19511137.      time =             1.03
  +subtask    8 nrn  =            20229932.      time =             1.06
  +subtask    7 nrn  =            20168462.      time =             1.06
  +subtask   16 nrn  =            20628644.      time =             1.06
 cycle    9 number of tasks   32 seed    4.4976075273533000E+13
  -subtask    0 seed =    4.4976075273533000E+13
  -subtask    1 seed =    2.6811083467785000E+13
  -subtask    2 seed =    2.5223553818026100E+14
  -subtask    3 seed =    9.8104415723050000E+12
  -subtask    4 seed =    5.7910645621581000E+13
  -subtask    5 seed =    1.3036862533081000E+13
  -subtask    6 seed =    6.3999004221237000E+13
  -subtask    7 seed =    1.1732074485968100E+14
  -subtask    8 seed =    9.1760114099805000E+13
  -subtask    9 seed =    3.5302762148009000E+13
  -subtask   10 seed =    9.9878958207685000E+13
  -subtask   11 seed =    2.5696693971595300E+14
  -subtask   12 seed =    1.2119408831242900E+14
  -subtask   13 seed =    2.7210634251583300E+14
  -subtask   14 seed =    2.1994517021166900E+14
  -subtask   15 seed =    6.0364880638913000E+13
  -subtask   16 seed =    1.5336406855974100E+14
  -subtask   17 seed =    1.0484582578505000E+13
  -subtask   18 seed =    1.2104722076080500E+14
  -subtask   19 seed =    1.7071162072449700E+14
  -subtask   20 seed =    1.2509644411226900E+14
  -subtask   21 seed =    1.5736463630105000E+13
  -subtask   22 seed =    2.2404471186930100E+14
  -subtask   23 seed =    2.0558966718960100E+14
  -subtask   24 seed =    1.9560803791785300E+14
  -subtask   25 seed =    2.2432320040292100E+14
  -subtask   26 seed =    1.4076455617285000E+13
  -subtask   27 seed =    5.4759537707185000E+13
  -subtask   28 seed =    2.2054218121233300E+14
  -subtask   29 seed =    2.5219650436537000E+13
  -subtask   30 seed =    4.9876291966869000E+13
  -subtask   31 seed =    1.6645438353177700E+14
  +subtask    0 nrn  =            20162202.      time =             1.08
  +subtask   18 nrn  =            19619859.      time =             1.04
  +subtask   25 nrn  =            19574655.      time =             1.04
  +subtask   21 nrn  =            19883511.      time =             1.05
  +subtask    3 nrn  =            20098602.      time =             1.06
  +subtask   10 nrn  =            19612742.      time =             1.04
  +subtask    6 nrn  =            19640050.      time =             1.04
  +subtask   17 nrn  =            19895504.      time =             1.06
  +subtask    9 nrn  =            19601198.      time =             1.04
  +subtask   29 nrn  =            19801843.      time =             1.06
  +subtask   13 nrn  =            19420805.      time =             1.03
  +subtask    7 nrn  =            19704623.      time =             1.06
  +subtask   14 nrn  =            20291018.      time =             1.07
  +subtask   27 nrn  =            19916563.      time =             1.06
  +subtask   22 nrn  =            19900118.      time =             1.06
  +subtask   11 nrn  =            20280333.      time =             1.07
  +subtask   12 nrn  =            19759201.      time =             1.05
  +subtask   26 nrn  =            19737414.      time =             1.05
  +subtask   19 nrn  =            19509250.      time =             1.04
  +subtask   15 nrn  =            19599698.      time =             1.04
  +subtask    5 nrn  =            19568367.      time =             1.05
  +subtask   23 nrn  =            19794454.      time =             1.06
  +subtask   20 nrn  =            19751182.      time =             1.05
  +subtask    2 nrn  =            19707547.      time =             1.05
  +subtask    1 nrn  =            19416221.      time =             1.03
  +subtask    4 nrn  =            19395869.      time =             1.03
  +subtask    8 nrn  =            19818796.      time =             1.06
  +subtask   16 nrn  =            19865257.      time =             1.06
  +subtask   28 nrn  =            20001867.      time =             1.06
  +subtask   30 nrn  =            19496245.      time =             1.04
  +subtask   31 nrn  =            19983407.      time =             1.06
  +subtask   24 nrn  =            20351878.      time =             1.08
 cycle   10 number of tasks   32 seed    2.5318871365676500E+14
  -subtask    0 seed =    2.5318871365676500E+14
  -subtask    1 seed =    1.1611884695309700E+14
  -subtask    2 seed =    4.9947884914981000E+13
  -subtask    3 seed =    1.6696143323502500E+14
  -subtask    4 seed =    1.5751529953070100E+14
  -subtask    5 seed =    5.4697949061209000E+13
  -subtask    6 seed =    1.8596173631685300E+14
  -subtask    7 seed =    1.7590061919401700E+14
  -subtask    8 seed =    1.0786046633238100E+14
  -subtask    9 seed =    1.1125825376541700E+14
  -subtask   10 seed =    1.9650644408813300E+14
  -subtask   11 seed =    8.7547235432433000E+13
  -subtask   12 seed =    4.9513345524461000E+13
  -subtask   13 seed =    2.9890714765049000E+13
  -subtask   14 seed =    1.3306814273429300E+14
  -subtask   15 seed =    1.2281867349459300E+14
  -subtask   16 seed =    2.5530096849919700E+14
  -subtask   17 seed =    2.1050284287450000E+12
  -subtask   18 seed =    2.5356661862757000E+13
  -subtask   19 seed =    9.4434615035281000E+13
  -subtask   20 seed =    1.5827321588583700E+14
  -subtask   21 seed =    4.3528155738521000E+13
  -subtask   22 seed =    2.5926066117938100E+14
  -subtask   23 seed =    7.2887553213130000E+12
  -subtask   24 seed =    4.9621737189661000E+13
  -subtask   25 seed =    1.6143921575536900E+14
  -subtask   26 seed =    4.4959339205509000E+13
  -subtask   27 seed =    1.2353863519211300E+14
  -subtask   28 seed =    3.2504888890669000E+13
  -subtask   29 seed =    2.1116515377976900E+14
  -subtask   30 seed =    1.9571474255893000E+13
  -subtask   31 seed =    1.1243520853770000E+12
  +subtask    0 nrn  =            19759865.      time =             1.04
  +subtask   25 nrn  =            19757718.      time =             1.04
  +subtask    3 nrn  =            18998020.      time =             1.00
  +subtask    6 nrn  =            19809994.      time =             1.04
  +subtask   29 nrn  =            19369495.      time =             1.01
  +subtask   13 nrn  =            19454732.      time =             1.03
  +subtask   26 nrn  =            19572485.      time =             1.04
  +subtask    5 nrn  =            19565700.      time =             1.04
  +subtask   23 nrn  =            19894928.      time =             1.04
  +subtask   20 nrn  =            19323203.      time =             1.01
  +subtask    4 nrn  =            19727302.      time =             1.04
  +subtask   16 nrn  =            19652531.      time =             1.04
  +subtask   28 nrn  =            19623958.      time =             1.04
  +subtask   31 nrn  =            19531073.      time =             1.04
  +subtask   30 nrn  =            19809549.      time =             1.04
  +subtask   14 nrn  =            19828736.      time =             1.04
  +subtask   19 nrn  =            19777560.      time =             1.04
  +subtask    9 nrn  =            19983730.      time =             1.04
  +subtask   18 nrn  =            19822137.      time =             1.04
  +subtask   21 nrn  =            20230528.      time =             1.06
  +subtask   11 nrn  =            20094515.      time =             1.06
  +subtask   15 nrn  =            20134176.      time =             1.06
  +subtask   12 nrn  =            20355742.      time =             1.06
  +subtask   10 nrn  =            20053694.      time =             1.06
  +subtask    1 nrn  =            20324239.      time =             1.06
  +subtask   24 nrn  =            20175952.      time =             1.06
  +subtask    2 nrn  =            20409405.      time =             1.07
  +subtask    7 nrn  =            20158234.      time =             1.07
  +subtask   17 nrn  =            20601298.      time =             1.07
  +subtask    8 nrn  =            20297968.      time =             1.07
  +subtask   22 nrn  =            20272986.      time =             1.07
  +subtask   27 nrn  =            20720765.      time =             1.07
1************************************************************************************
 *                                                                                  *
 * AL dose with L2-CPE V1.1 environment                                             *
 *                                                                                  *
 ************************************************************************************
 THE PROBLEM IS  100  PERCENT COMPLETE.  AVERAGE TIME PER BATCH IS        1.052
 THE INITIAL RANDOM NUMBER SEED OF THIS CYCLE         2.5318871365676500E+14
 THE INITIAL RANDOM NUMBER SEED OF THIS BATCH         1.2353863519211300E+14
 THE INITIAL RANDOM NUMBER SEED FOR THE NEXT BATCH    2.7573762924089300E+14
 NUMBER OF RANDOM NUMBERS GENERATED IN THIS BATCH     2.0720765000000000E+07
 CUMULATED NUMBER OF RANDOM NUMBERS GENERATED         6.3701753960000000E+09

 AVERAGE SOURCE ENERGY = 4.8104E+00  0 MEV
 ------------  HISTORY  ------------
  PRIM       =                320000
  SEC        =               8140913
  KNOCK      =               7961809
  P E        =                 99659
  PAIR       =                   198
  COM        =                 79247
  AUGER      =                     0
  BREM       =                371768
  RAD        =                833419
  XRAY       =               1330066
  REJ. LAND  =               2608285
  REJ. PEAL  =                     1
  PRIM STEPS =              19240136
  SEC  STEPS =              89299638
  NBLK       =                436716
  INCOH. SCAT=                127584
  COH. SCAT  =                 24795
0                            ENERGY (MEV)      AVE ENERGY (MEV)     NUMBER/PRIMARY     NUMBER GENERATED
 FIRST KNOCK (ABOVE TCUT)     1.0380E+00          4.8150E-02          2.1558E+01              6898606
 TOTAL KNOCK (ABOVE TCUT)     1.1196E+00          4.5000E-02          2.4881E+01              7961809
 PHOTO-ELECTRON               1.7405E-02          3.5056E-03          4.9648E+00              1588724
 PAIR                         7.5722E-04          1.2238E+00          6.1875E-04                  198
 COMPTON                      3.6284E-02          9.1005E-02          3.9870E-01               127584
 AUGER                        1.2406E-01          1.4051E-03          8.8295E+01             28254307
 FIRST BREMSSTRAHLUNG         1.9416E-01          9.3005E-02          2.0876E+00               668041
 TOTAL BREMSSTRAHLUNG         1.9751E-01          7.5880E-02          2.6029E+00               832929
 X-RAY(P-IONIZATION)          4.4039E-05          1.4830E-03          2.9697E-02                 9503
 X-RAY(E-IONIZATION)          6.1204E-03          1.4831E-03          4.1268E+00              1320563
 ANNIHILATION QUANTA          3.0020E-04          5.1098E-01          5.8750E-04                  188


 NUMBER AND ENERGY (MEV PER SOURCE PARTICLE) OF SOURCE PARTICLES REJECTED FOR BEING BELOW THE GLOBAL CUTOFF
                    0      0.00000E+00 99


 ELECTRON IMPACT IONIZATIONS              K SHELL        L1 SHELL        L2 SHELL        L3 SHELL         M SHELL         N SHELL
                      COUNTS             29374218               0               0               0               0               0
          NUMBER PER PRIMARY        9.1794E+01  0   0.0000E+00 99   0.0000E+00 99   0.0000E+00 99   0.0000E+00 99   0.0000E+00 99


 PHOTOELECTRIC IONIZATIONS                K SHELL        L1 SHELL        L2 SHELL        L3 SHELL         M SHELL         N SHELL
                      COUNTS               210155         1378569               0               0               0               0
          NUMBER PER PRIMARY        6.5673E-01  0   4.3080E+00  0   0.0000E+00 99   0.0000E+00 99   0.0000E+00 99   0.0000E+00 99
1
0NUMBER ESCAPE FRACTIONS --- ELECTRON AND PHOTON GENERATED SECONDARY ELECTRONS, ANNIHILATION RADIATION, X-RAYS
                                      THROUGH MAXIMUM-Z SURFACE
         E-SEC         P-SEC         ANNIH
   1.56E-05 44   6.44E-04  7   1.63E-04 14
 X-RAYS FROM MATERIAL NO. 1, X-RAYS FROM MATERIAL NO. 2, ETC.
   0.00E+00 99   0.00E+00 99
                                      THROUGH MINIMUM-Z SURFACE
         E-SEC         P-SEC         ANNIH
   3.16E-02  1   3.34E-04  9   1.75E-04 13
 X-RAYS FROM MATERIAL NO. 1, X-RAYS FROM MATERIAL NO. 2, ETC.
   1.98E-03  4   0.00E+00 99
 
0                                  NUMBER AND ENERGY ESCAPE FRACTIONS
                                      THROUGH MAXIMUM-Z SURFACE
0      --------------- ELECTRON ---------------      ---------------- PHOTON ----------------
       NUMBER      ENERGY                COUNTS      NUMBER      ENERGY                COUNTS
   9.03E-04  6 1.67E-04  8                  289  2.14E-01  0 2.44E-02  1                68489
 
                                      THROUGH MINIMUM-Z SURFACE
0      --------------- ELECTRON ---------------      ---------------- PHOTON ----------------
       NUMBER      ENERGY                COUNTS      NUMBER      ENERGY                COUNTS
   1.92E-01  0 7.81E-02  0                61420  1.40E-01  0 6.21E-03  1                44710
 
 ENERGY ESCAPE FRACTION BELOW CUTOFF = 8.2169E-07  7
 NET CHARGE ESCAPE FRACTION BELOW CUTOFF = 8.7500E-04  6
 NET CHARGE ESCAPE FRACTION ABOVE CUTOFF = 1.9281E-01  0
 ENERGY OF CUTOFF PHOTONS ASSUMED TO HAVE ESCAPED = 0.0000E+00 99
 
1         BOUNDARY CURRENTS (NUMBER AND ENERGY FRACTIONS) FOR EACH LAYER
                   ***** ONLY AT MATERIAL DISCONTINUITIES *****

                          TRANSMISSION                   REFLECTION
     LAYER           NUMBER        ENERGY           NUMBER        ENERGY
        1          9.094E-04  6  1.667E-04  8     1.928E-01  0  7.811E-02  0
 
1                                                   ENERGY DEPOSITION
                                           (NORMALIZED TO ONE SOURCE PARTICLE)
                              DEPTH REGION                           (MEV-CM2/G-SOURCE PARTICLE)
 SZONE MAT.           (Z/R)                    (G/CM2)                     PRIM           E-SEC           P-SEC           TOTAL

     1   1   0.0000E+00 - 1.8421E-02   0.0000E+00 - 1.0800E-01       3.5877E+00  0  -1.0204E-01  3  -9.2157E-02  0   3.3935E+00  0
     2   1   1.8421E-02 - 3.6842E-02   1.0800E-01 - 2.1600E-01       3.3087E+00  0   2.8926E-02  9  -8.4677E-02  0   3.2530E+00  0
     3   1   3.6842E-02 - 5.5263E-02   2.1600E-01 - 3.2400E-01       3.1022E+00  0   6.1988E-02  4  -7.8353E-02  0   3.0858E+00  0
     4   1   5.5263E-02 - 7.3684E-02   3.2400E-01 - 4.3200E-01       2.9180E+00  0   8.0526E-02  3  -7.2645E-02  0   2.9259E+00  0
     5   1   7.3684E-02 - 9.2105E-02   4.3200E-01 - 5.4000E-01       2.7256E+00  0   8.3874E-02  3  -6.6917E-02  0   2.7425E+00  0
     6   1   9.2105E-02 - 1.1053E-01   5.4000E-01 - 6.4800E-01       2.5402E+00  0   8.7990E-02  2  -6.1436E-02  0   2.5668E+00  0
     7   1   1.1053E-01 - 1.2895E-01   6.4800E-01 - 7.5600E-01       2.3445E+00  0   7.8550E-02  3  -5.5701E-02  1   2.3674E+00  0
     8   1   1.2895E-01 - 1.4737E-01   7.5600E-01 - 8.6400E-01       2.1537E+00  0   7.5417E-02  2  -4.9689E-02  1   2.1794E+00  0
     9   1   1.4737E-01 - 1.6579E-01   8.6400E-01 - 9.7200E-01       1.9594E+00  0   6.9910E-02  3  -4.4627E-02  1   1.9847E+00  0
    10   1   1.6579E-01 - 1.8421E-01   9.7200E-01 - 1.0800E+00       1.7592E+00  0   6.1402E-02  3  -3.8363E-02  1   1.7822E+00  0
    11   1   1.8421E-01 - 2.0263E-01   1.0800E+00 - 1.1880E+00       1.5631E+00  0   5.4779E-02  3  -3.2797E-02  1   1.5851E+00  0
    12   1   2.0263E-01 - 2.2105E-01   1.1880E+00 - 1.2960E+00       1.3795E+00  0   4.9439E-02  3  -2.7131E-02  1   1.4018E+00  0
    13   1   2.2105E-01 - 2.3947E-01   1.2960E+00 - 1.4040E+00       1.2217E+00  0   4.5023E-02  3  -2.2996E-02  1   1.2437E+00  0
    14   1   2.3947E-01 - 2.5790E-01   1.4040E+00 - 1.5120E+00       1.0754E+00  0   4.2387E-02  3  -1.9491E-02  2   1.0983E+00  0
    15   1   2.5790E-01 - 2.7632E-01   1.5120E+00 - 1.6200E+00       9.5016E-01  0   3.4620E-02  4  -1.5948E-02  2   9.6883E-01  0
    16   1   2.7632E-01 - 2.9474E-01   1.6200E+00 - 1.7280E+00       8.2885E-01  0   3.1936E-02  4  -1.2778E-02  3   8.4801E-01  0
    17   1   2.9474E-01 - 3.1316E-01   1.7280E+00 - 1.8360E+00       7.3721E-01  0   2.8283E-02  4  -1.0693E-02  3   7.5480E-01  0
    18   1   3.1316E-01 - 3.3158E-01   1.8360E+00 - 1.9440E+00       6.5176E-01  0   2.4082E-02  4  -8.3413E-03  3   6.6750E-01  0
    19   1   3.3158E-01 - 3.5000E-01   1.9440E+00 - 2.0520E+00       5.7426E-01  1   1.8843E-02  5  -6.6923E-03  4   5.8641E-01  1
    20   1   3.5000E-01 - 3.6842E-01   2.0520E+00 - 2.1600E+00       5.1098E-01  1   1.9169E-02  4  -4.9359E-03  6   5.2521E-01  1
    21   1   3.6842E-01 - 3.8684E-01   2.1600E+00 - 2.2680E+00       4.5905E-01  1   1.7450E-02  4  -3.6303E-03  8   4.7287E-01  1
    22   1   3.8684E-01 - 4.0526E-01   2.2680E+00 - 2.3760E+00       4.0330E-01  1   1.5553E-02  5  -2.2040E-03 13   4.1665E-01  1
    23   1   4.0526E-01 - 4.2369E-01   2.3760E+00 - 2.4840E+00       3.5832E-01  1   1.2395E-02  5  -1.3788E-03 18   3.6933E-01  1
    24   1   4.2369E-01 - 4.4211E-01   2.4840E+00 - 2.5920E+00       3.1376E-01  1   1.2374E-02  5   2.3457E-04 99   3.2636E-01  1
    25   1   4.4211E-01 - 4.6053E-01   2.5920E+00 - 2.7000E+00       2.7950E-01  1   1.0806E-02  6   1.1396E-03 27   2.9144E-01  1
    26   1   4.6053E-01 - 4.7895E-01   2.7000E+00 - 2.8080E+00       2.4424E-01  1   8.1434E-03  7   1.6290E-03 17   2.5401E-01  1
    27   1   4.7895E-01 - 4.9737E-01   2.8080E+00 - 2.9160E+00       2.1063E-01  1   8.0059E-03  6   3.0563E-03 10   2.2169E-01  1
    28   1   4.9737E-01 - 5.1579E-01   2.9160E+00 - 3.0240E+00       1.8522E-01  1   6.5858E-03  7   3.5798E-03  9   1.9539E-01  1
    29   1   5.1579E-01 - 5.3421E-01   3.0240E+00 - 3.1320E+00       1.6338E-01  1   5.5979E-03  8   3.6396E-03  8   1.7262E-01  1
    30   1   5.3421E-01 - 5.5263E-01   3.1320E+00 - 3.2400E+00       1.3922E-01  1   5.5879E-03  7   4.0282E-03  7   1.4884E-01  1
    31   1   5.5263E-01 - 5.7105E-01   3.2400E+00 - 3.3480E+00       1.2184E-01  1   3.9791E-03  9   4.6134E-03  6   1.3043E-01  1
    32   1   5.7105E-01 - 5.8947E-01   3.3480E+00 - 3.4560E+00       1.0658E-01  1   4.1278E-03  8   4.6677E-03  6   1.1538E-01  1
    33   1   5.8947E-01 - 6.0790E-01   3.4560E+00 - 3.5640E+00       8.8770E-02  1   3.6468E-03  8   4.9038E-03  6   9.7320E-02  1
    34   1   6.0790E-01 - 6.2632E-01   3.5640E+00 - 3.6720E+00       7.6160E-02  2   2.7396E-03 10   5.1546E-03  5   8.4055E-02  1
    35   1   6.2632E-01 - 6.4474E-01   3.6720E+00 - 3.7800E+00       6.3774E-02  2   2.3757E-03 10   5.0976E-03  5   7.1247E-02  2
    36   1   6.4474E-01 - 6.6316E-01   3.7800E+00 - 3.8880E+00       5.3193E-02  2   1.5624E-03 13   5.4741E-03  5   6.0229E-02  2
    37   1   6.6316E-01 - 6.8158E-01   3.8880E+00 - 3.9960E+00       4.4754E-02  2   2.0163E-03  9   5.7806E-03  5   5.2551E-02  2
    38   1   6.8158E-01 - 7.0000E-01   3.9960E+00 - 4.1040E+00       3.6399E-02  2   1.3050E-03 13   6.0129E-03  4   4.3717E-02  2
    39   1   7.0000E-01 - 7.1842E-01   4.1040E+00 - 4.2120E+00       3.0340E-02  2   1.2905E-03 13   5.8325E-03  4   3.7463E-02  2
    40   1   7.1842E-01 - 7.3684E-01   4.2120E+00 - 4.3200E+00       2.4272E-02  3   9.8186E-04 12   5.5415E-03  4   3.0796E-02  2
    41   1   7.3684E-01 - 7.5526E-01   4.3200E+00 - 4.4280E+00       1.9578E-02  3   7.4997E-04 16   5.4499E-03  4   2.5778E-02  2
    42   1   7.5526E-01 - 7.7369E-01   4.4280E+00 - 4.5360E+00       1.5324E-02  3   7.2092E-04 16   5.6131E-03  4   2.1658E-02  3
    43   1   7.7369E-01 - 7.9211E-01   4.5360E+00 - 4.6440E+00       1.2244E-02  4   5.2559E-04 16   5.6375E-03  4   1.8407E-02  3
    44   1   7.9211E-01 - 8.1053E-01   4.6440E+00 - 4.7520E+00       9.0586E-03  4   5.2496E-04 13   5.9255E-03  4   1.5509E-02  3
    45   1   8.1053E-01 - 8.2895E-01   4.7520E+00 - 4.8600E+00       6.6018E-03  5   3.7915E-04 12   6.0981E-03  4   1.3079E-02  3
    46   1   8.2895E-01 - 8.4737E-01   4.8600E+00 - 4.9680E+00       4.9295E-03  6   3.6387E-04 10   5.6328E-03  4   1.0926E-02  3
    47   1   8.4737E-01 - 8.6579E-01   4.9680E+00 - 5.0760E+00       3.7111E-03  6   2.0417E-04 19   5.3627E-03  4   9.2779E-03  3
    48   1   8.6579E-01 - 8.8421E-01   5.0760E+00 - 5.1840E+00       2.7009E-03  7   2.2550E-04 19   5.3713E-03  5   8.2977E-03  4
    49   1   8.8421E-01 - 9.0263E-01   5.1840E+00 - 5.2920E+00       1.8020E-03  9   1.2174E-04 36   5.1722E-03  4   7.0959E-03  4
    50   1   9.0263E-01 - 9.2105E-01   5.2920E+00 - 5.4000E+00       9.6456E-04 11   1.6732E-04 13   4.4215E-03  4   5.5533E-03  4

                                                     TOTAL(MEV)      4.2522E+00  0   1.0861E-01  0  -7.4359E-02  0   4.2864E+00  0

1
                                                    CHARGE DEPOSITION
                                           (NORMALIZED TO ONE SOURCE PARTICLE)
                              DEPTH REGION                           (ELECTRONS-CM2/G-SOURCE PARTICLE)
 SZONE MAT.           (Z/R)                    (G/CM2)                     PRIM           E-SEC           P-SEC           TOTAL

     1   1   0.0000E+00 - 1.8421E-02   0.0000E+00 - 1.0800E-01       1.3709E-01  1  -4.2023E-01  1  -1.4757E-03 27  -2.8461E-01  2
     2   1   1.8421E-02 - 3.6842E-02   1.0800E-01 - 2.1600E-01       2.3064E-01  1  -6.8866E-02  7  -1.7072E-03 29   1.6007E-01  4
     3   1   3.6842E-02 - 5.5263E-02   2.1600E-01 - 3.2400E-01       2.9806E-01  1  -2.8328E-02 19  -2.8935E-05 99   2.6970E-01  2
     4   1   5.5263E-02 - 7.3684E-02   3.2400E-01 - 4.3200E-01       3.5567E-01  1   7.2338E-04 99  -1.1285E-03 48   3.5527E-01  2
     5   1   7.3684E-02 - 9.2105E-02   4.3200E-01 - 5.4000E-01       3.9172E-01  1   4.8900E-03 88  -6.6551E-04 80   3.9595E-01  1
     6   1   9.2105E-02 - 1.1053E-01   5.4000E-01 - 6.4800E-01       4.3837E-01  1   1.9213E-02 22   4.9190E-04 99   4.5807E-01  1
     7   1   1.1053E-01 - 1.2895E-01   6.4800E-01 - 7.5600E-01       4.6580E-01  1   1.0041E-02 44  -1.0127E-03 57   4.7483E-01  1
     8   1   1.2895E-01 - 1.4737E-01   7.5600E-01 - 8.6400E-01       4.8122E-01  1   1.6782E-02 25   1.4468E-04 99   4.9815E-01  1
     9   1   1.4737E-01 - 1.6579E-01   8.6400E-01 - 9.7200E-01       4.9051E-01  1   2.1412E-02 17  -8.1019E-04 77   5.1111E-01  1
    10   1   1.6579E-01 - 1.8421E-01   9.7200E-01 - 1.0800E+00       4.7705E-01  1   1.3744E-02 26  -2.6042E-04 99   4.9054E-01  1
    11   1   1.8421E-01 - 2.0263E-01   1.0800E+00 - 1.1880E+00       4.4800E-01  1   1.1603E-02 29  -8.3912E-04 73   4.5877E-01  1
    12   1   2.0263E-01 - 2.2105E-01   1.1880E+00 - 1.2960E+00       4.0992E-01  1   1.2500E-02 27   1.7361E-04 99   4.2260E-01  1
    13   1   2.2105E-01 - 2.3947E-01   1.2960E+00 - 1.4040E+00       3.7242E-01  1   1.4410E-02 21   5.2083E-04 99   3.8736E-01  1
    14   1   2.3947E-01 - 2.5790E-01   1.4040E+00 - 1.5120E+00       3.2416E-01  1   1.1372E-02 25  -6.0764E-04 99   3.3492E-01  1
    15   1   2.5790E-01 - 2.7632E-01   1.5120E+00 - 1.6200E+00       2.8299E-01  1   1.1256E-02 24  -2.8935E-05 99   2.9421E-01  1
    16   1   2.7632E-01 - 2.9474E-01   1.6200E+00 - 1.7280E+00       2.4624E-01  1   6.0764E-03 44  -7.2338E-04 82   2.5159E-01  1
    17   1   2.9474E-01 - 3.1316E-01   1.7280E+00 - 1.8360E+00       2.1849E-01  1   1.0822E-02 22  -2.0255E-04 99   2.2911E-01  2
    18   1   3.1316E-01 - 3.3158E-01   1.8360E+00 - 1.9440E+00       1.9439E-01  1   5.4109E-03 42   3.7616E-04 99   2.0017E-01  2
    19   1   3.3158E-01 - 3.5000E-01   1.9440E+00 - 2.0520E+00       1.7130E-01  1   3.0671E-03 75  -6.6551E-04 87   1.7370E-01  2
    20   1   3.5000E-01 - 3.6842E-01   2.0520E+00 - 2.1600E+00       1.5179E-01  1   5.0926E-03 39   2.3148E-04 99   1.5712E-01  2
    21   1   3.6842E-01 - 3.8684E-01   2.1600E+00 - 2.2680E+00       1.4210E-01  1   5.2662E-03 35   0.0000E+00 99   1.4737E-01  2
    22   1   3.8684E-01 - 4.0526E-01   2.2680E+00 - 2.3760E+00       1.2248E-01  2   5.5556E-03 32   8.1019E-04 70   1.2885E-01  2
    23   1   4.0526E-01 - 4.2369E-01   2.3760E+00 - 2.4840E+00       1.1195E-01  2   1.4468E-03 99  -3.4722E-04 99   1.1305E-01  2
    24   1   4.2369E-01 - 4.4211E-01   2.4840E+00 - 2.5920E+00       9.8987E-02  2   4.8900E-03 31   3.1829E-04 99   1.0420E-01  2
    25   1   4.4211E-01 - 4.6053E-01   2.5920E+00 - 2.7000E+00       9.0799E-02  2   2.7778E-03 52  -2.3148E-04 99   9.3345E-02  2
    26   1   4.6053E-01 - 4.7895E-01   2.7000E+00 - 2.8080E+00       8.1105E-02  2   2.8067E-03 52  -5.2083E-04 99   8.3391E-02  3
    27   1   4.7895E-01 - 4.9737E-01   2.8080E+00 - 2.9160E+00       6.7679E-02  2   2.8067E-03 44   2.8935E-05 99   7.0515E-02  3
    28   1   4.9737E-01 - 5.1579E-01   2.9160E+00 - 3.0240E+00       6.2095E-02  2   2.8067E-03 42  -2.8935E-05 99   6.4873E-02  3
    29   1   5.1579E-01 - 5.3421E-01   3.0240E+00 - 3.1320E+00       5.8536E-02  2   4.3403E-04 99   4.6296E-04 99   5.9433E-02  3
    30   1   5.3421E-01 - 5.5263E-01   3.1320E+00 - 3.2400E+00       4.7512E-02  3   2.3148E-03 45  -2.8935E-05 99   4.9797E-02  3
    31   1   5.5263E-01 - 5.7105E-01   3.2400E+00 - 3.3480E+00       4.5284E-02  2  -2.6042E-04 99   2.6042E-04 99   4.5284E-02  4
    32   1   5.7105E-01 - 5.8947E-01   3.3480E+00 - 3.4560E+00       3.8281E-02  3   7.2338E-04 99  -6.0764E-04 75   3.8397E-02  4
    33   1   5.8947E-01 - 6.0790E-01   3.4560E+00 - 3.5640E+00       3.5503E-02  3   2.4884E-03 33   3.4722E-04 99   3.8339E-02  4
    34   1   6.0790E-01 - 6.2632E-01   3.5640E+00 - 3.6720E+00       3.1308E-02  3   2.6042E-04 99   3.7616E-04 99   3.1944E-02  4
    35   1   6.2632E-01 - 6.4474E-01   3.6720E+00 - 3.7800E+00       2.6157E-02  3   1.3600E-03 52  -1.4468E-04 99   2.7373E-02  5
    36   1   6.4474E-01 - 6.6316E-01   3.7800E+00 - 3.8880E+00       2.2251E-02  3  -2.8935E-04 99  -1.7361E-04 99   2.1788E-02  5
    37   1   6.6316E-01 - 6.8158E-01   3.8880E+00 - 3.9960E+00       2.0110E-02  4   2.8935E-04 99  -3.7616E-04 99   2.0023E-02  5
    38   1   6.8158E-01 - 7.0000E-01   3.9960E+00 - 4.1040E+00       1.5654E-02  4   9.8380E-04 53   6.6551E-04 78   1.7303E-02  6
    39   1   7.0000E-01 - 7.1842E-01   4.1040E+00 - 4.2120E+00       1.5162E-02  4  -2.8935E-05 99   8.6806E-05 99   1.5220E-02  6
    40   1   7.1842E-01 - 7.3684E-01   4.2120E+00 - 4.3200E+00       1.2297E-02  5   4.9190E-04 79  -5.7870E-05 99   1.2731E-02  6
    41   1   7.3684E-01 - 7.5526E-01   4.3200E+00 - 4.4280E+00       1.0446E-02  5   6.3657E-04 58   2.0255E-04 99   1.1285E-02  7
    42   1   7.5526E-01 - 7.7369E-01   4.4280E+00 - 4.5360E+00       7.9861E-03  6   1.1574E-04 99  -3.7616E-04 99   7.7257E-03 10
    43   1   7.7369E-01 - 7.9211E-01   4.5360E+00 - 4.6440E+00       6.9734E-03  6   1.1574E-04 99  -2.8935E-05 99   7.0602E-03 10
    44   1   7.9211E-01 - 8.1053E-01   4.6440E+00 - 4.7520E+00       5.2951E-03  8  -2.8935E-05 99  -8.6806E-05 99   5.1794E-03 14
    45   1   8.1053E-01 - 8.2895E-01   4.7520E+00 - 4.8600E+00       3.9641E-03  9   2.3148E-04 99   4.0509E-04 99   4.6007E-03 15
    46   1   8.2895E-01 - 8.4737E-01   4.8600E+00 - 4.9680E+00       3.0961E-03 10   1.7361E-04 99   1.4468E-04 99   3.4144E-03 18
    47   1   8.4737E-01 - 8.6579E-01   4.9680E+00 - 5.0760E+00       2.3727E-03 11   8.6806E-05 99   2.6042E-04 99   2.7199E-03 20
    48   1   8.6579E-01 - 8.8421E-01   5.0760E+00 - 5.1840E+00       1.9676E-03 11  -2.0255E-04 89  -1.0706E-03 45   6.9444E-04 80
    49   1   8.8421E-01 - 9.0263E-01   5.1840E+00 - 5.2920E+00       1.5625E-03 14   8.6806E-05 99   1.1574E-04 99   1.7650E-03 30
    50   1   9.0263E-01 - 9.2105E-01   5.2920E+00 - 5.4000E+00       7.2338E-04 21  -2.8935E-05 99  -1.0995E-03 38  -4.0509E-04 99

                                                         TOTAL       8.3975E-01  0  -3.2475E-02  1  -9.6250E-04  6   8.0632E-01  0
 
0 THE ENERGY CONSERVATION FRACTION IS      9.9999839E-01  0
0 THE CHARGE CONSERVATION FRACTION IS      1.0000000E+00  0

 THE NUMBER OF DATA FOR WHICH STATISTICAL ESTIMATES HAVE BEEN PROVIDED IS          518 FROM AN ALLOCATION OF          518
 A wall-clock timer was used.
                        Startup time (s) =             0.00
              Allocation sizing time (s) =             0.00
               Input processing time (s) =             0.05
           Batch initialization time (s) =             0.00
              Output processing time (s) =             0.04
              Monte Carlo cycle time (s) =            10.75
            Longest Monte Carlo time (s) =             1.09
              Elapsed execution time (s) =            10.84
         Cumulative Monte Carlo time (s) =           336.52
      Average Monte Carlo batch time (s) =             1.05
    Average Monte Carlo history time (s) =    1.052E-03
