\BOOKMARK [1][-]{section.1}{Executive Summary}{}% 1
\BOOKMARK [1][-]{section.2}{Mission Trajectory}{}% 2
\BOOKMARK [1][-]{section.3}{Materials}{}% 3
\BOOKMARK [1][-]{section.4}{Dose-Depth in Kapton}{}% 4
\BOOKMARK [2][-]{subsection.4.1}{Protons}{section.4}% 5
\BOOKMARK [2][-]{subsection.4.2}{Electrons}{section.4}% 6
\BOOKMARK [1][-]{section.5}{Natural Environments}{}% 7
\BOOKMARK [2][-]{subsection.5.1}{Solar Particle Events}{section.5}% 8
\BOOKMARK [2][-]{subsection.5.2}{Low-Energy Solar Wind}{section.5}% 9
\BOOKMARK [1][-]{section.6}{Total Ionizing Dose}{}% 10
\BOOKMARK [2][-]{subsection.6.1}{Solar Particle Events}{section.6}% 11
\BOOKMARK [3][-]{subsubsection.6.1.1}{Total Ionizing Dose vs. Material Depth}{subsection.6.1}% 12
\BOOKMARK [3][-]{subsubsection.6.1.2}{Total Ionizing Dose vs. Proton Energy}{subsection.6.1}% 13
\BOOKMARK [2][-]{subsection.6.2}{Low-Energy Solar Wind}{section.6}% 14
\BOOKMARK [3][-]{subsubsection.6.2.1}{Total Ionizing Dose vs. Material Depth}{subsection.6.2}% 15
\BOOKMARK [3][-]{subsubsection.6.2.2}{Total Ionizing Dose vs. Proton Energy}{subsection.6.2}% 16
\BOOKMARK [1][-]{section.7}{Results}{}% 17
\BOOKMARK [1][-]{section*.15}{References}{}% 18
\BOOKMARK [1][-]{appendix.A}{Dose Percentile-Depth vs. Energy Parameters Fits}{}% 19
\BOOKMARK [1][-]{appendix.B}{Raw L2-CPE output of the Interplanetary Proton Environment}{}% 20
