This is pdfTeX, Version 3.14159265-2.6-1.40.21 (MiKTeX 2.9.7300 64-bit) (preloaded format=pdflatex 2020.3.17)  7 JUN 2021 19:55
entering extended mode
**./SolarCruiserTID_11months-DeStefano.tex
(SolarCruiserTID_11months-DeStefano.tex
LaTeX2e <2020-02-02> patch level 5
L3 programming layer <2020-03-03>
("C:\Users\adestefa\AppData\Local\Programs\MiKTeX 2.9\tex/latex/hitec\hitec.cls
"
Document Class: hitec 2001/08/22 v0.0(beta) Hi-tec style document class
("C:\Users\adestefa\AppData\Local\Programs\MiKTeX 2.9\tex/latex/base\size10.clo
"
File: size10.clo 2019/12/20 v1.4l Standard LaTeX file (size option)
)
\leftmarginwidth=\dimen134
\fullwidth=\dimen135
\emptyfoottopmargin=\dimen136
\emptyheadtopmargin=\dimen137
\c@part=\count167
\c@section=\count168
\c@subsection=\count169
\c@subsubsection=\count170
\c@paragraph=\count171
\c@subparagraph=\count172
\c@figure=\count173
\c@table=\count174
\abovecaptionskip=\skip47
\belowcaptionskip=\skip48
\bibindent=\dimen138
)
("C:\Users\adestefa\AppData\Local\Programs\MiKTeX 2.9\tex/latex/graphics\graphi
cx.sty"
Package: graphicx 2019/11/30 v1.2a Enhanced LaTeX Graphics (DPC,SPQR)

("C:\Users\adestefa\AppData\Local\Programs\MiKTeX 2.9\tex/latex/graphics\keyval
.sty"
Package: keyval 2014/10/28 v1.15 key=value parser (DPC)
\KV@toks@=\toks15
)
("C:\Users\adestefa\AppData\Local\Programs\MiKTeX 2.9\tex/latex/graphics\graphi
cs.sty"
Package: graphics 2019/11/30 v1.4a Standard LaTeX Graphics (DPC,SPQR)

("C:\Users\adestefa\AppData\Local\Programs\MiKTeX 2.9\tex/latex/graphics\trig.s
ty"
Package: trig 2016/01/03 v1.10 sin cos tan (DPC)
)
("C:\Users\adestefa\AppData\Local\Programs\MiKTeX 2.9\tex/latex/graphics-cfg\gr
aphics.cfg"
File: graphics.cfg 2016/06/04 v1.11 sample graphics configuration
)
Package graphics Info: Driver file: pdftex.def on input line 105.

("C:\Users\adestefa\AppData\Local\Programs\MiKTeX 2.9\tex/latex/graphics-def\pd
ftex.def"
File: pdftex.def 2018/01/08 v1.0l Graphics/color driver for pdftex
))
\Gin@req@height=\dimen139
\Gin@req@width=\dimen140
)
("C:\Users\adestefa\AppData\Local\Programs\MiKTeX 2.9\tex/latex/graphics\lscape
.sty"
Package: lscape 2000/10/22 v3.01 Landscape Pages (DPC)
)
("C:\Users\adestefa\AppData\Local\Programs\MiKTeX 2.9\tex/latex/tools\longtable
.sty"
Package: longtable 2020/01/07 v4.13 Multi-page Table package (DPC)
\LTleft=\skip49
\LTright=\skip50
\LTpre=\skip51
\LTpost=\skip52
\LTchunksize=\count175
\LTcapwidth=\dimen141
\LT@head=\box45
\LT@firsthead=\box46
\LT@foot=\box47
\LT@lastfoot=\box48
\LT@cols=\count176
\LT@rows=\count177
\c@LT@tables=\count178
\c@LT@chunks=\count179
\LT@p@ftn=\toks16
)
("C:\Users\adestefa\AppData\Local\Programs\MiKTeX 2.9\tex/latex/caption\subcapt
ion.sty"
Package: subcaption 2020/01/22 v1.3d Sub-captions (AR)

("C:\Users\adestefa\AppData\Local\Programs\MiKTeX 2.9\tex/latex/caption\caption
.sty"
Package: caption 2020/01/03 v3.4h Customizing captions (AR)

("C:\Users\adestefa\AppData\Local\Programs\MiKTeX 2.9\tex/latex/caption\caption
3.sty"
Package: caption3 2020/01/03 v1.8h caption3 kernel (AR)
Package caption3 Info: TeX engine: e-TeX on input line 61.
\captionmargin=\dimen142
\captionmargin@=\dimen143
\captionwidth=\dimen144
\caption@tempdima=\dimen145
\caption@indent=\dimen146
\caption@parindent=\dimen147
\caption@hangindent=\dimen148
Package caption Info: Standard document class detected.
)
\c@caption@flags=\count180
\c@continuedfloat=\count181
Package caption Info: longtable package is loaded.

("C:\Users\adestefa\AppData\Local\Programs\MiKTeX 2.9\tex/latex/caption\ltcapti
on.sty"
Package: ltcaption 2018/08/26 v1.4a longtable captions (AR)
))
\c@subfigure=\count182
\c@subtable=\count183
)
("C:\Users\adestefa\AppData\Local\Programs\MiKTeX 2.9\tex/latex/grffile\grffile
.sty"
Package: grffile 2019/11/11 v2.1 Extended file name support for graphics (legac
y)
Package grffile Info: This package is an empty stub for compatibility on input 
line 40.
)
("C:\Users\adestefa\AppData\Local\Programs\MiKTeX 2.9\tex/latex/pdfpages\pdfpag
es.sty"
Package: pdfpages 2020/01/28 v0.5q Insert pages of external PDF documents (AM)

("C:\Users\adestefa\AppData\Local\Programs\MiKTeX 2.9\tex/latex/base\ifthen.sty
"
Package: ifthen 2014/09/29 v1.1c Standard LaTeX ifthen package (DPC)
)
("C:\Users\adestefa\AppData\Local\Programs\MiKTeX 2.9\tex/latex/tools\calc.sty"
Package: calc 2017/05/25 v4.3 Infix arithmetic (KKT,FJ)
\calc@Acount=\count184
\calc@Bcount=\count185
\calc@Adimen=\dimen149
\calc@Bdimen=\dimen150
\calc@Askip=\skip53
\calc@Bskip=\skip54
LaTeX Info: Redefining \setlength on input line 80.
LaTeX Info: Redefining \addtolength on input line 81.
\calc@Ccount=\count186
\calc@Cskip=\skip55
)
("C:\Users\adestefa\AppData\Local\Programs\MiKTeX 2.9\tex/latex/eso-pic\eso-pic
.sty"
Package: eso-pic 2018/04/12 v2.0h eso-pic (RN)

("C:\Users\adestefa\AppData\Local\Programs\MiKTeX 2.9\tex/generic/atbegshi\atbe
gshi.sty"
Package: atbegshi 2019/12/05 v1.19 At begin shipout hook (HO)

("C:\Users\adestefa\AppData\Local\Programs\MiKTeX 2.9\tex/generic/infwarerr\inf
warerr.sty"
Package: infwarerr 2019/12/03 v1.5 Providing info/warning/error messages (HO)
)
("C:\Users\adestefa\AppData\Local\Programs\MiKTeX 2.9\tex/generic/ltxcmds\ltxcm
ds.sty"
Package: ltxcmds 2019/12/15 v1.24 LaTeX kernel commands for general use (HO)
)
("C:\Users\adestefa\AppData\Local\Programs\MiKTeX 2.9\tex/generic/iftex\iftex.s
ty"
Package: iftex 2019/11/07 v1.0c TeX engine tests
))
("C:\Users\adestefa\AppData\Local\Programs\MiKTeX 2.9\tex/latex/xcolor\xcolor.s
ty"
Package: xcolor 2016/05/11 v2.12 LaTeX color extensions (UK)

("C:\Users\adestefa\AppData\Local\Programs\MiKTeX 2.9\tex/latex/graphics-cfg\co
lor.cfg"
File: color.cfg 2016/01/02 v1.6 sample color configuration
)
Package xcolor Info: Driver file: pdftex.def on input line 225.
Package xcolor Info: Model `cmy' substituted by `cmy0' on input line 1348.
Package xcolor Info: Model `hsb' substituted by `rgb' on input line 1352.
Package xcolor Info: Model `RGB' extended on input line 1364.
Package xcolor Info: Model `HTML' substituted by `rgb' on input line 1366.
Package xcolor Info: Model `Hsb' substituted by `hsb' on input line 1367.
Package xcolor Info: Model `tHsb' substituted by `hsb' on input line 1368.
Package xcolor Info: Model `HSB' substituted by `hsb' on input line 1369.
Package xcolor Info: Model `Gray' substituted by `gray' on input line 1370.
Package xcolor Info: Model `wave' substituted by `hsb' on input line 1371.
))
\AM@pagewidth=\dimen151
\AM@pageheight=\dimen152

("C:\Users\adestefa\AppData\Local\Programs\MiKTeX 2.9\tex/latex/pdfpages\pppdft
ex.def"
File: pppdftex.def 2020/01/28 v0.5q Pdfpages driver for pdfTeX (AM)
)
\AM@pagebox=\box49
\AM@global@opts=\toks17
\AM@pagecnt=\count187
\AM@toc@title=\toks18
\c@AM@survey=\count188
\AM@templatesizebox=\box50
)
("C:\Users\adestefa\AppData\Local\Programs\MiKTeX 2.9\tex/latex/listings\listin
gs.sty"
\lst@mode=\count189
\lst@gtempboxa=\box51
\lst@token=\toks19
\lst@length=\count190
\lst@currlwidth=\dimen153
\lst@column=\count191
\lst@pos=\count192
\lst@lostspace=\dimen154
\lst@width=\dimen155
\lst@newlines=\count193
\lst@lineno=\count194
\lst@maxwidth=\dimen156

("C:\Users\adestefa\AppData\Local\Programs\MiKTeX 2.9\tex/latex/listings\lstmis
c.sty"
File: lstmisc.sty 2019/09/10 1.8c (Carsten Heinz)
\c@lstnumber=\count195
\lst@skipnumbers=\count196
\lst@framebox=\box52
)
("C:\Users\adestefa\AppData\Local\Programs\MiKTeX 2.9\tex/latex/listings\listin
gs.cfg"
File: listings.cfg 2019/09/10 1.8c listings configuration
))
Package: listings 2019/09/10 1.8c (Carsten Heinz)

("C:\Users\adestefa\AppData\Local\Programs\MiKTeX 2.9\tex/latex/amsmath\amsmath
.sty"
Package: amsmath 2020/01/20 v2.17e AMS math features
\@mathmargin=\skip56

For additional information on amsmath, use the `?' option.

("C:\Users\adestefa\AppData\Local\Programs\MiKTeX 2.9\tex/latex/amsmath\amstext
.sty"
Package: amstext 2000/06/29 v2.01 AMS text

("C:\Users\adestefa\AppData\Local\Programs\MiKTeX 2.9\tex/latex/amsmath\amsgen.
sty"
File: amsgen.sty 1999/11/30 v2.0 generic functions
\@emptytoks=\toks20
\ex@=\dimen157
))
("C:\Users\adestefa\AppData\Local\Programs\MiKTeX 2.9\tex/latex/amsmath\amsbsy.
sty"
Package: amsbsy 1999/11/29 v1.2d Bold Symbols
\pmbraise@=\dimen158
)
("C:\Users\adestefa\AppData\Local\Programs\MiKTeX 2.9\tex/latex/amsmath\amsopn.
sty"
Package: amsopn 2016/03/08 v2.02 operator names
)
\inf@bad=\count197
LaTeX Info: Redefining \frac on input line 227.
\uproot@=\count198
\leftroot@=\count199
LaTeX Info: Redefining \overline on input line 389.
\classnum@=\count266
\DOTSCASE@=\count267
LaTeX Info: Redefining \ldots on input line 486.
LaTeX Info: Redefining \dots on input line 489.
LaTeX Info: Redefining \cdots on input line 610.
\Mathstrutbox@=\box53
\strutbox@=\box54
\big@size=\dimen159
LaTeX Font Info:    Redeclaring font encoding OML on input line 733.
LaTeX Font Info:    Redeclaring font encoding OMS on input line 734.
\macc@depth=\count268
\c@MaxMatrixCols=\count269
\dotsspace@=\muskip16
\c@parentequation=\count270
\dspbrk@lvl=\count271
\tag@help=\toks21
\row@=\count272
\column@=\count273
\maxfields@=\count274
\andhelp@=\toks22
\eqnshift@=\dimen160
\alignsep@=\dimen161
\tagshift@=\dimen162
\tagwidth@=\dimen163
\totwidth@=\dimen164
\lineht@=\dimen165
\@envbody=\toks23
\multlinegap=\skip57
\multlinetaggap=\skip58
\mathdisplay@stack=\toks24
LaTeX Info: Redefining \[ on input line 2859.
LaTeX Info: Redefining \] on input line 2860.
)
("C:\Users\adestefa\AppData\Local\Programs\MiKTeX 2.9\tex/latex/graphics\epsfig
.sty"
Package: epsfig 2017/06/25 v1.7b (e)psfig emulation (SPQR)
\epsfxsize=\dimen166
\epsfysize=\dimen167
)
("C:\Users\adestefa\AppData\Local\Programs\MiKTeX 2.9\tex/latex/siunitx\siunitx
.sty"
("C:\Users\adestefa\AppData\Local\Programs\MiKTeX 2.9\tex/latex/l3kernel\expl3.
sty"
Package: expl3 2020-03-03 L3 programming layer (loader) 

("C:\Users\adestefa\AppData\Local\Programs\MiKTeX 2.9\tex/latex/l3backend\l3bac
kend-pdfmode.def"
File: l3backend-pdfmode.def 2020-02-23 L3 backend support: PDF mode
\l__kernel_color_stack_int=\count275
\l__pdf_internal_box=\box55
))
("C:\Users\adestefa\AppData\Local\Programs\MiKTeX 2.9\tex/latex/l3packages/xpar
se\xparse.sty"
Package: xparse 2020-03-03 L3 Experimental document command parser
\l__xparse_current_arg_int=\count276
\g__xparse_grabber_int=\count277
\l__xparse_m_args_int=\count278
\l__xparse_v_nesting_int=\count279
)
Package: siunitx 2020/02/25 v2.8b A comprehensive (SI) units package

("C:\Users\adestefa\AppData\Local\Programs\MiKTeX 2.9\tex/latex/tools\array.sty
"
Package: array 2019/08/31 v2.4l Tabular extension package (FMi)
\col@sep=\dimen168
\ar@mcellbox=\box56
\extrarowheight=\dimen169
\NC@list=\toks25
\extratabsurround=\skip59
\backup@length=\skip60
\ar@cellbox=\box57
)
("C:\Users\adestefa\AppData\Local\Programs\MiKTeX 2.9\tex/latex/l3packages/l3ke
ys2e\l3keys2e.sty"
Package: l3keys2e 2020-03-03 LaTeX2e option processing using LaTeX3 keys
)
\l__siunitx_tmp_box=\box58
\l__siunitx_tmp_dim=\dimen170
\l__siunitx_tmp_int=\count280
\l__siunitx_number_mantissa_length_int=\count281
\l__siunitx_number_uncert_length_int=\count282
\l__siunitx_round_int=\count283
\l__siunitx_process_decimal_int=\count284
\l__siunitx_process_uncertainty_int=\count285
\l__siunitx_process_fixed_int=\count286
\l__siunitx_process_integer_min_int=\count287
\l__siunitx_process_precision_int=\count288
\l__siunitx_group_min_int=\count289
\l__siunitx_angle_marker_box=\box59
\l__siunitx_angle_unit_box=\box60
\l__siunitx_angle_marker_dim=\dimen171
\l__siunitx_angle_unit_dim=\dimen172
\l__siunitx_unit_int=\count290
\l__siunitx_unit_denominator_int=\count291
\l__siunitx_unit_numerator_int=\count292
\l__siunitx_unit_prefix_int=\count293
\l__siunitx_unit_prefix_base_int=\count294
\l__siunitx_unit_prefix_gram_int=\count295
\l__siunitx_number_product_int=\count296
\c__siunitx_one_fill_skip=\skip61
\l__siunitx_table_unit_align_skip=\skip62
\l__siunitx_table_exponent_dim=\dimen173
\l__siunitx_table_integer_dim=\dimen174
\l__siunitx_table_mantissa_dim=\dimen175
\l__siunitx_table_marker_dim=\dimen176
\l__siunitx_table_result_dim=\dimen177
\l__siunitx_table_uncert_dim=\dimen178
\l__siunitx_table_fill_pre_dim=\dimen179
\l__siunitx_table_fill_post_dim=\dimen180
\l__siunitx_table_fill_mid_dim=\dimen181
\l__siunitx_table_pre_box=\box61
\l__siunitx_table_post_box=\box62
\l__siunitx_table_mantissa_box=\box63
\l__siunitx_table_result_box=\box64
\l__siunitx_table_number_align_skip=\skip63
\l__siunitx_table_text_align_skip=\skip64

("C:\Users\adestefa\AppData\Local\Programs\MiKTeX 2.9\tex/latex/translator\tran
slator.sty"
Package: translator 2019-05-31 v1.12a Easy translation of strings in LaTeX
))
("C:\Users\adestefa\AppData\Local\Programs\MiKTeX 2.9\tex/latex/titlesec\titles
ec.sty"
Package: titlesec 2019/10/16 v2.13 Sectioning titles
\ttl@box=\box65
\beforetitleunit=\skip65
\aftertitleunit=\skip66
\ttl@plus=\dimen182
\ttl@minus=\dimen183
\ttl@toksa=\toks26
\titlewidth=\dimen184
\titlewidthlast=\dimen185
\titlewidthfirst=\dimen186
)
("C:\Users\adestefa\AppData\Local\Programs\MiKTeX 2.9\tex/latex/hyperref\hyperr
ef.sty"
Package: hyperref 2020/01/14 v7.00d Hypertext links for LaTeX

("C:\Users\adestefa\AppData\Local\Programs\MiKTeX 2.9\tex/latex/pdftexcmds\pdft
excmds.sty"
Package: pdftexcmds 2019/11/24 v0.31 Utility functions of pdfTeX for LuaTeX (HO
)
Package pdftexcmds Info: \pdf@primitive is available.
Package pdftexcmds Info: \pdf@ifprimitive is available.
Package pdftexcmds Info: \pdfdraftmode found.
)
("C:\Users\adestefa\AppData\Local\Programs\MiKTeX 2.9\tex/generic/kvsetkeys\kvs
etkeys.sty"
Package: kvsetkeys 2019/12/15 v1.18 Key value parser (HO)
)
("C:\Users\adestefa\AppData\Local\Programs\MiKTeX 2.9\tex/generic/kvdefinekeys\
kvdefinekeys.sty"
Package: kvdefinekeys 2019-12-19 v1.6 Define keys (HO)
)
("C:\Users\adestefa\AppData\Local\Programs\MiKTeX 2.9\tex/generic/pdfescape\pdf
escape.sty"
Package: pdfescape 2019/12/09 v1.15 Implements pdfTeX's escape features (HO)
)
("C:\Users\adestefa\AppData\Local\Programs\MiKTeX 2.9\tex/latex/hycolor\hycolor
.sty"
Package: hycolor 2020-01-27 v1.10 Color options for hyperref/bookmark (HO)
)
("C:\Users\adestefa\AppData\Local\Programs\MiKTeX 2.9\tex/latex/letltxmacro\let
ltxmacro.sty"
Package: letltxmacro 2019/12/03 v1.6 Let assignment for LaTeX macros (HO)
)
("C:\Users\adestefa\AppData\Local\Programs\MiKTeX 2.9\tex/latex/auxhook\auxhook
.sty"
Package: auxhook 2019-12-17 v1.6 Hooks for auxiliary files (HO)
)
("C:\Users\adestefa\AppData\Local\Programs\MiKTeX 2.9\tex/latex/kvoptions\kvopt
ions.sty"
Package: kvoptions 2019/11/29 v3.13 Key value format for package options (HO)
)
\@linkdim=\dimen187
\Hy@linkcounter=\count297
\Hy@pagecounter=\count298

("C:\Users\adestefa\AppData\Local\Programs\MiKTeX 2.9\tex/latex/hyperref\pd1enc
.def"
File: pd1enc.def 2020/01/14 v7.00d Hyperref: PDFDocEncoding definition (HO)
Now handling font encoding PD1 ...
... no UTF-8 mapping file for font encoding PD1
)
("C:\Users\adestefa\AppData\Local\Programs\MiKTeX 2.9\tex/generic/intcalc\intca
lc.sty"
Package: intcalc 2019/12/15 v1.3 Expandable calculations with integers (HO)
)
("C:\Users\adestefa\AppData\Local\Programs\MiKTeX 2.9\tex/generic/etexcmds\etex
cmds.sty"
Package: etexcmds 2019/12/15 v1.7 Avoid name clashes with e-TeX commands (HO)
)
\Hy@SavedSpaceFactor=\count299
Package hyperref Info: Hyper figures OFF on input line 4547.
Package hyperref Info: Link nesting OFF on input line 4552.
Package hyperref Info: Hyper index ON on input line 4555.
Package hyperref Info: Plain pages OFF on input line 4562.
Package hyperref Info: Backreferencing OFF on input line 4567.
Package hyperref Info: Implicit mode ON; LaTeX internals redefined.
Package hyperref Info: Bookmarks ON on input line 4800.
\c@Hy@tempcnt=\count300

("C:\Users\adestefa\AppData\Local\Programs\MiKTeX 2.9\tex/latex/url\url.sty"
\Urlmuskip=\muskip17
Package: url 2013/09/16  ver 3.4  Verb mode for urls, etc.
)
LaTeX Info: Redefining \url on input line 5159.
\XeTeXLinkMargin=\dimen188

("C:\Users\adestefa\AppData\Local\Programs\MiKTeX 2.9\tex/generic/bitset\bitset
.sty"
Package: bitset 2019/12/09 v1.3 Handle bit-vector datatype (HO)

("C:\Users\adestefa\AppData\Local\Programs\MiKTeX 2.9\tex/generic/bigintcalc\bi
gintcalc.sty"
Package: bigintcalc 2019/12/15 v1.5 Expandable calculations on big integers (HO
)
))
\Fld@menulength=\count301
\Field@Width=\dimen189
\Fld@charsize=\dimen190
Package hyperref Info: Hyper figures OFF on input line 6430.
Package hyperref Info: Link nesting OFF on input line 6435.
Package hyperref Info: Hyper index ON on input line 6438.
Package hyperref Info: backreferencing OFF on input line 6445.
Package hyperref Info: Link coloring OFF on input line 6450.
Package hyperref Info: Link coloring with OCG OFF on input line 6455.
Package hyperref Info: PDF/A mode OFF on input line 6460.
LaTeX Info: Redefining \ref on input line 6500.
LaTeX Info: Redefining \pageref on input line 6504.
\Hy@abspage=\count302
\c@Item=\count303
\c@Hfootnote=\count304
)
Package hyperref Info: Driver (autodetected): hpdftex.

("C:\Users\adestefa\AppData\Local\Programs\MiKTeX 2.9\tex/latex/hyperref\hpdfte
x.def"
File: hpdftex.def 2020/01/14 v7.00d Hyperref driver for pdfTeX

("C:\Users\adestefa\AppData\Local\Programs\MiKTeX 2.9\tex/latex/atveryend\atver
yend.sty"
Package: atveryend 2019-12-11 v1.11 Hooks at the very end of document (HO)
Package atveryend Info: \enddocument detected (standard20110627).
)
\Fld@listcount=\count305
\c@bookmark@seq@number=\count306

("C:\Users\adestefa\AppData\Local\Programs\MiKTeX 2.9\tex/latex/rerunfilecheck\
rerunfilecheck.sty"
Package: rerunfilecheck 2019/12/05 v1.9 Rerun checks for auxiliary files (HO)

("C:\Users\adestefa\AppData\Local\Programs\MiKTeX 2.9\tex/generic/uniquecounter
\uniquecounter.sty"
Package: uniquecounter 2019/12/15 v1.4 Provide unlimited unique counter (HO)
)
Package uniquecounter Info: New unique counter `rerunfilecheck' on input line 2
86.
)
\Hy@SectionHShift=\skip67
)
("C:\Users\adestefa\AppData\Local\Programs\MiKTeX 2.9\tex/latex/enumitem\enumit
em.sty"
Package: enumitem 2019/06/20 v3.9 Customized lists
\labelindent=\skip68
\enit@outerparindent=\dimen191
\enit@toks=\toks27
\enit@inbox=\box66
\enit@count@id=\count307
\enitdp@description=\count308
)
("C:\Users\adestefa\AppData\Local\Programs\MiKTeX 2.9\tex/latex/mathabx\mathabx
.sty"
Package: mathabx 2003/07/29 v0.0 Non-standard LaTeX package mathabx
\symmatha=\mathgroup4
\symmathb=\mathgroup5
\symmathx=\mathgroup6

("C:\Users\adestefa\AppData\Local\Programs\MiKTeX 2.9\tex/generic/mathabx\matha
bx.dcl"
LaTeX Font Info:    Redeclaring math symbol \cdotp on input line 25.
LaTeX Font Info:    Redeclaring math symbol \times on input line 33.
LaTeX Font Info:    Redeclaring math symbol \div on input line 34.
LaTeX Font Info:    Redeclaring math symbol \cdot on input line 35.
LaTeX Font Info:    Redeclaring math symbol \circ on input line 36.
LaTeX Font Info:    Redeclaring math symbol \ast on input line 38.
LaTeX Font Info:    Redeclaring math symbol \pm on input line 41.
LaTeX Font Info:    Redeclaring math symbol \mp on input line 42.
LaTeX Font Info:    Redeclaring math symbol \diamond on input line 45.
LaTeX Font Info:    Redeclaring math symbol \bullet on input line 46.
LaTeX Font Info:    Redeclaring math symbol \star on input line 47.
LaTeX Font Info:    Redeclaring math symbol \amalg on input line 51.
LaTeX Font Info:    Redeclaring math symbol \equiv on input line 83.
LaTeX Font Info:    Redeclaring math symbol \sim on input line 84.
LaTeX Font Info:    Redeclaring math symbol \approx on input line 85.
LaTeX Font Info:    Redeclaring math symbol \simeq on input line 86.
LaTeX Font Info:    Redeclaring math symbol \asymp on input line 89.
LaTeX Font Info:    Redeclaring math symbol \neg on input line 134.
LaTeX Font Info:    Redeclaring math symbol \ll on input line 136.
LaTeX Font Info:    Redeclaring math symbol \gg on input line 137.
LaTeX Font Info:    Redeclaring math symbol \vdash on input line 139.
LaTeX Font Info:    Redeclaring math symbol \dashv on input line 140.
LaTeX Font Info:    Redeclaring math symbol \flat on input line 158.
LaTeX Font Info:    Redeclaring math symbol \natural on input line 159.
LaTeX Font Info:    Redeclaring math symbol \sharp on input line 160.
LaTeX Font Info:    Redeclaring math symbol \infty on input line 161.
LaTeX Font Info:    Redeclaring math symbol \propto on input line 162.
LaTeX Font Info:    Redeclaring math symbol \dagger on input line 163.
LaTeX Font Info:    Redeclaring math symbol \ddagger on input line 164.
LaTeX Font Info:    Redeclaring math symbol \smile on input line 171.
LaTeX Font Info:    Redeclaring math symbol \frown on input line 172.
LaTeX Font Info:    Redeclaring math accent \dot on input line 193.
LaTeX Font Info:    Redeclaring math accent \ddot on input line 195.
LaTeX Font Info:    Redeclaring math symbol \setminus on input line 218.
LaTeX Font Info:    Redeclaring math symbol \mid on input line 222.
LaTeX Font Info:    Redeclaring math symbol \forall on input line 279.
LaTeX Font Info:    Redeclaring math symbol \partial on input line 281.
LaTeX Font Info:    Redeclaring math symbol \exists on input line 284.
LaTeX Font Info:    Redeclaring math symbol \emptyset on input line 288.
LaTeX Font Info:    Redeclaring math symbol \top on input line 290.
LaTeX Font Info:    Redeclaring math symbol \bot on input line 291.
LaTeX Font Info:    Redeclaring math symbol \perp on input line 292.
LaTeX Font Info:    Redeclaring math symbol \in on input line 299.
LaTeX Font Info:    Redeclaring math symbol \owns on input line 300.
LaTeX Font Info:    Redeclaring math symbol \cap on input line 312.
LaTeX Font Info:    Redeclaring math symbol \cup on input line 313.
LaTeX Font Info:    Redeclaring math symbol \uplus on input line 314.
LaTeX Font Info:    Redeclaring math symbol \sqcap on input line 315.
LaTeX Font Info:    Redeclaring math symbol \sqcup on input line 316.
LaTeX Font Info:    Redeclaring math symbol \wedge on input line 318.
LaTeX Font Info:    Redeclaring math symbol \vee on input line 320.
LaTeX Font Info:    Redeclaring math symbol \subset on input line 344.
LaTeX Font Info:    Redeclaring math symbol \supset on input line 345.
LaTeX Font Info:    Redeclaring math symbol \subseteq on input line 348.
LaTeX Font Info:    Redeclaring math symbol \supseteq on input line 349.
LaTeX Font Info:    Redeclaring math symbol \sqsubseteq on input line 380.
LaTeX Font Info:    Redeclaring math symbol \sqsupseteq on input line 381.
LaTeX Font Info:    Redeclaring math symbol \triangleleft on input line 407.
LaTeX Font Info:    Redeclaring math symbol \triangleright on input line 409.
LaTeX Font Info:    Redeclaring math symbol \leq on input line 439.
LaTeX Font Info:    Redeclaring math symbol \geq on input line 441.
LaTeX Font Info:    Redeclaring math symbol \prec on input line 498.
LaTeX Font Info:    Redeclaring math symbol \succ on input line 499.
LaTeX Font Info:    Redeclaring math symbol \preceq on input line 506.
LaTeX Font Info:    Redeclaring math symbol \succeq on input line 507.
LaTeX Font Info:    Redeclaring math symbol \leftarrow on input line 540.
LaTeX Font Info:    Redeclaring math symbol \rightarrow on input line 542.
LaTeX Font Info:    Redeclaring math symbol \nwarrow on input line 546.
LaTeX Font Info:    Redeclaring math symbol \nearrow on input line 547.
LaTeX Font Info:    Redeclaring math symbol \swarrow on input line 548.
LaTeX Font Info:    Redeclaring math symbol \searrow on input line 549.
LaTeX Font Info:    Redeclaring math symbol \leftrightarrow on input line 550.
LaTeX Font Info:    Redeclaring math symbol \mapstochar on input line 557.
LaTeX Font Info:    Redeclaring math symbol \leftharpoonup on input line 560.
LaTeX Font Info:    Redeclaring math symbol \rightharpoonup on input line 561.
LaTeX Font Info:    Redeclaring math symbol \leftharpoondown on input line 562.

LaTeX Font Info:    Redeclaring math symbol \rightharpoondown on input line 563
.
LaTeX Font Info:    Redeclaring math symbol \Leftarrow on input line 575.
LaTeX Font Info:    Redeclaring math symbol \Rightarrow on input line 576.
LaTeX Font Info:    Redeclaring math symbol \Leftrightarrow on input line 579.
LaTeX Font Info:    Redeclaring math symbol \rhook on input line 612.
LaTeX Font Info:    Redeclaring math symbol \lhook on input line 613.
LaTeX Font Info:    Redeclaring math symbol \oplus on input line 658.
LaTeX Font Info:    Redeclaring math symbol \ominus on input line 659.
LaTeX Font Info:    Redeclaring math symbol \otimes on input line 661.
LaTeX Font Info:    Redeclaring math symbol \odot on input line 663.
LaTeX Font Info:    Redeclaring math symbol \oslash on input line 675.
\mayacnter=\count309
\mayacnta=\count310
\mayacntb=\count311
\mayacntc=\count312
\mayawidth=\dimen192
LaTeX Font Info:    Redeclaring math symbol \intop on input line 753.
LaTeX Font Info:    Redeclaring math symbol \ointop on input line 760.
LaTeX Font Info:    Redeclaring math delimiter \lbrace on input line 842.
LaTeX Info: Redefining \{ on input line 846.
LaTeX Font Info:    Redeclaring math delimiter \rbrace on input line 848.
LaTeX Info: Redefining \} on input line 852.
LaTeX Font Info:    Redeclaring math delimiter \langle on input line 858.
LaTeX Font Info:    Redeclaring math delimiter \rangle on input line 859.
LaTeX Font Info:    Redeclaring math delimiter \vert on input line 863.
LaTeX Font Info:    Redeclaring math delimiter \Vert on input line 865.
LaTeX Font Info:    Redeclaring math delimiter \uparrow on input line 868.
LaTeX Font Info:    Redeclaring math delimiter \downarrow on input line 869.
LaTeX Font Info:    Redeclaring math delimiter \updownarrow on input line 870.
LaTeX Font Info:    Redeclaring math delimiter \Uparrow on input line 871.
LaTeX Font Info:    Redeclaring math delimiter \Downarrow on input line 872.
LaTeX Font Info:    Redeclaring math delimiter \Updownarrow on input line 873.
LaTeX Font Info:    Redeclaring math delimiter \lgroup on input line 880.
LaTeX Font Info:    Redeclaring math delimiter \rgroup on input line 881.
LaTeX Font Info:    Redeclaring math delimiter \lceil on input line 882.
LaTeX Font Info:    Redeclaring math delimiter \rceil on input line 883.
LaTeX Font Info:    Redeclaring math delimiter \lfloor on input line 884.
LaTeX Font Info:    Redeclaring math delimiter \rfloor on input line 885.
LaTeX Font Info:    Redeclaring math symbol \braceld on input line 903.
LaTeX Font Info:    Redeclaring math symbol \bracerd on input line 905.
LaTeX Font Info:    Redeclaring math symbol \bracelu on input line 907.
LaTeX Font Info:    Redeclaring math symbol \braceru on input line 909.
LaTeX Font Info:    Redeclaring math accent \widehat on input line 944.
LaTeX Font Info:    Redeclaring math accent \widetilde on input line 946.
))
("C:\Users\adestefa\AppData\Local\Programs\MiKTeX 2.9\tex/latex/pgfplots\pgfplo
ts.sty"
("C:\Users\adestefa\AppData\Local\Programs\MiKTeX 2.9\tex/generic/pgfplots\pgfp
lots.revision.tex")
Package: pgfplots 2020/02/29 v1.17 Data Visualization (1.17)

("C:\Users\adestefa\AppData\Local\Programs\MiKTeX 2.9\tex/latex/pgf/frontendlay
er\tikz.sty"
("C:\Users\adestefa\AppData\Local\Programs\MiKTeX 2.9\tex/latex/pgf/basiclayer\
pgf.sty"
("C:\Users\adestefa\AppData\Local\Programs\MiKTeX 2.9\tex/latex/pgf/utilities\p
gfrcs.sty"
("C:\Users\adestefa\AppData\Local\Programs\MiKTeX 2.9\tex/generic/pgf/utilities
\pgfutil-common.tex"
\pgfutil@everybye=\toks28
\pgfutil@tempdima=\dimen193
\pgfutil@tempdimb=\dimen194

("C:\Users\adestefa\AppData\Local\Programs\MiKTeX 2.9\tex/generic/pgf/utilities
\pgfutil-common-lists.tex"))
("C:\Users\adestefa\AppData\Local\Programs\MiKTeX 2.9\tex/generic/pgf/utilities
\pgfutil-latex.def"
\pgfutil@abb=\box67

("C:\Users\adestefa\AppData\Local\Programs\MiKTeX 2.9\tex/latex/ms\everyshi.sty
"
Package: everyshi 2001/05/15 v3.00 EveryShipout Package (MS)
))
("C:\Users\adestefa\AppData\Local\Programs\MiKTeX 2.9\tex/generic/pgf/utilities
\pgfrcs.code.tex"
("C:\Users\adestefa\AppData\Local\Programs\MiKTeX 2.9\tex/generic/pgf\pgf.revis
ion.tex")
Package: pgfrcs 2020/01/08 v3.1.5b (3.1.5b)
))
Package: pgf 2020/01/08 v3.1.5b (3.1.5b)

("C:\Users\adestefa\AppData\Local\Programs\MiKTeX 2.9\tex/latex/pgf/basiclayer\
pgfcore.sty"
("C:\Users\adestefa\AppData\Local\Programs\MiKTeX 2.9\tex/latex/pgf/systemlayer
\pgfsys.sty"
("C:\Users\adestefa\AppData\Local\Programs\MiKTeX 2.9\tex/generic/pgf/systemlay
er\pgfsys.code.tex"
Package: pgfsys 2020/01/08 v3.1.5b (3.1.5b)

("C:\Users\adestefa\AppData\Local\Programs\MiKTeX 2.9\tex/generic/pgf/utilities
\pgfkeys.code.tex"
\pgfkeys@pathtoks=\toks29
\pgfkeys@temptoks=\toks30

("C:\Users\adestefa\AppData\Local\Programs\MiKTeX 2.9\tex/generic/pgf/utilities
\pgfkeysfiltered.code.tex"
\pgfkeys@tmptoks=\toks31
))
\pgf@x=\dimen195
\pgf@y=\dimen196
\pgf@xa=\dimen197
\pgf@ya=\dimen198
\pgf@xb=\dimen199
\pgf@yb=\dimen256
\pgf@xc=\dimen257
\pgf@yc=\dimen258
\pgf@xd=\dimen259
\pgf@yd=\dimen260
\w@pgf@writea=\write3
\r@pgf@reada=\read2
\c@pgf@counta=\count313
\c@pgf@countb=\count314
\c@pgf@countc=\count315
\c@pgf@countd=\count316
\t@pgf@toka=\toks32
\t@pgf@tokb=\toks33
\t@pgf@tokc=\toks34
\pgf@sys@id@count=\count317

("C:\Users\adestefa\AppData\Local\Programs\MiKTeX 2.9\tex/generic/pgf/systemlay
er\pgf.cfg"
File: pgf.cfg 2020/01/08 v3.1.5b (3.1.5b)
)
Driver file for pgf: pgfsys-pdftex.def

("C:\Users\adestefa\AppData\Local\Programs\MiKTeX 2.9\tex/generic/pgf/systemlay
er\pgfsys-pdftex.def"
File: pgfsys-pdftex.def 2020/01/08 v3.1.5b (3.1.5b)

("C:\Users\adestefa\AppData\Local\Programs\MiKTeX 2.9\tex/generic/pgf/systemlay
er\pgfsys-common-pdf.def"
File: pgfsys-common-pdf.def 2020/01/08 v3.1.5b (3.1.5b)
)))
("C:\Users\adestefa\AppData\Local\Programs\MiKTeX 2.9\tex/generic/pgf/systemlay
er\pgfsyssoftpath.code.tex"
File: pgfsyssoftpath.code.tex 2020/01/08 v3.1.5b (3.1.5b)
\pgfsyssoftpath@smallbuffer@items=\count318
\pgfsyssoftpath@bigbuffer@items=\count319
)
("C:\Users\adestefa\AppData\Local\Programs\MiKTeX 2.9\tex/generic/pgf/systemlay
er\pgfsysprotocol.code.tex"
File: pgfsysprotocol.code.tex 2020/01/08 v3.1.5b (3.1.5b)
))
("C:\Users\adestefa\AppData\Local\Programs\MiKTeX 2.9\tex/generic/pgf/basiclaye
r\pgfcore.code.tex"
Package: pgfcore 2020/01/08 v3.1.5b (3.1.5b)

("C:\Users\adestefa\AppData\Local\Programs\MiKTeX 2.9\tex/generic/pgf/math\pgfm
ath.code.tex"
("C:\Users\adestefa\AppData\Local\Programs\MiKTeX 2.9\tex/generic/pgf/math\pgfm
athcalc.code.tex"
("C:\Users\adestefa\AppData\Local\Programs\MiKTeX 2.9\tex/generic/pgf/math\pgfm
athutil.code.tex")
("C:\Users\adestefa\AppData\Local\Programs\MiKTeX 2.9\tex/generic/pgf/math\pgfm
athparser.code.tex"
\pgfmath@dimen=\dimen261
\pgfmath@count=\count320
\pgfmath@box=\box68
\pgfmath@toks=\toks35
\pgfmath@stack@operand=\toks36
\pgfmath@stack@operation=\toks37
)
("C:\Users\adestefa\AppData\Local\Programs\MiKTeX 2.9\tex/generic/pgf/math\pgfm
athfunctions.code.tex"
("C:\Users\adestefa\AppData\Local\Programs\MiKTeX 2.9\tex/generic/pgf/math\pgfm
athfunctions.basic.code.tex")
("C:\Users\adestefa\AppData\Local\Programs\MiKTeX 2.9\tex/generic/pgf/math\pgfm
athfunctions.trigonometric.code.tex")
("C:\Users\adestefa\AppData\Local\Programs\MiKTeX 2.9\tex/generic/pgf/math\pgfm
athfunctions.random.code.tex")
("C:\Users\adestefa\AppData\Local\Programs\MiKTeX 2.9\tex/generic/pgf/math\pgfm
athfunctions.comparison.code.tex")
("C:\Users\adestefa\AppData\Local\Programs\MiKTeX 2.9\tex/generic/pgf/math\pgfm
athfunctions.base.code.tex")
("C:\Users\adestefa\AppData\Local\Programs\MiKTeX 2.9\tex/generic/pgf/math\pgfm
athfunctions.round.code.tex")
("C:\Users\adestefa\AppData\Local\Programs\MiKTeX 2.9\tex/generic/pgf/math\pgfm
athfunctions.misc.code.tex")
("C:\Users\adestefa\AppData\Local\Programs\MiKTeX 2.9\tex/generic/pgf/math\pgfm
athfunctions.integerarithmetics.code.tex")))
("C:\Users\adestefa\AppData\Local\Programs\MiKTeX 2.9\tex/generic/pgf/math\pgfm
athfloat.code.tex"
\c@pgfmathroundto@lastzeros=\count321
))
("C:\Users\adestefa\AppData\Local\Programs\MiKTeX 2.9\tex/generic/pgf/math\pgfi
nt.code.tex")
("C:\Users\adestefa\AppData\Local\Programs\MiKTeX 2.9\tex/generic/pgf/basiclaye
r\pgfcorepoints.code.tex"
File: pgfcorepoints.code.tex 2020/01/08 v3.1.5b (3.1.5b)
\pgf@picminx=\dimen262
\pgf@picmaxx=\dimen263
\pgf@picminy=\dimen264
\pgf@picmaxy=\dimen265
\pgf@pathminx=\dimen266
\pgf@pathmaxx=\dimen267
\pgf@pathminy=\dimen268
\pgf@pathmaxy=\dimen269
\pgf@xx=\dimen270
\pgf@xy=\dimen271
\pgf@yx=\dimen272
\pgf@yy=\dimen273
\pgf@zx=\dimen274
\pgf@zy=\dimen275
)
("C:\Users\adestefa\AppData\Local\Programs\MiKTeX 2.9\tex/generic/pgf/basiclaye
r\pgfcorepathconstruct.code.tex"
File: pgfcorepathconstruct.code.tex 2020/01/08 v3.1.5b (3.1.5b)
\pgf@path@lastx=\dimen276
\pgf@path@lasty=\dimen277
)
("C:\Users\adestefa\AppData\Local\Programs\MiKTeX 2.9\tex/generic/pgf/basiclaye
r\pgfcorepathusage.code.tex"
File: pgfcorepathusage.code.tex 2020/01/08 v3.1.5b (3.1.5b)
\pgf@shorten@end@additional=\dimen278
\pgf@shorten@start@additional=\dimen279
)
("C:\Users\adestefa\AppData\Local\Programs\MiKTeX 2.9\tex/generic/pgf/basiclaye
r\pgfcorescopes.code.tex"
File: pgfcorescopes.code.tex 2020/01/08 v3.1.5b (3.1.5b)
\pgfpic=\box69
\pgf@hbox=\box70
\pgf@layerbox@main=\box71
\pgf@picture@serial@count=\count322
)
("C:\Users\adestefa\AppData\Local\Programs\MiKTeX 2.9\tex/generic/pgf/basiclaye
r\pgfcoregraphicstate.code.tex"
File: pgfcoregraphicstate.code.tex 2020/01/08 v3.1.5b (3.1.5b)
\pgflinewidth=\dimen280
)
("C:\Users\adestefa\AppData\Local\Programs\MiKTeX 2.9\tex/generic/pgf/basiclaye
r\pgfcoretransformations.code.tex"
File: pgfcoretransformations.code.tex 2020/01/08 v3.1.5b (3.1.5b)
\pgf@pt@x=\dimen281
\pgf@pt@y=\dimen282
\pgf@pt@temp=\dimen283
)
("C:\Users\adestefa\AppData\Local\Programs\MiKTeX 2.9\tex/generic/pgf/basiclaye
r\pgfcorequick.code.tex"
File: pgfcorequick.code.tex 2020/01/08 v3.1.5b (3.1.5b)
)
("C:\Users\adestefa\AppData\Local\Programs\MiKTeX 2.9\tex/generic/pgf/basiclaye
r\pgfcoreobjects.code.tex"
File: pgfcoreobjects.code.tex 2020/01/08 v3.1.5b (3.1.5b)
)
("C:\Users\adestefa\AppData\Local\Programs\MiKTeX 2.9\tex/generic/pgf/basiclaye
r\pgfcorepathprocessing.code.tex"
File: pgfcorepathprocessing.code.tex 2020/01/08 v3.1.5b (3.1.5b)
)
("C:\Users\adestefa\AppData\Local\Programs\MiKTeX 2.9\tex/generic/pgf/basiclaye
r\pgfcorearrows.code.tex"
File: pgfcorearrows.code.tex 2020/01/08 v3.1.5b (3.1.5b)
\pgfarrowsep=\dimen284
)
("C:\Users\adestefa\AppData\Local\Programs\MiKTeX 2.9\tex/generic/pgf/basiclaye
r\pgfcoreshade.code.tex"
File: pgfcoreshade.code.tex 2020/01/08 v3.1.5b (3.1.5b)
\pgf@max=\dimen285
\pgf@sys@shading@range@num=\count323
\pgf@shadingcount=\count324
)
("C:\Users\adestefa\AppData\Local\Programs\MiKTeX 2.9\tex/generic/pgf/basiclaye
r\pgfcoreimage.code.tex"
File: pgfcoreimage.code.tex 2020/01/08 v3.1.5b (3.1.5b)

("C:\Users\adestefa\AppData\Local\Programs\MiKTeX 2.9\tex/generic/pgf/basiclaye
r\pgfcoreexternal.code.tex"
File: pgfcoreexternal.code.tex 2020/01/08 v3.1.5b (3.1.5b)
\pgfexternal@startupbox=\box72
))
("C:\Users\adestefa\AppData\Local\Programs\MiKTeX 2.9\tex/generic/pgf/basiclaye
r\pgfcorelayers.code.tex"
File: pgfcorelayers.code.tex 2020/01/08 v3.1.5b (3.1.5b)
)
("C:\Users\adestefa\AppData\Local\Programs\MiKTeX 2.9\tex/generic/pgf/basiclaye
r\pgfcoretransparency.code.tex"
File: pgfcoretransparency.code.tex 2020/01/08 v3.1.5b (3.1.5b)
)
("C:\Users\adestefa\AppData\Local\Programs\MiKTeX 2.9\tex/generic/pgf/basiclaye
r\pgfcorepatterns.code.tex"
File: pgfcorepatterns.code.tex 2020/01/08 v3.1.5b (3.1.5b)
)
("C:\Users\adestefa\AppData\Local\Programs\MiKTeX 2.9\tex/generic/pgf/basiclaye
r\pgfcorerdf.code.tex"
File: pgfcorerdf.code.tex 2020/01/08 v3.1.5b (3.1.5b)
)))
("C:\Users\adestefa\AppData\Local\Programs\MiKTeX 2.9\tex/generic/pgf/modules\p
gfmoduleshapes.code.tex"
File: pgfmoduleshapes.code.tex 2020/01/08 v3.1.5b (3.1.5b)
\pgfnodeparttextbox=\box73
)
("C:\Users\adestefa\AppData\Local\Programs\MiKTeX 2.9\tex/generic/pgf/modules\p
gfmoduleplot.code.tex"
File: pgfmoduleplot.code.tex 2020/01/08 v3.1.5b (3.1.5b)
)
("C:\Users\adestefa\AppData\Local\Programs\MiKTeX 2.9\tex/latex/pgf/compatibili
ty\pgfcomp-version-0-65.sty"
Package: pgfcomp-version-0-65 2020/01/08 v3.1.5b (3.1.5b)
\pgf@nodesepstart=\dimen286
\pgf@nodesepend=\dimen287
)
("C:\Users\adestefa\AppData\Local\Programs\MiKTeX 2.9\tex/latex/pgf/compatibili
ty\pgfcomp-version-1-18.sty"
Package: pgfcomp-version-1-18 2020/01/08 v3.1.5b (3.1.5b)
))
("C:\Users\adestefa\AppData\Local\Programs\MiKTeX 2.9\tex/latex/pgf/utilities\p
gffor.sty"
("C:\Users\adestefa\AppData\Local\Programs\MiKTeX 2.9\tex/latex/pgf/utilities\p
gfkeys.sty"
("C:\Users\adestefa\AppData\Local\Programs\MiKTeX 2.9\tex/generic/pgf/utilities
\pgfkeys.code.tex"))
("C:\Users\adestefa\AppData\Local\Programs\MiKTeX 2.9\tex/latex/pgf/math\pgfmat
h.sty"
("C:\Users\adestefa\AppData\Local\Programs\MiKTeX 2.9\tex/generic/pgf/math\pgfm
ath.code.tex"))
("C:\Users\adestefa\AppData\Local\Programs\MiKTeX 2.9\tex/generic/pgf/utilities
\pgffor.code.tex"
Package: pgffor 2020/01/08 v3.1.5b (3.1.5b)

("C:\Users\adestefa\AppData\Local\Programs\MiKTeX 2.9\tex/generic/pgf/math\pgfm
ath.code.tex")
\pgffor@iter=\dimen288
\pgffor@skip=\dimen289
\pgffor@stack=\toks38
\pgffor@toks=\toks39
))
("C:\Users\adestefa\AppData\Local\Programs\MiKTeX 2.9\tex/generic/pgf/frontendl
ayer/tikz\tikz.code.tex"
Package: tikz 2020/01/08 v3.1.5b (3.1.5b)

("C:\Users\adestefa\AppData\Local\Programs\MiKTeX 2.9\tex/generic/pgf/libraries
\pgflibraryplothandlers.code.tex"
File: pgflibraryplothandlers.code.tex 2020/01/08 v3.1.5b (3.1.5b)
\pgf@plot@mark@count=\count325
\pgfplotmarksize=\dimen290
)
\tikz@lastx=\dimen291
\tikz@lasty=\dimen292
\tikz@lastxsaved=\dimen293
\tikz@lastysaved=\dimen294
\tikz@lastmovetox=\dimen295
\tikz@lastmovetoy=\dimen296
\tikzleveldistance=\dimen297
\tikzsiblingdistance=\dimen298
\tikz@figbox=\box74
\tikz@figbox@bg=\box75
\tikz@tempbox=\box76
\tikz@tempbox@bg=\box77
\tikztreelevel=\count326
\tikznumberofchildren=\count327
\tikznumberofcurrentchild=\count328
\tikz@fig@count=\count329

("C:\Users\adestefa\AppData\Local\Programs\MiKTeX 2.9\tex/generic/pgf/modules\p
gfmodulematrix.code.tex"
File: pgfmodulematrix.code.tex 2020/01/08 v3.1.5b (3.1.5b)
\pgfmatrixcurrentrow=\count330
\pgfmatrixcurrentcolumn=\count331
\pgf@matrix@numberofcolumns=\count332
)
\tikz@expandcount=\count333

("C:\Users\adestefa\AppData\Local\Programs\MiKTeX 2.9\tex/generic/pgf/frontendl
ayer/tikz/libraries\tikzlibrarytopaths.code.tex"
File: tikzlibrarytopaths.code.tex 2020/01/08 v3.1.5b (3.1.5b)
)))
("C:\Users\adestefa\AppData\Local\Programs\MiKTeX 2.9\tex/generic/pgfplots\pgfp
lots.code.tex"
("C:\Users\adestefa\AppData\Local\Programs\MiKTeX 2.9\tex/generic/pgfplots\pgfp
lotscore.code.tex"
\t@pgfplots@toka=\toks40
\t@pgfplots@tokb=\toks41
\t@pgfplots@tokc=\toks42
\pgfplots@tmpa=\dimen299
\c@pgfplots@coordindex=\count334
\c@pgfplots@scanlineindex=\count335

("C:\Users\adestefa\AppData\Local\Programs\MiKTeX 2.9\tex/generic/pgfplots/sys\
pgfplotssysgeneric.code.tex"))
("C:\Users\adestefa\AppData\Local\Programs\MiKTeX 2.9\tex/generic/pgfplots/libs
\pgfplotslibrary.code.tex")
("C:\Users\adestefa\AppData\Local\Programs\MiKTeX 2.9\tex/generic/pgfplots/oldp
gfcompatib\pgfplotsoldpgfsupp_loader.code.tex"
("C:\Users\adestefa\AppData\Local\Programs\MiKTeX 2.9\tex/generic/pgf/libraries
\pgflibraryfpu.code.tex"))
("C:\Users\adestefa\AppData\Local\Programs\MiKTeX 2.9\tex/generic/pgfplots/util
\pgfplotsutil.code.tex"
("C:\Users\adestefa\AppData\Local\Programs\MiKTeX 2.9\tex/generic/pgfplots/list
structure\pgfplotsliststructure.code.tex")
("C:\Users\adestefa\AppData\Local\Programs\MiKTeX 2.9\tex/generic/pgfplots/list
structure\pgfplotsliststructureext.code.tex")
("C:\Users\adestefa\AppData\Local\Programs\MiKTeX 2.9\tex/generic/pgfplots/list
structure\pgfplotsarray.code.tex"
\c@pgfplotsarray@tmp=\count336
)
("C:\Users\adestefa\AppData\Local\Programs\MiKTeX 2.9\tex/generic/pgfplots/list
structure\pgfplotsmatrix.code.tex")
("C:\Users\adestefa\AppData\Local\Programs\MiKTeX 2.9\tex/generic/pgfplots/numt
able\pgfplotstableshared.code.tex"
\c@pgfplotstable@counta=\count337
\t@pgfplotstable@a=\toks43
)
("C:\Users\adestefa\AppData\Local\Programs\MiKTeX 2.9\tex/generic/pgfplots/list
structure\pgfplotsdeque.code.tex")
("C:\Users\adestefa\AppData\Local\Programs\MiKTeX 2.9\tex/generic/pgfplots/util
\pgfplotsbinary.code.tex"
("C:\Users\adestefa\AppData\Local\Programs\MiKTeX 2.9\tex/generic/pgfplots/util
\pgfplotsbinary.data.code.tex"))
("C:\Users\adestefa\AppData\Local\Programs\MiKTeX 2.9\tex/generic/pgfplots/util
\pgfplotsutil.verb.code.tex")
("C:\Users\adestefa\AppData\Local\Programs\MiKTeX 2.9\tex/generic/pgfplots/libs
\pgflibrarypgfplots.surfshading.code.tex"
\c@pgfplotslibrarysurf@no=\count338

("C:\Users\adestefa\AppData\Local\Programs\MiKTeX 2.9\tex/generic/pgfplots/sys\
pgflibrarypgfplots.surfshading.pgfsys-pdftex.def")))
("C:\Users\adestefa\AppData\Local\Programs\MiKTeX 2.9\tex/generic/pgfplots/util
\pgfplotscolormap.code.tex"
("C:\Users\adestefa\AppData\Local\Programs\MiKTeX 2.9\tex/generic/pgfplots/util
\pgfplotscolor.code.tex"))
("C:\Users\adestefa\AppData\Local\Programs\MiKTeX 2.9\tex/generic/pgfplots\pgfp
lotsstackedplots.code.tex")
("C:\Users\adestefa\AppData\Local\Programs\MiKTeX 2.9\tex/generic/pgfplots\pgfp
lotsplothandlers.code.tex"
("C:\Users\adestefa\AppData\Local\Programs\MiKTeX 2.9\tex/generic/pgfplots\pgfp
lotsmeshplothandler.code.tex"
("C:\Users\adestefa\AppData\Local\Programs\MiKTeX 2.9\tex/generic/pgfplots\pgfp
lotsmeshplotimage.code.tex")))
("C:\Users\adestefa\AppData\Local\Programs\MiKTeX 2.9\tex/generic/pgfplots\pgfp
lots.scaling.code.tex")
("C:\Users\adestefa\AppData\Local\Programs\MiKTeX 2.9\tex/generic/pgfplots\pgfp
lotscoordprocessing.code.tex")
("C:\Users\adestefa\AppData\Local\Programs\MiKTeX 2.9\tex/generic/pgfplots\pgfp
lots.errorbars.code.tex")
("C:\Users\adestefa\AppData\Local\Programs\MiKTeX 2.9\tex/generic/pgfplots\pgfp
lots.markers.code.tex")
("C:\Users\adestefa\AppData\Local\Programs\MiKTeX 2.9\tex/generic/pgfplots\pgfp
lotsticks.code.tex")
("C:\Users\adestefa\AppData\Local\Programs\MiKTeX 2.9\tex/generic/pgfplots\pgfp
lots.paths.code.tex")
("C:\Users\adestefa\AppData\Local\Programs\MiKTeX 2.9\tex/generic/pgf/frontendl
ayer/tikz/libraries\tikzlibrarydecorations.code.tex"
("C:\Users\adestefa\AppData\Local\Programs\MiKTeX 2.9\tex/generic/pgf/modules\p
gfmoduledecorations.code.tex"
\pgfdecoratedcompleteddistance=\dimen300
\pgfdecoratedremainingdistance=\dimen301
\pgfdecoratedinputsegmentcompleteddistance=\dimen302
\pgfdecoratedinputsegmentremainingdistance=\dimen303
\pgf@decorate@distancetomove=\dimen304
\pgf@decorate@repeatstate=\count339
\pgfdecorationsegmentamplitude=\dimen305
\pgfdecorationsegmentlength=\dimen306
)
\tikz@lib@dec@box=\box78
)
("C:\Users\adestefa\AppData\Local\Programs\MiKTeX 2.9\tex/generic/pgf/frontendl
ayer/tikz/libraries\tikzlibrarydecorations.pathmorphing.code.tex"
("C:\Users\adestefa\AppData\Local\Programs\MiKTeX 2.9\tex/generic/pgf/libraries
/decorations\pgflibrarydecorations.pathmorphing.code.tex"))
("C:\Users\adestefa\AppData\Local\Programs\MiKTeX 2.9\tex/generic/pgf/frontendl
ayer/tikz/libraries\tikzlibrarydecorations.pathreplacing.code.tex"
("C:\Users\adestefa\AppData\Local\Programs\MiKTeX 2.9\tex/generic/pgf/libraries
/decorations\pgflibrarydecorations.pathreplacing.code.tex"))
\pgfplots@numplots=\count340
\pgfplots@xmin@reg=\dimen307
\pgfplots@xmax@reg=\dimen308
\pgfplots@ymin@reg=\dimen309
\pgfplots@ymax@reg=\dimen310
\pgfplots@zmin@reg=\dimen311
\pgfplots@zmax@reg=\dimen312
)
("C:\Users\adestefa\AppData\Local\Programs\MiKTeX 2.9\tex/generic/pgf/frontendl
ayer/tikz/libraries\tikzlibraryplotmarks.code.tex"
File: tikzlibraryplotmarks.code.tex 2020/01/08 v3.1.5b (3.1.5b)

("C:\Users\adestefa\AppData\Local\Programs\MiKTeX 2.9\tex/generic/pgf/libraries
\pgflibraryplotmarks.code.tex"
File: pgflibraryplotmarks.code.tex 2020/01/08 v3.1.5b (3.1.5b)
)))
("C:\Users\adestefa\AppData\Local\Programs\MiKTeX 2.9\tex/latex/placeins\placei
ns.sty"
Package: placeins 2005/04/18  v 2.2
)
("C:\Users\adestefa\AppData\Local\Programs\MiKTeX 2.9\tex/latex/natbib\natbib.s
ty"
Package: natbib 2010/09/13 8.31b (PWD, AO)
\bibhang=\skip69
\bibsep=\skip70
LaTeX Info: Redefining \cite on input line 694.
\c@NAT@ctr=\count341
)
Package hyperref Info: Option `colorlinks' set `true' on input line 55.

("C:\Users\adestefa\AppData\Local\Programs\MiKTeX 2.9\tex/latex/colortbl\colort
bl.sty"
Package: colortbl 2020/01/04 v1.0e Color table columns (DPC)
\everycr=\toks44
\minrowclearance=\skip71
)
\c@subsubsubsection=\count342
 (SolarCruiserTID_11months-DeStefano.aux)
\openout1 = `SolarCruiserTID_11months-DeStefano.aux'.

LaTeX Font Info:    Checking defaults for OML/cmm/m/it on input line 98.
LaTeX Font Info:    ... okay on input line 98.
LaTeX Font Info:    Checking defaults for OMS/cmsy/m/n on input line 98.
LaTeX Font Info:    ... okay on input line 98.
LaTeX Font Info:    Checking defaults for OT1/cmr/m/n on input line 98.
LaTeX Font Info:    ... okay on input line 98.
LaTeX Font Info:    Checking defaults for T1/cmr/m/n on input line 98.
LaTeX Font Info:    ... okay on input line 98.
LaTeX Font Info:    Checking defaults for TS1/cmr/m/n on input line 98.
LaTeX Font Info:    ... okay on input line 98.
LaTeX Font Info:    Checking defaults for OMX/cmex/m/n on input line 98.
LaTeX Font Info:    ... okay on input line 98.
LaTeX Font Info:    Checking defaults for U/mathx/m/n on input line 98.
LaTeX Font Info:    ... okay on input line 98.
LaTeX Font Info:    Checking defaults for PD1/pdf/m/n on input line 98.
LaTeX Font Info:    ... okay on input line 98.
LaTeX Font Info:    Trying to load font information for OT1+phv on input line 9
8.

("C:\Users\adestefa\AppData\Local\Programs\MiKTeX 2.9\tex/latex/psnfss\ot1phv.f
d"
File: ot1phv.fd 2001/06/04 scalable font definitions for OT1/phv.


LaTeX Warning: Font shape declaration has incorrect series value `mc'.
               It should not contain an `m'! Please correct it.
               Found on input line 21.


LaTeX Warning: Font shape declaration has incorrect series value `mc'.
               It should not contain an `m'! Please correct it.
               Found on input line 24.


LaTeX Warning: Font shape declaration has incorrect series value `mc'.
               It should not contain an `m'! Please correct it.
               Found on input line 27.


LaTeX Warning: Font shape declaration has incorrect series value `mc'.
               It should not contain an `m'! Please correct it.
               Found on input line 47.

)
("C:\Users\adestefa\AppData\Local\Programs\MiKTeX 2.9\tex/context/base/mkii\sup
p-pdf.mkii"
[Loading MPS to PDF converter (version 2006.09.02).]
\scratchcounter=\count343
\scratchdimen=\dimen313
\scratchbox=\box79
\nofMPsegments=\count344
\nofMParguments=\count345
\everyMPshowfont=\toks45
\MPscratchCnt=\count346
\MPscratchDim=\dimen314
\MPnumerator=\count347
\makeMPintoPDFobject=\count348
\everyMPtoPDFconversion=\toks46
)
("C:\Users\adestefa\AppData\Local\Programs\MiKTeX 2.9\tex/latex/epstopdf-pkg\ep
stopdf-base.sty"
Package: epstopdf-base 2020-01-24 v2.11 Base part for package epstopdf
Package epstopdf-base Info: Redefining graphics rule for `.eps' on input line 4
85.
)
Package caption Info: Begin \AtBeginDocument code.
Package caption Info: hyperref package is loaded.
Package caption Info: listings package is loaded.
Package caption Info: End \AtBeginDocument code.
\AtBeginShipoutBox=\box80

("C:\Users\adestefa\AppData\Local\Programs\MiKTeX 2.9\tex/latex/pdflscape\pdfls
cape.sty"
Package: pdflscape 2019/12/05 v0.12 Display of landscape pages in PDF (HO)
Package pdflscape Info: Auto-detected driver: pdftex on input line 81.
)
\c@lstlisting=\count349

("C:\Users\adestefa\AppData\Local\Programs\MiKTeX 2.9\tex/latex/translator\tran
slator-basic-dictionary-English.dict"
Dictionary: translator-basic-dictionary, Language: English 
)
("C:\Users\adestefa\AppData\Local\Programs\MiKTeX 2.9\tex/latex/siunitx\siunitx
-abbreviations.cfg"
File: siunitx-abbreviations.cfg 2017/11/26 v2.7k siunitx: Abbreviated units
)
Package hyperref Info: Link coloring ON on input line 98.

("C:\Users\adestefa\AppData\Local\Programs\MiKTeX 2.9\tex/latex/hyperref\namere
f.sty"
Package: nameref 2019/09/16 v2.46 Cross-referencing by name of section

("C:\Users\adestefa\AppData\Local\Programs\MiKTeX 2.9\tex/latex/refcount\refcou
nt.sty"
Package: refcount 2019/12/15 v3.6 Data extraction from label references (HO)
)
("C:\Users\adestefa\AppData\Local\Programs\MiKTeX 2.9\tex/generic/gettitlestrin
g\gettitlestring.sty"
Package: gettitlestring 2019/12/15 v1.6 Cleanup title references (HO)
)
\c@section@level=\count350
)
LaTeX Info: Redefining \ref on input line 98.
LaTeX Info: Redefining \pageref on input line 98.
LaTeX Info: Redefining \nameref on input line 98.
 (SolarCruiserTID_11months-DeStefano.out)
(SolarCruiserTID_11months-DeStefano.out)
\@outlinefile=\write4
\openout4 = `SolarCruiserTID_11months-DeStefano.out'.

 ABD: EveryShipout initializing macros

Package pgfplots Warning: running in backwards compatibility mode (unsuitable t
ick labels; missing features). Consider writing \pgfplotsset{compat=1.17} into 
your preamble.
 on input line 98.

(SolarCruiserTID_11months-DeStefano.toc)
\tf@toc=\write5
\openout5 = `SolarCruiserTID_11months-DeStefano.toc'.


(SolarCruiserTID_11months-DeStefano.lof [1

{C:/Users/adestefa/AppData/Local/MiKTeX/2.9/pdftex/config/pdftex.map}]
Overfull \hbox (1.78635pt too wide) in paragraph at lines 2--2
 [][] [][][]\OT1/phv/m/n/10 Left axis: Depth in Kap-ton vs. en-ergy for var-i-o
us dose-depth per-centiles. 
 []

LaTeX Font Info:    Font shape `OT1/phv/m/it' in size <10> not available
(Font)              Font shape `OT1/phv/m/sl' tried instead on input line 3.
)
\tf@lof=\write6
\openout6 = `SolarCruiserTID_11months-DeStefano.lof'.

 (SolarCruiserTID_11months-DeStefano.lot)
\tf@lot=\write7
\openout7 = `SolarCruiserTID_11months-DeStefano.lot'.


(SolarCruiserTID_11months-DeStefano.lol)
\tf@lol=\write8
\openout8 = `SolarCruiserTID_11months-DeStefano.lol'.

 [2] [1

]
Overfull \hbox (16.13623pt too wide) in paragraph at lines 140--147
 [][] 
 []

<../SRIM_setup.PNG, id=182, 591.71063pt x 485.56406pt>
File: ../SRIM_setup.PNG Graphic file (type png)
<use ../SRIM_setup.PNG>
Package pdftex.def Info: ../SRIM_setup.PNG  used on input line 157.
(pdftex.def)             Requested size: 375.0pt x 307.73701pt.
[2] [3 <../SRIM_setup.PNG>]
<../Bragg_peak_data/dose_depth_percentile_vs_energy.png, id=199, 578.16pt x 505
.89pt>
File: ../Bragg_peak_data/dose_depth_percentile_vs_energy.png Graphic file (type
 png)
<use ../Bragg_peak_data/dose_depth_percentile_vs_energy.png>
Package pdftex.def Info: ../Bragg_peak_data/dose_depth_percentile_vs_energy.png
  used on input line 169.
(pdftex.def)             Requested size: 356.24886pt x 311.71873pt.
<../Bragg_peak_data/comparison_dose_vs_energy.png, id=201, 462.528pt x 346.896p
t>
File: ../Bragg_peak_data/comparison_dose_vs_energy.png Graphic file (type png)
<use ../Bragg_peak_data/comparison_dose_vs_energy.png>
Package pdftex.def Info: ../Bragg_peak_data/comparison_dose_vs_energy.png  used
 on input line 178.
(pdftex.def)             Requested size: 337.49771pt x 253.13669pt.


LaTeX Warning: `!h' float specifier changed to `!ht'.

[4 <../Bragg_peak_data/dose_depth_percentile_vs_energy.png>] [5 <../Bragg_peak_
data/comparison_dose_vs_energy.png>]
LaTeX Font Info:    Trying to load font information for TS1+phv on input line 2
02.

("C:\Users\adestefa\AppData\Local\Programs\MiKTeX 2.9\tex/latex/psnfss\ts1phv.f
d"
File: ts1phv.fd 2001/06/04 scalable font definitions for TS1/phv.


LaTeX Warning: Font shape declaration has incorrect series value `mc'.
               It should not contain an `m'! Please correct it.
               Found on input line 17.


LaTeX Warning: Font shape declaration has incorrect series value `mc'.
               It should not contain an `m'! Please correct it.
               Found on input line 20.


LaTeX Warning: Font shape declaration has incorrect series value `mc'.
               It should not contain an `m'! Please correct it.
               Found on input line 34.

)
("C:\Users\adestefa\AppData\Local\Programs\MiKTeX 2.9\tex/latex/listings\lstlan
g1.sty"
File: lstlang1.sty 2019/09/10 1.8c listings language file
)
("C:\Users\adestefa\AppData\Local\Programs\MiKTeX 2.9\tex/latex/listings\lstmis
c.sty"
File: lstmisc.sty 2019/09/10 1.8c (Carsten Heinz)
) [6

] (../ESP-PSYCHIC/ESP-PSYCHIC_totalfluence_11-month_subL1.txt)
[7]
<../L2CPE/L2-CPE-Setup.PNG, id=285, 232.87pt x 243.40938pt>
File: ../L2CPE/L2-CPE-Setup.PNG Graphic file (type png)
<use ../L2CPE/L2-CPE-Setup.PNG>
Package pdftex.def Info: ../L2CPE/L2-CPE-Setup.PNG  used on input line 267.
(pdftex.def)             Requested size: 281.25pt x 294.00998pt.
 (../L2CPE/p95_sunward_solarwind_IMP_11month.txt [8

 <../L2CPE/L2-CPE-Setup.PNG>]) [9]
LaTeX Font Info:    Trying to load font information for T1+phv on input line 34
5.

("C:\Users\adestefa\AppData\Local\Programs\MiKTeX 2.9\tex/latex/psnfss\t1phv.fd
"
File: t1phv.fd 2001/06/04 scalable font definitions for T1/phv.


LaTeX Warning: Font shape declaration has incorrect series value `mc'.
               It should not contain an `m'! Please correct it.
               Found on input line 20.


LaTeX Warning: Font shape declaration has incorrect series value `mc'.
               It should not contain an `m'! Please correct it.
               Found on input line 23.


LaTeX Warning: Font shape declaration has incorrect series value `mc'.
               It should not contain an `m'! Please correct it.
               Found on input line 26.


LaTeX Warning: Font shape declaration has incorrect series value `mc'.
               It should not contain an `m'! Please correct it.
               Found on input line 46.

)
Overfull \hbox (8.98973pt too wide) detected at line 345
[]
 []

[10

] [11]
<../ESP-PSYCHIC_totalfluence_11-month_subL1_Differential_Dose_vs_Depth.png, id=
367, 410.67427pt x 354.66502pt>
File: ../ESP-PSYCHIC_totalfluence_11-month_subL1_Differential_Dose_vs_Depth.png
 Graphic file (type png)
<use ../ESP-PSYCHIC_totalfluence_11-month_subL1_Differential_Dose_vs_Depth.png>

Package pdftex.def Info: ../ESP-PSYCHIC_totalfluence_11-month_subL1_Differentia
l_Dose_vs_Depth.png  used on input line 376.
(pdftex.def)             Requested size: 356.24886pt x 307.67397pt.
<../ESP-PSYCHIC_totalfluence_11-month_subL1_Integral_Dose_vs_Depth.png, id=368,
 427.56738pt x 354.66502pt>
File: ../ESP-PSYCHIC_totalfluence_11-month_subL1_Integral_Dose_vs_Depth.png Gra
phic file (type png)
<use ../ESP-PSYCHIC_totalfluence_11-month_subL1_Integral_Dose_vs_Depth.png>
Package pdftex.def Info: ../ESP-PSYCHIC_totalfluence_11-month_subL1_Integral_Do
se_vs_Depth.png  used on input line 382.
(pdftex.def)             Requested size: 356.24886pt x 295.50836pt.
 [12 <../ESP-PSYCHIC_totalfluence_11-month_subL1_Differential_Dose_vs_Depth.png
>] [13 <../ESP-PSYCHIC_totalfluence_11-month_subL1_Integral_Dose_vs_Depth.png>]
<../ESP-PSYCHIC_totalfluence_11-month_subL1_Differential_Dose_vs_Energy.png, id
=379, 416.54622pt x 354.75536pt>
File: ../ESP-PSYCHIC_totalfluence_11-month_subL1_Differential_Dose_vs_Energy.pn
g Graphic file (type png)
<use ../ESP-PSYCHIC_totalfluence_11-month_subL1_Differential_Dose_vs_Energy.png
>
Package pdftex.def Info: ../ESP-PSYCHIC_totalfluence_11-month_subL1_Differentia
l_Dose_vs_Energy.png  used on input line 393.
(pdftex.def)             Requested size: 356.24886pt x 303.41098pt.
<../ESP-PSYCHIC_totalfluence_11-month_subL1_Integral_Dose_vs_Energy.png, id=380
, 410.67427pt x 354.75536pt>
File: ../ESP-PSYCHIC_totalfluence_11-month_subL1_Integral_Dose_vs_Energy.png Gr
aphic file (type png)
<use ../ESP-PSYCHIC_totalfluence_11-month_subL1_Integral_Dose_vs_Energy.png>
Package pdftex.def Info: ../ESP-PSYCHIC_totalfluence_11-month_subL1_Integral_Do
se_vs_Energy.png  used on input line 399.
(pdftex.def)             Requested size: 356.24886pt x 307.7523pt.
 [14

 <../ESP-PSYCHIC_totalfluence_11-month_subL1_Differential_Dose_vs_Energy.png>] 
[15 <../ESP-PSYCHIC_totalfluence_11-month_subL1_Integral_Dose_vs_Energy.png>]
<../L2-CPE_11-month_95-percentile_Differential_Dose_vs_Depth.png, id=395, 410.4
936pt x 354.66502pt>
File: ../L2-CPE_11-month_95-percentile_Differential_Dose_vs_Depth.png Graphic f
ile (type png)
<use ../L2-CPE_11-month_95-percentile_Differential_Dose_vs_Depth.png>
Package pdftex.def Info: ../L2-CPE_11-month_95-percentile_Differential_Dose_vs_
Depth.png  used on input line 417.
(pdftex.def)             Requested size: 356.24886pt x 307.81467pt.
<../L2-CPE_11-month_95-percentile_Integral_Dose_vs_Depth.png, id=396, 427.65773
pt x 354.66502pt>
File: ../L2-CPE_11-month_95-percentile_Integral_Dose_vs_Depth.png Graphic file 
(type png)
<use ../L2-CPE_11-month_95-percentile_Integral_Dose_vs_Depth.png>
Package pdftex.def Info: ../L2-CPE_11-month_95-percentile_Integral_Dose_vs_Dept
h.png  used on input line 423.
(pdftex.def)             Requested size: 356.24886pt x 295.44342pt.
 [16

 <../L2-CPE_11-month_95-percentile_Differential_Dose_vs_Depth.png>] [17 <../L2-
CPE_11-month_95-percentile_Integral_Dose_vs_Depth.png>]
<../L2-CPE_11-month_95-percentile_Differential_Dose_vs_Energy.png, id=408, 410.
58394pt x 354.75536pt>
File: ../L2-CPE_11-month_95-percentile_Differential_Dose_vs_Energy.png Graphic 
file (type png)
<use ../L2-CPE_11-month_95-percentile_Differential_Dose_vs_Energy.png>
Package pdftex.def Info: ../L2-CPE_11-month_95-percentile_Differential_Dose_vs_
Energy.png  used on input line 435.
(pdftex.def)             Requested size: 356.24886pt x 307.82268pt.
<../L2-CPE_11-month_95-percentile_Integral_Dose_vs_Energy.png, id=409, 415.0104
7pt x 354.75536pt>
File: ../L2-CPE_11-month_95-percentile_Integral_Dose_vs_Energy.png Graphic file
 (type png)
<use ../L2-CPE_11-month_95-percentile_Integral_Dose_vs_Energy.png>
Package pdftex.def Info: ../L2-CPE_11-month_95-percentile_Integral_Dose_vs_Ener
gy.png  used on input line 441.
(pdftex.def)             Requested size: 356.24886pt x 304.53151pt.
 [18

 <../L2-CPE_11-month_95-percentile_Differential_Dose_vs_Energy.png>] [19 <../L2
-CPE_11-month_95-percentile_Integral_Dose_vs_Energy.png>]
Overfull \hbox (0.70874pt too wide) in paragraph at lines 453--454
[]\OT1/phv/m/n/10 Before the low-energy back-ground so-lar wind was an-a-lyzed,
 it was un-clear whether
 []

[20

] (SolarCruiserTID_11months-DeStefano.bbl) [21

] [22]
(../L2CPE/FLX_PTNXPOS_SWMX_IMP.DAT
LaTeX Font Info:    Trying to load font information for OML+phv on input line 6
.

("C:\Users\adestefa\AppData\Local\Programs\MiKTeX 2.9\tex/latex/psnfss\omlphv.f
d"
File: omlphv.fd 
)
LaTeX Font Info:    Font shape `OML/phv/m/n' in size <8> not available
(Font)              Font shape `OML/cmm/m/it' tried instead on input line 6.
 [23] [24]
Overfull \hbox (77.0044pt too wide) in paragraph at lines 93--94
[][] 
 []

)

Package caption Warning: Unused \captionsetup[sub] on input line 28.
See the caption package documentation for explanation.

[25]
Package atveryend Info: Empty hook `BeforeClearDocument' on input line 511.
Package atveryend Info: Empty hook `AfterLastShipout' on input line 511.
 (SolarCruiserTID_11months-DeStefano.aux)
Package atveryend Info: Executing hook `AtVeryEndDocument' on input line 511.
Package atveryend Info: Executing hook `AtEndAfterFileList' on input line 511.
Package rerunfilecheck Info: File `SolarCruiserTID_11months-DeStefano.out' has 
not changed.
(rerunfilecheck)             Checksum: EAF890C92558696A3FB7AD7A39CE90C7;1255.
Package atveryend Info: Empty hook `AtVeryVeryEnd' on input line 511.
 ) 
Here is how much of TeX's memory you used:
 34879 strings out of 481292
 823069 string characters out of 2906380
 1744045 words of memory out of 3000000
 49524 multiletter control sequences out of 15000+200000
 564960 words of font info for 83 fonts, out of 3000000 for 9000
 1141 hyphenation exceptions out of 8191
 68i,18n,98p,1163b,2372s stack positions out of 5000i,500n,10000p,200000b,50000s
 <C:\Users\adestefa\AppData\Local\MiKTeX\2.9\fonts/pk/ljfour/public/mathabx/d
pi600\matha6.pk> <C:\Users\adestefa\AppData\Local\MiKTeX\2.9\fonts/pk/ljfour/pu
blic/mathabx/dpi600\matha5.pk> <C:\Users\adestefa\AppData\Local\MiKTeX\2.9\font
s/pk/ljfour/public/mathabx/dpi600\matha8.pk> <C:\Users\adestefa\AppData\Local\M
iKTeX\2.9\fonts/pk/ljfour/public/mathabx/dpi600\matha7.pk> <C:\Users\adestefa\A
ppData\Local\MiKTeX\2.9\fonts/pk/ljfour/public/mathabx/dpi600\matha10.pk> <C:\U
sers\adestefa\AppData\Local\MiKTeX\2.9\fonts/pk/ljfour/public/mathabx/dpi600\ma
thx10.pk>{C:/Users/adestefa/AppData/Local/Programs/MiKTeX 2.9/fonts/enc/dvips/b
ase/8r.enc}<C:/Users/adestefa/AppData/Local/Programs/MiKTeX 2.9/fonts/type1/pub
lic/amsfonts/cm/cmmi10.pfb><C:/Users/adestefa/AppData/Local/Programs/MiKTeX 2.9
/fonts/type1/public/amsfonts/cm/cmmi5.pfb><C:/Users/adestefa/AppData/Local/Prog
rams/MiKTeX 2.9/fonts/type1/public/amsfonts/cm/cmmi7.pfb><C:/Users/adestefa/App
Data/Local/Programs/MiKTeX 2.9/fonts/type1/public/amsfonts/cm/cmmi8.pfb><C:/Use
rs/adestefa/AppData/Local/Programs/MiKTeX 2.9/fonts/type1/public/amsfonts/cm/cm
r10.pfb><C:/Users/adestefa/AppData/Local/Programs/MiKTeX 2.9/fonts/type1/public
/amsfonts/cm/cmr5.pfb><C:/Users/adestefa/AppData/Local/Programs/MiKTeX 2.9/font
s/type1/public/amsfonts/cm/cmr7.pfb><C:/Users/adestefa/AppData/Local/Programs/M
iKTeX 2.9/fonts/type1/public/amsfonts/cm/cmr8.pfb><C:/Users/adestefa/AppData/Lo
cal/Programs/MiKTeX 2.9/fonts/type1/public/amsfonts/cm/cmss10.pfb><C:/Users/ade
stefa/AppData/Local/Programs/MiKTeX 2.9/fonts/type1/public/amsfonts/cm/cmtt8.pf
b><C:/Users/adestefa/AppData/Local/Programs/MiKTeX 2.9/fonts/type1/urw/helvetic
/uhvb8a.pfb><C:/Users/adestefa/AppData/Local/Programs/MiKTeX 2.9/fonts/type1/ur
w/helvetic/uhvr8a.pfb><C:/Users/adestefa/AppData/Local/Programs/MiKTeX 2.9/font
s/type1/urw/helvetic/uhvro8a.pfb>
Output written on SolarCruiserTID_11months-DeStefano.pdf (27 pages, 5533190 byt
es).
PDF statistics:
 681 PDF objects out of 1000 (max. 8388607)
 230 named destinations out of 1000 (max. 500000)
 217 words of extra memory for PDF output out of 10000 (max. 10000000)

