1 *****************************************
  *                                       *
  *             PROGRAM ITS               *
  * VERSION:  6.4.11                      *
  * DATE:     FEBRUARY 10, 2010           *
  *                                       *
  *           RONALD P. KENSEK            *
  *           BRIAN C. FRANKE             *
  *           THOMAS W. LAUB              *
  *     SANDIA NATIONAL LABORATORIES      *
  *                                       *
  *          TELEPHONE       EMAIL        *
  *KENSEK: 505-845-7642 rpkense@sandia.gov*
  *FRANKE: 505-845-7609 bcfrank@sandia.gov*
  *LAUB:   505-844-9142  twlaub@sandia.gov*
  *       FAX:      505-844-0092          *
  *                                       *
  *****************************************
  *             T I G E R                 *
  *            P C O D E S                *
  *               M P I                   *
  *              R N G 2                  *
  *****************************************
  NUMERICS INTERROGATION
  radix:        2
                     digits  minexp  maxexp
  default  integer       31
  selected long          63
  default  real          53   -1021    1024
  selected single        24    -125     128
  selected double        53   -1021    1024
  *****************************************
1***************************
 *   BEGIN READING INPUT   *
 ***************************
 ECHO 1
 TITLE
 Kapton 150.0 microns with L2-CPE V1.3 electron environment
 GEOMETRY 1
 
 4 50 0.015 * Kapton as RCD (cm)
 SPECTRUM 51
 * CDF converted from FLX_ELE_95_SWMX_IMP
 * Normalization constant = 4.0237256735e+09 #/cm^2/sec
 1.e+00
 9.9999999884e-01
 9.9999999705e-01
 9.9999999426e-01
 9.9999998993e-01
 9.9999998323e-01
 9.9999997280e-01
 9.9999995662e-01
 9.9999993143e-01
 9.9999989241e-01
 9.99999832e-01
 9.9999973776e-01
 9.9999959102e-01
 9.9999936170e-01
 9.9999900329e-01
 9.9999844311e-01
 9.9999757273e-01
 9.9999621139e-01
 9.9999409208e-01
 9.9999078586e-01
 9.9998561569e-01
 9.9997753736e-01
 9.9996486337e-01
 9.9994502023e-01
 9.9991386751e-01
 9.9986482507e-01
 9.9978745896e-01
 9.9966487771e-01
 9.9947034821e-01
 9.9915927664e-01
 9.9865903545e-01
 9.9783956275e-01
 9.9646591874e-01
 9.9412675165e-01
 9.9002731711e-01
 9.8276042012e-01
 9.7005163458e-01
 9.4850444000e-01
 9.1401194608e-01
 8.6257122916e-01
 7.9173720871e-01
 7.0265724590e-01
 6.0031842692e-01
 4.9230907557e-01
 3.8654888352e-01
 2.8953680275e-01
 2.0518297394e-01
 1.3492470512e-01
 7.8372639088e-02
 3.4039762593e-02
 0.e+00
 * energy (MeV)
 1.e+01
 7.2443579e+00
 5.2480747e+00
 3.8018933e+00
 2.754229e+00
 1.9952621e+00
 1.4454401000e+00
 1.0471285000e+00
 7.5857780000e-01
 5.495409e-01
 3.981071e-01
 2.884032e-01
 2.089296e-01
 1.513562e-01
 1.096478e-01
 7.94328e-02
 5.7544e-02
 4.16869e-02
 3.01995e-02
 2.18776e-02
 1.58489e-02
 1.14815e-02
 8.3176000000e-03
 6.0256e-03
 4.3652e-03
 3.1623000000e-03
 2.2909000000e-03
 1.6596e-03
 1.2023e-03
 8.71e-04
 6.31e-04
 4.571e-04
 3.311e-04
 2.399e-04
 1.7380000000e-04
 1.2590000000e-04
 9.1200000000e-05
 6.6100000000e-05
 4.79e-05
 3.47e-05
 2.51e-05
 1.8200000000e-05
 1.32e-05
 9.5e-06
 6.9e-06
 5.e-06
 3.6e-06
 2.6e-06
 1.9e-06
 1.4e-06
 1.e-06
 
 DIRECTION
  COSINE-LAW 0 90
 CUTOFFS 0.0006379724 0.001 * electron and photon cut-offs (MeV)
 
 * run size options
 HISTORIES-PER-BATCH 500000
 BATCHES 32000
0 EOF ON UNIT 50 BEGIN PROCESSING - INPUT FOR FINAL PROBLEM.
1****************************************
 *   BEGIN READING CROSS SECTION DATA   *
 ****************************************
0*******************                                                                        ********************
0NUMBER OF SETS IN FILE =   4

0MATERIAL      DENSITY       DETOUR        I(BL)
        1  2.70000E+00  7.40081E-01  1.66000E-04
        Z            A            W
       13  2.69815E+01  1.00000E+00
  ITRM  ISGN  ISUB  INAL  ICYC  NCYC  NMAX      EMAX           EMIN           RMAX       MMAX INDEX
     5     1     5     4     1     8   112  1.0000000E+01  6.1035156E-04  5.8628649E+00    33   121

0MATERIAL      DENSITY       DETOUR        I(BL)
        2  1.19000E+00  8.67793E-01  7.08716E-05
        Z            A            W
        1  1.00794E+00  8.05460E-02
        6  1.20110E+01  5.99848E-01
        8  1.59994E+01  3.19606E-01
  ITRM  ISGN  ISUB  INAL  ICYC  NCYC  NMAX      EMAX           EMIN           RMAX       MMAX INDEX
     5     1     3     4     1     8   112  1.0000000E+01  6.1035156E-04  5.1514554E+00    33   121

0MATERIAL      DENSITY       DETOUR        I(BL)
        3  2.15200E+00  8.21140E-01  1.03285E-04
        Z            A            W
        6  1.20110E+01  2.40180E-01
        9  1.89984E+01  7.59820E-01
  ITRM  ISGN  ISUB  INAL  ICYC  NCYC  NMAX      EMAX           EMIN           RMAX       MMAX INDEX
     5     1     3     4     1     8   112  1.0000000E+01  6.1035156E-04  5.8749185E+00    33   121

0MATERIAL      DENSITY       DETOUR        I(BL)
        4  1.42000E+00  8.60273E-01  7.95812E-05
        Z            A            W
        1  1.00794E+00  2.63620E-02
        6  1.20110E+01  6.91133E-01
        7  1.40067E+01  7.32700E-02
        8  1.59994E+01  2.09235E-01
  ITRM  ISGN  ISUB  INAL  ICYC  NCYC  NMAX      EMAX           EMIN           RMAX       MMAX INDEX
     5     1     3     4     1     8   112  1.0000000E+01  6.1035156E-04  5.4527462E+00    33   121
0 COLLISION / TOTAL DE/DX RATIOS                                         
0 CUMULATIVE BREMSSTRAHLUNG CROSS SECTIONS                               
0 CUMULATIVE BREMSSTRAHLUNG ANGULAR DISTRIBUTIONS                        
0 LANGAUSS - EQUIPROBABLE ENDPOINTS FOR INTERPOLATION                    
0 K X-RAY PRODUCTION                                                     
0 PHOTOELECTRON ANGULAR DISTRIBUTIONS                                    
0 PAIR ELECTRON ENERGY DIVISION DISTRIBUTION (LEAD)                      
0*******************
 *  PROCESS INPUT  *
 *******************
1*********************************************************
 *   COMPARISON OF STORAGE REQUIREMENTS VS ALLOCATIONS   *
 *********************************************************
0NUMBER OF MATERIALS ON CROSS SECTION FILE                                    / INMT    =          4  /           4
 MAXIMUM NUMBER OF ELEMENTS IN A PROBLEM MATERIAL                             / INEM    =          4  /           4
 LENGTH OF ELECTRON CROSS SECTION ENERGY GRID                                 / INMAX   =        112  /         112
 ELECTRON ENERGY GRID LENGTH FOR SAMPLING BREMS. PHOTON ENERGY                / IMTOP   =        113  /         113
 PHOTON ENERGY GRID LENGTH FOR SAMPLING BREMS. PHOTON ENERGY                  / IKTOP   =         89  /          89
 ELECTRON ANGLE GRID LENGTH FOR SAMPLING ELECTRON SCATTERING ANGLE            / IMMAX   =         33  /          33
 PHOTON ANGLE GRID LENGTH FOR SAMPLING BREMS. PHOTON ANGLE                    / INPANG  =         21  /          21
 PHOTON ENERGY GRID LENGTH FOR SAMPLING BREMS. PHOTON ANGLE                   / INRANG  =         34  /          34
 ELECTRON ENERGY GRID LENGTH FOR SAMPLING BREMS. PHOTON ANGLE                 / INTANG  =         29  /          29
 PHOTON ENERGY GRID LENGTH FOR SAMPLING PHOTO-ELECTRON DIRECTION              / INEEL   =         13  /          13
 ELECTRON ANGLE GRID LENGTH FOR SAMPLING PHOTO-ELECTRON DIRECTION             / INPEL   =         21  /          21
 PHOTON ENERGY GRID LENGTH FOR SAMPLING PAIR ELECTRON ENERGY                  / INEPS   =          9  /           9
 ELECTRON ENERGY GRID LENGTH FOR SAMPLING PAIR ELECTON ENERGY                 / INPPS   =         21  /          21
 GAUSSIAN FUNCTION GRID FOR SAMPLING ELECTRON ENERGY LOSS STRAGGLING          / INGAS   =       1000  /        1001
 LANDAU FUNCTION GRID FOR SAMPLING ELECTRON ENERGY LOSS STRAGGLING            / INLAN   =       5000  /        5001
 MAXIMUM NUMBER OF TABLES OF PHOTON CROSS SECTIONS                            / INTAB   =          2  /           2
 MAXIMUM LENGTH OF PHOTON CROSS SECTION TABLE                                 / IMTAX   =         64  /          64
 NUMBER OF ELECTRON ESCAPE ENERGY BINS                                        / IJMAX   =          0  /           0
 NUMBER OF PHOTON ESCAPE ENERGY BINS                                          / IJPMAX  =          0  /           0
 NUMBER OF ELECTRON ESCAPE POLAR ANGLE BINS                                   / IKMAX   =          0  /           0
 NUMBER OF PHOTON ESCAPE POLAR ANGLE BINS                                     / IKPMAX  =          0  /           0
 LENGTH OF SOURCE SPECTRUM ENERGY GRID                                        / IJSPEC  =         51  /          51
 NUMBER OF PULSE HEIGHT ENERGY BINS                                           / IJSMAX  =          0  /           0
 NUMBER OF ELECTRON FLUX ENERGY BINS                                          / IJFMAX  =          0  /           0
 NUMBER OF PHOTON FLUX ENERGY BINS                                            / IJFMXP  =          0  /           0
 NUMBER OF ELECTRON FLUX POLAR ANGLE BINS                                     / IKFMAX  =          0  /           0
 NUMBER OF PHOTON FLUX POLAR ANGLE BINS                                       / IKFMXP  =          0  /           0
 NUMBER OF ELECTRON FLUX ZONES                                                / INLF    =          0  /           0
 NUMBER OF PHOTON FLUX ZONES                                                  / INLFP   =          0  /           0
 SIZE OF DOUBLY DIFFERENTIAL BREMS DISTRIBUTION                               / NCHANG  =      20706  /       20706
 SIZE OF SINGLY DIFFERENTIAL BREMS DISTRIBUTION                               / NBDIS   =      10057  /       10057
 SIZE OF GOUDSMIT-SAUNDERSON ANGULAR DISTRIBUTION                             / NGG     =       3696  /        3696
 NUMBER OF PROBLEM ZONES                                                      / INIZON  =          1  /           1
 NUMBER OF PROBLEM SUB-ZONES                                                  / INSZON  =         50  /          50
 NUMBER OF UNIQUE ELEMENTS IN THE PROBLEM                                     / INZZ    =          6  /           6
 PROBABILITY ARRAY FOR SAMPLING PHOTO-IONIZATION ELEMENT INDEX                / NPPART  =        384  /         512
 PHOTON ENERGY ARRAY - SAMPLING PHOTO-IONIZATION ELEMENT INDEX                / NEB     =        128  /         128
 SIZE OF ARRAY FOR SAMPLING ELECTRON IMPACT IONIZATION SHELL                  / NSHEL   =        678  /         678
 PROBABILITY ARRAY FOR SAMPLING ELEMENT INDEX FOR ELECTRON IMPACT IONIZATION  / NEPART  =       2034  /        2712
1********************************
 *   GEOMETRY DEPENDENT INPUT   *
 ********************************
0GEOMETRY-DEPENDENT OPTIONS (T/F = FEATURE ON/OFF)
                   ELECTRON    ELECTRON      PHOTON SECONDARY SECONDARY                    
 INPUT               CUTOFF    TRAPPING     FORCING  ELECTRON    PHOTON     SCALE   RUSSIAN
  ZONE MATERIAL       (MEV)       (MEV)    FRACTION TRANSPORT TRANSPORT     BREMS  ROULETTE
     1        4   6.380E-04   6.380E-04   0.000E+00         T         T         F         F
0NUMBER OF MATERIAL LAYERS =    1
                      NO.     THICKNESS
 LAYER MATERIAL  SUBZONES          (CM)
     1        4        50   1.50000E-02
0BOUNDARIES IN GM/CM2
 2.13000E-02
0BOUNDARIES IN MULTIPLES OF ELECTRON CSDA RANGE
 3.90629E-03
1************************
 *  SOURCE INFORMATION  *
 ************************
0SOURCE ELECTRONS
0THE MAXIMUM SOURCE ENERGY IS     10.00000 MEV
0THE GLOBAL ELECTRON CUTOFF ENERGY IS     0.00064 MEV
0THE GLOBAL PHOTON CUTOFF ENERGY IS     0.00100 MEV
0SOURCE SPECTRUM
    51
0NORMALIZED CUMULATIVE SPECTRUM
     1.00000     1.00000     1.00000     1.00000     1.00000     1.00000
     1.00000     1.00000     1.00000     1.00000     1.00000     1.00000
     1.00000     1.00000     1.00000     1.00000     1.00000     1.00000
     0.99999     0.99999     0.99999     0.99998     0.99996     0.99995
     0.99991     0.99986     0.99979     0.99966     0.99947     0.99916
     0.99866     0.99784     0.99647     0.99413     0.99003     0.98276
     0.97005     0.94850     0.91401     0.86257     0.79174     0.70266
     0.60032     0.49231     0.38655     0.28954     0.20518     0.13492
     0.07837     0.03404     0.00000
0SPECTRAL ENERGIES (MEV)
    10.00000     7.24436     5.24807     3.80189     2.75423     1.99526
     1.44544     1.04713     0.75858     0.54954     0.39811     0.28840
     0.20893     0.15136     0.10965     0.07943     0.05754     0.04169
     0.03020     0.02188     0.01585     0.01148     0.00832     0.00603
     0.00437     0.00316     0.00229     0.00166     0.00120     0.00087
     0.00063     0.00046     0.00033     0.00024     0.00017     0.00013
     0.00009     0.00007     0.00005     0.00003     0.00003     0.00002
     0.00001     0.00001     0.00001     0.00001     0.00000     0.00000
     0.00000     0.00000     0.00000
0THE SOURCE PLANE IS LOCATED AT Z =  0.00000E+00 CM
0REFERENCE DIRECTION FOR ANGULAR DISTRIBUTION IS DEFINED BY
 THETA =      0.0000 DEGREES
0COSINE-LAW SOURCE BETWEEN      0.0000 AND     90.0000 DEGREES WITH RESPECT TO REFERENCE DIRECTION
1********************
 *  OUTPUT OPTIONS  *
 ********************
0THE STANDARD ERROR ESTIMATES ARE BASED ON  32000 BATCHES OF     500000 HISTORIES EACH
1**********************
 *  PHYSICAL OPTIONS  *
 **********************
0ELECTRON COLLISION AND RADIATION ENERGY LOSS STRAGGLING
0TERMINAL PROCESSING OF ELECTRONS INCLUDES KICKING
0KNOCK-ON ELECTRON PRODUCTION
0NO COUPLED INELASTIC SCATTERING DEFLECTIONS
0BREMSSTRAHLUNG INTRINSIC ANGLE OF EMISSION FROM TABULATED DISTRIBUTION
0COUPLED ELECTRON/PHOTON TRANSPORT
0       MATERIAL NO.  1
 ELECTRON RANGE AT MAXIMUM SOURCE ENERGY IS      5.86286E+00 (G/CM**2)
 K X-RAY QUANTA FOLLOWED
 ELECTRON IMPACT IONIZATION SAMPLED
0       MATERIAL NO.  2
 ELECTRON RANGE AT MAXIMUM SOURCE ENERGY IS      5.15146E+00 (G/CM**2)
 K X-RAY QUANTA NOT FOLLOWED
 ELECTRON IMPACT IONIZATION NOT SAMPLED
0       MATERIAL NO.  3
 ELECTRON RANGE AT MAXIMUM SOURCE ENERGY IS      5.87492E+00 (G/CM**2)
 K X-RAY QUANTA NOT FOLLOWED
 ELECTRON IMPACT IONIZATION SAMPLED
0       MATERIAL NO.  4
 ELECTRON RANGE AT MAXIMUM SOURCE ENERGY IS      5.45275E+00 (G/CM**2)
 K X-RAY QUANTA NOT FOLLOWED
 ELECTRON IMPACT IONIZATION NOT SAMPLED
0ANNIHILATION EVENTS ARE SPLIT BY A FACTOR OF    1.000E+00
 ANNIHILATION QUANTA FOLLOWED
1**parallel*************************
 * parallel processing information *
 **parallel*************************
   parallel static load distribution
   parallel number of processes =        4
   parallel master option       =        1
   parallel number of tasks     =        4 requested
   parallel intermediate print  =        1
   parallel allowed time factor =  0.00000E+00
 cycle    1 number of tasks    4 seed    1.9073486328125000E+13
  -subtask    0 seed =    1.9073486328125000E+13
  -subtask    1 seed =    2.5340779878409000E+13
  -subtask    2 seed =    7.5335646651557000E+13
  -subtask    3 seed =    7.9914847804369000E+13
  +subtask    0 nrn  =              620105.      time =             0.07
  +subtask    1 nrn  =              605405.      time =             0.07
  +subtask    2 nrn  =              605854.      time =             0.07
  +subtask    3 nrn  =              611391.      time =             0.06
 cycle    2 number of tasks    4 seed    2.8134729965389000E+13
  -subtask    0 seed =    2.8134729965389000E+13
  -subtask    1 seed =    2.2772761315580100E+14
  -subtask    2 seed =    9.4240574692149000E+13
  -subtask    3 seed =    2.5412469766659300E+14
  +subtask    0 nrn  =              616558.      time =             0.08
  +subtask    1 nrn  =              606927.      time =             0.07
  +subtask    2 nrn  =              622726.      time =             0.07
  +subtask    3 nrn  =              615391.      time =             0.06
 cycle    3 number of tasks    4 seed    1.4153209256406100E+14
  -subtask    0 seed =    1.4153209256406100E+14
  -subtask    1 seed =    2.4174235557530000E+12
  -subtask    2 seed =    1.1083091401491700E+14
  -subtask    3 seed =    1.3438510151025000E+13
  +subtask    0 nrn  =              606195.      time =             0.07
  +subtask    1 nrn  =              597459.      time =             0.06
  +subtask    2 nrn  =              609789.      time =             0.07
  +subtask    3 nrn  =              605944.      time =             0.06
 cycle    4 number of tasks    4 seed    2.2493734650122900E+14
  -subtask    0 seed =    2.2493734650122900E+14
  -subtask    1 seed =    1.9666712552664900E+14
  -subtask    2 seed =    2.7032919105928500E+14
  -subtask    3 seed =    1.5186708416096100E+14
  +subtask    0 nrn  =              612568.      time =             0.07
  +subtask    1 nrn  =              608655.      time =             0.06
  +subtask    2 nrn  =              618477.      time =             0.07
  +subtask    3 nrn  =              612845.      time =             0.07
 cycle    5 number of tasks    4 seed    7.6226803926909000E+13
  -subtask    0 seed =    7.6226803926909000E+13
  -subtask    1 seed =    4.4202814907721000E+13
  -subtask    2 seed =    1.9143442640101000E+13
  -subtask    3 seed =    3.1824430838545000E+13
  +subtask    0 nrn  =              605954.      time =             0.06
  +subtask    2 nrn  =              609691.      time =             0.06
  +subtask    3 nrn  =              606490.      time =             0.07
  +subtask    1 nrn  =              613478.      time =             0.07
 cycle    6 number of tasks    4 seed    2.1699280450599700E+14
  -subtask    0 seed =    2.1699280450599700E+14
  -subtask    1 seed =    1.9748597238553000E+13
  -subtask    2 seed =    1.8619604577266100E+14
  -subtask    3 seed =    1.9949722841072100E+14
  +subtask    0 nrn  =              616880.      time =             0.07
  +subtask    1 nrn  =              611334.      time =             0.07
  +subtask    2 nrn  =              613627.      time =             0.08
  +subtask    3 nrn  =              606633.      time =             0.08
 cycle    7 number of tasks    4 seed    2.6865909531458900E+14
  -subtask    0 seed =    2.6865909531458900E+14
  -subtask    1 seed =    2.2184352172900100E+14
  -subtask    2 seed =    5.5880127446789000E+13
  -subtask    3 seed =    7.6684842276017000E+13
  +subtask    0 nrn  =              610697.      time =             0.07
  +subtask    1 nrn  =              606787.      time =             0.07
  +subtask    2 nrn  =              607207.      time =             0.07
  +subtask    3 nrn  =              615396.      time =             0.07
 cycle    8 number of tasks    4 seed    2.6412624305325000E+13
  -subtask    0 seed =    2.6412624305325000E+13
  -subtask    1 seed =    1.7675476232850500E+14
  -subtask    2 seed =    1.3548328108533300E+14
  -subtask    3 seed =    2.4279237814758500E+14
  +subtask    0 nrn  =              607992.      time =             0.07
  +subtask    1 nrn  =              621227.      time =             0.07
  +subtask    2 nrn  =              603194.      time =             0.07
  +subtask    3 nrn  =              606096.      time =             0.06
 cycle    9 number of tasks    4 seed    3.5279451704765000E+13
  -subtask    0 seed =    3.5279451704765000E+13
  -subtask    1 seed =    2.5907690376461700E+14
  -subtask    2 seed =    4.8238084490533000E+13
  -subtask    3 seed =    1.4786371494561700E+14
  +subtask    0 nrn  =              600467.      time =             0.07
  +subtask    1 nrn  =              615037.      time =             0.07
  +subtask    2 nrn  =              608123.      time =             0.07
  +subtask    3 nrn  =              612081.      time =             0.07
 cycle   10 number of tasks    4 seed    1.6061610587028500E+14
  -subtask    0 seed =    1.6061610587028500E+14
  -subtask    1 seed =    3.6423306464345000E+13
  -subtask    2 seed =    2.7528012935262900E+14
  -subtask    3 seed =    1.4657888485648100E+14
  +subtask    0 nrn  =              614825.      time =             0.07
  +subtask    1 nrn  =              600008.      time =             0.07
  +subtask    3 nrn  =              617834.      time =             0.06
  +subtask    2 nrn  =              612404.      time =             0.07
 cycle   11 number of tasks    4 seed    5.5146911796957000E+13
  -subtask    0 seed =    5.5146911796957000E+13
  -subtask    1 seed =    1.4313615437597700E+14
  -subtask    2 seed =    7.5153393088690000E+12
  -subtask    3 seed =    6.4446422778865000E+13
  +subtask    0 nrn  =              611832.      time =             0.07
  +subtask    1 nrn  =              610819.      time =             0.07
  +subtask    2 nrn  =              595012.      time =             0.07
  +subtask    3 nrn  =              625833.      time =             0.07
 cycle   12 number of tasks    4 seed    2.7709509169943700E+14
  -subtask    0 seed =    2.7709509169943700E+14
  -subtask    1 seed =    9.6377706279673000E+13
  -subtask    2 seed =    9.2197845280725000E+13
  -subtask    3 seed =    1.1401943502598500E+14
  +subtask    0 nrn  =              597654.      time =             0.06
  +subtask    2 nrn  =              614584.      time =             0.06
  +subtask    3 nrn  =              625347.      time =             0.06
  +subtask    1 nrn  =              609632.      time =             0.07
 cycle   13 number of tasks    4 seed    9.5007065958370000E+12
  -subtask    0 seed =    9.5007065958370000E+12
  -subtask    1 seed =    2.7880165306313000E+13
  -subtask    2 seed =    1.5980484425661300E+14
  -subtask    3 seed =    4.8660446384529000E+13
  +subtask    0 nrn  =              617460.      time =             0.07
  +subtask    1 nrn  =              615686.      time =             0.07
  +subtask    2 nrn  =              602829.      time =             0.06
  +subtask    3 nrn  =              611247.      time =             0.06
 cycle   14 number of tasks    4 seed    2.0986635539610900E+14
  -subtask    0 seed =    2.0986635539610900E+14
  -subtask    1 seed =    1.0275957644431300E+14
  -subtask    2 seed =    1.9595291412888500E+14
  -subtask    3 seed =    2.3774645425097700E+14
  +subtask    0 nrn  =              610171.      time =             0.06
  +subtask    2 nrn  =              597540.      time =             0.07
  +subtask    3 nrn  =              609137.      time =             0.07
  +subtask    1 nrn  =              620957.      time =             0.07
 cycle   15 number of tasks    4 seed    3.0131444665629000E+13
  -subtask    0 seed =    3.0131444665629000E+13
  -subtask    1 seed =    3.4876042234985000E+13
  -subtask    2 seed =    1.8048574148485000E+13
  -subtask    3 seed =    2.0869356421201700E+14
  +subtask    0 nrn  =              625411.      time =             0.06
  +subtask    2 nrn  =              607992.      time =             0.06
  +subtask    3 nrn  =              625689.      time =             0.06
  +subtask    1 nrn  =              611540.      time =             0.07
 cycle   16 number of tasks    4 seed    1.3772617373726100E+14
  -subtask    0 seed =    1.3772617373726100E+14
  -subtask    1 seed =    2.7050206067410500E+14
  -subtask    2 seed =    1.1582713472923700E+14
  -subtask    3 seed =    2.4893444788057700E+14
  +subtask    0 nrn  =              614078.      time =             0.07
  +subtask    1 nrn  =              614301.      time =             0.07
  +subtask    2 nrn  =              605368.      time =             0.07
  +subtask    3 nrn  =              611028.      time =             0.07
 cycle   17 number of tasks    4 seed    8.2995088214589000E+13
  -subtask    0 seed =    8.2995088214589000E+13
  -subtask    1 seed =    1.8102961048295300E+14
  -subtask    2 seed =    2.7588191414826100E+14
  -subtask    3 seed =    2.1692553949000100E+14
  +subtask    0 nrn  =              601969.      time =             0.06
  +subtask    1 nrn  =              615802.      time =             0.06
  +subtask    2 nrn  =              615763.      time =             0.07
  +subtask    3 nrn  =              609133.      time =             0.06
 cycle   18 number of tasks    4 seed    1.7196812798574100E+14
  -subtask    0 seed =    1.7196812798574100E+14
  -subtask    1 seed =    1.0375781154521000E+13
  -subtask    2 seed =    2.2405547679237300E+14
  -subtask    3 seed =    7.9659832643873000E+13
  +subtask    0 nrn  =              612195.      time =             0.07
  +subtask    1 nrn  =              607781.      time =             0.07
  +subtask    2 nrn  =              600341.      time =             0.06
  +subtask    3 nrn  =              605495.      time =             0.07
 cycle   19 number of tasks    4 seed    2.7667619567087700E+14
  -subtask    0 seed =    2.7667619567087700E+14
  -subtask    1 seed =    1.7867364563805700E+14
  -subtask    2 seed =    1.5012671467461000E+13
  -subtask    3 seed =    2.1728603174155300E+14
  +subtask    0 nrn  =              600250.      time =             0.07
  +subtask    1 nrn  =              602610.      time =             0.07
  +subtask    2 nrn  =              611942.      time =             0.06
  +subtask    3 nrn  =              605639.      time =             0.07
 cycle   20 number of tasks    4 seed    7.7731296424813000E+13
  -subtask    0 seed =    7.7731296424813000E+13
  -subtask    1 seed =    1.3690069668389700E+14
  -subtask    2 seed =    2.7623677662011700E+14
  -subtask    3 seed =    2.7169958131628900E+14
  +subtask    0 nrn  =              609892.      time =             0.07
  +subtask    1 nrn  =              605484.      time =             0.06
  +subtask    2 nrn  =              610482.      time =             0.07
  +subtask    3 nrn  =              615189.      time =             0.07
 cycle   21 number of tasks    4 seed    1.9138065118015700E+14
  -subtask    0 seed =    1.9138065118015700E+14
  -subtask    1 seed =    2.3610967998317700E+14
  -subtask    2 seed =    1.9250086768101000E+13
  -subtask    3 seed =    2.4941534584424100E+14
  +subtask    0 nrn  =              620239.      time =             0.07
  +subtask    1 nrn  =              606994.      time =             0.07
  +subtask    3 nrn  =              617440.      time =             0.07
  +subtask    2 nrn  =              614596.      time =             0.08
 cycle   22 number of tasks    4 seed    3.3361511699085000E+13
  -subtask    0 seed =    3.3361511699085000E+13
  -subtask    1 seed =    9.7928082026521000E+13
  -subtask    2 seed =    1.7053849657560500E+14
  -subtask    3 seed =    1.4011960727459300E+14
  +subtask    0 nrn  =              610632.      time =             0.06
  +subtask    1 nrn  =              605078.      time =             0.06
  +subtask    2 nrn  =              609501.      time =             0.06
  +subtask    3 nrn  =              611383.      time =             0.06
 cycle   23 number of tasks    4 seed    3.5545426475421000E+13
  -subtask    0 seed =    3.5545426475421000E+13
  -subtask    1 seed =    1.9658265466647300E+14
  -subtask    2 seed =    2.2950803782861300E+14
  -subtask    3 seed =    6.9964700823985000E+13
  +subtask    0 nrn  =              615293.      time =             0.07
  +subtask    1 nrn  =              615954.      time =             0.07
  +subtask    3 nrn  =              608291.      time =             0.06
  +subtask    2 nrn  =              606590.      time =             0.07
 cycle   24 number of tasks    4 seed    1.7986851971217300E+14
  -subtask    0 seed =    1.7986851971217300E+14
  -subtask    1 seed =    1.6042686203052100E+14
  -subtask    2 seed =    7.5410025794100000E+11
  -subtask    3 seed =    2.2127448918016100E+14
  +subtask    0 nrn  =              603968.      time =             0.07
  +subtask    1 nrn  =              615228.      time =             0.06
  +subtask    2 nrn  =              599151.      time =             0.06
  +subtask    3 nrn  =              596218.      time =             0.07
 cycle   25 number of tasks    4 seed    2.0622052596294100E+14
  -subtask    0 seed =    2.0622052596294100E+14
  -subtask    1 seed =    2.8247198504841000E+13
  -subtask    2 seed =    2.7912120693712500E+14
  -subtask    3 seed =    1.0898011931220900E+14
  +subtask    0 nrn  =              615043.      time =             0.07
  +subtask    1 nrn  =              612859.      time =             0.07
  +subtask    2 nrn  =              609914.      time =             0.06
  +subtask    3 nrn  =              609560.      time =             0.06
 cycle   26 number of tasks    4 seed    6.9370876431565000E+13
  -subtask    0 seed =    6.9370876431565000E+13
  -subtask    1 seed =    1.8343846647842500E+14
  -subtask    2 seed =    9.0167292572853000E+13
  -subtask    3 seed =    1.2518467274947300E+14
  +subtask    0 nrn  =              611581.      time =             0.06
  +subtask    1 nrn  =              609346.      time =             0.06
  +subtask    2 nrn  =              609037.      time =             0.06
  +subtask    3 nrn  =              596413.      time =             0.06
 cycle   27 number of tasks    4 seed    4.8204381644765000E+13
  -subtask    0 seed =    4.8204381644765000E+13
  -subtask    1 seed =    1.1361154741354500E+14
  -subtask    2 seed =    5.6439659323461000E+13
  -subtask    3 seed =    2.3661857396350500E+14
  +subtask    0 nrn  =              598735.      time =             0.07
  +subtask    1 nrn  =              610647.      time =             0.07
  +subtask    2 nrn  =              613990.      time =             0.07
  +subtask    3 nrn  =              613431.      time =             0.06
 cycle   28 number of tasks    4 seed    2.6161397695486100E+14
  -subtask    0 seed =    2.6161397695486100E+14
  -subtask    1 seed =    6.7135560888250000E+12
  -subtask    2 seed =    2.7370786243195700E+14
  -subtask    3 seed =    4.8146005459777000E+13
  +subtask    0 nrn  =              606907.      time =             0.06
  +subtask    1 nrn  =              608032.      time =             0.06
  +subtask    2 nrn  =              612969.      time =             0.06
  +subtask    3 nrn  =              600601.      time =             0.06
 cycle   29 number of tasks    4 seed    1.6499522231549000E+13
  -subtask    0 seed =    1.6499522231549000E+13
  -subtask    1 seed =    1.8386881608212100E+14
  -subtask    2 seed =    2.0265209354198900E+14
  -subtask    3 seed =    1.0619551465844900E+14
  +subtask    0 nrn  =              610052.      time =             0.08
  +subtask    1 nrn  =              625353.      time =             0.08
  +subtask    2 nrn  =              614095.      time =             0.07
  +subtask    3 nrn  =              614551.      time =             0.08
 cycle   30 number of tasks    4 seed    2.0435030983246100E+14
  -subtask    0 seed =    2.0435030983246100E+14
  -subtask    1 seed =    7.2291668525721000E+13
  -subtask    2 seed =    2.5224840039243700E+14
  -subtask    3 seed =    2.6951462448816100E+14
  +subtask    0 nrn  =              610646.      time =             0.08
  +subtask    2 nrn  =              600481.      time =             0.08
  +subtask    3 nrn  =              600604.      time =             0.08
  +subtask    1 nrn  =              610347.      time =             0.08
 cycle   31 number of tasks    4 seed    2.5472648166761300E+14
  -subtask    0 seed =    2.5472648166761300E+14
  -subtask    1 seed =    2.5702056553712900E+14
  -subtask    2 seed =    1.0093265290458100E+14
  -subtask    3 seed =    2.8112497295850000E+12
  +subtask    0 nrn  =              608073.      time =             0.07
  +subtask    1 nrn  =              602812.      time =             0.07
  +subtask    2 nrn  =              626730.      time =             0.08
  +subtask    3 nrn  =              618771.      time =             0.08
 cycle   32 number of tasks    4 seed    1.2883230709201300E+14
  -subtask    0 seed =    1.2883230709201300E+14
  -subtask    1 seed =    8.9789496568890000E+12
  -subtask    2 seed =    8.6415512714517000E+13
  -subtask    3 seed =    2.9768519665281000E+13
  +subtask    0 nrn  =              607587.      time =             0.08
  +subtask    1 nrn  =              624577.      time =             0.07
  +subtask    2 nrn  =              614131.      time =             0.07
  +subtask    3 nrn  =              608126.      time =             0.07
 cycle   33 number of tasks    4 seed    2.4486253881017300E+14
  -subtask    0 seed =    2.4486253881017300E+14
  -subtask    1 seed =    8.7640657560073000E+13
  -subtask    2 seed =    1.3680923247581300E+14
  -subtask    3 seed =    1.2514856154465700E+14
  +subtask    0 nrn  =              606037.      time =             0.08
  +subtask    1 nrn  =              598257.      time =             0.07
  +subtask    3 nrn  =              607591.      time =             0.08
  +subtask    2 nrn  =              605865.      time =             0.08
 cycle   34 number of tasks    4 seed    1.7481613888340500E+14
  -subtask    0 seed =    1.7481613888340500E+14
  -subtask    1 seed =    7.9594460029913000E+13
  -subtask    2 seed =    2.7222261838571700E+14
  -subtask    3 seed =    2.1390260449232100E+14
  +subtask    0 nrn  =              621103.      time =             0.07
  +subtask    1 nrn  =              606153.      time =             0.07
  +subtask    3 nrn  =              604730.      time =             0.07
  +subtask    2 nrn  =              609444.      time =             0.08
 cycle   35 number of tasks    4 seed    9.8986182816861000E+13
  -subtask    0 seed =    9.8986182816861000E+13
  -subtask    1 seed =    1.9031620010154500E+14
  -subtask    2 seed =    6.1790636527813000E+13
  -subtask    3 seed =    1.8737530840254500E+14
  +subtask    0 nrn  =              606742.      time =             0.08
  +subtask    2 nrn  =              594123.      time =             0.08
  +subtask    3 nrn  =              606076.      time =             0.08
  +subtask    1 nrn  =              598755.      time =             0.09
 cycle   36 number of tasks    4 seed    2.4760510276311700E+14
  -subtask    0 seed =    2.4760510276311700E+14
  -subtask    1 seed =    3.7691989346490000E+12
  -subtask    2 seed =    1.2504934597870900E+14
  -subtask    3 seed =    1.5642943920577000E+13
  +subtask    0 nrn  =              605421.      time =             0.09
  +subtask    1 nrn  =              610833.      time =             0.07
  +subtask    2 nrn  =              609328.      time =             0.08
  +subtask    3 nrn  =              612525.      time =             0.07
 cycle   37 number of tasks    4 seed    1.4206873696637000E+13
  -subtask    0 seed =    1.4206873696637000E+13
  -subtask    1 seed =    1.5516422591674500E+14
  -subtask    2 seed =    2.1596126515581300E+14
  -subtask    3 seed =    1.5324439260433000E+13
  +subtask    0 nrn  =              619191.      time =             0.08
  +subtask    1 nrn  =              617260.      time =             0.08
  +subtask    2 nrn  =              599253.      time =             0.07
  +subtask    3 nrn  =              612689.      time =             0.07
 cycle   38 number of tasks    4 seed    7.7752118582157000E+13
  -subtask    0 seed =    7.7752118582157000E+13
  -subtask    1 seed =    5.5908011430650000E+12
  -subtask    2 seed =    1.1771922080395700E+14
  -subtask    3 seed =    2.7706343607331300E+14
  +subtask    0 nrn  =              616211.      time =             0.09
  +subtask    1 nrn  =              618057.      time =             0.08
  +subtask    2 nrn  =              608419.      time =             0.08
  +subtask    3 nrn  =              600108.      time =             0.07
 cycle   39 number of tasks    4 seed    2.4926689934198100E+14
  -subtask    0 seed =    2.4926689934198100E+14
  -subtask    1 seed =    2.5755500123645700E+14
  -subtask    2 seed =    2.1034963714309000E+13
  -subtask    3 seed =    2.1133442939665700E+14
  +subtask    0 nrn  =              610924.      time =             0.09
  +subtask    2 nrn  =              605851.      time =             0.07
  +subtask    3 nrn  =              612863.      time =             0.07
  +subtask    1 nrn  =              601279.      time =             0.10
 cycle   40 number of tasks    4 seed    2.3865653767853000E+13
  -subtask    0 seed =    2.3865653767853000E+13
  -subtask    1 seed =    2.6044141548473000E+13
  -subtask    2 seed =    2.2516507862363700E+14
  -subtask    3 seed =    1.9803678307046500E+14
  +subtask    0 nrn  =              618078.      time =             0.08
  +subtask    2 nrn  =              619275.      time =             0.07
  +subtask    1 nrn  =              604679.      time =             0.09
  +subtask    3 nrn  =              611570.      time =             0.09
 cycle   41 number of tasks    4 seed    2.1695494389090000E+12
  -subtask    0 seed =    2.1695494389090000E+12
  -subtask    1 seed =    2.4353862757513000E+13
  -subtask    2 seed =    5.3174992897829000E+13
  -subtask    3 seed =    2.5679061043310500E+14
  +subtask    0 nrn  =              604404.      time =             0.09
  +subtask    1 nrn  =              605984.      time =             0.08
  +subtask    2 nrn  =              611567.      time =             0.09
  +subtask    3 nrn  =              611664.      time =             0.09
 cycle   42 number of tasks    4 seed    4.1847939044813000E+13
  -subtask    0 seed =    4.1847939044813000E+13
  -subtask    1 seed =    6.9375919298137000E+13
  -subtask    2 seed =    7.3166501021109000E+13
  -subtask    3 seed =    7.7117699302561000E+13
  +subtask    0 nrn  =              606081.      time =             0.10
  +subtask    1 nrn  =              616735.      time =             0.07
  +subtask    2 nrn  =              612062.      time =             0.09
  +subtask    3 nrn  =              616621.      time =             0.07
 cycle   43 number of tasks    4 seed    3.8813756113117000E+13
  -subtask    0 seed =    3.8813756113117000E+13
  -subtask    1 seed =    2.4894293688617000E+13
  -subtask    2 seed =    4.2188916162885000E+13
  -subtask    3 seed =    2.5086355488241000E+13
  +subtask    0 nrn  =              598552.      time =             0.11
  +subtask    1 nrn  =              622493.      time =             0.10
  +subtask    2 nrn  =              604539.      time =             0.11
  +subtask    3 nrn  =              614876.      time =             0.10
 cycle   44 number of tasks    4 seed    1.6916249672522900E+14
  -subtask    0 seed =    1.6916249672522900E+14
  -subtask    1 seed =    3.5661967981817000E+13
  -subtask    2 seed =    2.0262447526958900E+14
  -subtask    3 seed =    1.9337330818668900E+14
  +subtask    0 nrn  =              603216.      time =             0.08
  +subtask    2 nrn  =              608576.      time =             0.08
  +subtask    1 nrn  =              610071.      time =             0.08
  +subtask    3 nrn  =              605421.      time =             0.08
 cycle   45 number of tasks    4 seed    1.6222732955391700E+14
  -subtask    0 seed =    1.6222732955391700E+14
  -subtask    1 seed =    4.1019765103049000E+13
  -subtask    2 seed =    2.0811601334666100E+14
  -subtask    3 seed =    3.5550034987921000E+13
  +subtask    0 nrn  =              605211.      time =             0.07
  +subtask    1 nrn  =              609216.      time =             0.07
  +subtask    3 nrn  =              609952.      time =             0.07
  +subtask    2 nrn  =              604439.      time =             0.07
 cycle   46 number of tasks    4 seed    1.1231516024845000E+13
  -subtask    0 seed =    1.1231516024845000E+13
  -subtask    1 seed =    2.6927796832860100E+14
  -subtask    2 seed =    1.2475352848843700E+14
  -subtask    3 seed =    1.5426151395324900E+14
  +subtask    0 nrn  =              606072.      time =             0.07
  +subtask    1 nrn  =              623663.      time =             0.07
  +subtask    2 nrn  =              597479.      time =             0.07
  +subtask    3 nrn  =              607458.      time =             0.07
 cycle   47 number of tasks    4 seed    1.3050968221263700E+14
  -subtask    0 seed =    1.3050968221263700E+14
  -subtask    1 seed =    9.7513789005850000E+12
  -subtask    2 seed =    1.6845365809541000E+13
  -subtask    3 seed =    2.3080623952619300E+14
  +subtask    0 nrn  =              620448.      time =             0.07
  +subtask    2 nrn  =              606151.      time =             0.06
  +subtask    3 nrn  =              619861.      time =             0.07
  +subtask    1 nrn  =              605011.      time =             0.07
 cycle   48 number of tasks    4 seed    1.4975056270212500E+14
  -subtask    0 seed =    1.4975056270212500E+14
  -subtask    1 seed =    6.9443612431929000E+13
  -subtask    2 seed =    1.5984477057384500E+14
  -subtask    3 seed =    2.5619225162227300E+14
  +subtask    0 nrn  =              599154.      time =             0.08
  +subtask    2 nrn  =              613969.      time =             0.08
  +subtask    1 nrn  =              614188.      time =             0.08
  +subtask    3 nrn  =              610929.      time =             0.08
 cycle   49 number of tasks    4 seed    6.7475564575805000E+13
  -subtask    0 seed =    6.7475564575805000E+13
  -subtask    1 seed =    1.8485665219149700E+14
  -subtask    2 seed =    1.9348059423734900E+14
  -subtask    3 seed =    2.8050932392417700E+14
  +subtask    0 nrn  =              599987.      time =             0.07
  +subtask    1 nrn  =              611429.      time =             0.08
  +subtask    2 nrn  =              614784.      time =             0.07
  +subtask    3 nrn  =              611586.      time =             0.08
 cycle   50 number of tasks    4 seed    6.8305576426061000E+13
  -subtask    0 seed =    6.8305576426061000E+13
  -subtask    1 seed =    2.6777545351394500E+14
  -subtask    2 seed =    7.1962933218869000E+13
  -subtask    3 seed =    1.4268779814377700E+14
