1 *****************************************
  *                                       *
  *             PROGRAM ITS               *
  * VERSION:  6.4.11                      *
  * DATE:     FEBRUARY 10, 2010           *
  *                                       *
  *           RONALD P. KENSEK            *
  *           BRIAN C. FRANKE             *
  *           THOMAS W. LAUB              *
  *     SANDIA NATIONAL LABORATORIES      *
  *                                       *
  *          TELEPHONE       EMAIL        *
  *KENSEK: 505-845-7642 rpkense@sandia.gov*
  *FRANKE: 505-845-7609 bcfrank@sandia.gov*
  *LAUB:   505-844-9142  twlaub@sandia.gov*
  *       FAX:      505-844-0092          *
  *                                       *
  *****************************************
  *             T I G E R                 *
  *            P C O D E S                *
  *               M P I                   *
  *              R N G 2                  *
  *****************************************
  NUMERICS INTERROGATION
  radix:        2
                     digits  minexp  maxexp
  default  integer       31
  selected long          63
  default  real          53   -1021    1024
  selected single        24    -125     128
  selected double        53   -1021    1024
  *****************************************
1***************************
 *   BEGIN READING INPUT   *
 ***************************
 ECHO 1
 TITLE
 Kapton 4545219.377603454 microns with 1.e+03 MeV mono-energetic electron environment
 GEOMETRY 1
 
 4 50 454.52193776034534 * Kapton as RCD (cm)
 ************************* SOURCE ********************************
 * energy (MeV)
 ELECTRONS
 ENERGY 1000.0
 
 DIRECTION
  COSINE-LAW 0 90
 CUTOFFS 1.0 1.0 * electron and photon cut-offs (MeV)
 
 * run size options
 HISTORIES-PER-BATCH 5000
 BATCHES 320
0 EOF ON UNIT 50 BEGIN PROCESSING - INPUT FOR FINAL PROBLEM.
1****************************************
 *   BEGIN READING CROSS SECTION DATA   *
 ****************************************
0*******************                                                                        ********************
0NUMBER OF SETS IN FILE =   4

0MATERIAL      DENSITY       DETOUR        I(BL)
        1  2.70000E+00  7.40081E-01  1.66000E-04
        Z            A            W
       13  2.69815E+01  1.00000E+00
  ITRM  ISGN  ISUB  INAL  ICYC  NCYC  NMAX      EMAX           EMIN           RMAX       MMAX INDEX
     5     1     5     4     1     8   168  1.0000000E+03  4.7683716E-04  8.1817757E+01    33   121

0MATERIAL      DENSITY       DETOUR        I(BL)
        2  1.19000E+00  8.67793E-01  7.08716E-05
        Z            A            W
        1  1.00794E+00  8.05460E-02
        6  1.20110E+01  5.99848E-01
        8  1.59994E+01  3.19606E-01
  ITRM  ISGN  ISUB  INAL  ICYC  NCYC  NMAX      EMAX           EMIN           RMAX       MMAX INDEX
     5     1     3     4     1     8   168  1.0000000E+03  4.7683716E-04  1.0885826E+02    33   121

0MATERIAL      DENSITY       DETOUR        I(BL)
        3  2.15200E+00  8.21140E-01  1.03285E-04
        Z            A            W
        6  1.20110E+01  2.40180E-01
        9  1.89984E+01  7.59820E-01
  ITRM  ISGN  ISUB  INAL  ICYC  NCYC  NMAX      EMAX           EMIN           RMAX       MMAX INDEX
     5     1     3     4     1     8   168  1.0000000E+03  4.7683716E-04  1.0427507E+02    33   121

0MATERIAL      DENSITY       DETOUR        I(BL)
        4  1.42000E+00  8.60273E-01  7.95812E-05
        Z            A            W
        1  1.00794E+00  2.63620E-02
        6  1.20110E+01  6.91133E-01
        7  1.40067E+01  7.32700E-02
        8  1.59994E+01  2.09235E-01
  ITRM  ISGN  ISUB  INAL  ICYC  NCYC  NMAX      EMAX           EMIN           RMAX       MMAX INDEX
     5     1     3     4     1     8   168  1.0000000E+03  4.7683716E-04  1.1130249E+02    33   121
0 COLLISION / TOTAL DE/DX RATIOS                                         
0 CUMULATIVE BREMSSTRAHLUNG CROSS SECTIONS                               
0 CUMULATIVE BREMSSTRAHLUNG ANGULAR DISTRIBUTIONS                        
0 LANGAUSS - EQUIPROBABLE ENDPOINTS FOR INTERPOLATION                    
0 K X-RAY PRODUCTION                                                     
0 PHOTOELECTRON ANGULAR DISTRIBUTIONS                                    
0 PAIR ELECTRON ENERGY DIVISION DISTRIBUTION (LEAD)                      
0*******************
 *  PROCESS INPUT  *
 *******************
1*********************************************************
 *   COMPARISON OF STORAGE REQUIREMENTS VS ALLOCATIONS   *
 *********************************************************
0NUMBER OF MATERIALS ON CROSS SECTION FILE                                    / INMT    =          4  /           4
 MAXIMUM NUMBER OF ELEMENTS IN A PROBLEM MATERIAL                             / INEM    =          4  /           4
 LENGTH OF ELECTRON CROSS SECTION ENERGY GRID                                 / INMAX   =        168  /         448
 ELECTRON ENERGY GRID LENGTH FOR SAMPLING BREMS. PHOTON ENERGY                / IMTOP   =        169  /         449
 PHOTON ENERGY GRID LENGTH FOR SAMPLING BREMS. PHOTON ENERGY                  / IKTOP   =         89  /          89
 ELECTRON ANGLE GRID LENGTH FOR SAMPLING ELECTRON SCATTERING ANGLE            / IMMAX   =         33  /          33
 PHOTON ANGLE GRID LENGTH FOR SAMPLING BREMS. PHOTON ANGLE                    / INPANG  =         21  /          21
 PHOTON ENERGY GRID LENGTH FOR SAMPLING BREMS. PHOTON ANGLE                   / INRANG  =         34  /          34
 ELECTRON ENERGY GRID LENGTH FOR SAMPLING BREMS. PHOTON ANGLE                 / INTANG  =         43  /         113
 PHOTON ENERGY GRID LENGTH FOR SAMPLING PHOTO-ELECTRON DIRECTION              / INEEL   =         13  /          13
 ELECTRON ANGLE GRID LENGTH FOR SAMPLING PHOTO-ELECTRON DIRECTION             / INPEL   =         21  /          21
 PHOTON ENERGY GRID LENGTH FOR SAMPLING PAIR ELECTRON ENERGY                  / INEPS   =          9  /           9
 ELECTRON ENERGY GRID LENGTH FOR SAMPLING PAIR ELECTON ENERGY                 / INPPS   =         21  /          21
 GAUSSIAN FUNCTION GRID FOR SAMPLING ELECTRON ENERGY LOSS STRAGGLING          / INGAS   =       1000  /        1001
 LANDAU FUNCTION GRID FOR SAMPLING ELECTRON ENERGY LOSS STRAGGLING            / INLAN   =       5000  /        5001
 MAXIMUM NUMBER OF TABLES OF PHOTON CROSS SECTIONS                            / INTAB   =          2  /           2
 MAXIMUM LENGTH OF PHOTON CROSS SECTION TABLE                                 / IMTAX   =         64  /          64
 NUMBER OF ELECTRON ESCAPE ENERGY BINS                                        / IJMAX   =          0  /           0
 NUMBER OF PHOTON ESCAPE ENERGY BINS                                          / IJPMAX  =          0  /           0
 NUMBER OF ELECTRON ESCAPE POLAR ANGLE BINS                                   / IKMAX   =          0  /           0
 NUMBER OF PHOTON ESCAPE POLAR ANGLE BINS                                     / IKPMAX  =          0  /           0
 LENGTH OF SOURCE SPECTRUM ENERGY GRID                                        / IJSPEC  =          0  /           0
 NUMBER OF PULSE HEIGHT ENERGY BINS                                           / IJSMAX  =          0  /           0
 NUMBER OF ELECTRON FLUX ENERGY BINS                                          / IJFMAX  =          0  /           0
 NUMBER OF PHOTON FLUX ENERGY BINS                                            / IJFMXP  =          0  /           0
 NUMBER OF ELECTRON FLUX POLAR ANGLE BINS                                     / IKFMAX  =          0  /           0
 NUMBER OF PHOTON FLUX POLAR ANGLE BINS                                       / IKFMXP  =          0  /           0
 NUMBER OF ELECTRON FLUX ZONES                                                / INLF    =          0  /           0
 NUMBER OF PHOTON FLUX ZONES                                                  / INLFP   =          0  /           0
 SIZE OF DOUBLY DIFFERENTIAL BREMS DISTRIBUTION                               / NCHANG  =      30702  /       80682
 SIZE OF SINGLY DIFFERENTIAL BREMS DISTRIBUTION                               / NBDIS   =      15041  /       39961
 SIZE OF GOUDSMIT-SAUNDERSON ANGULAR DISTRIBUTION                             / NGG     =       5544  /       14784
 NUMBER OF PROBLEM ZONES                                                      / INIZON  =          1  /           1
 NUMBER OF PROBLEM SUB-ZONES                                                  / INSZON  =         50  /          50
 NUMBER OF UNIQUE ELEMENTS IN THE PROBLEM                                     / INZZ    =          6  /           6
 PROBABILITY ARRAY FOR SAMPLING PHOTO-IONIZATION ELEMENT INDEX                / NPPART  =        384  /         512
 PHOTON ENERGY ARRAY - SAMPLING PHOTO-IONIZATION ELEMENT INDEX                / NEB     =        128  /         128
 SIZE OF ARRAY FOR SAMPLING ELECTRON IMPACT IONIZATION SHELL                  / NSHEL   =       1014  /        2694
 PROBABILITY ARRAY FOR SAMPLING ELEMENT INDEX FOR ELECTRON IMPACT IONIZATION  / NEPART  =       3042  /       10776
1********************************
 *   GEOMETRY DEPENDENT INPUT   *
 ********************************
0GEOMETRY-DEPENDENT OPTIONS (T/F = FEATURE ON/OFF)
                   ELECTRON    ELECTRON      PHOTON SECONDARY SECONDARY                    
 INPUT               CUTOFF    TRAPPING     FORCING  ELECTRON    PHOTON     SCALE   RUSSIAN
  ZONE MATERIAL       (MEV)       (MEV)    FRACTION TRANSPORT TRANSPORT     BREMS  ROULETTE
     1        4   1.000E+00   1.000E+00   0.000E+00         T         T         F         F
0NUMBER OF MATERIAL LAYERS =    1
                      NO.     THICKNESS
 LAYER MATERIAL  SUBZONES          (CM)
     1        4        50   4.54522E+02
0BOUNDARIES IN GM/CM2
 6.45421E+02
0BOUNDARIES IN MULTIPLES OF ELECTRON CSDA RANGE
 5.79880E+00
1************************
 *  SOURCE INFORMATION  *
 ************************
0SOURCE ELECTRONS
0THE MAXIMUM SOURCE ENERGY IS   1000.00000 MEV
0THE GLOBAL ELECTRON CUTOFF ENERGY IS     1.00000 MEV
0THE GLOBAL PHOTON CUTOFF ENERGY IS     1.00000 MEV
0THE SOURCE PLANE IS LOCATED AT Z =  0.00000E+00 CM
0REFERENCE DIRECTION FOR ANGULAR DISTRIBUTION IS DEFINED BY
 THETA =      0.0000 DEGREES
0COSINE-LAW SOURCE BETWEEN      0.0000 AND     90.0000 DEGREES WITH RESPECT TO REFERENCE DIRECTION
1********************
 *  OUTPUT OPTIONS  *
 ********************
0THE STANDARD ERROR ESTIMATES ARE BASED ON    320 BATCHES OF       5000 HISTORIES EACH
1**********************
 *  PHYSICAL OPTIONS  *
 **********************
0ELECTRON COLLISION AND RADIATION ENERGY LOSS STRAGGLING
0TERMINAL PROCESSING OF ELECTRONS INCLUDES KICKING
0KNOCK-ON ELECTRON PRODUCTION
0NO COUPLED INELASTIC SCATTERING DEFLECTIONS
0BREMSSTRAHLUNG INTRINSIC ANGLE OF EMISSION FROM TABULATED DISTRIBUTION
0COUPLED ELECTRON/PHOTON TRANSPORT
0       MATERIAL NO.  1
 ELECTRON RANGE AT MAXIMUM SOURCE ENERGY IS      8.18178E+01 (G/CM**2)
 K X-RAY QUANTA NOT FOLLOWED
 ELECTRON IMPACT IONIZATION NOT SAMPLED
0       MATERIAL NO.  2
 ELECTRON RANGE AT MAXIMUM SOURCE ENERGY IS      1.08858E+02 (G/CM**2)
 K X-RAY QUANTA NOT FOLLOWED
 ELECTRON IMPACT IONIZATION NOT SAMPLED
0       MATERIAL NO.  3
 ELECTRON RANGE AT MAXIMUM SOURCE ENERGY IS      1.04275E+02 (G/CM**2)
 K X-RAY QUANTA NOT FOLLOWED
 ELECTRON IMPACT IONIZATION NOT SAMPLED
0       MATERIAL NO.  4
 ELECTRON RANGE AT MAXIMUM SOURCE ENERGY IS      1.11302E+02 (G/CM**2)
 K X-RAY QUANTA NOT FOLLOWED
 ELECTRON IMPACT IONIZATION NOT SAMPLED
0ANNIHILATION EVENTS ARE SPLIT BY A FACTOR OF    1.000E+00
 ANNIHILATION QUANTA NOT FOLLOWED
1**parallel*************************
 * parallel processing information *
 **parallel*************************
   parallel static load distribution
   parallel number of processes =        4
   parallel master option       =        1
   parallel number of tasks     =        4 requested
   parallel intermediate print  =        1
   parallel allowed time factor =  0.00000E+00
 cycle    1 number of tasks    4 seed    1.9073486328125000E+13
  -subtask    0 seed =    1.9073486328125000E+13
  -subtask    1 seed =    2.5340779878409000E+13
  -subtask    2 seed =    7.5335646651557000E+13
  -subtask    3 seed =    7.9914847804369000E+13
  +subtask    0 nrn  =           143590946.      time =             8.27
  +subtask    1 nrn  =           143224266.      time =             8.21
  +subtask    3 nrn  =           143268820.      time =             8.26
  +subtask    2 nrn  =           143373868.      time =             8.23
 cycle    2 number of tasks    4 seed    2.8134729965389000E+13
  -subtask    0 seed =    2.8134729965389000E+13
  -subtask    1 seed =    2.2772761315580100E+14
  -subtask    2 seed =    9.4240574692149000E+13
  -subtask    3 seed =    2.5412469766659300E+14
  +subtask    0 nrn  =           143211420.      time =             8.66
  +subtask    1 nrn  =           143085900.      time =             8.54
  +subtask    3 nrn  =           143260678.      time =             8.62
  +subtask    2 nrn  =           143038419.      time =             8.66
 cycle    3 number of tasks    4 seed    1.4153209256406100E+14
  -subtask    0 seed =    1.4153209256406100E+14
  -subtask    1 seed =    2.4174235557530000E+12
  -subtask    2 seed =    1.1083091401491700E+14
  -subtask    3 seed =    1.3438510151025000E+13
  +subtask    0 nrn  =           143516370.      time =             8.14
  +subtask    1 nrn  =           143478657.      time =             8.14
  +subtask    3 nrn  =           143116312.      time =             8.12
  +subtask    2 nrn  =           143689484.      time =             8.19
 cycle    4 number of tasks    4 seed    2.2493734650122900E+14
  -subtask    0 seed =    2.2493734650122900E+14
  -subtask    1 seed =    1.9666712552664900E+14
  -subtask    2 seed =    2.7032919105928500E+14
  -subtask    3 seed =    1.5186708416096100E+14
  +subtask    0 nrn  =           143215996.      time =             8.11
  +subtask    2 nrn  =           143364704.      time =             8.11
  +subtask    3 nrn  =           143360601.      time =             8.15
  +subtask    1 nrn  =           143371742.      time =             8.15
 cycle    5 number of tasks    4 seed    7.6226803926909000E+13
  -subtask    0 seed =    7.6226803926909000E+13
  -subtask    1 seed =    4.4202814907721000E+13
  -subtask    2 seed =    1.9143442640101000E+13
  -subtask    3 seed =    3.1824430838545000E+13
  +subtask    0 nrn  =           143099550.      time =             8.32
  +subtask    3 nrn  =           143141282.      time =             8.42
  +subtask    2 nrn  =           143476947.      time =             8.48
  +subtask    1 nrn  =           143599537.      time =             8.51
 cycle    6 number of tasks    4 seed    2.1699280450599700E+14
  -subtask    0 seed =    2.1699280450599700E+14
  -subtask    1 seed =    1.9748597238553000E+13
  -subtask    2 seed =    1.8619604577266100E+14
  -subtask    3 seed =    1.9949722841072100E+14
  +subtask    0 nrn  =           143143330.      time =             8.19
  +subtask    1 nrn  =           143178760.      time =             8.22
  +subtask    2 nrn  =           143155985.      time =             8.25
  +subtask    3 nrn  =           143463244.      time =             8.25
 cycle    7 number of tasks    4 seed    2.6865909531458900E+14
  -subtask    0 seed =    2.6865909531458900E+14
  -subtask    1 seed =    2.2184352172900100E+14
  -subtask    2 seed =    5.5880127446789000E+13
  -subtask    3 seed =    7.6684842276017000E+13
  +subtask    0 nrn  =           143527471.      time =             8.13
  +subtask    1 nrn  =           143293667.      time =             8.12
  +subtask    2 nrn  =           143292233.      time =             8.13
  +subtask    3 nrn  =           143347669.      time =             8.14
 cycle    8 number of tasks    4 seed    2.6412624305325000E+13
  -subtask    0 seed =    2.6412624305325000E+13
  -subtask    1 seed =    1.7675476232850500E+14
  -subtask    2 seed =    1.3548328108533300E+14
  -subtask    3 seed =    2.4279237814758500E+14
  +subtask    0 nrn  =           143250890.      time =             8.45
  +subtask    2 nrn  =           143658033.      time =             8.47
  +subtask    1 nrn  =           143434443.      time =             8.51
  +subtask    3 nrn  =           143239469.      time =             8.52
 cycle    9 number of tasks    4 seed    3.5279451704765000E+13
  -subtask    0 seed =    3.5279451704765000E+13
  -subtask    1 seed =    2.5907690376461700E+14
  -subtask    2 seed =    4.8238084490533000E+13
  -subtask    3 seed =    1.4786371494561700E+14
  +subtask    0 nrn  =           143093511.      time =             8.37
  +subtask    2 nrn  =           143398861.      time =             8.33
  +subtask    3 nrn  =           143041739.      time =             8.39
  +subtask    1 nrn  =           143092730.      time =             8.39
 cycle   10 number of tasks    4 seed    1.6061610587028500E+14
  -subtask    0 seed =    1.6061610587028500E+14
  -subtask    1 seed =    3.6423306464345000E+13
  -subtask    2 seed =    2.7528012935262900E+14
  -subtask    3 seed =    1.4657888485648100E+14
  +subtask    0 nrn  =           143125982.      time =             8.17
  +subtask    1 nrn  =           143632913.      time =             8.12
  +subtask    3 nrn  =           143497576.      time =             8.16
  +subtask    2 nrn  =           143473497.      time =             8.24
 cycle   11 number of tasks    4 seed    5.5146911796957000E+13
  -subtask    0 seed =    5.5146911796957000E+13
  -subtask    1 seed =    1.4313615437597700E+14
  -subtask    2 seed =    7.5153393088690000E+12
  -subtask    3 seed =    6.4446422778865000E+13
  +subtask    0 nrn  =           142955187.      time =             8.15
  +subtask    1 nrn  =           143594272.      time =             8.13
  +subtask    3 nrn  =           143246315.      time =             8.08
  +subtask    2 nrn  =           143254843.      time =             8.14
 cycle   12 number of tasks    4 seed    2.7709509169943700E+14
  -subtask    0 seed =    2.7709509169943700E+14
  -subtask    1 seed =    9.6377706279673000E+13
  -subtask    2 seed =    9.2197845280725000E+13
  -subtask    3 seed =    1.1401943502598500E+14
  +subtask    0 nrn  =           143058476.      time =             8.12
  +subtask    2 nrn  =           142854791.      time =             8.08
  +subtask    1 nrn  =           143368006.      time =             8.14
  +subtask    3 nrn  =           143246955.      time =             8.14
 cycle   13 number of tasks    4 seed    9.5007065958370000E+12
  -subtask    0 seed =    9.5007065958370000E+12
  -subtask    1 seed =    2.7880165306313000E+13
  -subtask    2 seed =    1.5980484425661300E+14
  -subtask    3 seed =    4.8660446384529000E+13
  +subtask    0 nrn  =           143454506.      time =             8.21
  +subtask    2 nrn  =           143566355.      time =             8.21
  +subtask    3 nrn  =           143707556.      time =             8.22
  +subtask    1 nrn  =           143352348.      time =             8.29
 cycle   14 number of tasks    4 seed    2.0986635539610900E+14
  -subtask    0 seed =    2.0986635539610900E+14
  -subtask    1 seed =    1.0275957644431300E+14
  -subtask    2 seed =    1.9595291412888500E+14
  -subtask    3 seed =    2.3774645425097700E+14
  +subtask    0 nrn  =           143144801.      time =             8.12
  +subtask    1 nrn  =           143444179.      time =             8.08
  +subtask    2 nrn  =           142824107.      time =             8.09
  +subtask    3 nrn  =           143311775.      time =             8.12
 cycle   15 number of tasks    4 seed    3.0131444665629000E+13
  -subtask    0 seed =    3.0131444665629000E+13
  -subtask    1 seed =    3.4876042234985000E+13
  -subtask    2 seed =    1.8048574148485000E+13
  -subtask    3 seed =    2.0869356421201700E+14
  +subtask    0 nrn  =           143321491.      time =             8.32
  +subtask    1 nrn  =           143243238.      time =             8.31
  +subtask    3 nrn  =           143291249.      time =             8.31
  +subtask    2 nrn  =           143401909.      time =             8.37
 cycle   16 number of tasks    4 seed    1.3772617373726100E+14
  -subtask    0 seed =    1.3772617373726100E+14
  -subtask    1 seed =    2.7050206067410500E+14
  -subtask    2 seed =    1.1582713472923700E+14
  -subtask    3 seed =    2.4893444788057700E+14
  +subtask    0 nrn  =           143333155.      time =             8.46
  +subtask    1 nrn  =           143177807.      time =             8.45
  +subtask    3 nrn  =           143070297.      time =             8.39
  +subtask    2 nrn  =           142997957.      time =             8.44
 cycle   17 number of tasks    4 seed    8.2995088214589000E+13
  -subtask    0 seed =    8.2995088214589000E+13
  -subtask    1 seed =    1.8102961048295300E+14
  -subtask    2 seed =    2.7588191414826100E+14
  -subtask    3 seed =    2.1692553949000100E+14
  +subtask    0 nrn  =           143163325.      time =             8.24
  +subtask    2 nrn  =           143518065.      time =             8.25
  +subtask    1 nrn  =           143383285.      time =             8.25
  +subtask    3 nrn  =           143226321.      time =             8.29
 cycle   18 number of tasks    4 seed    1.7196812798574100E+14
  -subtask    0 seed =    1.7196812798574100E+14
  -subtask    1 seed =    1.0375781154521000E+13
  -subtask    2 seed =    2.2405547679237300E+14
  -subtask    3 seed =    7.9659832643873000E+13
  +subtask    0 nrn  =           143275295.      time =             8.24
  +subtask    2 nrn  =           142982321.      time =             8.16
  +subtask    3 nrn  =           143471918.      time =             8.23
  +subtask    1 nrn  =           143427374.      time =             8.26
 cycle   19 number of tasks    4 seed    2.7667619567087700E+14
  -subtask    0 seed =    2.7667619567087700E+14
  -subtask    1 seed =    1.7867364563805700E+14
  -subtask    2 seed =    1.5012671467461000E+13
  -subtask    3 seed =    2.1728603174155300E+14
  +subtask    0 nrn  =           142949386.      time =             8.97
  +subtask    1 nrn  =           143200966.      time =             8.91
  +subtask    3 nrn  =           143166161.      time =             8.94
  +subtask    2 nrn  =           143619812.      time =             8.95
 cycle   20 number of tasks    4 seed    7.7731296424813000E+13
  -subtask    0 seed =    7.7731296424813000E+13
  -subtask    1 seed =    1.3690069668389700E+14
  -subtask    2 seed =    2.7623677662011700E+14
  -subtask    3 seed =    2.7169958131628900E+14
