1 *****************************************
  *                                       *
  *             PROGRAM ITS               *
  * VERSION:  6.4.11                      *
  * DATE:     FEBRUARY 10, 2010           *
  *                                       *
  *           RONALD P. KENSEK            *
  *           BRIAN C. FRANKE             *
  *           THOMAS W. LAUB              *
  *     SANDIA NATIONAL LABORATORIES      *
  *                                       *
  *          TELEPHONE       EMAIL        *
  *KENSEK: 505-845-7642 rpkense@sandia.gov*
  *FRANKE: 505-845-7609 bcfrank@sandia.gov*
  *LAUB:   505-844-9142  twlaub@sandia.gov*
  *       FAX:      505-844-0092          *
  *                                       *
  *****************************************
  *             T I G E R                 *
  *            P C O D E S                *
  *               M P I                   *
  *              R N G 2                  *
  *****************************************
  NUMERICS INTERROGATION
  radix:        2
                     digits  minexp  maxexp
  default  integer       31
  selected long          63
  default  real          53   -1021    1024
  selected single        24    -125     128
  selected double        53   -1021    1024
  *****************************************
1***************************
 *   BEGIN READING INPUT   *
 ***************************
 ECHO 1
 TITLE
 Kapton 150.0 microns with 1.778e+02 MeV mono-energetic electron environment
 GEOMETRY 1
 
 4 50 0.015 * Kapton as RCD (cm)
 ************************* SOURCE ********************************
 * energy (MeV)
 ELECTRONS
 ENERGY 177.82794100389228
 
 DIRECTION
  COSINE-LAW 0 90
 CUTOFFS 0.01 0.01 * electron and photon cut-offs (MeV)
 
 * run size options
 HISTORIES-PER-BATCH 5000
 BATCHES 320
0 EOF ON UNIT 50 BEGIN PROCESSING - INPUT FOR FINAL PROBLEM.
1****************************************
 *   BEGIN READING CROSS SECTION DATA   *
 ****************************************
0*******************                                                                        ********************
0NUMBER OF SETS IN FILE =   4

0MATERIAL      DENSITY       DETOUR        I(BL)
        1  2.70000E+00  7.40081E-01  1.66000E-04
        Z            A            W
       13  2.69815E+01  1.00000E+00
  ITRM  ISGN  ISUB  INAL  ICYC  NCYC  NMAX      EMAX           EMIN           RMAX       MMAX INDEX
     5     1     5     4     1     8   168  1.0000000E+03  4.7683716E-04  8.1817757E+01    33   121

0MATERIAL      DENSITY       DETOUR        I(BL)
        2  1.19000E+00  8.67793E-01  7.08716E-05
        Z            A            W
        1  1.00794E+00  8.05460E-02
        6  1.20110E+01  5.99848E-01
        8  1.59994E+01  3.19606E-01
  ITRM  ISGN  ISUB  INAL  ICYC  NCYC  NMAX      EMAX           EMIN           RMAX       MMAX INDEX
     5     1     3     4     1     8   168  1.0000000E+03  4.7683716E-04  1.0885826E+02    33   121

0MATERIAL      DENSITY       DETOUR        I(BL)
        3  2.15200E+00  8.21140E-01  1.03285E-04
        Z            A            W
        6  1.20110E+01  2.40180E-01
        9  1.89984E+01  7.59820E-01
  ITRM  ISGN  ISUB  INAL  ICYC  NCYC  NMAX      EMAX           EMIN           RMAX       MMAX INDEX
     5     1     3     4     1     8   168  1.0000000E+03  4.7683716E-04  1.0427507E+02    33   121

0MATERIAL      DENSITY       DETOUR        I(BL)
        4  1.42000E+00  8.60273E-01  7.95812E-05
        Z            A            W
        1  1.00794E+00  2.63620E-02
        6  1.20110E+01  6.91133E-01
        7  1.40067E+01  7.32700E-02
        8  1.59994E+01  2.09235E-01
  ITRM  ISGN  ISUB  INAL  ICYC  NCYC  NMAX      EMAX           EMIN           RMAX       MMAX INDEX
     5     1     3     4     1     8   168  1.0000000E+03  4.7683716E-04  1.1130249E+02    33   121
0 COLLISION / TOTAL DE/DX RATIOS                                         
0 CUMULATIVE BREMSSTRAHLUNG CROSS SECTIONS                               
0 CUMULATIVE BREMSSTRAHLUNG ANGULAR DISTRIBUTIONS                        
0 LANGAUSS - EQUIPROBABLE ENDPOINTS FOR INTERPOLATION                    
0 K X-RAY PRODUCTION                                                     
0 PHOTOELECTRON ANGULAR DISTRIBUTIONS                                    
0 PAIR ELECTRON ENERGY DIVISION DISTRIBUTION (LEAD)                      
0*******************
 *  PROCESS INPUT  *
 *******************
1*********************************************************
 *   COMPARISON OF STORAGE REQUIREMENTS VS ALLOCATIONS   *
 *********************************************************
0NUMBER OF MATERIALS ON CROSS SECTION FILE                                    / INMT    =          4  /           4
 MAXIMUM NUMBER OF ELEMENTS IN A PROBLEM MATERIAL                             / INEM    =          4  /           4
 LENGTH OF ELECTRON CROSS SECTION ENERGY GRID                                 / INMAX   =        168  /         448
 ELECTRON ENERGY GRID LENGTH FOR SAMPLING BREMS. PHOTON ENERGY                / IMTOP   =        169  /         449
 PHOTON ENERGY GRID LENGTH FOR SAMPLING BREMS. PHOTON ENERGY                  / IKTOP   =         89  /          89
 ELECTRON ANGLE GRID LENGTH FOR SAMPLING ELECTRON SCATTERING ANGLE            / IMMAX   =         33  /          33
 PHOTON ANGLE GRID LENGTH FOR SAMPLING BREMS. PHOTON ANGLE                    / INPANG  =         21  /          21
 PHOTON ENERGY GRID LENGTH FOR SAMPLING BREMS. PHOTON ANGLE                   / INRANG  =         34  /          34
 ELECTRON ENERGY GRID LENGTH FOR SAMPLING BREMS. PHOTON ANGLE                 / INTANG  =         43  /         113
 PHOTON ENERGY GRID LENGTH FOR SAMPLING PHOTO-ELECTRON DIRECTION              / INEEL   =         13  /          13
 ELECTRON ANGLE GRID LENGTH FOR SAMPLING PHOTO-ELECTRON DIRECTION             / INPEL   =         21  /          21
 PHOTON ENERGY GRID LENGTH FOR SAMPLING PAIR ELECTRON ENERGY                  / INEPS   =          9  /           9
 ELECTRON ENERGY GRID LENGTH FOR SAMPLING PAIR ELECTON ENERGY                 / INPPS   =         21  /          21
 GAUSSIAN FUNCTION GRID FOR SAMPLING ELECTRON ENERGY LOSS STRAGGLING          / INGAS   =       1000  /        1001
 LANDAU FUNCTION GRID FOR SAMPLING ELECTRON ENERGY LOSS STRAGGLING            / INLAN   =       5000  /        5001
 MAXIMUM NUMBER OF TABLES OF PHOTON CROSS SECTIONS                            / INTAB   =          2  /           2
 MAXIMUM LENGTH OF PHOTON CROSS SECTION TABLE                                 / IMTAX   =         64  /          64
 NUMBER OF ELECTRON ESCAPE ENERGY BINS                                        / IJMAX   =          0  /           0
 NUMBER OF PHOTON ESCAPE ENERGY BINS                                          / IJPMAX  =          0  /           0
 NUMBER OF ELECTRON ESCAPE POLAR ANGLE BINS                                   / IKMAX   =          0  /           0
 NUMBER OF PHOTON ESCAPE POLAR ANGLE BINS                                     / IKPMAX  =          0  /           0
 LENGTH OF SOURCE SPECTRUM ENERGY GRID                                        / IJSPEC  =          0  /           0
 NUMBER OF PULSE HEIGHT ENERGY BINS                                           / IJSMAX  =          0  /           0
 NUMBER OF ELECTRON FLUX ENERGY BINS                                          / IJFMAX  =          0  /           0
 NUMBER OF PHOTON FLUX ENERGY BINS                                            / IJFMXP  =          0  /           0
 NUMBER OF ELECTRON FLUX POLAR ANGLE BINS                                     / IKFMAX  =          0  /           0
 NUMBER OF PHOTON FLUX POLAR ANGLE BINS                                       / IKFMXP  =          0  /           0
 NUMBER OF ELECTRON FLUX ZONES                                                / INLF    =          0  /           0
 NUMBER OF PHOTON FLUX ZONES                                                  / INLFP   =          0  /           0
 SIZE OF DOUBLY DIFFERENTIAL BREMS DISTRIBUTION                               / NCHANG  =      30702  /       80682
 SIZE OF SINGLY DIFFERENTIAL BREMS DISTRIBUTION                               / NBDIS   =      15041  /       39961
 SIZE OF GOUDSMIT-SAUNDERSON ANGULAR DISTRIBUTION                             / NGG     =       5544  /       14784
 NUMBER OF PROBLEM ZONES                                                      / INIZON  =          1  /           1
 NUMBER OF PROBLEM SUB-ZONES                                                  / INSZON  =         50  /          50
 NUMBER OF UNIQUE ELEMENTS IN THE PROBLEM                                     / INZZ    =          6  /           6
 PROBABILITY ARRAY FOR SAMPLING PHOTO-IONIZATION ELEMENT INDEX                / NPPART  =        384  /         512
 PHOTON ENERGY ARRAY - SAMPLING PHOTO-IONIZATION ELEMENT INDEX                / NEB     =        128  /         128
 SIZE OF ARRAY FOR SAMPLING ELECTRON IMPACT IONIZATION SHELL                  / NSHEL   =       1014  /        2694
 PROBABILITY ARRAY FOR SAMPLING ELEMENT INDEX FOR ELECTRON IMPACT IONIZATION  / NEPART  =       3042  /       10776
1********************************
 *   GEOMETRY DEPENDENT INPUT   *
 ********************************
0GEOMETRY-DEPENDENT OPTIONS (T/F = FEATURE ON/OFF)
                   ELECTRON    ELECTRON      PHOTON SECONDARY SECONDARY                    
 INPUT               CUTOFF    TRAPPING     FORCING  ELECTRON    PHOTON     SCALE   RUSSIAN
  ZONE MATERIAL       (MEV)       (MEV)    FRACTION TRANSPORT TRANSPORT     BREMS  ROULETTE
     1        4   1.000E-02   1.000E-02   0.000E+00         T         T         F         F
0NUMBER OF MATERIAL LAYERS =    1
                      NO.     THICKNESS
 LAYER MATERIAL  SUBZONES          (CM)
     1        4        50   1.50000E-02
0BOUNDARIES IN GM/CM2
 2.13000E-02
0BOUNDARIES IN MULTIPLES OF ELECTRON CSDA RANGE
 4.14945E-04
1************************
 *  SOURCE INFORMATION  *
 ************************
0SOURCE ELECTRONS
0THE MAXIMUM SOURCE ENERGY IS    177.82794 MEV
0THE GLOBAL ELECTRON CUTOFF ENERGY IS     0.01000 MEV
0THE GLOBAL PHOTON CUTOFF ENERGY IS     0.01000 MEV
0THE SOURCE PLANE IS LOCATED AT Z =  0.00000E+00 CM
0REFERENCE DIRECTION FOR ANGULAR DISTRIBUTION IS DEFINED BY
 THETA =      0.0000 DEGREES
0COSINE-LAW SOURCE BETWEEN      0.0000 AND     90.0000 DEGREES WITH RESPECT TO REFERENCE DIRECTION
1********************
 *  OUTPUT OPTIONS  *
 ********************
0THE STANDARD ERROR ESTIMATES ARE BASED ON    320 BATCHES OF       5000 HISTORIES EACH
1**********************
 *  PHYSICAL OPTIONS  *
 **********************
0ELECTRON COLLISION AND RADIATION ENERGY LOSS STRAGGLING
0TERMINAL PROCESSING OF ELECTRONS INCLUDES KICKING
0KNOCK-ON ELECTRON PRODUCTION
0NO COUPLED INELASTIC SCATTERING DEFLECTIONS
0BREMSSTRAHLUNG INTRINSIC ANGLE OF EMISSION FROM TABULATED DISTRIBUTION
0COUPLED ELECTRON/PHOTON TRANSPORT
0       MATERIAL NO.  1
 ELECTRON RANGE AT MAXIMUM SOURCE ENERGY IS      4.32156E+01 (G/CM**2)
 K X-RAY QUANTA NOT FOLLOWED
 ELECTRON IMPACT IONIZATION NOT SAMPLED
0       MATERIAL NO.  2
 ELECTRON RANGE AT MAXIMUM SOURCE ENERGY IS      4.95315E+01 (G/CM**2)
 K X-RAY QUANTA NOT FOLLOWED
 ELECTRON IMPACT IONIZATION NOT SAMPLED
0       MATERIAL NO.  3
 ELECTRON RANGE AT MAXIMUM SOURCE ENERGY IS      5.07444E+01 (G/CM**2)
 K X-RAY QUANTA NOT FOLLOWED
 ELECTRON IMPACT IONIZATION NOT SAMPLED
0       MATERIAL NO.  4
 ELECTRON RANGE AT MAXIMUM SOURCE ENERGY IS      5.13321E+01 (G/CM**2)
 K X-RAY QUANTA NOT FOLLOWED
 ELECTRON IMPACT IONIZATION NOT SAMPLED
0ANNIHILATION EVENTS ARE SPLIT BY A FACTOR OF    1.000E+00
 ANNIHILATION QUANTA FOLLOWED
1**parallel*************************
 * parallel processing information *
 **parallel*************************
   parallel static load distribution
   parallel number of processes =        4
   parallel master option       =        1
   parallel number of tasks     =        4 requested
   parallel intermediate print  =        1
   parallel allowed time factor =  0.00000E+00
 cycle    1 number of tasks    4 seed    1.9073486328125000E+13
  -subtask    0 seed =    1.9073486328125000E+13
  -subtask    1 seed =    2.5340779878409000E+13
  -subtask    2 seed =    7.5335646651557000E+13
  -subtask    3 seed =    7.9914847804369000E+13
  +subtask    0 nrn  =             3279546.      time =             0.35
  +subtask    3 nrn  =             3265306.      time =             0.33
  +subtask    2 nrn  =             3304624.      time =             0.36
  +subtask    1 nrn  =             3294014.      time =             0.36
 cycle    2 number of tasks    4 seed    2.8134729965389000E+13
  -subtask    0 seed =    2.8134729965389000E+13
  -subtask    1 seed =    2.2772761315580100E+14
  -subtask    2 seed =    9.4240574692149000E+13
  -subtask    3 seed =    2.5412469766659300E+14
  +subtask    0 nrn  =             3284771.      time =             0.34
  +subtask    1 nrn  =             3237020.      time =             0.34
  +subtask    3 nrn  =             3251969.      time =             0.34
  +subtask    2 nrn  =             3271983.      time =             0.35
 cycle    3 number of tasks    4 seed    1.4153209256406100E+14
  -subtask    0 seed =    1.4153209256406100E+14
  -subtask    1 seed =    2.4174235557530000E+12
  -subtask    2 seed =    1.1083091401491700E+14
  -subtask    3 seed =    1.3438510151025000E+13
  +subtask    0 nrn  =             3269567.      time =             0.37
  +subtask    1 nrn  =             3285843.      time =             0.37
  +subtask    3 nrn  =             3247634.      time =             0.37
  +subtask    2 nrn  =             3325087.      time =             0.38
 cycle    4 number of tasks    4 seed    2.2493734650122900E+14
  -subtask    0 seed =    2.2493734650122900E+14
  -subtask    1 seed =    1.9666712552664900E+14
  -subtask    2 seed =    2.7032919105928500E+14
  -subtask    3 seed =    1.5186708416096100E+14
  +subtask    0 nrn  =             3307164.      time =             0.38
  +subtask    1 nrn  =             3279343.      time =             0.37
  +subtask    3 nrn  =             3269337.      time =             0.37
  +subtask    2 nrn  =             3285669.      time =             0.38
 cycle    5 number of tasks    4 seed    7.6226803926909000E+13
  -subtask    0 seed =    7.6226803926909000E+13
  -subtask    1 seed =    4.4202814907721000E+13
  -subtask    2 seed =    1.9143442640101000E+13
  -subtask    3 seed =    3.1824430838545000E+13
  +subtask    0 nrn  =             3300244.      time =             0.29
  +subtask    2 nrn  =             3270802.      time =             0.27
  +subtask    3 nrn  =             3299033.      time =             0.29
  +subtask    1 nrn  =             3276674.      time =             0.30
 cycle    6 number of tasks    4 seed    2.1699280450599700E+14
  -subtask    0 seed =    2.1699280450599700E+14
  -subtask    1 seed =    1.9748597238553000E+13
  -subtask    2 seed =    1.8619604577266100E+14
  -subtask    3 seed =    1.9949722841072100E+14
  +subtask    0 nrn  =             3267178.      time =             0.28
  +subtask    1 nrn  =             3295863.      time =             0.29
  +subtask    3 nrn  =             3308299.      time =             0.30
  +subtask    2 nrn  =             3323745.      time =             0.31
 cycle    7 number of tasks    4 seed    2.6865909531458900E+14
  -subtask    0 seed =    2.6865909531458900E+14
  -subtask    1 seed =    2.2184352172900100E+14
  -subtask    2 seed =    5.5880127446789000E+13
  -subtask    3 seed =    7.6684842276017000E+13
  +subtask    0 nrn  =             3322857.      time =             0.30
  +subtask    1 nrn  =             3286435.      time =             0.29
  +subtask    3 nrn  =             3321633.      time =             0.30
  +subtask    2 nrn  =             3300754.      time =             0.29
 cycle    8 number of tasks    4 seed    2.6412624305325000E+13
  -subtask    0 seed =    2.6412624305325000E+13
  -subtask    1 seed =    1.7675476232850500E+14
  -subtask    2 seed =    1.3548328108533300E+14
  -subtask    3 seed =    2.4279237814758500E+14
  +subtask    0 nrn  =             3255084.      time =             0.30
  +subtask    3 nrn  =             3262858.      time =             0.31
  +subtask    2 nrn  =             3268417.      time =             0.31
  +subtask    1 nrn  =             3294319.      time =             0.31
 cycle    9 number of tasks    4 seed    3.5279451704765000E+13
  -subtask    0 seed =    3.5279451704765000E+13
  -subtask    1 seed =    2.5907690376461700E+14
  -subtask    2 seed =    4.8238084490533000E+13
  -subtask    3 seed =    1.4786371494561700E+14
  +subtask    0 nrn  =             3247846.      time =             0.29
  +subtask    1 nrn  =             3265724.      time =             0.29
  +subtask    3 nrn  =             3301932.      time =             0.30
  +subtask    2 nrn  =             3294289.      time =             0.31
 cycle   10 number of tasks    4 seed    1.6061610587028500E+14
  -subtask    0 seed =    1.6061610587028500E+14
  -subtask    1 seed =    3.6423306464345000E+13
  -subtask    2 seed =    2.7528012935262900E+14
  -subtask    3 seed =    1.4657888485648100E+14
  +subtask    0 nrn  =             3291751.      time =             0.31
  +subtask    3 nrn  =             3308129.      time =             0.31
  +subtask    2 nrn  =             3306708.      time =             0.31
  +subtask    1 nrn  =             3309360.      time =             0.33
 cycle   11 number of tasks    4 seed    5.5146911796957000E+13
  -subtask    0 seed =    5.5146911796957000E+13
  -subtask    1 seed =    1.4313615437597700E+14
  -subtask    2 seed =    7.5153393088690000E+12
  -subtask    3 seed =    6.4446422778865000E+13
  +subtask    0 nrn  =             3307057.      time =             0.29
  +subtask    1 nrn  =             3268791.      time =             0.29
  +subtask    3 nrn  =             3292914.      time =             0.29
  +subtask    2 nrn  =             3282383.      time =             0.28
 cycle   12 number of tasks    4 seed    2.7709509169943700E+14
  -subtask    0 seed =    2.7709509169943700E+14
  -subtask    1 seed =    9.6377706279673000E+13
  -subtask    2 seed =    9.2197845280725000E+13
  -subtask    3 seed =    1.1401943502598500E+14
  +subtask    0 nrn  =             3282307.      time =             0.30
  +subtask    1 nrn  =             3280583.      time =             0.30
  +subtask    3 nrn  =             3262909.      time =             0.29
  +subtask    2 nrn  =             3304753.      time =             0.30
 cycle   13 number of tasks    4 seed    9.5007065958370000E+12
  -subtask    0 seed =    9.5007065958370000E+12
  -subtask    1 seed =    2.7880165306313000E+13
  -subtask    2 seed =    1.5980484425661300E+14
  -subtask    3 seed =    4.8660446384529000E+13
  +subtask    0 nrn  =             3253938.      time =             0.29
  +subtask    3 nrn  =             3269154.      time =             0.28
  +subtask    2 nrn  =             3278430.      time =             0.29
  +subtask    1 nrn  =             3314935.      time =             0.30
 cycle   14 number of tasks    4 seed    2.0986635539610900E+14
  -subtask    0 seed =    2.0986635539610900E+14
  -subtask    1 seed =    1.0275957644431300E+14
  -subtask    2 seed =    1.9595291412888500E+14
  -subtask    3 seed =    2.3774645425097700E+14
  +subtask    0 nrn  =             3272211.      time =             0.28
  +subtask    2 nrn  =             3291633.      time =             0.29
  +subtask    1 nrn  =             3281977.      time =             0.29
  +subtask    3 nrn  =             3300317.      time =             0.29
 cycle   15 number of tasks    4 seed    3.0131444665629000E+13
  -subtask    0 seed =    3.0131444665629000E+13
  -subtask    1 seed =    3.4876042234985000E+13
  -subtask    2 seed =    1.8048574148485000E+13
  -subtask    3 seed =    2.0869356421201700E+14
  +subtask    0 nrn  =             3305647.      time =             0.30
  +subtask    1 nrn  =             3299398.      time =             0.29
  +subtask    3 nrn  =             3218228.      time =             0.28
  +subtask    2 nrn  =             3271474.      time =             0.28
 cycle   16 number of tasks    4 seed    1.3772617373726100E+14
  -subtask    0 seed =    1.3772617373726100E+14
  -subtask    1 seed =    2.7050206067410500E+14
  -subtask    2 seed =    1.1582713472923700E+14
  -subtask    3 seed =    2.4893444788057700E+14
  +subtask    0 nrn  =             3314245.      time =             0.32
  +subtask    1 nrn  =             3294471.      time =             0.31
  +subtask    3 nrn  =             3238958.      time =             0.31
  +subtask    2 nrn  =             3275486.      time =             0.31
 cycle   17 number of tasks    4 seed    8.2995088214589000E+13
  -subtask    0 seed =    8.2995088214589000E+13
  -subtask    1 seed =    1.8102961048295300E+14
  -subtask    2 seed =    2.7588191414826100E+14
  -subtask    3 seed =    2.1692553949000100E+14
  +subtask    0 nrn  =             3324486.      time =             0.29
  +subtask    3 nrn  =             3273643.      time =             0.30
  +subtask    2 nrn  =             3295800.      time =             0.31
  +subtask    1 nrn  =             3324904.      time =             0.31
 cycle   18 number of tasks    4 seed    1.7196812798574100E+14
  -subtask    0 seed =    1.7196812798574100E+14
  -subtask    1 seed =    1.0375781154521000E+13
  -subtask    2 seed =    2.2405547679237300E+14
  -subtask    3 seed =    7.9659832643873000E+13
  +subtask    0 nrn  =             3240959.      time =             0.29
  +subtask    1 nrn  =             3282625.      time =             0.28
  +subtask    3 nrn  =             3268696.      time =             0.28
  +subtask    2 nrn  =             3267656.      time =             0.28
 cycle   19 number of tasks    4 seed    2.7667619567087700E+14
  -subtask    0 seed =    2.7667619567087700E+14
  -subtask    1 seed =    1.7867364563805700E+14
  -subtask    2 seed =    1.5012671467461000E+13
  -subtask    3 seed =    2.1728603174155300E+14
  +subtask    0 nrn  =             3277887.      time =             0.33
  +subtask    1 nrn  =             3273554.      time =             0.31
  +subtask    3 nrn  =             3282818.      time =             0.32
  +subtask    2 nrn  =             3269888.      time =             0.32
 cycle   20 number of tasks    4 seed    7.7731296424813000E+13
  -subtask    0 seed =    7.7731296424813000E+13
  -subtask    1 seed =    1.3690069668389700E+14
  -subtask    2 seed =    2.7623677662011700E+14
  -subtask    3 seed =    2.7169958131628900E+14
  +subtask    0 nrn  =             3278650.      time =             0.29
  +subtask    1 nrn  =             3301262.      time =             0.30
  +subtask    3 nrn  =             3280262.      time =             0.29
  +subtask    2 nrn  =             3255430.      time =             0.29
 cycle   21 number of tasks    4 seed    1.9138065118015700E+14
  -subtask    0 seed =    1.9138065118015700E+14
  -subtask    1 seed =    2.3610967998317700E+14
  -subtask    2 seed =    1.9250086768101000E+13
  -subtask    3 seed =    2.4941534584424100E+14
  +subtask    0 nrn  =             3309323.      time =             0.30
  +subtask    1 nrn  =             3271780.      time =             0.29
  +subtask    3 nrn  =             3305873.      time =             0.30
  +subtask    2 nrn  =             3292204.      time =             0.29
 cycle   22 number of tasks    4 seed    3.3361511699085000E+13
  -subtask    0 seed =    3.3361511699085000E+13
  -subtask    1 seed =    9.7928082026521000E+13
  -subtask    2 seed =    1.7053849657560500E+14
  -subtask    3 seed =    1.4011960727459300E+14
  +subtask    0 nrn  =             3290977.      time =             0.30
  +subtask    1 nrn  =             3284406.      time =             0.29
  +subtask    3 nrn  =             3252621.      time =             0.30
  +subtask    2 nrn  =             3332998.      time =             0.30
 cycle   23 number of tasks    4 seed    3.5545426475421000E+13
  -subtask    0 seed =    3.5545426475421000E+13
  -subtask    1 seed =    1.9658265466647300E+14
  -subtask    2 seed =    2.2950803782861300E+14
  -subtask    3 seed =    6.9964700823985000E+13
  +subtask    0 nrn  =             3260283.      time =             0.29
  +subtask    1 nrn  =             3322125.      time =             0.30
  +subtask    2 nrn  =             3298230.      time =             0.30
  +subtask    3 nrn  =             3323631.      time =             0.31
 cycle   24 number of tasks    4 seed    1.7986851971217300E+14
  -subtask    0 seed =    1.7986851971217300E+14
  -subtask    1 seed =    1.6042686203052100E+14
  -subtask    2 seed =    7.5410025794100000E+11
  -subtask    3 seed =    2.2127448918016100E+14
  +subtask    0 nrn  =             3297584.      time =             0.35
  +subtask    1 nrn  =             3273385.      time =             0.32
  +subtask    3 nrn  =             3311979.      time =             0.32
  +subtask    2 nrn  =             3259198.      time =             0.33
 cycle   25 number of tasks    4 seed    2.0622052596294100E+14
  -subtask    0 seed =    2.0622052596294100E+14
  -subtask    1 seed =    2.8247198504841000E+13
  -subtask    2 seed =    2.7912120693712500E+14
  -subtask    3 seed =    1.0898011931220900E+14
  +subtask    0 nrn  =             3326035.      time =             0.30
  +subtask    3 nrn  =             3297062.      time =             0.30
  +subtask    2 nrn  =             3288843.      time =             0.29
  +subtask    1 nrn  =             3335543.      time =             0.31
 cycle   26 number of tasks    4 seed    6.9370876431565000E+13
  -subtask    0 seed =    6.9370876431565000E+13
  -subtask    1 seed =    1.8343846647842500E+14
  -subtask    2 seed =    9.0167292572853000E+13
  -subtask    3 seed =    1.2518467274947300E+14
  +subtask    0 nrn  =             3265956.      time =             0.29
  +subtask    1 nrn  =             3284961.      time =             0.29
  +subtask    3 nrn  =             3314595.      time =             0.29
  +subtask    2 nrn  =             3288096.      time =             0.30
 cycle   27 number of tasks    4 seed    4.8204381644765000E+13
  -subtask    0 seed =    4.8204381644765000E+13
  -subtask    1 seed =    1.1361154741354500E+14
  -subtask    2 seed =    5.6439659323461000E+13
  -subtask    3 seed =    2.3661857396350500E+14
  +subtask    0 nrn  =             3326997.      time =             0.31
  +subtask    1 nrn  =             3261178.      time =             0.29
  +subtask    3 nrn  =             3311118.      time =             0.29
  +subtask    2 nrn  =             3317264.      time =             0.29
 cycle   28 number of tasks    4 seed    2.6161397695486100E+14
  -subtask    0 seed =    2.6161397695486100E+14
  -subtask    1 seed =    6.7135560888250000E+12
  -subtask    2 seed =    2.7370786243195700E+14
  -subtask    3 seed =    4.8146005459777000E+13
  +subtask    0 nrn  =             3256147.      time =             0.30
  +subtask    1 nrn  =             3318751.      time =             0.29
  +subtask    3 nrn  =             3301746.      time =             0.29
  +subtask    2 nrn  =             3269196.      time =             0.29
 cycle   29 number of tasks    4 seed    1.6499522231549000E+13
  -subtask    0 seed =    1.6499522231549000E+13
  -subtask    1 seed =    1.8386881608212100E+14
  -subtask    2 seed =    2.0265209354198900E+14
  -subtask    3 seed =    1.0619551465844900E+14
  +subtask    0 nrn  =             3311362.      time =             0.29
  +subtask    3 nrn  =             3270671.      time =             0.30
  +subtask    2 nrn  =             3299991.      time =             0.30
  +subtask    1 nrn  =             3266858.      time =             0.30
 cycle   30 number of tasks    4 seed    2.0435030983246100E+14
  -subtask    0 seed =    2.0435030983246100E+14
  -subtask    1 seed =    7.2291668525721000E+13
  -subtask    2 seed =    2.5224840039243700E+14
  -subtask    3 seed =    2.6951462448816100E+14
  +subtask    0 nrn  =             3313048.      time =             0.28
  +subtask    3 nrn  =             3256817.      time =             0.29
  +subtask    2 nrn  =             3214346.      time =             0.29
  +subtask    1 nrn  =             3237142.      time =             0.30
 cycle   31 number of tasks    4 seed    2.5472648166761300E+14
  -subtask    0 seed =    2.5472648166761300E+14
  -subtask    1 seed =    2.5702056553712900E+14
  -subtask    2 seed =    1.0093265290458100E+14
  -subtask    3 seed =    2.8112497295850000E+12
  +subtask    0 nrn  =             3308682.      time =             0.29
  +subtask    2 nrn  =             3311152.      time =             0.28
  +subtask    1 nrn  =             3280510.      time =             0.29
  +subtask    3 nrn  =             3259720.      time =             0.30
 cycle   32 number of tasks    4 seed    1.2883230709201300E+14
  -subtask    0 seed =    1.2883230709201300E+14
  -subtask    1 seed =    8.9789496568890000E+12
  -subtask    2 seed =    8.6415512714517000E+13
  -subtask    3 seed =    2.9768519665281000E+13
  +subtask    0 nrn  =             3350060.      time =             0.33
  +subtask    1 nrn  =             3284411.      time =             0.31
  +subtask    3 nrn  =             3280666.      time =             0.31
  +subtask    2 nrn  =             3329902.      time =             0.32
 cycle   33 number of tasks    4 seed    2.4486253881017300E+14
  -subtask    0 seed =    2.4486253881017300E+14
  -subtask    1 seed =    8.7640657560073000E+13
  -subtask    2 seed =    1.3680923247581300E+14
  -subtask    3 seed =    1.2514856154465700E+14
  +subtask    0 nrn  =             3242520.      time =             0.30
  +subtask    3 nrn  =             3266867.      time =             0.29
  +subtask    2 nrn  =             3289935.      time =             0.29
  +subtask    1 nrn  =             3308548.      time =             0.31
 cycle   34 number of tasks    4 seed    1.7481613888340500E+14
  -subtask    0 seed =    1.7481613888340500E+14
  -subtask    1 seed =    7.9594460029913000E+13
  -subtask    2 seed =    2.7222261838571700E+14
  -subtask    3 seed =    2.1390260449232100E+14
  +subtask    0 nrn  =             3265946.      time =             0.29
  +subtask    1 nrn  =             3262629.      time =             0.28
  +subtask    3 nrn  =             3284162.      time =             0.28
  +subtask    2 nrn  =             3258446.      time =             0.28
 cycle   35 number of tasks    4 seed    9.8986182816861000E+13
  -subtask    0 seed =    9.8986182816861000E+13
  -subtask    1 seed =    1.9031620010154500E+14
  -subtask    2 seed =    6.1790636527813000E+13
  -subtask    3 seed =    1.8737530840254500E+14
  +subtask    0 nrn  =             3306941.      time =             0.30
  +subtask    1 nrn  =             3243592.      time =             0.29
  +subtask    3 nrn  =             3266894.      time =             0.30
  +subtask    2 nrn  =             3308238.      time =             0.29
 cycle   36 number of tasks    4 seed    2.4760510276311700E+14
  -subtask    0 seed =    2.4760510276311700E+14
  -subtask    1 seed =    3.7691989346490000E+12
  -subtask    2 seed =    1.2504934597870900E+14
  -subtask    3 seed =    1.5642943920577000E+13
  +subtask    0 nrn  =             3305696.      time =             0.29
  +subtask    1 nrn  =             3279294.      time =             0.29
  +subtask    3 nrn  =             3281996.      time =             0.29
  +subtask    2 nrn  =             3269660.      time =             0.29
 cycle   37 number of tasks    4 seed    1.4206873696637000E+13
  -subtask    0 seed =    1.4206873696637000E+13
  -subtask    1 seed =    1.5516422591674500E+14
  -subtask    2 seed =    2.1596126515581300E+14
  -subtask    3 seed =    1.5324439260433000E+13
  +subtask    0 nrn  =             3296984.      time =             0.31
  +subtask    1 nrn  =             3278588.      time =             0.29
  +subtask    3 nrn  =             3296662.      time =             0.31
  +subtask    2 nrn  =             3246715.      time =             0.30
 cycle   38 number of tasks    4 seed    7.7752118582157000E+13
  -subtask    0 seed =    7.7752118582157000E+13
  -subtask    1 seed =    5.5908011430650000E+12
  -subtask    2 seed =    1.1771922080395700E+14
  -subtask    3 seed =    2.7706343607331300E+14
  +subtask    0 nrn  =             3299481.      time =             0.31
  +subtask    1 nrn  =             3285013.      time =             0.29
  +subtask    3 nrn  =             3290731.      time =             0.29
  +subtask    2 nrn  =             3298245.      time =             0.30
 cycle   39 number of tasks    4 seed    2.4926689934198100E+14
  -subtask    0 seed =    2.4926689934198100E+14
  -subtask    1 seed =    2.5755500123645700E+14
  -subtask    2 seed =    2.1034963714309000E+13
  -subtask    3 seed =    2.1133442939665700E+14
  +subtask    0 nrn  =             3237739.      time =             0.28
  +subtask    2 nrn  =             3267256.      time =             0.28
  +subtask    3 nrn  =             3291326.      time =             0.29
  +subtask    1 nrn  =             3284444.      time =             0.30
 cycle   40 number of tasks    4 seed    2.3865653767853000E+13
  -subtask    0 seed =    2.3865653767853000E+13
  -subtask    1 seed =    2.6044141548473000E+13
  -subtask    2 seed =    2.2516507862363700E+14
  -subtask    3 seed =    1.9803678307046500E+14
  +subtask    0 nrn  =             3289002.      time =             0.31
  +subtask    1 nrn  =             3293643.      time =             0.30
  +subtask    3 nrn  =             3289940.      time =             0.31
  +subtask    2 nrn  =             3290050.      time =             0.30
 cycle   41 number of tasks    4 seed    2.1695494389090000E+12
  -subtask    0 seed =    2.1695494389090000E+12
  -subtask    1 seed =    2.4353862757513000E+13
  -subtask    2 seed =    5.3174992897829000E+13
  -subtask    3 seed =    2.5679061043310500E+14
  +subtask    0 nrn  =             3293962.      time =             0.30
  +subtask    1 nrn  =             3303422.      time =             0.29
  +subtask    3 nrn  =             3295580.      time =             0.30
  +subtask    2 nrn  =             3261027.      time =             0.28
 cycle   42 number of tasks    4 seed    4.1847939044813000E+13
  -subtask    0 seed =    4.1847939044813000E+13
  -subtask    1 seed =    6.9375919298137000E+13
  -subtask    2 seed =    7.3166501021109000E+13
  -subtask    3 seed =    7.7117699302561000E+13
  +subtask    0 nrn  =             3288524.      time =             0.30
  +subtask    3 nrn  =             3268135.      time =             0.31
  +subtask    2 nrn  =             3251569.      time =             0.30
  +subtask    1 nrn  =             3288039.      time =             0.32
 cycle   43 number of tasks    4 seed    3.8813756113117000E+13
  -subtask    0 seed =    3.8813756113117000E+13
  -subtask    1 seed =    2.4894293688617000E+13
  -subtask    2 seed =    4.2188916162885000E+13
  -subtask    3 seed =    2.5086355488241000E+13
  +subtask    0 nrn  =             3247572.      time =             0.28
  +subtask    2 nrn  =             3259930.      time =             0.29
  +subtask    1 nrn  =             3287504.      time =             0.31
  +subtask    3 nrn  =             3283047.      time =             0.31
 cycle   44 number of tasks    4 seed    1.6916249672522900E+14
  -subtask    0 seed =    1.6916249672522900E+14
  -subtask    1 seed =    3.5661967981817000E+13
  -subtask    2 seed =    2.0262447526958900E+14
  -subtask    3 seed =    1.9337330818668900E+14
  +subtask    0 nrn  =             3300398.      time =             0.31
  +subtask    1 nrn  =             3289624.      time =             0.31
  +subtask    2 nrn  =             3310844.      time =             0.32
  +subtask    3 nrn  =             3305876.      time =             0.32
 cycle   45 number of tasks    4 seed    1.6222732955391700E+14
  -subtask    0 seed =    1.6222732955391700E+14
  -subtask    1 seed =    4.1019765103049000E+13
  -subtask    2 seed =    2.0811601334666100E+14
  -subtask    3 seed =    3.5550034987921000E+13
  +subtask    0 nrn  =             3281887.      time =             0.30
  +subtask    1 nrn  =             3279901.      time =             0.31
  +subtask    3 nrn  =             3314106.      time =             0.32
  +subtask    2 nrn  =             3293037.      time =             0.32
 cycle   46 number of tasks    4 seed    1.1231516024845000E+13
  -subtask    0 seed =    1.1231516024845000E+13
  -subtask    1 seed =    2.6927796832860100E+14
  -subtask    2 seed =    1.2475352848843700E+14
  -subtask    3 seed =    1.5426151395324900E+14
  +subtask    0 nrn  =             3274801.      time =             0.28
  +subtask    1 nrn  =             3255295.      time =             0.28
  +subtask    3 nrn  =             3267348.      time =             0.29
  +subtask    2 nrn  =             3330541.      time =             0.30
 cycle   47 number of tasks    4 seed    1.3050968221263700E+14
  -subtask    0 seed =    1.3050968221263700E+14
  -subtask    1 seed =    9.7513789005850000E+12
  -subtask    2 seed =    1.6845365809541000E+13
  -subtask    3 seed =    2.3080623952619300E+14
  +subtask    0 nrn  =             3328641.      time =             0.29
  +subtask    3 nrn  =             3267430.      time =             0.28
  +subtask    2 nrn  =             3301344.      time =             0.29
  +subtask    1 nrn  =             3311973.      time =             0.30
 cycle   48 number of tasks    4 seed    1.4975056270212500E+14
  -subtask    0 seed =    1.4975056270212500E+14
  -subtask    1 seed =    6.9443612431929000E+13
  -subtask    2 seed =    1.5984477057384500E+14
  -subtask    3 seed =    2.5619225162227300E+14
  +subtask    0 nrn  =             3333383.      time =             0.36
  +subtask    1 nrn  =             3263762.      time =             0.34
  +subtask    3 nrn  =             3260214.      time =             0.33
  +subtask    2 nrn  =             3277915.      time =             0.34
 cycle   49 number of tasks    4 seed    6.7475564575805000E+13
  -subtask    0 seed =    6.7475564575805000E+13
  -subtask    1 seed =    1.8485665219149700E+14
  -subtask    2 seed =    1.9348059423734900E+14
  -subtask    3 seed =    2.8050932392417700E+14
  +subtask    0 nrn  =             3267808.      time =             0.28
  +subtask    1 nrn  =             3226597.      time =             0.28
  +subtask    2 nrn  =             3265355.      time =             0.29
  +subtask    3 nrn  =             3298116.      time =             0.29
 cycle   50 number of tasks    4 seed    6.8305576426061000E+13
  -subtask    0 seed =    6.8305576426061000E+13
  -subtask    1 seed =    2.6777545351394500E+14
  -subtask    2 seed =    7.1962933218869000E+13
  -subtask    3 seed =    1.4268779814377700E+14
  +subtask    0 nrn  =             3252279.      time =             0.29
  +subtask    1 nrn  =             3310000.      time =             0.29
  +subtask    3 nrn  =             3280585.      time =             0.29
  +subtask    2 nrn  =             3248928.      time =             0.29
 cycle   51 number of tasks    4 seed    2.0660498622396500E+14
  -subtask    0 seed =    2.0660498622396500E+14
  -subtask    1 seed =    1.4008387556036100E+14
  -subtask    2 seed =    1.0206557467077000E+13
  -subtask    3 seed =    2.1095437364747300E+14
  +subtask    0 nrn  =             3293860.      time =             0.32
  +subtask    1 nrn  =             3303901.      time =             0.30
  +subtask    3 nrn  =             3273332.      time =             0.30
  +subtask    2 nrn  =             3290599.      time =             0.31
 cycle   52 number of tasks    4 seed    1.2082200773997000E+13
  -subtask    0 seed =    1.2082200773997000E+13
  -subtask    1 seed =    2.4267277013797700E+14
  -subtask    2 seed =    2.5482328056405000E+13
  -subtask    3 seed =    3.3351404438410000E+12
  +subtask    0 nrn  =             3293352.      time =             0.29
  +subtask    1 nrn  =             3319714.      time =             0.28
  +subtask    3 nrn  =             3260108.      time =             0.28
  +subtask    2 nrn  =             3237954.      time =             0.28
 cycle   53 number of tasks    4 seed    2.6300279815846100E+14
  -subtask    0 seed =    2.6300279815846100E+14
  -subtask    1 seed =    1.5218738417773700E+14
  -subtask    2 seed =    1.6678436503139700E+14
  -subtask    3 seed =    7.3209276148241000E+13
  +subtask    0 nrn  =             3336085.      time =             0.30
  +subtask    1 nrn  =             3294239.      time =             0.29
  +subtask    3 nrn  =             3283018.      time =             0.28
  +subtask    2 nrn  =             3274284.      time =             0.27
 cycle   54 number of tasks    4 seed    3.3449190122637000E+13
  -subtask    0 seed =    3.3449190122637000E+13
  -subtask    1 seed =    2.0996874808373700E+14
  -subtask    2 seed =    2.6451964804568500E+14
  -subtask    3 seed =    2.6914867629424100E+14
  +subtask    0 nrn  =             3307733.      time =             0.29
  +subtask    1 nrn  =             3273519.      time =             0.29
  +subtask    3 nrn  =             3302507.      time =             0.30
  +subtask    2 nrn  =             3288283.      time =             0.29
 cycle   55 number of tasks    4 seed    6.1779016870813000E+13
  -subtask    0 seed =    6.1779016870813000E+13
  -subtask    1 seed =    2.0825287241341700E+14
  -subtask    2 seed =    2.3038475633510900E+14
  -subtask    3 seed =    2.6622178865451300E+14
  +subtask    0 nrn  =             3292837.      time =             0.28
  +subtask    1 nrn  =             3300743.      time =             0.28
  +subtask    3 nrn  =             3272930.      time =             0.28
  +subtask    2 nrn  =             3279648.      time =             0.29
 cycle   56 number of tasks    4 seed    1.1517165968375700E+14
  -subtask    0 seed =    1.1517165968375700E+14
  -subtask    1 seed =    2.3887448225977000E+13
  -subtask    2 seed =    5.5982814799509000E+13
  -subtask    3 seed =    1.5910754665523300E+14
  +subtask    0 nrn  =             3279614.      time =             0.30
  +subtask    2 nrn  =             3292444.      time =             0.31
  +subtask    1 nrn  =             3253663.      time =             0.31
  +subtask    3 nrn  =             3262201.      time =             0.31
 cycle   57 number of tasks    4 seed    1.9802829655058900E+14
  -subtask    0 seed =    1.9802829655058900E+14
  -subtask    1 seed =    8.9686183952777000E+13
  -subtask    2 seed =    2.2500950157110900E+14
  -subtask    3 seed =    1.7421314556347300E+14
  +subtask    0 nrn  =             3282563.      time =             0.34
  +subtask    1 nrn  =             3292563.      time =             0.33
  +subtask    3 nrn  =             3316085.      time =             0.33
  +subtask    2 nrn  =             3312750.      time =             0.32
 cycle   58 number of tasks    4 seed    1.7556964321658900E+14
  -subtask    0 seed =    1.7556964321658900E+14
  -subtask    1 seed =    6.9874259606361000E+13
  -subtask    2 seed =    4.8850771793589000E+13
  -subtask    3 seed =    7.6997813170250000E+12
  +subtask    0 nrn  =             3252990.      time =             0.29
  +subtask    1 nrn  =             3305218.      time =             0.29
  +subtask    3 nrn  =             3287975.      time =             0.29
  +subtask    2 nrn  =             3312666.      time =             0.30
 cycle   59 number of tasks    4 seed    9.2913537391069000E+13
  -subtask    0 seed =    9.2913537391069000E+13
  -subtask    1 seed =    2.6558117265156100E+14
  -subtask    2 seed =    2.7727481381445000E+13
  -subtask    3 seed =    2.5544832910001700E+14
  +subtask    0 nrn  =             3244876.      time =             0.28
  +subtask    1 nrn  =             3272422.      time =             0.28
  +subtask    3 nrn  =             3275104.      time =             0.28
  +subtask    2 nrn  =             3296935.      time =             0.29
 cycle   60 number of tasks    4 seed    1.8160595766321300E+14
  -subtask    0 seed =    1.8160595766321300E+14
  -subtask    1 seed =    1.4746863106508100E+14
  -subtask    2 seed =    8.6780496935637000E+13
  -subtask    3 seed =    1.6579658064620900E+14
  +subtask    0 nrn  =             3251860.      time =             0.30
  +subtask    3 nrn  =             3260241.      time =             0.30
  +subtask    1 nrn  =             3295398.      time =             0.32
  +subtask    2 nrn  =             3282948.      time =             0.32
 cycle   61 number of tasks    4 seed    1.3091868660914900E+14
  -subtask    0 seed =    1.3091868660914900E+14
  -subtask    1 seed =    6.5931229753033000E+13
  -subtask    2 seed =    2.2681133363619700E+14
  -subtask    3 seed =    1.0697524468340900E+14
  +subtask    0 nrn  =             3286650.      time =             0.35
  +subtask    1 nrn  =             3262304.      time =             0.33
  +subtask    2 nrn  =             3255006.      time =             0.34
  +subtask    3 nrn  =             3290973.      time =             0.34
 cycle   62 number of tasks    4 seed    8.2415443781901000E+13
  -subtask    0 seed =    8.2415443781901000E+13
  -subtask    1 seed =    1.8535938548034500E+14
  -subtask    2 seed =    1.5350971241205000E+13
  -subtask    3 seed =    1.0506617123145700E+14
  +subtask    0 nrn  =             3286045.      time =             0.32
  +subtask    2 nrn  =             3271380.      time =             0.33
  +subtask    3 nrn  =             3272945.      time =             0.33
  +subtask    1 nrn  =             3336050.      time =             0.35
 cycle   63 number of tasks    4 seed    2.7518218584681300E+14
  -subtask    0 seed =    2.7518218584681300E+14
  -subtask    1 seed =    2.9618816035689000E+13
  -subtask    2 seed =    1.1550564967693300E+14
  -subtask    3 seed =    1.7789673831480100E+14
  +subtask    0 nrn  =             3275768.      time =             0.36
  +subtask    1 nrn  =             3287994.      time =             0.35
  +subtask    3 nrn  =             3267195.      time =             0.34
  +subtask    2 nrn  =             3279636.      time =             0.34
 cycle   64 number of tasks    4 seed    2.0487497732407700E+14
  -subtask    0 seed =    2.0487497732407700E+14
  -subtask    1 seed =    1.1395750283551300E+14
  -subtask    2 seed =    1.0600386491982900E+14
  -subtask    3 seed =    2.6652065009676900E+14
  +subtask    0 nrn  =             3239565.      time =             0.31
  +subtask    3 nrn  =             3263317.      time =             0.30
  +subtask    2 nrn  =             3260819.      time =             0.32
  +subtask    1 nrn  =             3320876.      time =             0.33
 cycle   65 number of tasks    4 seed    4.4976075273533000E+13
  -subtask    0 seed =    4.4976075273533000E+13
  -subtask    1 seed =    2.6811083467785000E+13
  -subtask    2 seed =    2.5223553818026100E+14
  -subtask    3 seed =    9.8104415723050000E+12
  +subtask    0 nrn  =             3297475.      time =             0.33
  +subtask    1 nrn  =             3305891.      time =             0.31
  +subtask    3 nrn  =             3289142.      time =             0.31
  +subtask    2 nrn  =             3290806.      time =             0.31
 cycle   66 number of tasks    4 seed    5.7910645621581000E+13
  -subtask    0 seed =    5.7910645621581000E+13
  -subtask    1 seed =    1.3036862533081000E+13
  -subtask    2 seed =    6.3999004221237000E+13
  -subtask    3 seed =    1.1732074485968100E+14
  +subtask    0 nrn  =             3303187.      time =             0.28
  +subtask    1 nrn  =             3279490.      time =             0.29
  +subtask    3 nrn  =             3317685.      time =             0.29
  +subtask    2 nrn  =             3273860.      time =             0.30
 cycle   67 number of tasks    4 seed    9.1760114099805000E+13
  -subtask    0 seed =    9.1760114099805000E+13
  -subtask    1 seed =    3.5302762148009000E+13
  -subtask    2 seed =    9.9878958207685000E+13
  -subtask    3 seed =    2.5696693971595300E+14
  +subtask    0 nrn  =             3298049.      time =             0.30
  +subtask    1 nrn  =             3319837.      time =             0.29
  +subtask    3 nrn  =             3299735.      time =             0.30
  +subtask    2 nrn  =             3286148.      time =             0.29
 cycle   68 number of tasks    4 seed    1.2119408831242900E+14
  -subtask    0 seed =    1.2119408831242900E+14
  -subtask    1 seed =    2.7210634251583300E+14
  -subtask    2 seed =    2.1994517021166900E+14
  -subtask    3 seed =    6.0364880638913000E+13
  +subtask    0 nrn  =             3267138.      time =             0.30
  +subtask    1 nrn  =             3254122.      time =             0.28
  +subtask    3 nrn  =             3253023.      time =             0.28
  +subtask    2 nrn  =             3282715.      time =             0.29
 cycle   69 number of tasks    4 seed    1.5336406855974100E+14
  -subtask    0 seed =    1.5336406855974100E+14
  -subtask    1 seed =    1.0484582578505000E+13
  -subtask    2 seed =    1.2104722076080500E+14
  -subtask    3 seed =    1.7071162072449700E+14
  +subtask    0 nrn  =             3293780.      time =             0.29
  +subtask    1 nrn  =             3299107.      time =             0.30
  +subtask    3 nrn  =             3287325.      time =             0.29
  +subtask    2 nrn  =             3249474.      time =             0.28
 cycle   70 number of tasks    4 seed    1.2509644411226900E+14
  -subtask    0 seed =    1.2509644411226900E+14
  -subtask    1 seed =    1.5736463630105000E+13
  -subtask    2 seed =    2.2404471186930100E+14
  -subtask    3 seed =    2.0558966718960100E+14
  +subtask    0 nrn  =             3246592.      time =             0.31
  +subtask    3 nrn  =             3248607.      time =             0.31
  +subtask    1 nrn  =             3289816.      time =             0.32
  +subtask    2 nrn  =             3348008.      time =             0.35
 cycle   71 number of tasks    4 seed    1.9560803791785300E+14
  -subtask    0 seed =    1.9560803791785300E+14
  -subtask    1 seed =    2.2432320040292100E+14
  -subtask    2 seed =    1.4076455617285000E+13
  -subtask    3 seed =    5.4759537707185000E+13
  +subtask    0 nrn  =             3321553.      time =             0.31
  +subtask    1 nrn  =             3268715.      time =             0.29
  +subtask    3 nrn  =             3314152.      time =             0.31
  +subtask    2 nrn  =             3247809.      time =             0.29
 cycle   72 number of tasks    4 seed    2.2054218121233300E+14
  -subtask    0 seed =    2.2054218121233300E+14
  -subtask    1 seed =    2.5219650436537000E+13
  -subtask    2 seed =    4.9876291966869000E+13
  -subtask    3 seed =    1.6645438353177700E+14
  +subtask    0 nrn  =             3292843.      time =             0.29
  +subtask    3 nrn  =             3260773.      time =             0.28
  +subtask    1 nrn  =             3290038.      time =             0.30
  +subtask    2 nrn  =             3336668.      time =             0.31
 cycle   73 number of tasks    4 seed    2.5318871365676500E+14
  -subtask    0 seed =    2.5318871365676500E+14
  -subtask    1 seed =    1.1611884695309700E+14
  -subtask    2 seed =    4.9947884914981000E+13
  -subtask    3 seed =    1.6696143323502500E+14
  +subtask    0 nrn  =             3249536.      time =             0.29
  +subtask    2 nrn  =             3249127.      time =             0.29
  +subtask    3 nrn  =             3249385.      time =             0.30
  +subtask    1 nrn  =             3279649.      time =             0.30
 cycle   74 number of tasks    4 seed    1.5751529953070100E+14
  -subtask    0 seed =    1.5751529953070100E+14
  -subtask    1 seed =    5.4697949061209000E+13
  -subtask    2 seed =    1.8596173631685300E+14
  -subtask    3 seed =    1.7590061919401700E+14
  +subtask    0 nrn  =             3310367.      time =             0.34
  +subtask    1 nrn  =             3307272.      time =             0.33
  +subtask    3 nrn  =             3271905.      time =             0.33
  +subtask    2 nrn  =             3288694.      time =             0.33
 cycle   75 number of tasks    4 seed    1.0786046633238100E+14
  -subtask    0 seed =    1.0786046633238100E+14
  -subtask    1 seed =    1.1125825376541700E+14
  -subtask    2 seed =    1.9650644408813300E+14
  -subtask    3 seed =    8.7547235432433000E+13
  +subtask    0 nrn  =             3297257.      time =             0.31
  +subtask    3 nrn  =             3273303.      time =             0.29
  +subtask    2 nrn  =             3319572.      time =             0.32
  +subtask    1 nrn  =             3262918.      time =             0.32
 cycle   76 number of tasks    4 seed    4.9513345524461000E+13
  -subtask    0 seed =    4.9513345524461000E+13
  -subtask    1 seed =    2.9890714765049000E+13
  -subtask    2 seed =    1.3306814273429300E+14
  -subtask    3 seed =    1.2281867349459300E+14
  +subtask    0 nrn  =             3275911.      time =             0.38
  +subtask    1 nrn  =             3284588.      time =             0.35
  +subtask    2 nrn  =             3308560.      time =             0.37
  +subtask    3 nrn  =             3320372.      time =             0.39
 cycle   77 number of tasks    4 seed    2.5530096849919700E+14
  -subtask    0 seed =    2.5530096849919700E+14
  -subtask    1 seed =    2.1050284287450000E+12
  -subtask    2 seed =    2.5356661862757000E+13
  -subtask    3 seed =    9.4434615035281000E+13
  +subtask    0 nrn  =             3270791.      time =             0.31
  +subtask    1 nrn  =             3277374.      time =             0.31
  +subtask    2 nrn  =             3254847.      time =             0.31
  +subtask    3 nrn  =             3271595.      time =             0.31
 cycle   78 number of tasks    4 seed    1.5827321588583700E+14
  -subtask    0 seed =    1.5827321588583700E+14
  -subtask    1 seed =    4.3528155738521000E+13
  -subtask    2 seed =    2.5926066117938100E+14
  -subtask    3 seed =    7.2887553213130000E+12
  +subtask    0 nrn  =             3280953.      time =             0.29
  +subtask    3 nrn  =             3246248.      time =             0.29
  +subtask    2 nrn  =             3318942.      time =             0.31
  +subtask    1 nrn  =             3283406.      time =             0.31
 cycle   79 number of tasks    4 seed    4.9621737189661000E+13
  -subtask    0 seed =    4.9621737189661000E+13
  -subtask    1 seed =    1.6143921575536900E+14
  -subtask    2 seed =    4.4959339205509000E+13
  -subtask    3 seed =    1.2353863519211300E+14
  +subtask    0 nrn  =             3274795.      time =             0.29
  +subtask    1 nrn  =             3244031.      time =             0.30
  +subtask    3 nrn  =             3271881.      time =             0.31
  +subtask    2 nrn  =             3282644.      time =             0.32
 cycle   80 number of tasks    4 seed    3.2504888890669000E+13
  -subtask    0 seed =    3.2504888890669000E+13
  -subtask    1 seed =    2.1116515377976900E+14
  -subtask    2 seed =    1.9571474255893000E+13
  -subtask    3 seed =    1.1243520853770000E+12
  +subtask    0 nrn  =             3306631.      time =             0.31
  +subtask    1 nrn  =             3348704.      time =             0.31
  +subtask    3 nrn  =             3279521.      time =             0.28
  +subtask    2 nrn  =             3261131.      time =             0.29
1************************************************************************************
 *                                                                                  *
 * Kapton 150.0 microns with 1.778e+02 MeV mono-energetic electron environment      *
 *                                                                                  *
 ************************************************************************************
 THE PROBLEM IS  100  PERCENT COMPLETE.  AVERAGE TIME PER BATCH IS        0.305
 THE INITIAL RANDOM NUMBER SEED OF THIS CYCLE         3.2504888890669000E+13
 THE INITIAL RANDOM NUMBER SEED OF THIS BATCH         1.9571474255893000E+13
 THE INITIAL RANDOM NUMBER SEED FOR THE NEXT BATCH    2.7573762924089300E+14
 NUMBER OF RANDOM NUMBERS GENERATED IN THIS BATCH     3.2611310000000000E+06
 CUMULATED NUMBER OF RANDOM NUMBERS GENERATED         1.0511295930000000E+09

 AVERAGE SOURCE ENERGY = 1.7783E+02  0 MEV
 ------------  HISTORY  ------------
  PRIM       =               1600000
  SEC        =                565760
  KNOCK      =                565557
  P E        =                   111
  PAIR       =                     8
  COM        =                    84
  AUGER      =                     0
  BREM       =                 22913
  RAD        =                 36664
  XRAY       =                     0
  REJ. LAND  =                117021
  REJ. PEAL  =                     0
  PRIM STEPS =               1600173
  SEC  STEPS =               5000314
  NBLK       =                  2661
  INCOH. SCAT=                   150
  COH. SCAT  =                    17
0                            ENERGY (MEV)      AVE ENERGY (MEV)     NUMBER/PRIMARY     NUMBER GENERATED
 FIRST KNOCK (ABOVE TCUT)     3.1766E-02          9.4831E-02          3.3497E-01               535957
 TOTAL KNOCK (ABOVE TCUT)     3.2174E-02          9.1021E-02          3.5347E-01               565557
 PHOTO-ELECTRON               1.2499E-06          1.5624E-02          8.0000E-05                  128
 PAIR                         8.6814E-05          1.7363E+01          5.0000E-06                    8
 COMPTON                      1.6335E-04          1.7424E+00          9.3750E-05                  150
 AUGER                        0.0000E+00          0.0000E+00          0.0000E+00                    0
 FIRST BREMSSTRAHLUNG         1.7127E-01          8.2097E+00          2.0861E-02                33378
 TOTAL BREMSSTRAHLUNG         1.7128E-01          7.4787E+00          2.2902E-02                36644
 X-RAY(P-IONIZATION)          0.0000E+00          0.0000E+00          0.0000E+00                    0
 X-RAY(E-IONIZATION)          0.0000E+00          0.0000E+00          0.0000E+00                    0
 ANNIHILATION QUANTA          0.0000E+00          0.0000E+00          0.0000E+00                    0


 NUMBER AND ENERGY (MEV PER SOURCE PARTICLE) OF SOURCE PARTICLES REJECTED FOR BEING BELOW THE GLOBAL CUTOFF
                    0      0.00000E+00 99


 ELECTRON IMPACT IONIZATIONS              K SHELL        L1 SHELL        L2 SHELL        L3 SHELL         M SHELL         N SHELL
                      COUNTS                    0               0               0               0               0               0
          NUMBER PER PRIMARY        0.0000E+00 99   0.0000E+00 99   0.0000E+00 99   0.0000E+00 99   0.0000E+00 99   0.0000E+00 99


 PHOTOELECTRIC IONIZATIONS                K SHELL        L1 SHELL        L2 SHELL        L3 SHELL         M SHELL         N SHELL
                      COUNTS                  128               0               0               0               0               0
          NUMBER PER PRIMARY        8.0000E-05  9   0.0000E+00 99   0.0000E+00 99   0.0000E+00 99   0.0000E+00 99   0.0000E+00 99
1
0NUMBER ESCAPE FRACTIONS --- ELECTRON AND PHOTON GENERATED SECONDARY ELECTRONS, ANNIHILATION RADIATION, X-RAYS
                                      THROUGH MAXIMUM-Z SURFACE
         E-SEC         P-SEC         ANNIH
   2.24E-02  1   2.25E-05 17   0.00E+00 99
 X-RAYS FROM MATERIAL NO. 1, X-RAYS FROM MATERIAL NO. 2, ETC.
   0.00E+00 99   0.00E+00 99   0.00E+00 99   0.00E+00 99
                                      THROUGH MINIMUM-Z SURFACE
         E-SEC         P-SEC         ANNIH
   1.24E-02  1   1.06E-05 25   0.00E+00 99
 X-RAYS FROM MATERIAL NO. 1, X-RAYS FROM MATERIAL NO. 2, ETC.
   0.00E+00 99   0.00E+00 99   0.00E+00 99   0.00E+00 99
 
0                                  NUMBER AND ENERGY ESCAPE FRACTIONS
                                      THROUGH MAXIMUM-Z SURFACE
0      --------------- ELECTRON ---------------      ---------------- PHOTON ----------------
       NUMBER      ENERGY                COUNTS      NUMBER      ENERGY                COUNTS
   1.02E+00  0 9.99E-01  0              1635774  1.41E-02  1 9.57E-04  2                22544
 
                                      THROUGH MINIMUM-Z SURFACE
0      --------------- ELECTRON ---------------      ---------------- PHOTON ----------------
       NUMBER      ENERGY                COUNTS      NUMBER      ENERGY                COUNTS
   1.25E-02  1 1.14E-04  7                19962  1.47E-04  7 4.88E-06 25                  236
 
 ENERGY ESCAPE FRACTION BELOW CUTOFF = 4.0893E-08  2
 NET CHARGE ESCAPE FRACTION BELOW CUTOFF = 1.3681E-03  2
 NET CHARGE ESCAPE FRACTION ABOVE CUTOFF = 1.0348E+00  0
 ENERGY OF CUTOFF PHOTONS ASSUMED TO HAVE ESCAPED = 0.0000E+00 99
 
1         BOUNDARY CURRENTS (NUMBER AND ENERGY FRACTIONS) FOR EACH LAYER
                   ***** ONLY AT MATERIAL DISCONTINUITIES *****

                          TRANSMISSION                   REFLECTION
     LAYER           NUMBER        ENERGY           NUMBER        ENERGY
        1          1.023E+00  0  9.986E-01  0     1.311E-02  1  1.141E-04  7
 
1                                                   ENERGY DEPOSITION
                                           (NORMALIZED TO ONE SOURCE PARTICLE)
                              DEPTH REGION                           (MEV-CM2/G-SOURCE PARTICLE)
 SZONE MAT.           (Z/R)                    (G/CM2)                     PRIM           E-SEC           P-SEC           TOTAL

     1   4   0.0000E+00 - 8.2989E-06   0.0000E+00 - 4.2600E-04       4.1586E+00  1  -1.3213E+00 14   2.6760E-04 83   2.8376E+00  7
     2   4   8.2989E-06 - 1.6598E-05   4.2600E-04 - 8.5200E-04       4.1073E+00  1  -9.6868E-01 13   3.2367E-04 78   3.1390E+00  4
     3   4   1.6598E-05 - 2.4897E-05   8.5200E-04 - 1.2780E-03       4.2045E+00  2  -1.0557E+00 13   1.1250E-03 78   3.1499E+00  5
     4   4   2.4897E-05 - 3.3196E-05   1.2780E-03 - 1.7040E-03       4.1750E+00  1  -1.1620E+00 13   4.8396E-04 92   3.0135E+00  5
     5   4   3.3196E-05 - 4.1494E-05   1.7040E-03 - 2.1300E-03       4.1616E+00  1  -1.0965E+00 15   1.3548E-04 72   3.0653E+00  6
     6   4   4.1494E-05 - 4.9793E-05   2.1300E-03 - 2.5560E-03       4.1478E+00  1  -9.3855E-01 13   1.2796E-04 41   3.2094E+00  4
     7   4   4.9793E-05 - 5.8092E-05   2.5560E-03 - 2.9820E-03       4.1193E+00  1  -9.9799E-01 17   1.1851E-04 35   3.1215E+00  6
     8   4   5.8092E-05 - 6.6391E-05   2.9820E-03 - 3.4080E-03       4.0806E+00  1  -1.2320E+00 23   1.3258E-04 51   2.8486E+00 10
     9   4   6.6391E-05 - 7.4690E-05   3.4080E-03 - 3.8340E-03       4.1502E+00  1  -9.4506E-01 17   3.8082E-04 46   3.2055E+00  5
    10   4   7.4690E-05 - 8.2989E-05   3.8340E-03 - 4.2600E-03       4.1258E+00  1  -1.0314E+00 14   1.4373E-04 37   3.0945E+00  5
    11   4   8.2989E-05 - 9.1288E-05   4.2600E-03 - 4.6860E-03       4.0969E+00  1  -9.1200E-01 14   2.4187E-04 38   3.1851E+00  4
    12   4   9.1288E-05 - 9.9587E-05   4.6860E-03 - 5.1120E-03       4.1759E+00  1  -8.9759E-01 16   1.8912E-04 60   3.2785E+00  5
    13   4   9.9587E-05 - 1.0789E-04   5.1120E-03 - 5.5380E-03       4.1375E+00  1  -1.0084E+00 14   3.2115E-04 78   3.1295E+00  5
    14   4   1.0789E-04 - 1.1618E-04   5.5380E-03 - 5.9640E-03       4.1450E+00  1  -7.4573E-01 11   3.7836E-04 58   3.3997E+00  3
    15   4   1.1618E-04 - 1.2448E-04   5.9640E-03 - 6.3900E-03       4.0699E+00  1  -1.3405E+00 17   1.7108E-04 47   2.7296E+00  8
    16   4   1.2448E-04 - 1.3278E-04   6.3900E-03 - 6.8160E-03       4.2022E+00  1  -9.5691E-01 13   2.5517E-04 71   3.2456E+00  4
    17   4   1.3278E-04 - 1.4108E-04   6.8160E-03 - 7.2420E-03       4.0994E+00  1  -1.0796E+00 16   1.1148E-04 39   3.0199E+00  6
    18   4   1.4108E-04 - 1.4938E-04   7.2420E-03 - 7.6680E-03       4.1388E+00  1  -1.0304E+00 14   9.5089E-05 41   3.1084E+00  5
    19   4   1.4938E-04 - 1.5768E-04   7.6680E-03 - 8.0940E-03       4.1510E+00  2  -1.1246E+00 15   1.5626E-04 50   3.0265E+00  6
    20   4   1.5768E-04 - 1.6598E-04   8.0940E-03 - 8.5200E-03       4.1085E+00  1  -1.1266E+00 17   2.9279E-04 46   2.9822E+00  7
    21   4   1.6598E-04 - 1.7428E-04   8.5200E-03 - 8.9460E-03       4.0415E+00  1  -8.7586E-01 15   6.0501E-04 45   3.1663E+00  4
    22   4   1.7428E-04 - 1.8258E-04   8.9460E-03 - 9.3720E-03       4.1141E+00  1  -1.5639E+00 17   3.3346E-04 74   2.5506E+00 11
    23   4   1.8258E-04 - 1.9087E-04   9.3720E-03 - 9.7980E-03       4.1353E+00  1  -1.0311E+00 15   8.3185E-04 74   3.1050E+00  5
    24   4   1.9087E-04 - 1.9917E-04   9.7980E-03 - 1.0224E-02       4.1187E+00  1  -9.9752E-01 14   5.1152E-04 60   3.1217E+00  5
    25   4   1.9917E-04 - 2.0747E-04   1.0224E-02 - 1.0650E-02       4.0199E+00  1  -9.5812E-01 15   2.9260E-04 33   3.0621E+00  5
    26   4   2.0747E-04 - 2.1577E-04   1.0650E-02 - 1.1076E-02       4.0483E+00  1  -8.6751E-01 13   3.8673E-03 69   3.1846E+00  4
    27   4   2.1577E-04 - 2.2407E-04   1.1076E-02 - 1.1502E-02       4.1167E+00  1  -8.7070E-01 19   2.4923E-04 28   3.2463E+00  5
    28   4   2.2407E-04 - 2.3237E-04   1.1502E-02 - 1.1928E-02       4.0706E+00  1  -7.5935E-01 13   5.1331E-04 51   3.3118E+00  3
    29   4   2.3237E-04 - 2.4067E-04   1.1928E-02 - 1.2354E-02       4.0434E+00  1  -1.1603E+00 17   1.4225E-03 96   2.8845E+00  7
    30   4   2.4067E-04 - 2.4897E-04   1.2354E-02 - 1.2780E-02       4.1715E+00  1  -1.0701E+00 15   1.5369E-04 50   3.1015E+00  6
    31   4   2.4897E-04 - 2.5727E-04   1.2780E-02 - 1.3206E-02       4.1086E+00  1  -9.8614E-01 16   5.2037E-04 62   3.1230E+00  5
    32   4   2.5727E-04 - 2.6556E-04   1.3206E-02 - 1.3632E-02       4.1704E+00  1  -1.0539E+00 16   5.5561E-04 65   3.1170E+00  6
    33   4   2.6556E-04 - 2.7386E-04   1.3632E-02 - 1.4058E-02       4.1027E+00  2  -1.2594E+00 17   4.3549E-04 51   2.8437E+00  8
    34   4   2.7386E-04 - 2.8216E-04   1.4058E-02 - 1.4484E-02       4.0213E+00  1  -7.5281E-01 10   2.7180E-04 38   3.2688E+00  3
    35   4   2.8216E-04 - 2.9046E-04   1.4484E-02 - 1.4910E-02       4.0659E+00  1  -9.2423E-01 19   6.7202E-04 60   3.1423E+00  6
    36   4   2.9046E-04 - 2.9876E-04   1.4910E-02 - 1.5336E-02       4.0577E+00  1  -8.6463E-01 13   2.5284E-04 40   3.1933E+00  4
    37   4   2.9876E-04 - 3.0706E-04   1.5336E-02 - 1.5762E-02       4.0851E+00  1  -1.4251E+00 19   5.0548E-04 43   2.6605E+00 10
    38   4   3.0706E-04 - 3.1536E-04   1.5762E-02 - 1.6188E-02       4.0307E+00  1  -1.0368E+00 12   1.5489E-03 88   2.9955E+00  4
    39   4   3.1536E-04 - 3.2366E-04   1.6188E-02 - 1.6614E-02       4.1452E+00  1  -9.5204E-01 18   1.2382E-03 77   3.1944E+00  5
    40   4   3.2366E-04 - 3.3196E-04   1.6614E-02 - 1.7040E-02       4.0186E+00  1  -8.2864E-01 10   4.7917E-04 47   3.1904E+00  3
    41   4   3.3196E-04 - 3.4025E-04   1.7040E-02 - 1.7466E-02       4.1398E+00  1  -7.6047E-01 13   1.1654E-04 42   3.3794E+00  3
    42   4   3.4025E-04 - 3.4855E-04   1.7466E-02 - 1.7892E-02       4.0818E+00  1  -8.8089E-01 12   2.2026E-04 33   3.2011E+00  4
    43   4   3.4855E-04 - 3.5685E-04   1.7892E-02 - 1.8318E-02       4.1871E+00  1  -6.7395E-01 11   1.6666E-04 36   3.5134E+00  3
    44   4   3.5685E-04 - 3.6515E-04   1.8318E-02 - 1.8744E-02       4.1003E+00  1  -1.1564E+00 15   7.8671E-04 57   2.9447E+00  6
    45   4   3.6515E-04 - 3.7345E-04   1.8744E-02 - 1.9170E-02       4.0482E+00  1  -1.0530E+00 13   1.7437E-04 29   2.9954E+00  5
    46   4   3.7345E-04 - 3.8175E-04   1.9170E-02 - 1.9596E-02       4.1161E+00  2  -1.2316E+00 17   6.1960E-04 53   2.8852E+00  8
    47   4   3.8175E-04 - 3.9005E-04   1.9596E-02 - 2.0022E-02       4.0606E+00  1  -1.0907E+00 17   4.8428E-04 29   2.9703E+00  6
    48   4   3.9005E-04 - 3.9835E-04   2.0022E-02 - 2.0448E-02       4.0776E+00  1  -9.5148E-01 16   5.1361E-04 30   3.1266E+00  5
    49   4   3.9835E-04 - 4.0665E-04   2.0448E-02 - 2.0874E-02       4.1221E+00  1  -1.0901E+00 15   9.3458E-04 65   3.0330E+00  6
    50   4   4.0665E-04 - 4.1494E-04   2.0874E-02 - 2.1300E-02       4.0191E+00  1  -1.0784E+00 13   1.6443E-04 30   2.9409E+00  5

                                                     TOTAL(MEV)      8.7498E-02  0  -2.1801E-02  2   1.0604E-05 22   6.5708E-02  1

1
                                                    CHARGE DEPOSITION
                                           (NORMALIZED TO ONE SOURCE PARTICLE)
                              DEPTH REGION                           (ELECTRONS-CM2/G-SOURCE PARTICLE)
 SZONE MAT.           (Z/R)                    (G/CM2)                     PRIM           E-SEC           P-SEC           TOTAL

     1   4   0.0000E+00 - 8.2989E-06   0.0000E+00 - 4.2600E-04       0.0000E+00 99  -7.2829E+00  2  -1.4671E-03 99  -7.2843E+00  2
     2   4   8.2989E-06 - 1.6598E-05   4.2600E-04 - 8.5200E-04       0.0000E+00 99  -3.9510E+00  4  -2.9343E-03 71  -3.9539E+00  4
     3   4   1.6598E-05 - 2.4897E-05   8.5200E-04 - 1.2780E-03       0.0000E+00 99  -2.9401E+00  6   0.0000E+00 99  -2.9401E+00  6
     4   4   2.4897E-05 - 3.3196E-05   1.2780E-03 - 1.7040E-03       0.0000E+00 99  -2.3709E+00  7   0.0000E+00 99  -2.3709E+00  7
     5   4   3.3196E-05 - 4.1494E-05   1.7040E-03 - 2.1300E-03       0.0000E+00 99  -2.2227E+00  8  -4.4014E-03 58  -2.2271E+00  8
     6   4   4.1494E-05 - 4.9793E-05   2.1300E-03 - 2.5560E-03       0.0000E+00 99  -1.8427E+00 10  -1.4671E-03 99  -1.8442E+00 10
     7   4   4.9793E-05 - 5.8092E-05   2.5560E-03 - 2.9820E-03       0.0000E+00 99  -1.6461E+00 11  -4.4014E-03 74  -1.6505E+00 10
     8   4   5.8092E-05 - 6.6391E-05   2.9820E-03 - 3.4080E-03       0.0000E+00 99  -1.6975E+00 10  -2.9343E-03 71  -1.7004E+00 10
     9   4   6.6391E-05 - 7.4690E-05   3.4080E-03 - 3.8340E-03       0.0000E+00 99  -1.6593E+00 11  -1.4671E-03 99  -1.6608E+00 11
    10   4   7.4690E-05 - 8.2989E-05   3.8340E-03 - 4.2600E-03       0.0000E+00 99  -1.3336E+00 13  -1.4671E-03 99  -1.3351E+00 13
    11   4   8.2989E-05 - 9.1288E-05   4.2600E-03 - 4.6860E-03       0.0000E+00 99  -1.2661E+00 14   4.4014E-03 74  -1.2617E+00 14
    12   4   9.1288E-05 - 9.9587E-05   4.6860E-03 - 5.1120E-03       0.0000E+00 99  -1.3351E+00 12  -4.4014E-03 58  -1.3395E+00 12
    13   4   9.9587E-05 - 1.0789E-04   5.1120E-03 - 5.5380E-03       0.0000E+00 99  -1.2925E+00 14   1.4671E-03 99  -1.2911E+00 14
    14   4   1.0789E-04 - 1.1618E-04   5.5380E-03 - 5.9640E-03       0.0000E+00 99  -1.2089E+00 15   1.4671E-03 99  -1.2075E+00 15
    15   4   1.1618E-04 - 1.2448E-04   5.9640E-03 - 6.3900E-03       0.0000E+00 99  -1.6153E+00 11   0.0000E+00 99  -1.6153E+00 11
    16   4   1.2448E-04 - 1.3278E-04   6.3900E-03 - 6.8160E-03       0.0000E+00 99  -1.1165E+00 16   0.0000E+00 99  -1.1165E+00 16
    17   4   1.3278E-04 - 1.4108E-04   6.8160E-03 - 7.2420E-03       0.0000E+00 99  -1.3102E+00 14   0.0000E+00 99  -1.3102E+00 14
    18   4   1.4108E-04 - 1.4938E-04   7.2420E-03 - 7.6680E-03       0.0000E+00 99  -1.1444E+00 15  -2.9343E-03 99  -1.1473E+00 15
    19   4   1.4938E-04 - 1.5768E-04   7.6680E-03 - 8.0940E-03       0.0000E+00 99  -1.0974E+00 16   0.0000E+00 99  -1.0974E+00 16
    20   4   1.5768E-04 - 1.6598E-04   8.0940E-03 - 8.5200E-03       0.0000E+00 99  -1.2500E+00 13  -2.9343E-03 99  -1.2529E+00 13
    21   4   1.6598E-04 - 1.7428E-04   8.5200E-03 - 8.9460E-03       0.0000E+00 99  -9.9912E-01 17   1.4671E-03 99  -9.9765E-01 17
    22   4   1.7428E-04 - 1.8258E-04   8.9460E-03 - 9.3720E-03       0.0000E+00 99  -1.0329E+00 17  -2.9343E-03 71  -1.0358E+00 17
    23   4   1.8258E-04 - 1.9087E-04   9.3720E-03 - 9.7980E-03       0.0000E+00 99  -9.0962E-01 20  -1.4671E-03 99  -9.1109E-01 20
    24   4   1.9087E-04 - 1.9917E-04   9.7980E-03 - 1.0224E-02       0.0000E+00 99  -1.2309E+00 14  -5.8685E-03 71  -1.2368E+00 14
    25   4   1.9917E-04 - 2.0747E-04   1.0224E-02 - 1.0650E-02       0.0000E+00 99  -1.2691E+00 14   4.4014E-03 58  -1.2647E+00 14
    26   4   2.0747E-04 - 2.1577E-04   1.0650E-02 - 1.1076E-02       0.0000E+00 99  -1.0050E+00 19   4.4014E-03 74  -1.0006E+00 19
    27   4   2.1577E-04 - 2.2407E-04   1.1076E-02 - 1.1502E-02       0.0000E+00 99  -1.0769E+00 16   0.0000E+00 99  -1.0769E+00 16
    28   4   2.2407E-04 - 2.3237E-04   1.1502E-02 - 1.1928E-02       0.0000E+00 99  -8.1573E-01 22  -2.9343E-03 99  -8.1866E-01 22
    29   4   2.3237E-04 - 2.4067E-04   1.1928E-02 - 1.2354E-02       0.0000E+00 99  -1.3175E+00 14  -1.4671E-03 99  -1.3190E+00 14
    30   4   2.4067E-04 - 2.4897E-04   1.2354E-02 - 1.2780E-02       0.0000E+00 99  -1.0226E+00 18  -2.9343E-03 99  -1.0255E+00 18
    31   4   2.4897E-04 - 2.5727E-04   1.2780E-02 - 1.3206E-02       0.0000E+00 99  -9.1256E-01 18  -1.4671E-03 99  -9.1403E-01 18
    32   4   2.5727E-04 - 2.6556E-04   1.3206E-02 - 1.3632E-02       0.0000E+00 99  -1.2221E+00 14  -7.3357E-03 53  -1.2295E+00 14
    33   4   2.6556E-04 - 2.7386E-04   1.3632E-02 - 1.4058E-02       0.0000E+00 99  -1.3116E+00 14   0.0000E+00 99  -1.3116E+00 14
    34   4   2.7386E-04 - 2.8216E-04   1.4058E-02 - 1.4484E-02       0.0000E+00 99  -1.1502E+00 15   0.0000E+00 99  -1.1502E+00 15
    35   4   2.8216E-04 - 2.9046E-04   1.4484E-02 - 1.4910E-02       0.0000E+00 99  -6.8222E-01 26   4.4014E-03 74  -6.7782E-01 27
    36   4   2.9046E-04 - 2.9876E-04   1.4910E-02 - 1.5336E-02       0.0000E+00 99  -1.1854E+00 15  -2.9343E-03 99  -1.1884E+00 15
    37   4   2.9876E-04 - 3.0706E-04   1.5336E-02 - 1.5762E-02       0.0000E+00 99  -1.0417E+00 17   1.4671E-03 99  -1.0402E+00 17
    38   4   3.0706E-04 - 3.1536E-04   1.5762E-02 - 1.6188E-02       0.0000E+00 99  -1.0783E+00 15  -2.9343E-03 99  -1.0813E+00 15
    39   4   3.1536E-04 - 3.2366E-04   1.6188E-02 - 1.6614E-02       0.0000E+00 99  -1.2309E+00 14  -1.4671E-03 99  -1.2324E+00 14
    40   4   3.2366E-04 - 3.3196E-04   1.6614E-02 - 1.7040E-02       0.0000E+00 99  -1.2837E+00 14  -4.4014E-03 88  -1.2881E+00 14
    41   4   3.3196E-04 - 3.4025E-04   1.7040E-02 - 1.7466E-02       0.0000E+00 99  -1.3996E+00 12   0.0000E+00 99  -1.3996E+00 12
    42   4   3.4025E-04 - 3.4855E-04   1.7466E-02 - 1.7892E-02       0.0000E+00 99  -1.1048E+00 15   2.9343E-03 99  -1.1018E+00 15
    43   4   3.4855E-04 - 3.5685E-04   1.7892E-02 - 1.8318E-02       0.0000E+00 99  -1.7723E+00  9  -2.9343E-03 99  -1.7752E+00  9
    44   4   3.5685E-04 - 3.6515E-04   1.8318E-02 - 1.8744E-02       0.0000E+00 99  -1.1854E+00 15  -2.9343E-03 99  -1.1884E+00 15
    45   4   3.6515E-04 - 3.7345E-04   1.8744E-02 - 1.9170E-02       0.0000E+00 99  -1.8075E+00  9  -7.3357E-03 60  -1.8148E+00  9
    46   4   3.7345E-04 - 3.8175E-04   1.9170E-02 - 1.9596E-02       0.0000E+00 99  -1.7547E+00 10  -4.4014E-03 99  -1.7591E+00 10
    47   4   3.8175E-04 - 3.9005E-04   1.9596E-02 - 2.0022E-02       0.0000E+00 99  -2.2535E+00  8  -4.4014E-03 99  -2.2579E+00  8
    48   4   3.9005E-04 - 3.9835E-04   2.0022E-02 - 2.0448E-02       0.0000E+00 99  -2.2418E+00  8   1.4671E-03 99  -2.2403E+00  8
    49   4   3.9835E-04 - 4.0665E-04   2.0448E-02 - 2.0874E-02       0.0000E+00 99  -3.4888E+00  5   1.4671E-03 99  -3.4874E+00  5
    50   4   4.0665E-04 - 4.1494E-04   2.0874E-02 - 2.1300E-02       0.0000E+00 99  -6.5346E+00  2  -5.8685E-03 71  -6.5405E+00  2

                                                         TOTAL       0.0000E+00 99  -3.6169E-02  0  -2.8750E-05 15  -3.6198E-02  0
 
0 THE ENERGY CONSERVATION FRACTION IS      1.0000015E+00  0
0 THE CHARGE CONSERVATION FRACTION IS      1.0000000E+00  0

 THE NUMBER OF DATA FOR WHICH STATISTICAL ESTIMATES HAVE BEEN PROVIDED IS          522 FROM AN ALLOCATION OF          522
 A wall-clock timer was used.
                        Startup time (s) =             0.00
              Allocation sizing time (s) =             0.01
               Input processing time (s) =             0.12
           Batch initialization time (s) =             0.00
              Output processing time (s) =             0.41
              Monte Carlo cycle time (s) =            25.14
            Longest Monte Carlo time (s) =             0.39
              Elapsed execution time (s) =            25.62
         Cumulative Monte Carlo time (s) =            97.66
      Average Monte Carlo batch time (s) =             0.31
    Average Monte Carlo history time (s) =    6.104E-05
