1 *****************************************
  *                                       *
  *             PROGRAM ITS               *
  * VERSION:  6.4.11                      *
  * DATE:     FEBRUARY 10, 2010           *
  *                                       *
  *           RONALD P. KENSEK            *
  *           BRIAN C. FRANKE             *
  *           THOMAS W. LAUB              *
  *     SANDIA NATIONAL LABORATORIES      *
  *                                       *
  *          TELEPHONE       EMAIL        *
  *KENSEK: 505-845-7642 rpkense@sandia.gov*
  *FRANKE: 505-845-7609 bcfrank@sandia.gov*
  *LAUB:   505-844-9142  twlaub@sandia.gov*
  *       FAX:      505-844-0092          *
  *                                       *
  *****************************************
  *             T I G E R                 *
  *            P C O D E S                *
  *               M P I                   *
  *              R N G 2                  *
  *****************************************
  NUMERICS INTERROGATION
  radix:        2
                     digits  minexp  maxexp
  default  integer       31
  selected long          63
  default  real          53   -1021    1024
  selected single        24    -125     128
  selected double        53   -1021    1024
  *****************************************
1***************************
 *   BEGIN READING INPUT   *
 ***************************
 ECHO 1
 TITLE
 Kapton 150.0 microns with 3.162e-04 MeV mono-energetic electron environment
 GEOMETRY 1
 
 4 50 0.015 * Kapton as RCD (cm)
 ************************* SOURCE ********************************
 * energy (MeV)
 ELECTRONS
 ENERGY 0.00031622776601683794
 
 DIRECTION
  COSINE-LAW 0 90
 CUTOFFS 0.0006379724 0.001 * electron and photon cut-offs (MeV)
 
 * run size options
 HISTORIES-PER-BATCH 5000
 BATCHES 320
0 EOF ON UNIT 50 BEGIN PROCESSING - INPUT FOR FINAL PROBLEM.
1****************************************
 *   BEGIN READING CROSS SECTION DATA   *
 ****************************************
0*******************                                                                        ********************
0NUMBER OF SETS IN FILE =   4

0MATERIAL      DENSITY       DETOUR        I(BL)
        1  2.70000E+00  7.40081E-01  1.66000E-04
        Z            A            W
       13  2.69815E+01  1.00000E+00
  ITRM  ISGN  ISUB  INAL  ICYC  NCYC  NMAX      EMAX           EMIN           RMAX       MMAX INDEX
     5     1     5     4     1     8   168  1.0000000E+03  4.7683716E-04  8.1817757E+01    33   121

0MATERIAL      DENSITY       DETOUR        I(BL)
        2  1.19000E+00  8.67793E-01  7.08716E-05
        Z            A            W
        1  1.00794E+00  8.05460E-02
        6  1.20110E+01  5.99848E-01
        8  1.59994E+01  3.19606E-01
  ITRM  ISGN  ISUB  INAL  ICYC  NCYC  NMAX      EMAX           EMIN           RMAX       MMAX INDEX
     5     1     3     4     1     8   168  1.0000000E+03  4.7683716E-04  1.0885826E+02    33   121

0MATERIAL      DENSITY       DETOUR        I(BL)
        3  2.15200E+00  8.21140E-01  1.03285E-04
        Z            A            W
        6  1.20110E+01  2.40180E-01
        9  1.89984E+01  7.59820E-01
  ITRM  ISGN  ISUB  INAL  ICYC  NCYC  NMAX      EMAX           EMIN           RMAX       MMAX INDEX
     5     1     3     4     1     8   168  1.0000000E+03  4.7683716E-04  1.0427507E+02    33   121

0MATERIAL      DENSITY       DETOUR        I(BL)
        4  1.42000E+00  8.60273E-01  7.95812E-05
        Z            A            W
        1  1.00794E+00  2.63620E-02
        6  1.20110E+01  6.91133E-01
        7  1.40067E+01  7.32700E-02
        8  1.59994E+01  2.09235E-01
  ITRM  ISGN  ISUB  INAL  ICYC  NCYC  NMAX      EMAX           EMIN           RMAX       MMAX INDEX
     5     1     3     4     1     8   168  1.0000000E+03  4.7683716E-04  1.1130249E+02    33   121
0 COLLISION / TOTAL DE/DX RATIOS                                         
0 CUMULATIVE BREMSSTRAHLUNG CROSS SECTIONS                               
0 CUMULATIVE BREMSSTRAHLUNG ANGULAR DISTRIBUTIONS                        
0 LANGAUSS - EQUIPROBABLE ENDPOINTS FOR INTERPOLATION                    
0 K X-RAY PRODUCTION                                                     
0 PHOTOELECTRON ANGULAR DISTRIBUTIONS                                    
0 PAIR ELECTRON ENERGY DIVISION DISTRIBUTION (LEAD)                      
0*******************
 *  PROCESS INPUT  *
 *******************
 *************************************************************
 >>>>> ERROR: MAXIMUM ELECTRON SOURCE ENERGY =   3.1622777E-04
 LESS THAN OR EQUAL TO ELECTRON CUTOFF ENERGY =   6.3797240E-04
 *************************************************************
 >>>>> ERROR: MAXIMUM PHOTON SOURCE ENERGY =   3.1622777E-04 LESS THAN OR EQUAL TO PHOTON CUTOFF ENERGY =   1.0000000E-03
 >>>>> ERROR: INITIAL ENERGY OUTSIDE ELECTRON ENERGY LIST
       INIT ENERGY =   3.1622777E-04 MAX ENERGY =   1.0000000E+03 NMAX =    168 MIN ENERGY =   5.1999461E-04
  PROGRAM ABORT - ERRORS DETECTED IN CARD INPUT
    >
 >>>>> ABORTX CALLED BY SUBROUTINE <ERRCHK>
    >
*** ABORTX called by subtask      0 ***
