1 *****************************************
  *                                       *
  *             PROGRAM ITS               *
  * VERSION:  6.4.11                      *
  * DATE:     FEBRUARY 10, 2010           *
  *                                       *
  *           RONALD P. KENSEK            *
  *           BRIAN C. FRANKE             *
  *           THOMAS W. LAUB              *
  *     SANDIA NATIONAL LABORATORIES      *
  *                                       *
  *          TELEPHONE       EMAIL        *
  *KENSEK: 505-845-7642 rpkense@sandia.gov*
  *FRANKE: 505-845-7609 bcfrank@sandia.gov*
  *LAUB:   505-844-9142  twlaub@sandia.gov*
  *       FAX:      505-844-0092          *
  *                                       *
  *****************************************
  *             T I G E R                 *
  *            P C O D E S                *
  *               M P I                   *
  *              R N G 2                  *
  *****************************************
  NUMERICS INTERROGATION
  radix:        2
                     digits  minexp  maxexp
  default  integer       31
  selected long          63
  default  real          53   -1021    1024
  selected single        24    -125     128
  selected double        53   -1021    1024
  *****************************************
1***************************
 *   BEGIN READING INPUT   *
 ***************************
 ECHO 1
 TITLE
 AL dose with L2-CPE V1.1 environment
 GEOMETRY 1
 
 1 10 2.00e+000 * Al shielding (cm)
 SPECTRUM 8
 * CDF converted from FluenceConversionExercise20180430.xlsx by Brandon Phillips EM41
 * Normalization constant = 1.1294850E+10 for 15 year fluence
 1.00000000
 0.92272142
 0.82995790
 0.71860184
 0.58486832
 0.42430842
 0.23147718
 0.0
 * energy (MeV)
 9.9999619
 8.2540117
 6.8128970
 5.6233945
 4.6415742
 3.8311755
 3.1622690
 2.6101506
 
 DIRECTION
  COSINE-LAW
 CUTOFFS 0.0027 0.001 * electron and photons cut-offs (MeV)
 
 * run size options
 HISTORIES-PER-BATCH 1000
 BATCHES 320
0 EOF ON UNIT 50 BEGIN PROCESSING - INPUT FOR FINAL PROBLEM.
1****************************************
 *   BEGIN READING CROSS SECTION DATA   *
 ****************************************
0*******************                                                                        ********************
0NUMBER OF SETS IN FILE =   2

0MATERIAL      DENSITY       DETOUR        I(BL)
        1  2.70000E+00  7.40081E-01  1.66000E-04
        Z            A            W
       13  2.69815E+01  1.00000E+00
  ITRM  ISGN  ISUB  INAL  ICYC  NCYC  NMAX      EMAX           EMIN           RMAX       MMAX INDEX
     5     1     5     4     1     8   112  1.0000000E+01  6.1035156E-04  5.8628649E+00    33   121

0MATERIAL      DENSITY       DETOUR        I(BL)
        2  2.33000E+00  7.24779E-01  1.73000E-04
        Z            A            W
       14  2.80855E+01  1.00000E+00
  ITRM  ISGN  ISUB  INAL  ICYC  NCYC  NMAX      EMAX           EMIN           RMAX       MMAX INDEX
     5     1     5     4     1     8   112  1.0000000E+01  6.1035156E-04  5.6445064E+00    33   121
0 COLLISION / TOTAL DE/DX RATIOS                                         
0 CUMULATIVE BREMSSTRAHLUNG CROSS SECTIONS                               
0 CUMULATIVE BREMSSTRAHLUNG ANGULAR DISTRIBUTIONS                        
0 LANGAUSS - EQUIPROBABLE ENDPOINTS FOR INTERPOLATION                    
0 K X-RAY PRODUCTION                                                     
0 PHOTOELECTRON ANGULAR DISTRIBUTIONS                                    
0 PAIR ELECTRON ENERGY DIVISION DISTRIBUTION (LEAD)                      
0*******************
 *  PROCESS INPUT  *
 *******************
1*********************************************************
 *   COMPARISON OF STORAGE REQUIREMENTS VS ALLOCATIONS   *
 *********************************************************
0NUMBER OF MATERIALS ON CROSS SECTION FILE                                    / INMT    =          2  /           2
 MAXIMUM NUMBER OF ELEMENTS IN A PROBLEM MATERIAL                             / INEM    =          1  /           1
 LENGTH OF ELECTRON CROSS SECTION ENERGY GRID                                 / INMAX   =        112  /         112
 ELECTRON ENERGY GRID LENGTH FOR SAMPLING BREMS. PHOTON ENERGY                / IMTOP   =        113  /         113
 PHOTON ENERGY GRID LENGTH FOR SAMPLING BREMS. PHOTON ENERGY                  / IKTOP   =         89  /          89
 ELECTRON ANGLE GRID LENGTH FOR SAMPLING ELECTRON SCATTERING ANGLE            / IMMAX   =         33  /          33
 PHOTON ANGLE GRID LENGTH FOR SAMPLING BREMS. PHOTON ANGLE                    / INPANG  =         21  /          21
 PHOTON ENERGY GRID LENGTH FOR SAMPLING BREMS. PHOTON ANGLE                   / INRANG  =         34  /          34
 ELECTRON ENERGY GRID LENGTH FOR SAMPLING BREMS. PHOTON ANGLE                 / INTANG  =         29  /          29
 PHOTON ENERGY GRID LENGTH FOR SAMPLING PHOTO-ELECTRON DIRECTION              / INEEL   =         13  /          13
 ELECTRON ANGLE GRID LENGTH FOR SAMPLING PHOTO-ELECTRON DIRECTION             / INPEL   =         21  /          21
 PHOTON ENERGY GRID LENGTH FOR SAMPLING PAIR ELECTRON ENERGY                  / INEPS   =          9  /           9
 ELECTRON ENERGY GRID LENGTH FOR SAMPLING PAIR ELECTON ENERGY                 / INPPS   =         21  /          21
 GAUSSIAN FUNCTION GRID FOR SAMPLING ELECTRON ENERGY LOSS STRAGGLING          / INGAS   =       1000  /        1001
 LANDAU FUNCTION GRID FOR SAMPLING ELECTRON ENERGY LOSS STRAGGLING            / INLAN   =       5000  /        5001
 MAXIMUM NUMBER OF TABLES OF PHOTON CROSS SECTIONS                            / INTAB   =          2  /           3
 MAXIMUM LENGTH OF PHOTON CROSS SECTION TABLE                                 / IMTAX   =         63  /          64
 NUMBER OF ELECTRON ESCAPE ENERGY BINS                                        / IJMAX   =          0  /           0
 NUMBER OF PHOTON ESCAPE ENERGY BINS                                          / IJPMAX  =          0  /           0
 NUMBER OF ELECTRON ESCAPE POLAR ANGLE BINS                                   / IKMAX   =          0  /           0
 NUMBER OF PHOTON ESCAPE POLAR ANGLE BINS                                     / IKPMAX  =          0  /           0
 LENGTH OF SOURCE SPECTRUM ENERGY GRID                                        / IJSPEC  =          8  /           8
 NUMBER OF PULSE HEIGHT ENERGY BINS                                           / IJSMAX  =          0  /           0
 NUMBER OF ELECTRON FLUX ENERGY BINS                                          / IJFMAX  =          0  /           0
 NUMBER OF PHOTON FLUX ENERGY BINS                                            / IJFMXP  =          0  /           0
 NUMBER OF ELECTRON FLUX POLAR ANGLE BINS                                     / IKFMAX  =          0  /           0
 NUMBER OF PHOTON FLUX POLAR ANGLE BINS                                       / IKFMXP  =          0  /           0
 NUMBER OF ELECTRON FLUX ZONES                                                / INLF    =          0  /           0
 NUMBER OF PHOTON FLUX ZONES                                                  / INLFP   =          0  /           0
 SIZE OF DOUBLY DIFFERENTIAL BREMS DISTRIBUTION                               / NCHANG  =      20706  /       20706
 SIZE OF SINGLY DIFFERENTIAL BREMS DISTRIBUTION                               / NBDIS   =      10057  /       10057
 SIZE OF GOUDSMIT-SAUNDERSON ANGULAR DISTRIBUTION                             / NGG     =       3696  /        3696
 NUMBER OF PROBLEM ZONES                                                      / INIZON  =          1  /           1
 NUMBER OF PROBLEM SUB-ZONES                                                  / INSZON  =         10  /          10
 NUMBER OF UNIQUE ELEMENTS IN THE PROBLEM                                     / INZZ    =          2  /           2
 PROBABILITY ARRAY FOR SAMPLING PHOTO-IONIZATION ELEMENT INDEX                / NPPART  =        126  /         192
 PHOTON ENERGY ARRAY - SAMPLING PHOTO-IONIZATION ELEMENT INDEX                / NEB     =        126  /         192
 SIZE OF ARRAY FOR SAMPLING ELECTRON IMPACT IONIZATION SHELL                  / NSHEL   =        678  /         678
 PROBABILITY ARRAY FOR SAMPLING ELEMENT INDEX FOR ELECTRON IMPACT IONIZATION  / NEPART  =        678  /         678
1********************************
 *   GEOMETRY DEPENDENT INPUT   *
 ********************************
0GEOMETRY-DEPENDENT OPTIONS (T/F = FEATURE ON/OFF)
                   ELECTRON    ELECTRON      PHOTON SECONDARY SECONDARY                    
 INPUT               CUTOFF    TRAPPING     FORCING  ELECTRON    PHOTON     SCALE   RUSSIAN
  ZONE MATERIAL       (MEV)       (MEV)    FRACTION TRANSPORT TRANSPORT     BREMS  ROULETTE
     1        1   2.700E-03   2.700E-03   0.000E+00         T         T         F         F
0NUMBER OF MATERIAL LAYERS =    1
                      NO.     THICKNESS
 LAYER MATERIAL  SUBZONES          (CM)
     1        1        10   2.00000E+00
0BOUNDARIES IN GM/CM2
 5.40000E+00
0BOUNDARIES IN MULTIPLES OF ELECTRON CSDA RANGE
 9.21055E-01
1************************
 *  SOURCE INFORMATION  *
 ************************
0SOURCE ELECTRONS
0THE MAXIMUM SOURCE ENERGY IS      9.99996 MEV
0THE GLOBAL ELECTRON CUTOFF ENERGY IS     0.00270 MEV
0THE GLOBAL PHOTON CUTOFF ENERGY IS     0.00100 MEV
0SOURCE SPECTRUM
     8
0NORMALIZED CUMULATIVE SPECTRUM
     1.00000     0.92272     0.82996     0.71860     0.58487     0.42431
     0.23148     0.00000
0SPECTRAL ENERGIES (MEV)
     9.99996     8.25401     6.81290     5.62339     4.64157     3.83118
     3.16227     2.61015
0THE SOURCE PLANE IS LOCATED AT Z =  0.00000E+00 CM
0REFERENCE DIRECTION FOR ANGULAR DISTRIBUTION IS DEFINED BY
 THETA =      0.0000 DEGREES
0COSINE-LAW SOURCE BETWEEN      0.0000 AND     90.0000 DEGREES WITH RESPECT TO REFERENCE DIRECTION
1********************
 *  OUTPUT OPTIONS  *
 ********************
0THE STANDARD ERROR ESTIMATES ARE BASED ON    320 BATCHES OF       1000 HISTORIES EACH
1**********************
 *  PHYSICAL OPTIONS  *
 **********************
0ELECTRON COLLISION AND RADIATION ENERGY LOSS STRAGGLING
0TERMINAL PROCESSING OF ELECTRONS INCLUDES KICKING
0KNOCK-ON ELECTRON PRODUCTION
0NO COUPLED INELASTIC SCATTERING DEFLECTIONS
0BREMSSTRAHLUNG INTRINSIC ANGLE OF EMISSION FROM TABULATED DISTRIBUTION
0COUPLED ELECTRON/PHOTON TRANSPORT
0       MATERIAL NO.  1
 ELECTRON RANGE AT MAXIMUM SOURCE ENERGY IS      5.86284E+00 (G/CM**2)
 K X-RAY QUANTA FOLLOWED
 ELECTRON IMPACT IONIZATION SAMPLED
0       MATERIAL NO.  2
 ELECTRON RANGE AT MAXIMUM SOURCE ENERGY IS      5.64449E+00 (G/CM**2)
 K X-RAY QUANTA FOLLOWED
 ELECTRON IMPACT IONIZATION SAMPLED
0ANNIHILATION EVENTS ARE SPLIT BY A FACTOR OF    1.000E+00
 ANNIHILATION QUANTA FOLLOWED

 LINE ENERGIES (MEV) FOR ELEMENT WITH Z VALUE OF   13.
  <N> - K:  0.00155960
  <M> - K:  0.00155052
  L3  - K:  0.00148260
  L2  - K:  0.00148260
1**parallel*************************
 * parallel processing information *
 **parallel*************************
   parallel static load distribution
   parallel number of processes =       32
   parallel master option       =        1
   parallel number of tasks     =       32 requested
   parallel intermediate print  =        1
   parallel allowed time factor =  0.00000E+00
 cycle    1 number of tasks   32 seed    1.9073486328125000E+13
  -subtask    0 seed =    1.9073486328125000E+13
  -subtask    1 seed =    2.5340779878409000E+13
  -subtask    2 seed =    7.5335646651557000E+13
  -subtask    3 seed =    7.9914847804369000E+13
  -subtask    4 seed =    2.8134729965389000E+13
  -subtask    5 seed =    2.2772761315580100E+14
  -subtask    6 seed =    9.4240574692149000E+13
  -subtask    7 seed =    2.5412469766659300E+14
  -subtask    8 seed =    1.4153209256406100E+14
  -subtask    9 seed =    2.4174235557530000E+12
  -subtask   10 seed =    1.1083091401491700E+14
  -subtask   11 seed =    1.3438510151025000E+13
  -subtask   12 seed =    2.2493734650122900E+14
  -subtask   13 seed =    1.9666712552664900E+14
  -subtask   14 seed =    2.7032919105928500E+14
  -subtask   15 seed =    1.5186708416096100E+14
  -subtask   16 seed =    7.6226803926909000E+13
  -subtask   17 seed =    4.4202814907721000E+13
  -subtask   18 seed =    1.9143442640101000E+13
  -subtask   19 seed =    3.1824430838545000E+13
  -subtask   20 seed =    2.1699280450599700E+14
  -subtask   21 seed =    1.9748597238553000E+13
  -subtask   22 seed =    1.8619604577266100E+14
  -subtask   23 seed =    1.9949722841072100E+14
  -subtask   24 seed =    2.6865909531458900E+14
  -subtask   25 seed =    2.2184352172900100E+14
  -subtask   26 seed =    5.5880127446789000E+13
  -subtask   27 seed =    7.6684842276017000E+13
  -subtask   28 seed =    2.6412624305325000E+13
  -subtask   29 seed =    1.7675476232850500E+14
  -subtask   30 seed =    1.3548328108533300E+14
  -subtask   31 seed =    2.4279237814758500E+14
 >>>>> WARNING: SECONDARY STORAGE EXCEEDED DURING HISTORY     117, INCREASE NLAST
 >>>>> WARNING: SECONDARY STORAGE EXCEEDED DURING HISTORY     117, INCREASE NLAST
 >>>>> WARNING: SECONDARY STORAGE EXCEEDED DURING HISTORY     117, INCREASE NLAST
 >>>>> WARNING: SECONDARY STORAGE EXCEEDED DURING HISTORY     117, INCREASE NLAST
 >>>>> WARNING: SECONDARY STORAGE EXCEEDED DURING HISTORY     117, INCREASE NLAST
 >>>>> WARNING: SECONDARY STORAGE EXCEEDED DURING HISTORY     117, INCREASE NLAST
 >>>>> WARNING: SECONDARY STORAGE EXCEEDED DURING HISTORY     117, INCREASE NLAST
 >>>>> WARNING: SECONDARY STORAGE EXCEEDED DURING HISTORY     117, INCREASE NLAST
 >>>>> WARNING: SECONDARY STORAGE EXCEEDED DURING HISTORY     117, INCREASE NLAST
 >>>>> WARNING: SECONDARY STORAGE EXCEEDED DURING HISTORY     117, INCREASE NLAST
 >>>>> WARNING: SECONDARY STORAGE EXCEEDED DURING HISTORY     363, INCREASE NLAST
 >>>>> WARNING: SECONDARY STORAGE EXCEEDED DURING HISTORY     363, INCREASE NLAST
 >>>>> WARNING: SECONDARY STORAGE EXCEEDED DURING HISTORY     363, INCREASE NLAST
 >>>>> WARNING: SECONDARY STORAGE EXCEEDED DURING HISTORY     363, INCREASE NLAST
 >>>>> WARNING: SECONDARY STORAGE EXCEEDED DURING HISTORY     363, INCREASE NLAST
 >>>>> WARNING: SECONDARY STORAGE EXCEEDED DURING HISTORY     363, INCREASE NLAST
 >>>>> WARNING: SECONDARY STORAGE EXCEEDED DURING HISTORY     363, INCREASE NLAST
 >>>>> WARNING: SECONDARY STORAGE EXCEEDED DURING HISTORY     363, INCREASE NLAST
 >>>>> WARNING: SECONDARY STORAGE EXCEEDED DURING HISTORY     363, INCREASE NLAST
 >>>>> WARNING: SECONDARY STORAGE EXCEEDED DURING HISTORY     363, INCREASE NLAST
 >>>>> WARNING: SECONDARY STORAGE EXCEEDED DURING HISTORY     363, INCREASE NLAST
 >>>>> WARNING: SECONDARY STORAGE EXCEEDED DURING HISTORY     363, INCREASE NLAST
 >>>>> WARNING: SECONDARY STORAGE EXCEEDED DURING HISTORY     363, INCREASE NLAST
 >>>>> WARNING: SECONDARY STORAGE EXCEEDED DURING HISTORY     363, INCREASE NLAST
 >>>>> WARNING: SECONDARY STORAGE EXCEEDED DURING HISTORY     363, INCREASE NLAST
 >>>>> WARNING: SECONDARY STORAGE EXCEEDED DURING HISTORY     363, INCREASE NLAST
 >>>>> WARNING: SECONDARY STORAGE EXCEEDED DURING HISTORY     363, INCREASE NLAST
 >>>>> WARNING: SECONDARY STORAGE EXCEEDED DURING HISTORY     714, INCREASE NLAST
 >>>>> WARNING: SECONDARY STORAGE EXCEEDED DURING HISTORY     714, INCREASE NLAST
 >>>>> WARNING: SECONDARY STORAGE EXCEEDED DURING HISTORY     714, INCREASE NLAST
 >>>>> WARNING: SECONDARY STORAGE EXCEEDED DURING HISTORY     714, INCREASE NLAST
 >>>>> WARNING: SECONDARY STORAGE EXCEEDED DURING HISTORY     714, INCREASE NLAST
 >>>>> WARNING: SECONDARY STORAGE EXCEEDED DURING HISTORY     714, INCREASE NLAST
 >>>>> WARNING: SECONDARY STORAGE EXCEEDED DURING HISTORY     714, INCREASE NLAST
 >>>>> WARNING: SECONDARY STORAGE EXCEEDED DURING HISTORY     714, INCREASE NLAST
 >>>>> WARNING: SECONDARY STORAGE EXCEEDED DURING HISTORY     714, INCREASE NLAST
 >>>>> WARNING: SECONDARY STORAGE EXCEEDED DURING HISTORY     714, INCREASE NLAST
 >>>>> WARNING: SECONDARY STORAGE EXCEEDED DURING HISTORY     714, INCREASE NLAST
  +subtask    0 nrn  =            73996571.      time =             3.84
  +subtask    8 nrn  =            71268913.      time =             3.72
  +subtask    1 nrn  =            70851977.      time =             3.73
  +subtask    2 nrn  =            71067517.      time =             3.72
  +subtask    4 nrn  =            69538426.      time =             3.69
  +subtask   16 nrn  =            70777585.      time =             3.78
  +subtask   24 nrn  =            70544599.      time =             3.74
  +subtask   28 nrn  =            70201342.      time =             3.76
  +subtask   30 nrn  =            72269424.      time =             3.78
  +subtask   31 nrn  =            71484286.      time =             3.80
  +subtask    3 nrn  =            69374013.      time =             3.64
  +subtask   18 nrn  =            70042456.      time =             3.64
  +subtask   13 nrn  =            69648181.      time =             3.65
  +subtask   20 nrn  =            69972918.      time =             3.68
  +subtask   21 nrn  =            69820896.      time =             3.68
  +subtask   12 nrn  =            70437656.      time =             3.69
  +subtask    6 nrn  =            69882647.      time =             3.70
  +subtask   11 nrn  =            71074673.      time =             3.71
  +subtask    5 nrn  =            70012314.      time =             3.71
  +subtask   14 nrn  =            70439659.      time =             3.73
  +subtask   17 nrn  =            71810678.      time =             3.74
  +subtask    9 nrn  =            72223079.      time =             3.76
  +subtask   22 nrn  =            71843352.      time =             3.77
  +subtask    7 nrn  =            70743989.      time =             3.78
  +subtask   29 nrn  =            73282307.      time =             3.78
  +subtask   10 nrn  =            71993818.      time =             3.81
  +subtask   27 nrn  =            71482214.      time =             3.81
  +subtask   15 nrn  =            72131250.      time =             3.82
  +subtask   23 nrn  =            71863403.      time =             3.82
  +subtask   25 nrn  =            73544468.      time =             3.82
  +subtask   26 nrn  =            73587433.      time =             3.82
  +subtask   19 nrn  =            74077756.      time =             3.86
 cycle    2 number of tasks   32 seed    3.5279451704765000E+13
  -subtask    0 seed =    3.5279451704765000E+13
  -subtask    1 seed =    2.5907690376461700E+14
  -subtask    2 seed =    4.8238084490533000E+13
  -subtask    3 seed =    1.4786371494561700E+14
  -subtask    4 seed =    1.6061610587028500E+14
  -subtask    5 seed =    3.6423306464345000E+13
  -subtask    6 seed =    2.7528012935262900E+14
  -subtask    7 seed =    1.4657888485648100E+14
  -subtask    8 seed =    5.5146911796957000E+13
  -subtask    9 seed =    1.4313615437597700E+14
  -subtask   10 seed =    7.5153393088690000E+12
  -subtask   11 seed =    6.4446422778865000E+13
  -subtask   12 seed =    2.7709509169943700E+14
  -subtask   13 seed =    9.6377706279673000E+13
  -subtask   14 seed =    9.2197845280725000E+13
  -subtask   15 seed =    1.1401943502598500E+14
  -subtask   16 seed =    9.5007065958370000E+12
  -subtask   17 seed =    2.7880165306313000E+13
  -subtask   18 seed =    1.5980484425661300E+14
  -subtask   19 seed =    4.8660446384529000E+13
  -subtask   20 seed =    2.0986635539610900E+14
  -subtask   21 seed =    1.0275957644431300E+14
  -subtask   22 seed =    1.9595291412888500E+14
  -subtask   23 seed =    2.3774645425097700E+14
  -subtask   24 seed =    3.0131444665629000E+13
  -subtask   25 seed =    3.4876042234985000E+13
  -subtask   26 seed =    1.8048574148485000E+13
  -subtask   27 seed =    2.0869356421201700E+14
  -subtask   28 seed =    1.3772617373726100E+14
  -subtask   29 seed =    2.7050206067410500E+14
  -subtask   30 seed =    1.1582713472923700E+14
  -subtask   31 seed =    2.4893444788057700E+14
 >>>>> WARNING: SECONDARY STORAGE EXCEEDED DURING HISTORY     245, INCREASE NLAST
 >>>>> WARNING: SECONDARY STORAGE EXCEEDED DURING HISTORY     245, INCREASE NLAST
 >>>>> WARNING: SECONDARY STORAGE EXCEEDED DURING HISTORY     245, INCREASE NLAST
 >>>>> WARNING: SECONDARY STORAGE EXCEEDED DURING HISTORY     245, INCREASE NLAST
 >>>>> WARNING: SECONDARY STORAGE EXCEEDED DURING HISTORY     245, INCREASE NLAST
 >>>>> WARNING: SECONDARY STORAGE EXCEEDED DURING HISTORY     245, INCREASE NLAST
 >>>>> WARNING: SECONDARY STORAGE EXCEEDED DURING HISTORY     245, INCREASE NLAST
 >>>>> WARNING: SECONDARY STORAGE EXCEEDED DURING HISTORY     245, INCREASE NLAST
 >>>>> WARNING: SECONDARY STORAGE EXCEEDED DURING HISTORY     245, INCREASE NLAST
 >>>>> WARNING: SECONDARY STORAGE EXCEEDED DURING HISTORY     245, INCREASE NLAST
 >>>>> WARNING: SECONDARY STORAGE EXCEEDED DURING HISTORY     245, INCREASE NLAST
 >>>>> WARNING: SECONDARY STORAGE EXCEEDED DURING HISTORY     245, INCREASE NLAST
 >>>>> WARNING: SECONDARY STORAGE EXCEEDED DURING HISTORY     245, INCREASE NLAST
 >>>>> WARNING: SECONDARY STORAGE EXCEEDED DURING HISTORY     245, INCREASE NLAST
 >>>>> WARNING: SECONDARY STORAGE EXCEEDED DURING HISTORY     291, INCREASE NLAST
 >>>>> WARNING: SECONDARY STORAGE EXCEEDED DURING HISTORY     291, INCREASE NLAST
 >>>>> WARNING: SECONDARY STORAGE EXCEEDED DURING HISTORY     291, INCREASE NLAST
  +subtask    0 nrn  =            70216154.      time =             3.72
  +subtask   19 nrn  =            70302798.      time =             3.70
  +subtask   11 nrn  =            70734916.      time =             3.71
  +subtask   12 nrn  =            69053165.      time =             3.66
  +subtask   20 nrn  =            70942377.      time =             3.72
  +subtask   18 nrn  =            70089147.      time =             3.67
  +subtask    3 nrn  =            69469493.      time =             3.64
  +subtask    1 nrn  =            70522372.      time =             3.72
  +subtask   31 nrn  =            71116881.      time =             3.72
  +subtask   21 nrn  =            70111929.      time =             3.72
  +subtask   29 nrn  =            71511588.      time =             3.73
  +subtask    5 nrn  =            69502783.      time =             3.73
  +subtask   27 nrn  =            71821500.      time =             3.74
  +subtask   23 nrn  =            70756677.      time =             3.75
  +subtask   30 nrn  =            71889297.      time =             3.75
  +subtask   16 nrn  =            71028064.      time =             3.75
  +subtask    4 nrn  =            70849614.      time =             3.76
  +subtask   10 nrn  =            70348275.      time =             3.76
  +subtask   15 nrn  =            71033889.      time =             3.78
  +subtask   25 nrn  =            71508979.      time =             3.79
  +subtask    2 nrn  =            72707735.      time =             3.79
  +subtask   24 nrn  =            72127703.      time =             3.80
  +subtask    8 nrn  =            71569780.      time =             3.81
  +subtask   13 nrn  =            72363005.      time =             3.82
  +subtask   14 nrn  =            71840225.      time =             3.82
  +subtask   26 nrn  =            73513403.      time =             3.83
  +subtask   22 nrn  =            72557041.      time =             3.84
  +subtask    7 nrn  =            74121665.      time =             3.85
  +subtask    9 nrn  =            73115677.      time =             3.85
  +subtask   28 nrn  =            73053469.      time =             3.86
  +subtask   17 nrn  =            73410963.      time =             3.86
  +subtask    6 nrn  =            75282539.      time =             3.91
 cycle    3 number of tasks   32 seed    8.2995088214589000E+13
  -subtask    0 seed =    8.2995088214589000E+13
  -subtask    1 seed =    1.8102961048295300E+14
  -subtask    2 seed =    2.7588191414826100E+14
  -subtask    3 seed =    2.1692553949000100E+14
  -subtask    4 seed =    1.7196812798574100E+14
  -subtask    5 seed =    1.0375781154521000E+13
  -subtask    6 seed =    2.2405547679237300E+14
  -subtask    7 seed =    7.9659832643873000E+13
  -subtask    8 seed =    2.7667619567087700E+14
  -subtask    9 seed =    1.7867364563805700E+14
  -subtask   10 seed =    1.5012671467461000E+13
  -subtask   11 seed =    2.1728603174155300E+14
  -subtask   12 seed =    7.7731296424813000E+13
  -subtask   13 seed =    1.3690069668389700E+14
  -subtask   14 seed =    2.7623677662011700E+14
  -subtask   15 seed =    2.7169958131628900E+14
  -subtask   16 seed =    1.9138065118015700E+14
  -subtask   17 seed =    2.3610967998317700E+14
  -subtask   18 seed =    1.9250086768101000E+13
  -subtask   19 seed =    2.4941534584424100E+14
  -subtask   20 seed =    3.3361511699085000E+13
  -subtask   21 seed =    9.7928082026521000E+13
  -subtask   22 seed =    1.7053849657560500E+14
  -subtask   23 seed =    1.4011960727459300E+14
  -subtask   24 seed =    3.5545426475421000E+13
  -subtask   25 seed =    1.9658265466647300E+14
  -subtask   26 seed =    2.2950803782861300E+14
  -subtask   27 seed =    6.9964700823985000E+13
  -subtask   28 seed =    1.7986851971217300E+14
  -subtask   29 seed =    1.6042686203052100E+14
  -subtask   30 seed =    7.5410025794100000E+11
  -subtask   31 seed =    2.2127448918016100E+14
 >>>>> WARNING: SECONDARY STORAGE EXCEEDED DURING HISTORY     289, INCREASE NLAST
 >>>>> WARNING: SECONDARY STORAGE EXCEEDED DURING HISTORY     289, INCREASE NLAST
 >>>>> WARNING: SECONDARY STORAGE EXCEEDED DURING HISTORY     289, INCREASE NLAST
 >>>>> WARNING: SECONDARY STORAGE EXCEEDED DURING HISTORY     289, INCREASE NLAST
 >>>>> WARNING: SECONDARY STORAGE EXCEEDED DURING HISTORY     289, INCREASE NLAST
 >>>>> WARNING: SECONDARY STORAGE EXCEEDED DURING HISTORY     289, INCREASE NLAST
 >>>>> WARNING: SECONDARY STORAGE EXCEEDED DURING HISTORY     289, INCREASE NLAST
 >>>>> WARNING: SECONDARY STORAGE EXCEEDED DURING HISTORY     289, INCREASE NLAST
  +subtask    0 nrn  =            72305262.      time =             3.80
  +subtask   19 nrn  =            70785465.      time =             3.68
  +subtask   26 nrn  =            72278988.      time =             3.78
  +subtask   25 nrn  =            69378929.      time =             3.63
  +subtask   15 nrn  =            70468135.      time =             3.73
  +subtask   27 nrn  =            70069928.      time =             3.70
  +subtask    7 nrn  =            72262067.      time =             3.77
  +subtask   22 nrn  =            71363766.      time =             3.75
  +subtask    9 nrn  =            68914444.      time =             3.62
  +subtask   17 nrn  =            71679665.      time =             3.77
  +subtask   14 nrn  =            70781798.      time =             3.69
  +subtask    5 nrn  =            70568187.      time =             3.73
  +subtask   11 nrn  =            71055363.      time =             3.71
  +subtask    6 nrn  =            72123081.      time =             3.75
  +subtask   12 nrn  =            72356335.      time =             3.80
  +subtask   21 nrn  =            70976274.      time =             3.72
  +subtask   20 nrn  =            72341770.      time =             3.77
  +subtask   13 nrn  =            70136508.      time =             3.66
  +subtask   18 nrn  =            72295460.      time =             3.78
  +subtask    3 nrn  =            70910570.      time =             3.69
  +subtask    8 nrn  =            71769468.      time =             3.76
  +subtask    1 nrn  =            71180851.      time =             3.74
  +subtask    2 nrn  =            70988108.      time =             3.73
  +subtask    4 nrn  =            71632107.      time =             3.74
  +subtask   16 nrn  =            70850047.      time =             3.73
  +subtask   24 nrn  =            72660620.      time =             3.79
  +subtask   28 nrn  =            72169075.      time =             3.80
  +subtask   30 nrn  =            72532338.      time =             3.78
  +subtask   31 nrn  =            70937742.      time =             3.69
  +subtask   29 nrn  =            72298150.      time =             3.81
  +subtask   23 nrn  =            72996744.      time =             3.84
  +subtask   10 nrn  =            73609256.      time =             3.85
 cycle    4 number of tasks   32 seed    2.0622052596294100E+14
  -subtask    0 seed =    2.0622052596294100E+14
  -subtask    1 seed =    2.8247198504841000E+13
  -subtask    2 seed =    2.7912120693712500E+14
  -subtask    3 seed =    1.0898011931220900E+14
  -subtask    4 seed =    6.9370876431565000E+13
  -subtask    5 seed =    1.8343846647842500E+14
  -subtask    6 seed =    9.0167292572853000E+13
  -subtask    7 seed =    1.2518467274947300E+14
  -subtask    8 seed =    4.8204381644765000E+13
  -subtask    9 seed =    1.1361154741354500E+14
  -subtask   10 seed =    5.6439659323461000E+13
  -subtask   11 seed =    2.3661857396350500E+14
  -subtask   12 seed =    2.6161397695486100E+14
  -subtask   13 seed =    6.7135560888250000E+12
  -subtask   14 seed =    2.7370786243195700E+14
  -subtask   15 seed =    4.8146005459777000E+13
  -subtask   16 seed =    1.6499522231549000E+13
  -subtask   17 seed =    1.8386881608212100E+14
  -subtask   18 seed =    2.0265209354198900E+14
  -subtask   19 seed =    1.0619551465844900E+14
  -subtask   20 seed =    2.0435030983246100E+14
  -subtask   21 seed =    7.2291668525721000E+13
  -subtask   22 seed =    2.5224840039243700E+14
  -subtask   23 seed =    2.6951462448816100E+14
  -subtask   24 seed =    2.5472648166761300E+14
  -subtask   25 seed =    2.5702056553712900E+14
  -subtask   26 seed =    1.0093265290458100E+14
  -subtask   27 seed =    2.8112497295850000E+12
  -subtask   28 seed =    1.2883230709201300E+14
  -subtask   29 seed =    8.9789496568890000E+12
  -subtask   30 seed =    8.6415512714517000E+13
  -subtask   31 seed =    2.9768519665281000E+13
 >>>>> WARNING: SECONDARY STORAGE EXCEEDED DURING HISTORY     884, INCREASE NLAST
 >>>>> WARNING: SECONDARY STORAGE EXCEEDED DURING HISTORY     884, INCREASE NLAST
 >>>>> WARNING: SECONDARY STORAGE EXCEEDED DURING HISTORY     884, INCREASE NLAST
 >>>>> WARNING: SECONDARY STORAGE EXCEEDED DURING HISTORY     884, INCREASE NLAST
 >>>>> WARNING: SECONDARY STORAGE EXCEEDED DURING HISTORY     947, INCREASE NLAST
  +subtask    0 nrn  =            70933826.      time =             3.76
  +subtask   19 nrn  =            71637529.      time =             3.74
  +subtask   26 nrn  =            72020471.      time =             3.75
  +subtask   23 nrn  =            70890385.      time =             3.68
  +subtask   15 nrn  =            70279400.      time =             3.68
  +subtask   27 nrn  =            71762749.      time =             3.70
  +subtask   29 nrn  =            71406366.      time =             3.70
  +subtask   22 nrn  =            71574732.      time =             3.70
  +subtask    9 nrn  =            70511737.      time =             3.68
  +subtask   17 nrn  =            70868380.      time =             3.71
  +subtask   14 nrn  =            71381513.      time =             3.72
  +subtask    6 nrn  =            69696040.      time =             3.67
  +subtask   21 nrn  =            70755340.      time =             3.67
  +subtask   20 nrn  =            70073489.      time =             3.69
  +subtask   18 nrn  =            71562274.      time =             3.72
  +subtask    3 nrn  =            72515145.      time =             3.76
  +subtask    8 nrn  =            71844322.      time =             3.75
  +subtask    1 nrn  =            68531821.      time =             3.58
  +subtask    2 nrn  =            72117698.      time =             3.74
  +subtask    4 nrn  =            71153804.      time =             3.70
  +subtask   28 nrn  =            72252295.      time =             3.72
  +subtask   30 nrn  =            71234049.      time =             3.71
  +subtask   31 nrn  =            71388355.      time =             3.74
  +subtask   11 nrn  =            73290849.      time =             3.77
  +subtask   25 nrn  =            72371685.      time =             3.77
  +subtask   10 nrn  =            72792219.      time =             3.77
  +subtask    7 nrn  =            72765089.      time =             3.78
  +subtask   12 nrn  =            72831928.      time =             3.79
  +subtask   24 nrn  =            72633221.      time =             3.79
  +subtask   13 nrn  =            72557603.      time =             3.79
  +subtask   16 nrn  =            72507903.      time =             3.80
  +subtask    5 nrn  =            73816689.      time =             3.84
 cycle    5 number of tasks   32 seed    2.4486253881017300E+14
  -subtask    0 seed =    2.4486253881017300E+14
  -subtask    1 seed =    8.7640657560073000E+13
  -subtask    2 seed =    1.3680923247581300E+14
  -subtask    3 seed =    1.2514856154465700E+14
  -subtask    4 seed =    1.7481613888340500E+14
  -subtask    5 seed =    7.9594460029913000E+13
  -subtask    6 seed =    2.7222261838571700E+14
  -subtask    7 seed =    2.1390260449232100E+14
  -subtask    8 seed =    9.8986182816861000E+13
  -subtask    9 seed =    1.9031620010154500E+14
  -subtask   10 seed =    6.1790636527813000E+13
  -subtask   11 seed =    1.8737530840254500E+14
  -subtask   12 seed =    2.4760510276311700E+14
  -subtask   13 seed =    3.7691989346490000E+12
  -subtask   14 seed =    1.2504934597870900E+14
  -subtask   15 seed =    1.5642943920577000E+13
  -subtask   16 seed =    1.4206873696637000E+13
  -subtask   17 seed =    1.5516422591674500E+14
  -subtask   18 seed =    2.1596126515581300E+14
  -subtask   19 seed =    1.5324439260433000E+13
  -subtask   20 seed =    7.7752118582157000E+13
  -subtask   21 seed =    5.5908011430650000E+12
  -subtask   22 seed =    1.1771922080395700E+14
  -subtask   23 seed =    2.7706343607331300E+14
  -subtask   24 seed =    2.4926689934198100E+14
  -subtask   25 seed =    2.5755500123645700E+14
  -subtask   26 seed =    2.1034963714309000E+13
  -subtask   27 seed =    2.1133442939665700E+14
  -subtask   28 seed =    2.3865653767853000E+13
  -subtask   29 seed =    2.6044141548473000E+13
  -subtask   30 seed =    2.2516507862363700E+14
  -subtask   31 seed =    1.9803678307046500E+14
 >>>>> WARNING: SECONDARY STORAGE EXCEEDED DURING HISTORY      86, INCREASE NLAST
 >>>>> WARNING: SECONDARY STORAGE EXCEEDED DURING HISTORY      86, INCREASE NLAST
 >>>>> WARNING: SECONDARY STORAGE EXCEEDED DURING HISTORY      86, INCREASE NLAST
 >>>>> WARNING: SECONDARY STORAGE EXCEEDED DURING HISTORY      86, INCREASE NLAST
 >>>>> WARNING: SECONDARY STORAGE EXCEEDED DURING HISTORY      86, INCREASE NLAST
 >>>>> WARNING: SECONDARY STORAGE EXCEEDED DURING HISTORY      86, INCREASE NLAST
 >>>>> WARNING: SECONDARY STORAGE EXCEEDED DURING HISTORY      86, INCREASE NLAST
 >>>>> WARNING: SECONDARY STORAGE EXCEEDED DURING HISTORY      86, INCREASE NLAST
 >>>>> WARNING: SECONDARY STORAGE EXCEEDED DURING HISTORY     573, INCREASE NLAST
 >>>>> WARNING: SECONDARY STORAGE EXCEEDED DURING HISTORY     726, INCREASE NLAST
 >>>>> WARNING: SECONDARY STORAGE EXCEEDED DURING HISTORY     726, INCREASE NLAST
 >>>>> WARNING: SECONDARY STORAGE EXCEEDED DURING HISTORY     726, INCREASE NLAST
 >>>>> WARNING: SECONDARY STORAGE EXCEEDED DURING HISTORY     726, INCREASE NLAST
 >>>>> WARNING: SECONDARY STORAGE EXCEEDED DURING HISTORY     726, INCREASE NLAST
 >>>>> WARNING: SECONDARY STORAGE EXCEEDED DURING HISTORY     901, INCREASE NLAST
 >>>>> WARNING: SECONDARY STORAGE EXCEEDED DURING HISTORY     901, INCREASE NLAST
 >>>>> WARNING: SECONDARY STORAGE EXCEEDED DURING HISTORY     901, INCREASE NLAST
  +subtask    0 nrn  =            71634845.      time =             3.77
  +subtask   19 nrn  =            70432927.      time =             3.66
  +subtask   26 nrn  =            72017781.      time =             3.75
  +subtask   23 nrn  =            70965824.      time =             3.68
  +subtask   15 nrn  =            72176204.      time =             3.76
  +subtask   27 nrn  =            72314432.      time =             3.74
  +subtask   10 nrn  =            72582038.      time =             3.76
  +subtask    7 nrn  =            69897939.      time =             3.65
  +subtask   22 nrn  =            72500298.      time =             3.76
  +subtask    9 nrn  =            69432915.      time =             3.63
  +subtask   17 nrn  =            70722305.      time =             3.71
  +subtask   14 nrn  =            72143267.      time =             3.73
  +subtask    5 nrn  =            71934846.      time =             3.75
  +subtask    6 nrn  =            72055998.      time =             3.73
  +subtask   21 nrn  =            71152137.      time =             3.72
  +subtask   13 nrn  =            71292782.      time =             3.75
  +subtask   18 nrn  =            71845571.      time =             3.73
  +subtask    3 nrn  =            72666163.      time =             3.76
  +subtask    8 nrn  =            71154306.      time =             3.73
  +subtask    2 nrn  =            70892594.      time =             3.70
  +subtask   16 nrn  =            71537755.      time =             3.72
  +subtask   28 nrn  =            70639893.      time =             3.71
  +subtask   30 nrn  =            71634811.      time =             3.74
  +subtask   31 nrn  =            71116819.      time =             3.73
  +subtask    1 nrn  =            72405722.      time =             3.78
  +subtask    4 nrn  =            72714504.      time =             3.78
  +subtask   20 nrn  =            71760760.      time =             3.78
  +subtask   12 nrn  =            71921779.      time =             3.78
  +subtask   29 nrn  =            73046962.      time =             3.79
  +subtask   24 nrn  =            72797248.      time =             3.79
  +subtask   25 nrn  =            73457580.      time =             3.80
  +subtask   11 nrn  =            73483793.      time =             3.81
 cycle    6 number of tasks   32 seed    2.1695494389090000E+12
  -subtask    0 seed =    2.1695494389090000E+12
  -subtask    1 seed =    2.4353862757513000E+13
  -subtask    2 seed =    5.3174992897829000E+13
  -subtask    3 seed =    2.5679061043310500E+14
  -subtask    4 seed =    4.1847939044813000E+13
  -subtask    5 seed =    6.9375919298137000E+13
  -subtask    6 seed =    7.3166501021109000E+13
  -subtask    7 seed =    7.7117699302561000E+13
  -subtask    8 seed =    3.8813756113117000E+13
  -subtask    9 seed =    2.4894293688617000E+13
  -subtask   10 seed =    4.2188916162885000E+13
  -subtask   11 seed =    2.5086355488241000E+13
  -subtask   12 seed =    1.6916249672522900E+14
  -subtask   13 seed =    3.5661967981817000E+13
  -subtask   14 seed =    2.0262447526958900E+14
  -subtask   15 seed =    1.9337330818668900E+14
  -subtask   16 seed =    1.6222732955391700E+14
  -subtask   17 seed =    4.1019765103049000E+13
  -subtask   18 seed =    2.0811601334666100E+14
  -subtask   19 seed =    3.5550034987921000E+13
  -subtask   20 seed =    1.1231516024845000E+13
  -subtask   21 seed =    2.6927796832860100E+14
  -subtask   22 seed =    1.2475352848843700E+14
  -subtask   23 seed =    1.5426151395324900E+14
  -subtask   24 seed =    1.3050968221263700E+14
  -subtask   25 seed =    9.7513789005850000E+12
  -subtask   26 seed =    1.6845365809541000E+13
  -subtask   27 seed =    2.3080623952619300E+14
  -subtask   28 seed =    1.4975056270212500E+14
  -subtask   29 seed =    6.9443612431929000E+13
  -subtask   30 seed =    1.5984477057384500E+14
  -subtask   31 seed =    2.5619225162227300E+14
 >>>>> WARNING: SECONDARY STORAGE EXCEEDED DURING HISTORY     542, INCREASE NLAST
 >>>>> WARNING: SECONDARY STORAGE EXCEEDED DURING HISTORY     542, INCREASE NLAST
  +subtask    0 nrn  =            72291446.      time =             3.76
  +subtask   19 nrn  =            71486287.      time =             3.73
  +subtask   26 nrn  =            70765685.      time =             3.66
  +subtask   25 nrn  =            70825285.      time =             3.74
  +subtask   23 nrn  =            70596820.      time =             3.68
  +subtask   15 nrn  =            71202398.      time =             3.71
  +subtask   27 nrn  =            71701504.      time =             3.73
  +subtask   10 nrn  =            71404410.      time =             3.72
  +subtask    7 nrn  =            69212239.      time =             3.62
  +subtask   22 nrn  =            71596277.      time =             3.69
  +subtask    9 nrn  =            70721758.      time =             3.71
  +subtask   17 nrn  =            72246037.      time =             3.76
  +subtask   14 nrn  =            70951214.      time =             3.69
  +subtask    5 nrn  =            71495857.      time =             3.74
  +subtask   11 nrn  =            71565875.      time =             3.74
  +subtask    6 nrn  =            72661630.      time =             3.76
  +subtask   12 nrn  =            70845169.      time =             3.75
  +subtask   21 nrn  =            72663485.      time =             3.74
  +subtask   20 nrn  =            72007137.      time =             3.73
  +subtask   13 nrn  =            71099536.      time =             3.71
  +subtask   18 nrn  =            69121620.      time =             3.59
  +subtask    3 nrn  =            71478266.      time =             3.75
  +subtask    1 nrn  =            72228288.      time =             3.75
  +subtask    2 nrn  =            71224561.      time =             3.69
  +subtask   28 nrn  =            71887954.      time =             3.76
  +subtask   30 nrn  =            70900593.      time =             3.66
  +subtask   31 nrn  =            70792778.      time =             3.74
  +subtask    4 nrn  =            72088800.      time =             3.76
  +subtask   16 nrn  =            71928522.      time =             3.76
  +subtask   24 nrn  =            72694442.      time =             3.78
  +subtask    8 nrn  =            72533100.      time =             3.80
  +subtask   29 nrn  =            72499740.      time =             3.81
 cycle    7 number of tasks   32 seed    6.7475564575805000E+13
  -subtask    0 seed =    6.7475564575805000E+13
  -subtask    1 seed =    1.8485665219149700E+14
  -subtask    2 seed =    1.9348059423734900E+14
  -subtask    3 seed =    2.8050932392417700E+14
  -subtask    4 seed =    6.8305576426061000E+13
  -subtask    5 seed =    2.6777545351394500E+14
  -subtask    6 seed =    7.1962933218869000E+13
  -subtask    7 seed =    1.4268779814377700E+14
  -subtask    8 seed =    2.0660498622396500E+14
  -subtask    9 seed =    1.4008387556036100E+14
  -subtask   10 seed =    1.0206557467077000E+13
  -subtask   11 seed =    2.1095437364747300E+14
  -subtask   12 seed =    1.2082200773997000E+13
  -subtask   13 seed =    2.4267277013797700E+14
  -subtask   14 seed =    2.5482328056405000E+13
  -subtask   15 seed =    3.3351404438410000E+12
  -subtask   16 seed =    2.6300279815846100E+14
  -subtask   17 seed =    1.5218738417773700E+14
  -subtask   18 seed =    1.6678436503139700E+14
  -subtask   19 seed =    7.3209276148241000E+13
  -subtask   20 seed =    3.3449190122637000E+13
  -subtask   21 seed =    2.0996874808373700E+14
  -subtask   22 seed =    2.6451964804568500E+14
  -subtask   23 seed =    2.6914867629424100E+14
  -subtask   24 seed =    6.1779016870813000E+13
  -subtask   25 seed =    2.0825287241341700E+14
  -subtask   26 seed =    2.3038475633510900E+14
  -subtask   27 seed =    2.6622178865451300E+14
  -subtask   28 seed =    1.1517165968375700E+14
  -subtask   29 seed =    2.3887448225977000E+13
  -subtask   30 seed =    5.5982814799509000E+13
  -subtask   31 seed =    1.5910754665523300E+14
 >>>>> WARNING: SECONDARY STORAGE EXCEEDED DURING HISTORY     174, INCREASE NLAST
 >>>>> WARNING: SECONDARY STORAGE EXCEEDED DURING HISTORY     174, INCREASE NLAST
 >>>>> WARNING: SECONDARY STORAGE EXCEEDED DURING HISTORY     174, INCREASE NLAST
 >>>>> WARNING: SECONDARY STORAGE EXCEEDED DURING HISTORY     174, INCREASE NLAST
 >>>>> WARNING: SECONDARY STORAGE EXCEEDED DURING HISTORY     174, INCREASE NLAST
 >>>>> WARNING: SECONDARY STORAGE EXCEEDED DURING HISTORY     174, INCREASE NLAST
 >>>>> WARNING: SECONDARY STORAGE EXCEEDED DURING HISTORY     174, INCREASE NLAST
 >>>>> WARNING: SECONDARY STORAGE EXCEEDED DURING HISTORY     174, INCREASE NLAST
 >>>>> WARNING: SECONDARY STORAGE EXCEEDED DURING HISTORY     526, INCREASE NLAST
 >>>>> WARNING: SECONDARY STORAGE EXCEEDED DURING HISTORY     526, INCREASE NLAST
 >>>>> WARNING: SECONDARY STORAGE EXCEEDED DURING HISTORY     526, INCREASE NLAST
  +subtask    0 nrn  =            69889685.      time =             3.66
  +subtask   23 nrn  =            69789601.      time =             3.65
  +subtask   20 nrn  =            67962625.      time =             3.53
  +subtask    3 nrn  =            69192327.      time =             3.62
  +subtask    8 nrn  =            70256968.      time =             3.66
  +subtask   28 nrn  =            70024899.      time =             3.66
  +subtask   25 nrn  =            70045609.      time =             3.68
  +subtask    2 nrn  =            70479508.      time =             3.69
  +subtask   14 nrn  =            70550802.      time =             3.69
  +subtask   15 nrn  =            71182226.      time =             3.70
  +subtask   27 nrn  =            71687860.      time =             3.70
  +subtask    6 nrn  =            71165307.      time =             3.72
  +subtask    1 nrn  =            71488778.      time =             3.72
  +subtask   31 nrn  =            70985159.      time =             3.73
  +subtask   29 nrn  =            71184230.      time =             3.74
  +subtask    4 nrn  =            71046001.      time =             3.74
  +subtask   17 nrn  =            72002116.      time =             3.75
  +subtask    9 nrn  =            71477116.      time =             3.75
  +subtask   13 nrn  =            72707091.      time =             3.75
  +subtask   18 nrn  =            71740238.      time =             3.76
  +subtask   19 nrn  =            72503575.      time =             3.76
  +subtask   10 nrn  =            72583230.      time =             3.78
  +subtask   30 nrn  =            73901871.      time =             3.78
  +subtask   26 nrn  =            72806037.      time =             3.78
  +subtask   11 nrn  =            72277874.      time =             3.79
  +subtask   24 nrn  =            72758867.      time =             3.79
  +subtask   22 nrn  =            73069671.      time =             3.79
  +subtask   21 nrn  =            72583893.      time =             3.80
  +subtask    7 nrn  =            74167532.      time =             3.81
  +subtask   16 nrn  =            72060210.      time =             3.81
  +subtask   12 nrn  =            74595699.      time =             3.83
  +subtask    5 nrn  =            72980450.      time =             3.83
 cycle    8 number of tasks   32 seed    1.9802829655058900E+14
  -subtask    0 seed =    1.9802829655058900E+14
  -subtask    1 seed =    8.9686183952777000E+13
  -subtask    2 seed =    2.2500950157110900E+14
  -subtask    3 seed =    1.7421314556347300E+14
  -subtask    4 seed =    1.7556964321658900E+14
  -subtask    5 seed =    6.9874259606361000E+13
  -subtask    6 seed =    4.8850771793589000E+13
  -subtask    7 seed =    7.6997813170250000E+12
  -subtask    8 seed =    9.2913537391069000E+13
  -subtask    9 seed =    2.6558117265156100E+14
  -subtask   10 seed =    2.7727481381445000E+13
  -subtask   11 seed =    2.5544832910001700E+14
  -subtask   12 seed =    1.8160595766321300E+14
  -subtask   13 seed =    1.4746863106508100E+14
  -subtask   14 seed =    8.6780496935637000E+13
  -subtask   15 seed =    1.6579658064620900E+14
  -subtask   16 seed =    1.3091868660914900E+14
  -subtask   17 seed =    6.5931229753033000E+13
  -subtask   18 seed =    2.2681133363619700E+14
  -subtask   19 seed =    1.0697524468340900E+14
  -subtask   20 seed =    8.2415443781901000E+13
  -subtask   21 seed =    1.8535938548034500E+14
  -subtask   22 seed =    1.5350971241205000E+13
  -subtask   23 seed =    1.0506617123145700E+14
  -subtask   24 seed =    2.7518218584681300E+14
  -subtask   25 seed =    2.9618816035689000E+13
  -subtask   26 seed =    1.1550564967693300E+14
  -subtask   27 seed =    1.7789673831480100E+14
  -subtask   28 seed =    2.0487497732407700E+14
  -subtask   29 seed =    1.1395750283551300E+14
  -subtask   30 seed =    1.0600386491982900E+14
  -subtask   31 seed =    2.6652065009676900E+14
 >>>>> WARNING: SECONDARY STORAGE EXCEEDED DURING HISTORY     783, INCREASE NLAST
 >>>>> WARNING: SECONDARY STORAGE EXCEEDED DURING HISTORY     783, INCREASE NLAST
 >>>>> WARNING: SECONDARY STORAGE EXCEEDED DURING HISTORY     783, INCREASE NLAST
 >>>>> WARNING: SECONDARY STORAGE EXCEEDED DURING HISTORY     783, INCREASE NLAST
 >>>>> WARNING: SECONDARY STORAGE EXCEEDED DURING HISTORY     783, INCREASE NLAST
  +subtask    0 nrn  =            72778287.      time =             3.81
  +subtask   19 nrn  =            71735325.      time =             3.75
  +subtask   26 nrn  =            72281300.      time =             3.77
  +subtask   25 nrn  =            70807639.      time =             3.67
  +subtask   23 nrn  =            70125180.      time =             3.63
  +subtask   15 nrn  =            71718054.      time =             3.76
  +subtask   27 nrn  =            69752380.      time =             3.64
  +subtask   10 nrn  =            71312977.      time =             3.71
  +subtask   29 nrn  =            72764791.      time =             3.75
  +subtask    7 nrn  =            71820135.      time =             3.74
  +subtask   22 nrn  =            72660620.      time =             3.75
  +subtask    9 nrn  =            72058066.      time =             3.76
  +subtask   17 nrn  =            71204157.      time =             3.73
  +subtask   14 nrn  =            71887272.      time =             3.74
  +subtask    5 nrn  =            72049220.      time =             3.75
  +subtask   11 nrn  =            71314996.      time =             3.73
  +subtask    6 nrn  =            71648351.      time =             3.74
  +subtask   21 nrn  =            71471934.      time =             3.71
  +subtask   20 nrn  =            70733130.      time =             3.68
  +subtask   13 nrn  =            70678211.      time =             3.71
  +subtask   18 nrn  =            73251249.      time =             3.79
  +subtask    3 nrn  =            70794894.      time =             3.69
  +subtask    8 nrn  =            71426663.      time =             3.71
  +subtask    1 nrn  =            72632320.      time =             3.77
  +subtask    2 nrn  =            71956176.      time =             3.73
  +subtask    4 nrn  =            70388624.      time =             3.66
  +subtask   16 nrn  =            70513048.      time =             3.72
  +subtask   24 nrn  =            73507982.      time =             3.80
  +subtask   28 nrn  =            70828020.      time =             3.74
  +subtask   30 nrn  =            73547458.      time =             3.81
  +subtask   31 nrn  =            72294040.      time =             3.72
  +subtask   12 nrn  =            74370440.      time =             3.86
 cycle    9 number of tasks   32 seed    4.4976075273533000E+13
  -subtask    0 seed =    4.4976075273533000E+13
  -subtask    1 seed =    2.6811083467785000E+13
  -subtask    2 seed =    2.5223553818026100E+14
  -subtask    3 seed =    9.8104415723050000E+12
  -subtask    4 seed =    5.7910645621581000E+13
  -subtask    5 seed =    1.3036862533081000E+13
  -subtask    6 seed =    6.3999004221237000E+13
  -subtask    7 seed =    1.1732074485968100E+14
  -subtask    8 seed =    9.1760114099805000E+13
  -subtask    9 seed =    3.5302762148009000E+13
  -subtask   10 seed =    9.9878958207685000E+13
  -subtask   11 seed =    2.5696693971595300E+14
  -subtask   12 seed =    1.2119408831242900E+14
  -subtask   13 seed =    2.7210634251583300E+14
  -subtask   14 seed =    2.1994517021166900E+14
  -subtask   15 seed =    6.0364880638913000E+13
  -subtask   16 seed =    1.5336406855974100E+14
  -subtask   17 seed =    1.0484582578505000E+13
  -subtask   18 seed =    1.2104722076080500E+14
  -subtask   19 seed =    1.7071162072449700E+14
  -subtask   20 seed =    1.2509644411226900E+14
  -subtask   21 seed =    1.5736463630105000E+13
  -subtask   22 seed =    2.2404471186930100E+14
  -subtask   23 seed =    2.0558966718960100E+14
  -subtask   24 seed =    1.9560803791785300E+14
  -subtask   25 seed =    2.2432320040292100E+14
  -subtask   26 seed =    1.4076455617285000E+13
  -subtask   27 seed =    5.4759537707185000E+13
  -subtask   28 seed =    2.2054218121233300E+14
  -subtask   29 seed =    2.5219650436537000E+13
  -subtask   30 seed =    4.9876291966869000E+13
  -subtask   31 seed =    1.6645438353177700E+14
 >>>>> WARNING: SECONDARY STORAGE EXCEEDED DURING HISTORY     830, INCREASE NLAST
 >>>>> WARNING: SECONDARY STORAGE EXCEEDED DURING HISTORY     830, INCREASE NLAST
 >>>>> WARNING: SECONDARY STORAGE EXCEEDED DURING HISTORY     830, INCREASE NLAST
  +subtask    0 nrn  =            71927058.      time =             3.72
  +subtask   19 nrn  =            70493091.      time =             3.64
  +subtask   26 nrn  =            69951755.      time =             3.62
  +subtask   15 nrn  =            69494912.      time =             3.70
  +subtask   27 nrn  =            70616983.      time =             3.68
  +subtask   10 nrn  =            70318069.      time =             3.71
  +subtask   22 nrn  =            71461693.      time =             3.72
  +subtask   14 nrn  =            71730243.      time =             3.72
  +subtask   11 nrn  =            70986976.      time =             3.71
  +subtask    6 nrn  =            70379123.      time =             3.71
  +subtask   12 nrn  =            71598441.      time =             3.72
  +subtask   21 nrn  =            70253440.      time =             3.71
  +subtask   20 nrn  =            71225319.      time =             3.69
  +subtask   13 nrn  =            70868419.      time =             3.71
  +subtask    8 nrn  =            71351082.      time =             3.72
  +subtask    1 nrn  =            70183875.      time =             3.67
  +subtask    4 nrn  =            70172458.      time =             3.70
  +subtask    7 nrn  =            70915335.      time =             3.73
  +subtask    2 nrn  =            71956640.      time =             3.73
  +subtask   25 nrn  =            71579752.      time =             3.75
  +subtask   23 nrn  =            71696042.      time =             3.75
  +subtask   30 nrn  =            72303895.      time =             3.76
  +subtask   16 nrn  =            71754553.      time =             3.76
  +subtask   29 nrn  =            71455106.      time =             3.77
  +subtask   31 nrn  =            72487480.      time =             3.77
  +subtask   28 nrn  =            72689805.      time =             3.78
  +subtask   17 nrn  =            72710971.      time =             3.78
  +subtask    3 nrn  =            72012574.      time =             3.79
  +subtask   24 nrn  =            73120888.      time =             3.81
  +subtask   18 nrn  =            73412298.      time =             3.82
  +subtask    9 nrn  =            74324864.      time =             3.82
  +subtask    5 nrn  =            74385249.      time =             3.85
 cycle   10 number of tasks   32 seed    2.5318871365676500E+14
  -subtask    0 seed =    2.5318871365676500E+14
  -subtask    1 seed =    1.1611884695309700E+14
  -subtask    2 seed =    4.9947884914981000E+13
  -subtask    3 seed =    1.6696143323502500E+14
  -subtask    4 seed =    1.5751529953070100E+14
  -subtask    5 seed =    5.4697949061209000E+13
  -subtask    6 seed =    1.8596173631685300E+14
  -subtask    7 seed =    1.7590061919401700E+14
  -subtask    8 seed =    1.0786046633238100E+14
  -subtask    9 seed =    1.1125825376541700E+14
  -subtask   10 seed =    1.9650644408813300E+14
  -subtask   11 seed =    8.7547235432433000E+13
  -subtask   12 seed =    4.9513345524461000E+13
  -subtask   13 seed =    2.9890714765049000E+13
  -subtask   14 seed =    1.3306814273429300E+14
  -subtask   15 seed =    1.2281867349459300E+14
  -subtask   16 seed =    2.5530096849919700E+14
  -subtask   17 seed =    2.1050284287450000E+12
  -subtask   18 seed =    2.5356661862757000E+13
  -subtask   19 seed =    9.4434615035281000E+13
  -subtask   20 seed =    1.5827321588583700E+14
  -subtask   21 seed =    4.3528155738521000E+13
  -subtask   22 seed =    2.5926066117938100E+14
  -subtask   23 seed =    7.2887553213130000E+12
  -subtask   24 seed =    4.9621737189661000E+13
  -subtask   25 seed =    1.6143921575536900E+14
  -subtask   26 seed =    4.4959339205509000E+13
  -subtask   27 seed =    1.2353863519211300E+14
  -subtask   28 seed =    3.2504888890669000E+13
  -subtask   29 seed =    2.1116515377976900E+14
  -subtask   30 seed =    1.9571474255893000E+13
  -subtask   31 seed =    1.1243520853770000E+12
 >>>>> WARNING: SECONDARY STORAGE EXCEEDED DURING HISTORY     961, INCREASE NLAST
 >>>>> WARNING: SECONDARY STORAGE EXCEEDED DURING HISTORY     961, INCREASE NLAST
 >>>>> WARNING: SECONDARY STORAGE EXCEEDED DURING HISTORY     961, INCREASE NLAST
  +subtask    0 nrn  =            72770896.      time =             3.77
  +subtask   25 nrn  =            71271878.      time =             3.71
  +subtask   23 nrn  =            71456616.      time =             3.76
  +subtask   27 nrn  =            69420390.      time =             3.65
  +subtask   10 nrn  =            70653921.      time =             3.66
  +subtask    7 nrn  =            70242727.      time =             3.65
  +subtask   22 nrn  =            72184263.      time =             3.72
  +subtask    9 nrn  =            70105162.      time =             3.67
  +subtask   14 nrn  =            71432563.      time =             3.74
  +subtask   11 nrn  =            70634250.      time =             3.72
  +subtask    6 nrn  =            71390244.      time =             3.73
  +subtask   12 nrn  =            69931652.      time =             3.64
  +subtask   21 nrn  =            71617357.      time =             3.76
  +subtask   13 nrn  =            72001611.      time =             3.75
  +subtask   18 nrn  =            71077074.      time =             3.72
  +subtask    8 nrn  =            71996643.      time =             3.77
  +subtask    2 nrn  =            69315475.      time =             3.66
  +subtask   16 nrn  =            71894284.      time =             3.73
  +subtask   28 nrn  =            69653240.      time =             3.61
  +subtask   30 nrn  =            71484324.      time =             3.72
  +subtask   31 nrn  =            71015259.      time =             3.69
  +subtask   26 nrn  =            72300085.      time =             3.77
  +subtask   20 nrn  =            72153502.      time =             3.77
  +subtask   24 nrn  =            72974554.      time =             3.78
  +subtask   29 nrn  =            71913103.      time =             3.78
  +subtask   19 nrn  =            73287001.      time =             3.79
  +subtask   15 nrn  =            72715191.      time =             3.79
  +subtask    1 nrn  =            72279496.      time =             3.79
  +subtask   17 nrn  =            74065021.      time =             3.80
  +subtask    3 nrn  =            72745309.      time =             3.82
  +subtask    4 nrn  =            72500997.      time =             3.82
  +subtask    5 nrn  =            72811833.      time =             3.83
1************************************************************************************
 *                                                                                  *
 * AL dose with L2-CPE V1.1 environment                                             *
 *                                                                                  *
 ************************************************************************************
 THE PROBLEM IS  100  PERCENT COMPLETE.  AVERAGE TIME PER BATCH IS        3.740
 THE INITIAL RANDOM NUMBER SEED OF THIS CYCLE         2.5318871365676500E+14
 THE INITIAL RANDOM NUMBER SEED OF THIS BATCH         5.4697949061209000E+13
 THE INITIAL RANDOM NUMBER SEED FOR THE NEXT BATCH    2.7573762924089300E+14
 NUMBER OF RANDOM NUMBERS GENERATED IN THIS BATCH     7.2811833000000000E+07
 CUMULATED NUMBER OF RANDOM NUMBERS GENERATED         2.2900024125000000E+10

 AVERAGE SOURCE ENERGY = 4.8067E+00  0 MEV
 ------------  HISTORY  ------------
  PRIM       =                320000
  SEC        =              33712168
  KNOCK      =              33437346
  P E        =                166425
  PAIR       =                   218
  COM        =                108179
  AUGER      =                     0
  BREM       =                379329
  RAD        =                906627
  XRAY       =               1378786
  REJ. LAND  =              13584311
  REJ. PEAL  =                     0
  PRIM STEPS =              23170068
  SEC  STEPS =             374773557
  NBLK       =              12795907
  INCOH. SCAT=                126380
  COH. SCAT  =                 25139
0                            ENERGY (MEV)      AVE ENERGY (MEV)     NUMBER/PRIMARY     NUMBER GENERATED
 FIRST KNOCK (ABOVE TCUT)     1.3311E+00          1.6192E-02          8.2206E+01             26305980
 TOTAL KNOCK (ABOVE TCUT)     1.4997E+00          1.4352E-02          1.0449E+02             33437346
 PHOTO-ELECTRON               1.7573E-02          3.4178E-03          5.1415E+00              1645291
 PAIR                         7.9125E-04          1.1615E+00          6.8125E-04                  218
 COMPTON                      3.5667E-02          9.0309E-02          3.9494E-01               126380
 AUGER                        1.2854E-01          1.4051E-03          9.1482E+01             29274135
 FIRST BREMSSTRAHLUNG         1.9272E-01          9.2385E-02          2.0861E+00               667548
 TOTAL BREMSSTRAHLUNG         1.9611E-01          6.9259E-02          2.8315E+00               906074
 X-RAY(P-IONIZATION)          4.4953E-05          1.4831E-03          3.0309E-02                 9699
 X-RAY(E-IONIZATION)          6.3453E-03          1.4831E-03          4.2784E+00              1369087
 ANNIHILATION QUANTA          3.3213E-04          5.1098E-01          6.5000E-04                  208


 NUMBER AND ENERGY (MEV PER SOURCE PARTICLE) OF SOURCE PARTICLES REJECTED FOR BEING BELOW THE GLOBAL CUTOFF
                    0      0.00000E+00 99


 ELECTRON IMPACT IONIZATIONS              K SHELL        L1 SHELL        L2 SHELL        L3 SHELL         M SHELL         N SHELL
                      COUNTS             30437812               0               0               0               0               0
          NUMBER PER PRIMARY        9.5118E+01  0   0.0000E+00 99   0.0000E+00 99   0.0000E+00 99   0.0000E+00 99   0.0000E+00 99


 PHOTOELECTRIC IONIZATIONS                K SHELL        L1 SHELL        L2 SHELL        L3 SHELL         M SHELL         N SHELL
                      COUNTS               215109         1430182               0               0               0               0
          NUMBER PER PRIMARY        6.7222E-01  0   4.4693E+00  0   0.0000E+00 99   0.0000E+00 99   0.0000E+00 99   0.0000E+00 99
1
0NUMBER ESCAPE FRACTIONS --- ELECTRON AND PHOTON GENERATED SECONDARY ELECTRONS, ANNIHILATION RADIATION, X-RAYS
                                      THROUGH MAXIMUM-Z SURFACE
         E-SEC         P-SEC         ANNIH
   1.88E-05 41   6.16E-04  7   1.84E-04 14
 X-RAYS FROM MATERIAL NO. 1, X-RAYS FROM MATERIAL NO. 2, ETC.
   3.13E-06 99   0.00E+00 99
                                      THROUGH MINIMUM-Z SURFACE
         E-SEC         P-SEC         ANNIH
   3.35E-02  1   3.03E-04 10   1.69E-04 15
 X-RAYS FROM MATERIAL NO. 1, X-RAYS FROM MATERIAL NO. 2, ETC.
   2.02E-03  4   0.00E+00 99
 
0                                  NUMBER AND ENERGY ESCAPE FRACTIONS
                                      THROUGH MAXIMUM-Z SURFACE
0      --------------- ELECTRON ---------------      ---------------- PHOTON ----------------
       NUMBER      ENERGY                COUNTS      NUMBER      ENERGY                COUNTS
   8.56E-04  6 1.79E-04  8                  274  2.14E-01  0 2.42E-02  1                68370
 
                                      THROUGH MINIMUM-Z SURFACE
0      --------------- ELECTRON ---------------      ---------------- PHOTON ----------------
       NUMBER      ENERGY                COUNTS      NUMBER      ENERGY                COUNTS
   1.94E-01  0 7.86E-02  0                62072  1.39E-01  0 6.28E-03  1                44553
 
 ENERGY ESCAPE FRACTION BELOW CUTOFF = 1.3037E-07 11
 NET CHARGE ESCAPE FRACTION BELOW CUTOFF = 5.1250E-04  8
 NET CHARGE ESCAPE FRACTION ABOVE CUTOFF = 1.9480E-01  0
 ENERGY OF CUTOFF PHOTONS ASSUMED TO HAVE ESCAPED = 0.0000E+00 99
 
1         BOUNDARY CURRENTS (NUMBER AND ENERGY FRACTIONS) FOR EACH LAYER
                   ***** ONLY AT MATERIAL DISCONTINUITIES *****

                          TRANSMISSION                   REFLECTION
     LAYER           NUMBER        ENERGY           NUMBER        ENERGY
        1          8.563E-04  6  1.791E-04  8     1.945E-01  0  7.858E-02  0
 
1                                                   ENERGY DEPOSITION
                                           (NORMALIZED TO ONE SOURCE PARTICLE)
                              DEPTH REGION                           (MEV-CM2/G-SOURCE PARTICLE)
 SZONE MAT.           (Z/R)                    (G/CM2)                     PRIM           E-SEC           P-SEC           TOTAL

     1   1   0.0000E+00 - 9.2105E-02   0.0000E+00 - 5.4000E-01       3.1300E+00  0   3.4562E-02  2  -8.2318E-02  0   3.0822E+00  0
     2   1   9.2105E-02 - 1.8421E-01   5.4000E-01 - 1.0800E+00       2.1517E+00  0   7.5998E-02  1  -5.2182E-02  0   2.1755E+00  0
     3   1   1.8421E-01 - 2.7632E-01   1.0800E+00 - 1.6200E+00       1.2304E+00  0   4.7165E-02  1  -2.5513E-02  1   1.2520E+00  0
     4   1   2.7632E-01 - 3.6842E-01   1.6200E+00 - 2.1600E+00       6.6165E-01  0   2.4699E-02  1  -9.5297E-03  2   6.7682E-01  0
     5   1   3.6842E-01 - 4.6053E-01   2.1600E+00 - 2.7000E+00       3.5930E-01  1   1.3688E-02  2  -1.5934E-03 11   3.7139E-01  1
     6   1   4.6053E-01 - 5.5263E-01   2.7000E+00 - 3.2400E+00       1.8821E-01  1   7.2336E-03  2   2.4617E-03  6   1.9791E-01  1
     7   1   5.5263E-01 - 6.4474E-01   3.2400E+00 - 3.7800E+00       9.1817E-02  1   3.5219E-03  3   5.0177E-03  4   1.0036E-01  1
     8   1   6.4474E-01 - 7.3684E-01   3.7800E+00 - 4.3200E+00       3.8148E-02  1   1.5176E-03  4   5.8080E-03  3   4.5474E-02  1
     9   1   7.3684E-01 - 8.2895E-01   4.3200E+00 - 4.8600E+00       1.2992E-02  3   5.6319E-04  4   5.4612E-03  3   1.9017E-02  2
    10   1   8.2895E-01 - 9.2105E-01   4.8600E+00 - 5.4000E+00       2.7536E-03  5   2.1876E-04  6   5.2539E-03  2   8.2262E-03  2

                                                     TOTAL(MEV)      4.2481E+00  0   1.1295E-01  0  -7.9452E-02  0   4.2816E+00  0

1
                                                    CHARGE DEPOSITION
                                           (NORMALIZED TO ONE SOURCE PARTICLE)
                              DEPTH REGION                           (ELECTRONS-CM2/G-SOURCE PARTICLE)
 SZONE MAT.           (Z/R)                    (G/CM2)                     PRIM           E-SEC           P-SEC           TOTAL

     1   1   0.0000E+00 - 9.2105E-02   0.0000E+00 - 5.4000E-01       2.8541E-01  0  -1.0648E-01  1  -8.5648E-04 13   1.7807E-01  1
     2   1   9.2105E-02 - 1.8421E-01   5.4000E-01 - 1.0800E+00       4.7097E-01  0   1.4387E-02  7  -5.1505E-04 27   4.8484E-01  0
     3   1   1.8421E-01 - 2.7632E-01   1.0800E+00 - 1.6200E+00       3.6553E-01  0   1.1869E-02  6  -1.1574E-05 99   3.7739E-01  0
     4   1   2.7632E-01 - 3.6842E-01   1.6200E+00 - 2.1600E+00       1.9691E-01  1   2.5000E-03 30  -2.5463E-04 56   1.9916E-01  1
     5   1   3.6842E-01 - 4.6053E-01   2.1600E+00 - 2.7000E+00       1.1100E-01  1  -5.7870E-05 99   5.7870E-05 99   1.1100E-01  1
     6   1   4.6053E-01 - 5.5263E-01   2.7000E+00 - 3.2400E+00       6.3663E-02  1  -1.5220E-03 36   1.1574E-05 99   6.2153E-02  1
     7   1   5.5263E-01 - 6.4474E-01   3.2400E+00 - 3.7800E+00       3.4682E-02  1  -2.9051E-03 18  -8.6806E-05 99   3.1690E-02  2
     8   1   6.4474E-01 - 7.3684E-01   3.7800E+00 - 4.3200E+00       1.7216E-02  2  -3.2002E-03 15   8.6806E-05 99   1.4103E-02  4
     9   1   7.3684E-01 - 8.2895E-01   4.3200E+00 - 4.8600E+00       7.3264E-03  3  -2.4306E-03 16   7.5231E-05 99   4.9711E-03  9
    10   1   8.2895E-01 - 9.2105E-01   4.8600E+00 - 5.4000E+00       2.0255E-03  6  -2.6563E-03 16  -2.7199E-04 41  -9.0278E-04 48

                                                         TOTAL       8.3956E-01  0  -4.8869E-02  2  -9.5313E-04  6   7.8973E-01  0
 
0 THE ENERGY CONSERVATION FRACTION IS      1.0000117E+00  0
0 THE CHARGE CONSERVATION FRACTION IS      9.8504687E-01  0

 THE NUMBER OF DATA FOR WHICH STATISTICAL ESTIMATES HAVE BEEN PROVIDED IS          198 FROM AN ALLOCATION OF          198
 A wall-clock timer was used.
                        Startup time (s) =             0.00
              Allocation sizing time (s) =             0.01
               Input processing time (s) =             0.04
           Batch initialization time (s) =             0.00
              Output processing time (s) =             0.02
              Monte Carlo cycle time (s) =            38.44
            Longest Monte Carlo time (s) =             3.91
              Elapsed execution time (s) =            38.52
         Cumulative Monte Carlo time (s) =          1196.67
      Average Monte Carlo batch time (s) =             3.74
    Average Monte Carlo history time (s) =    3.740E-03
